TN:
SF:src\auth\auth-middleware.js
FN:10,(anonymous_0)
FN:18,(anonymous_1)
FN:102,(anonymous_2)
FN:154,(anonymous_3)
FN:155,(anonymous_4)
FN:189,(anonymous_5)
FN:190,(anonymous_6)
FN:227,(anonymous_7)
FN:236,(anonymous_8)
FN:280,(anonymous_9)
FN:306,(anonymous_10)
FN:314,(anonymous_11)
FN:339,(anonymous_12)
FN:346,(anonymous_13)
FN:357,(anonymous_14)
FN:410,(anonymous_15)
FNF:16
FNH:0
FNDA:0,(anonymous_0)
FNDA:0,(anonymous_1)
FNDA:0,(anonymous_2)
FNDA:0,(anonymous_3)
FNDA:0,(anonymous_4)
FNDA:0,(anonymous_5)
FNDA:0,(anonymous_6)
FNDA:0,(anonymous_7)
FNDA:0,(anonymous_8)
FNDA:0,(anonymous_9)
FNDA:0,(anonymous_10)
FNDA:0,(anonymous_11)
FNDA:0,(anonymous_12)
FNDA:0,(anonymous_13)
FNDA:0,(anonymous_14)
FNDA:0,(anonymous_15)
DA:6,1
DA:7,1
DA:11,0
DA:12,0
DA:18,0
DA:19,0
DA:20,0
DA:22,0
DA:23,0
DA:29,0
DA:33,0
DA:34,0
DA:41,0
DA:44,0
DA:56,0
DA:57,0
DA:63,0
DA:64,0
DA:71,0
DA:72,0
DA:74,0
DA:76,0
DA:78,0
DA:79,0
DA:85,0
DA:86,0
DA:92,0
DA:102,0
DA:103,0
DA:104,0
DA:106,0
DA:107,0
DA:108,0
DA:111,0
DA:115,0
DA:116,0
DA:117,0
DA:121,0
DA:124,0
DA:136,0
DA:137,0
DA:138,0
DA:140,0
DA:143,0
DA:146,0
DA:147,0
DA:154,0
DA:155,0
DA:156,0
DA:157,0
DA:163,0
DA:165,0
DA:166,0
DA:172,0
DA:179,0
DA:184,0
DA:189,0
DA:190,0
DA:191,0
DA:192,0
DA:199,0
DA:200,0
DA:203,0
DA:204,0
DA:206,0
DA:207,0
DA:213,0
DA:215,0
DA:216,0
DA:227,0
DA:232,0
DA:234,0
DA:236,0
DA:237,0
DA:238,0
DA:241,0
DA:242,0
DA:243,0
DA:248,0
DA:249,0
DA:250,0
DA:254,0
DA:258,0
DA:259,0
DA:260,0
DA:264,0
DA:265,0
DA:272,0
DA:273,0
DA:280,0
DA:281,0
DA:283,0
DA:284,0
DA:291,0
DA:293,0
DA:294,0
DA:300,0
DA:306,0
DA:312,0
DA:314,0
DA:315,0
DA:317,0
DA:318,0
DA:321,0
DA:322,0
DA:324,0
DA:325,0
DA:328,0
DA:329,0
DA:332,0
DA:339,0
DA:340,0
DA:341,0
DA:342,0
DA:344,0
DA:346,0
DA:347,0
DA:348,0
DA:351,0
DA:357,0
DA:358,0
DA:361,0
DA:362,0
DA:368,0
DA:369,0
DA:376,0
DA:377,0
DA:385,0
DA:386,0
DA:392,0
DA:393,0
DA:400,0
DA:411,0
DA:415,1
LF:134
LH:3
BRDA:12,0,0,0
BRDA:12,0,1,0
BRDA:22,1,0,0
BRDA:22,1,1,0
BRDA:29,2,0,0
BRDA:29,2,1,0
BRDA:33,3,0,0
BRDA:33,3,1,0
BRDA:56,4,0,0
BRDA:56,4,1,0
BRDA:63,5,0,0
BRDA:63,5,1,0
BRDA:78,6,0,0
BRDA:78,6,1,0
BRDA:85,7,0,0
BRDA:85,7,1,0
BRDA:106,8,0,0
BRDA:106,8,1,0
BRDA:111,9,0,0
BRDA:111,9,1,0
BRDA:115,10,0,0
BRDA:115,10,1,0
BRDA:136,11,0,0
BRDA:136,11,1,0
BRDA:136,12,0,0
BRDA:136,12,1,0
BRDA:156,13,0,0
BRDA:156,13,1,0
BRDA:163,14,0,0
BRDA:163,14,1,0
BRDA:165,15,0,0
BRDA:165,15,1,0
BRDA:191,16,0,0
BRDA:191,16,1,0
BRDA:199,17,0,0
BRDA:199,17,1,0
BRDA:206,18,0,0
BRDA:206,18,1,0
BRDA:227,19,0,0
BRDA:229,20,0,0
BRDA:230,21,0,0
BRDA:231,22,0,0
BRDA:237,23,0,0
BRDA:237,23,1,0
BRDA:242,24,0,0
BRDA:242,24,1,0
BRDA:249,25,0,0
BRDA:249,25,1,0
BRDA:258,26,0,0
BRDA:258,26,1,0
BRDA:264,27,0,0
BRDA:264,27,1,0
BRDA:283,28,0,0
BRDA:283,28,1,0
BRDA:291,29,0,0
BRDA:291,29,1,0
BRDA:293,30,0,0
BRDA:293,30,1,0
BRDA:306,31,0,0
BRDA:308,32,0,0
BRDA:308,33,0,0
BRDA:308,33,1,0
BRDA:309,34,0,0
BRDA:310,35,0,0
BRDA:311,36,0,0
BRDA:317,37,0,0
BRDA:317,37,1,0
BRDA:317,38,0,0
BRDA:317,38,1,0
BRDA:318,39,0,0
BRDA:318,39,1,0
BRDA:324,40,0,0
BRDA:324,40,1,0
BRDA:328,41,0,0
BRDA:328,41,1,0
BRDA:361,42,0,0
BRDA:361,42,1,0
BRDA:368,43,0,0
BRDA:368,43,1,0
BRDA:376,44,0,0
BRDA:376,44,1,0
BRDA:385,45,0,0
BRDA:385,45,1,0
BRDA:392,46,0,0
BRDA:392,46,1,0
BRDA:403,47,0,0
BRDA:403,47,1,0
BRF:87
BRH:0
end_of_record
TN:
SF:src\auth\auth-routes.js
FN:11,(anonymous_0)
FN:18,(anonymous_1)
FN:55,(anonymous_2)
FN:127,(anonymous_3)
FN:169,(anonymous_4)
FN:203,(anonymous_5)
FN:228,(anonymous_6)
FN:249,(anonymous_7)
FN:279,(anonymous_8)
FN:319,(anonymous_9)
FN:350,(anonymous_10)
FN:373,(anonymous_11)
FN:403,(anonymous_12)
FN:427,(anonymous_13)
FN:434,(anonymous_14)
FNF:15
FNH:0
FNDA:0,(anonymous_0)
FNDA:0,(anonymous_1)
FNDA:0,(anonymous_2)
FNDA:0,(anonymous_3)
FNDA:0,(anonymous_4)
FNDA:0,(anonymous_5)
FNDA:0,(anonymous_6)
FNDA:0,(anonymous_7)
FNDA:0,(anonymous_8)
FNDA:0,(anonymous_9)
FNDA:0,(anonymous_10)
FNDA:0,(anonymous_11)
FNDA:0,(anonymous_12)
FNDA:0,(anonymous_13)
FNDA:0,(anonymous_14)
DA:6,1
DA:7,1
DA:8,1
DA:12,0
DA:13,0
DA:14,0
DA:15,0
DA:20,0
DA:21,0
DA:22,0
DA:23,0
DA:26,0
DA:27,0
DA:28,0
DA:31,0
DA:36,0
DA:41,0
DA:48,0
DA:56,0
DA:57,0
DA:60,0
DA:61,0
DA:67,0
DA:68,0
DA:75,0
DA:76,0
DA:77,0
DA:84,0
DA:85,0
DA:91,0
DA:100,0
DA:115,0
DA:116,0
DA:128,0
DA:129,0
DA:131,0
DA:132,0
DA:138,0
DA:140,0
DA:157,0
DA:158,0
DA:170,0
DA:171,0
DA:173,0
DA:174,0
DA:180,0
DA:182,0
DA:191,0
DA:192,0
DA:204,0
DA:205,0
DA:207,0
DA:208,0
DA:211,0
DA:216,0
DA:217,0
DA:229,0
DA:230,0
DA:232,0
DA:237,0
DA:238,0
DA:250,0
DA:251,0
DA:253,0
DA:261,0
DA:267,0
DA:268,0
DA:280,0
DA:281,0
DA:283,0
DA:284,0
DA:290,0
DA:291,0
DA:297,0
DA:302,0
DA:307,0
DA:308,0
DA:320,0
DA:321,0
DA:323,0
DA:331,0
DA:333,0
DA:338,0
DA:339,0
DA:351,0
DA:352,0
DA:354,0
DA:356,0
DA:361,0
DA:362,0
DA:374,0
DA:375,0
DA:377,0
DA:378,0
DA:384,0
DA:386,0
DA:391,0
DA:392,0
DA:404,0
DA:406,0
DA:408,0
DA:415,0
DA:416,0
DA:428,0
DA:435,0
DA:436,0
DA:440,1
LF:107
LH:4
BRDA:60,0,0,0
BRDA:60,0,1,0
BRDA:60,1,0,0
BRDA:60,1,1,0
BRDA:60,1,2,0
BRDA:67,2,0,0
BRDA:67,2,1,0
BRDA:76,3,0,0
BRDA:76,3,1,0
BRDA:84,4,0,0
BRDA:84,4,1,0
BRDA:84,5,0,0
BRDA:84,5,1,0
BRDA:97,6,0,0
BRDA:97,6,1,0
BRDA:118,7,0,0
BRDA:118,7,1,0
BRDA:131,8,0,0
BRDA:131,8,1,0
BRDA:131,9,0,0
BRDA:131,9,1,0
BRDA:160,10,0,0
BRDA:160,10,1,0
BRDA:173,11,0,0
BRDA:173,11,1,0
BRDA:194,12,0,0
BRDA:194,12,1,0
BRDA:207,13,0,0
BRDA:207,13,1,0
BRDA:283,14,0,0
BRDA:283,14,1,0
BRDA:283,15,0,0
BRDA:283,15,1,0
BRDA:290,16,0,0
BRDA:290,16,1,0
BRDA:310,17,0,0
BRDA:310,17,1,0
BRDA:324,18,0,0
BRDA:324,18,1,0
BRDA:325,19,0,0
BRDA:325,19,1,0
BRDA:327,20,0,0
BRDA:327,20,1,0
BRDA:377,21,0,0
BRDA:377,21,1,0
BRF:45
BRH:0
end_of_record
TN:
SF:src\auth\index.js
FN:11,(anonymous_0)
FN:20,(anonymous_1)
FN:39,(anonymous_2)
FN:78,(anonymous_3)
FN:85,(anonymous_4)
FN:92,(anonymous_5)
FN:99,(anonymous_6)
FN:113,(anonymous_7)
FNF:8
FNH:0
FNDA:0,(anonymous_0)
FNDA:0,(anonymous_1)
FNDA:0,(anonymous_2)
FNDA:0,(anonymous_3)
FNDA:0,(anonymous_4)
FNDA:0,(anonymous_5)
FNDA:0,(anonymous_6)
FNDA:0,(anonymous_7)
DA:6,1
DA:7,1
DA:8,1
DA:12,0
DA:13,0
DA:14,0
DA:21,0
DA:23,0
DA:26,0
DA:28,0
DA:29,0
DA:31,0
DA:32,0
DA:40,0
DA:41,0
DA:42,0
DA:45,0
DA:54,0
DA:55,0
DA:64,0
DA:65,0
DA:67,0
DA:70,0
DA:79,0
DA:86,0
DA:93,0
DA:100,0
DA:101,0
DA:102,0
DA:103,0
DA:104,0
DA:106,0
DA:114,0
DA:116,0
DA:118,0
DA:129,0
DA:144,1
LF:37
LH:4
BRDA:41,0,0,0
BRDA:41,0,1,0
BRDA:42,1,0,0
BRDA:42,1,1,0
BRDA:54,2,0,0
BRDA:54,2,1,0
BRF:6
BRH:0
end_of_record
TN:
SF:src\auth\user-service.js
FN:12,(anonymous_0)
FN:21,(anonymous_1)
FN:77,(anonymous_2)
FN:143,(anonymous_3)
FN:191,(anonymous_4)
FN:208,(anonymous_5)
FN:248,(anonymous_6)
FN:283,(anonymous_7)
FN:328,(anonymous_8)
FN:391,(anonymous_9)
FN:413,(anonymous_10)
FN:429,(anonymous_11)
FN:443,(anonymous_12)
FN:454,(anonymous_13)
FN:474,(anonymous_14)
FN:489,(anonymous_15)
FNF:16
FNH:0
FNDA:0,(anonymous_0)
FNDA:0,(anonymous_1)
FNDA:0,(anonymous_2)
FNDA:0,(anonymous_3)
FNDA:0,(anonymous_4)
FNDA:0,(anonymous_5)
FNDA:0,(anonymous_6)
FNDA:0,(anonymous_7)
FNDA:0,(anonymous_8)
FNDA:0,(anonymous_9)
FNDA:0,(anonymous_10)
FNDA:0,(anonymous_11)
FNDA:0,(anonymous_12)
FNDA:0,(anonymous_13)
FNDA:0,(anonymous_14)
FNDA:0,(anonymous_15)
DA:6,1
DA:7,1
DA:8,1
DA:9,1
DA:13,0
DA:14,0
DA:15,0
DA:22,0
DA:24,0
DA:26,0
DA:35,0
DA:36,0
DA:40,0
DA:43,0
DA:66,0
DA:67,0
DA:69,0
DA:70,0
DA:78,0
DA:80,0
DA:82,0
DA:91,0
DA:92,0
DA:95,0
DA:96,0
DA:100,0
DA:101,0
DA:102,0
DA:106,0
DA:107,0
DA:110,0
DA:121,0
DA:127,0
DA:129,0
DA:135,0
DA:136,0
DA:144,0
DA:146,0
DA:149,0
DA:162,0
DA:163,0
DA:166,0
DA:167,0
DA:171,0
DA:173,0
DA:183,0
DA:184,0
DA:192,0
DA:193,0
DA:198,0
DA:200,0
DA:201,0
DA:209,0
DA:210,0
DA:234,0
DA:235,0
DA:238,0
DA:240,0
DA:241,0
DA:249,0
DA:250,0
DA:252,0
DA:273,0
DA:275,0
DA:276,0
DA:284,0
DA:286,0
DA:288,0
DA:292,0
DA:293,0
DA:297,0
DA:298,0
DA:299,0
DA:303,0
DA:306,0
DA:312,0
DA:318,0
DA:320,0
DA:321,0
DA:329,0
DA:330,0
DA:331,0
DA:333,0
DA:334,0
DA:335,0
DA:336,0
DA:337,0
DA:345,0
DA:373,0
DA:383,0
DA:384,0
DA:392,0
DA:393,0
DA:399,0
DA:403,0
DA:405,0
DA:406,0
DA:414,0
DA:430,0
DA:444,0
DA:445,0
DA:447,0
DA:455,0
DA:456,0
DA:463,0
DA:464,0
DA:466,0
DA:467,0
DA:475,0
DA:477,0
DA:478,0
DA:479,0
DA:481,0
DA:482,0
DA:490,0
DA:494,1
LF:116
LH:5
BRDA:14,0,0,0
BRDA:14,0,1,0
BRDA:22,1,0,0
BRDA:35,2,0,0
BRDA:35,2,1,0
BRDA:91,3,0,0
BRDA:91,3,1,0
BRDA:95,4,0,0
BRDA:95,4,1,0
BRDA:101,5,0,0
BRDA:101,5,1,0
BRDA:162,6,0,0
BRDA:162,6,1,0
BRDA:166,7,0,0
BRDA:166,7,1,0
BRDA:234,8,0,0
BRDA:234,8,1,0
BRDA:260,9,0,0
BRDA:260,9,1,0
BRDA:292,10,0,0
BRDA:292,10,1,0
BRDA:298,11,0,0
BRDA:298,11,1,0
BRDA:328,12,0,0
BRDA:330,13,0,0
BRDA:330,14,0,0
BRDA:334,15,0,0
BRDA:334,15,1,0
BRDA:335,16,0,0
BRDA:335,16,1,0
BRDA:336,17,0,0
BRDA:336,17,1,0
BRF:32
BRH:0
end_of_record
TN:
SF:src\database\prisma-client.js
FN:3,(anonymous_0)
FN:21,(anonymous_1)
FN:25,(anonymous_2)
FNF:3
FNH:0
FNDA:0,(anonymous_0)
FNDA:0,(anonymous_1)
FNDA:0,(anonymous_2)
DA:4,0
DA:12,0
DA:22,0
DA:26,0
DA:31,0
DA:32,0
DA:35,0
DA:36,0
LF:8
LH:0
BRDA:31,0,0,0
BRDA:31,0,1,0
BRF:2
BRH:0
end_of_record
TN:
SF:src\generated\prisma\client.js
FNF:0
FNH:0
DA:4,0
LF:1
LH:0
BRF:0
BRH:0
end_of_record
TN:
SF:src\generated\prisma\default.js
FNF:0
FNH:0
DA:4,0
LF:1
LH:0
BRF:0
BRH:0
end_of_record
TN:
SF:src\generated\prisma\edge.js
FN:283,(anonymous_0)
FNF:1
FNH:0
FNDA:0,(anonymous_0)
DA:5,0
DA:29,0
DA:32,0
DA:34,0
DA:35,0
DA:41,0
DA:46,0
DA:47,0
DA:48,0
DA:49,0
DA:50,0
DA:51,0
DA:56,0
DA:57,0
DA:58,0
DA:59,0
DA:60,0
DA:65,0
DA:66,0
DA:71,0
DA:72,0
DA:73,0
DA:75,0
DA:88,0
DA:92,0
DA:108,0
DA:118,0
DA:137,0
DA:148,0
DA:155,0
DA:165,0
DA:175,0
DA:184,0
DA:189,0
DA:194,0
DA:199,0
DA:205,0
DA:209,0
DA:215,0
DA:228,0
DA:276,0
DA:278,0
DA:279,0
DA:280,0
DA:281,0
DA:283,0
DA:287,0
DA:288,0
DA:291,0
DA:292,0
DA:293,0
LF:51
LH:0
BRDA:287,0,0,0
BRDA:287,0,1,0
BRDA:287,1,0,0
BRDA:287,1,1,0
BRDA:287,1,2,0
BRDA:287,1,3,0
BRDA:287,1,4,0
BRDA:287,1,5,0
BRDA:288,2,0,0
BRDA:288,2,1,0
BRDA:288,2,2,0
BRDA:288,2,3,0
BRDA:288,2,4,0
BRDA:288,2,5,0
BRF:14
BRH:0
end_of_record
TN:
SF:src\generated\prisma\index-browser.js
FN:31,(anonymous_0)
FN:36,(anonymous_1)
FN:41,(anonymous_2)
FN:46,(anonymous_3)
FN:51,(anonymous_4)
FN:61,(anonymous_5)
FN:66,(anonymous_6)
FN:71,(anonymous_7)
FN:76,(anonymous_8)
FN:86,(anonymous_9)
FN:91,(anonymous_10)
FN:258,(anonymous_11)
FN:260,(anonymous_12)
FNF:13
FNH:0
FNDA:0,(anonymous_0)
FNDA:0,(anonymous_1)
FNDA:0,(anonymous_2)
FNDA:0,(anonymous_3)
FNDA:0,(anonymous_4)
FNDA:0,(anonymous_5)
FNDA:0,(anonymous_6)
FNDA:0,(anonymous_7)
FNDA:0,(anonymous_8)
FNDA:0,(anonymous_9)
FNDA:0,(anonymous_10)
FNDA:0,(anonymous_11)
FNDA:0,(anonymous_12)
DA:5,0
DA:14,0
DA:17,0
DA:19,0
DA:20,0
DA:26,0
DA:31,0
DA:32,0
DA:33,0
DA:36,0
DA:37,0
DA:38,0
DA:41,0
DA:42,0
DA:43,0
DA:46,0
DA:47,0
DA:48,0
DA:51,0
DA:52,0
DA:53,0
DA:56,0
DA:61,0
DA:62,0
DA:63,0
DA:66,0
DA:67,0
DA:68,0
DA:71,0
DA:72,0
DA:73,0
DA:76,0
DA:77,0
DA:78,0
DA:81,0
DA:86,0
DA:87,0
DA:88,0
DA:91,0
DA:92,0
DA:93,0
DA:100,0
DA:101,0
DA:102,0
DA:104,0
DA:116,0
DA:120,0
DA:136,0
DA:146,0
DA:165,0
DA:176,0
DA:183,0
DA:193,0
DA:203,0
DA:212,0
DA:217,0
DA:222,0
DA:227,0
DA:233,0
DA:237,0
DA:243,0
DA:259,0
DA:262,0
DA:263,0
DA:264,0
DA:269,0
DA:272,0
DA:275,0
DA:281,0
DA:283,0
LF:70
LH:0
BRDA:263,0,0,0
BRDA:263,0,1,0
BRF:2
BRH:0
end_of_record
TN:
SF:src\generated\prisma\index.js
FN:287,(anonymous_0)
FNF:1
FNH:0
FNDA:0,(anonymous_0)
DA:5,1
DA:29,1
DA:32,1
DA:34,1
DA:35,1
DA:41,1
DA:46,1
DA:47,1
DA:48,1
DA:49,1
DA:50,1
DA:51,1
DA:56,1
DA:57,1
DA:58,1
DA:59,1
DA:60,1
DA:65,1
DA:66,1
DA:71,1
DA:72,1
DA:73,1
DA:75,1
DA:84,1
DA:89,1
DA:93,1
DA:109,1
DA:119,1
DA:138,1
DA:149,1
DA:156,1
DA:166,1
DA:176,1
DA:185,1
DA:190,1
DA:195,1
DA:200,1
DA:206,1
DA:210,1
DA:216,1
DA:229,1
DA:278,1
DA:280,1
DA:281,1
DA:282,0
DA:287,0
DA:288,0
DA:291,0
DA:292,0
DA:295,1
DA:296,1
DA:297,1
DA:298,1
DA:301,1
DA:303,1
DA:308,1
DA:309,1
DA:310,1
DA:313,1
DA:314,1
DA:316,1
DA:317,1
LF:62
LH:57
BRDA:281,0,0,0
BRDA:281,0,1,1
BRDA:287,1,0,0
BRDA:287,1,1,0
BRDA:304,2,0,1
BRDA:304,2,1,0
BRDA:305,3,0,1
BRDA:305,3,1,1
BRF:8
BRH:4
end_of_record
TN:
SF:src\generated\prisma\wasm.js
FN:31,(anonymous_0)
FN:36,(anonymous_1)
FN:41,(anonymous_2)
FN:46,(anonymous_3)
FN:51,(anonymous_4)
FN:61,(anonymous_5)
FN:66,(anonymous_6)
FN:71,(anonymous_7)
FN:76,(anonymous_8)
FN:86,(anonymous_9)
FN:91,(anonymous_10)
FN:258,(anonymous_11)
FN:260,(anonymous_12)
FNF:13
FNH:0
FNDA:0,(anonymous_0)
FNDA:0,(anonymous_1)
FNDA:0,(anonymous_2)
FNDA:0,(anonymous_3)
FNDA:0,(anonymous_4)
FNDA:0,(anonymous_5)
FNDA:0,(anonymous_6)
FNDA:0,(anonymous_7)
FNDA:0,(anonymous_8)
FNDA:0,(anonymous_9)
FNDA:0,(anonymous_10)
FNDA:0,(anonymous_11)
FNDA:0,(anonymous_12)
DA:5,0
DA:14,0
DA:17,0
DA:19,0
DA:20,0
DA:26,0
DA:31,0
DA:32,0
DA:33,0
DA:36,0
DA:37,0
DA:38,0
DA:41,0
DA:42,0
DA:43,0
DA:46,0
DA:47,0
DA:48,0
DA:51,0
DA:52,0
DA:53,0
DA:56,0
DA:61,0
DA:62,0
DA:63,0
DA:66,0
DA:67,0
DA:68,0
DA:71,0
DA:72,0
DA:73,0
DA:76,0
DA:77,0
DA:78,0
DA:81,0
DA:86,0
DA:87,0
DA:88,0
DA:91,0
DA:92,0
DA:93,0
DA:100,0
DA:101,0
DA:102,0
DA:104,0
DA:116,0
DA:120,0
DA:136,0
DA:146,0
DA:165,0
DA:176,0
DA:183,0
DA:193,0
DA:203,0
DA:212,0
DA:217,0
DA:222,0
DA:227,0
DA:233,0
DA:237,0
DA:243,0
DA:259,0
DA:262,0
DA:263,0
DA:264,0
DA:269,0
DA:272,0
DA:275,0
DA:281,0
DA:283,0
LF:70
LH:0
BRDA:263,0,0,0
BRDA:263,0,1,0
BRF:2
BRH:0
end_of_record
TN:
SF:src\generated\prisma\runtime\edge-esm.js
FN:4,(anonymous_0)
FN:4,(anonymous_1)
FN:4,(anonymous_2)
FN:4,(anonymous_3)
FN:4,(anonymous_4)
FN:4,(anonymous_5)
FN:4,(anonymous_6)
FN:4,(anonymous_7)
FN:4,(anonymous_8)
FN:4,(anonymous_9)
FN:4,(anonymous_10)
FN:4,(anonymous_11)
FN:4,(anonymous_12)
FN:4,(anonymous_13)
FN:4,(anonymous_14)
FN:4,(anonymous_15)
FN:4,(anonymous_16)
FN:4,(anonymous_17)
FN:4,(anonymous_18)
FN:4,(anonymous_19)
FN:4,(anonymous_20)
FN:4,(anonymous_21)
FN:4,a
FN:4,l
FN:4,d
FN:4,g
FN:4,h
FN:4,T
FN:4,I
FN:4,(anonymous_29)
FN:4,(anonymous_30)
FN:4,(anonymous_31)
FN:4,xa
FN:4,(anonymous_33)
FN:4,(anonymous_34)
FN:4,(anonymous_35)
FN:4,xe
FN:4,A
FN:4,ci
FN:4,(anonymous_39)
FN:4,pi
FN:4,Pa
FN:4,(anonymous_42)
FN:4,ln
FN:4,(anonymous_44)
FN:4,(anonymous_45)
FN:4,va
FN:4,sn
FN:4,Ta
FN:4,mi
FN:4,Aa
FN:4,un
FN:4,Ca
FN:4,(anonymous_53)
FN:4,(anonymous_54)
FN:4,(anonymous_55)
FN:4,(anonymous_56)
FN:4,fi
FN:4,Ra
FN:4,Be
FN:4,(anonymous_60)
FN:4,(anonymous_61)
FN:4,(anonymous_62)
FN:4,(anonymous_63)
FN:4,(anonymous_64)
FN:4,(anonymous_65)
FN:4,(anonymous_66)
FN:4,di
FN:4,si
FN:4,l
FN:4,(anonymous_70)
FN:4,(anonymous_71)
FN:4,(anonymous_72)
FN:4,Sa
FN:4,Ia
FN:4,Oa
FN:4,ka
FN:4,Da
FN:4,(anonymous_78)
FN:4,(anonymous_79)
FN:4,Ma
FN:4,gi
FN:4,_a
FN:4,Na
FN:4,Fa
FN:4,La
FN:4,Ua
FN:4,(anonymous_87)
FN:4,W
FN:4,(anonymous_89)
FN:4,(anonymous_90)
FN:4,(anonymous_91)
FN:4,(anonymous_92)
FN:4,(anonymous_93)
FN:4,(anonymous_94)
FN:4,(anonymous_95)
FN:4,(anonymous_96)
FN:4,(anonymous_97)
FN:4,(anonymous_98)
FN:4,(anonymous_99)
FN:4,(anonymous_100)
FN:4,(anonymous_101)
FN:4,(anonymous_102)
FN:4,(anonymous_103)
FN:4,(anonymous_104)
FN:4,(anonymous_105)
FN:4,(anonymous_106)
FN:4,(anonymous_107)
FN:4,(anonymous_108)
FN:4,(anonymous_109)
FN:4,(anonymous_110)
FN:4,re
FN:4,(anonymous_112)
FN:4,(anonymous_113)
FN:4,(anonymous_114)
FN:4,(anonymous_115)
FN:4,(anonymous_116)
FN:4,(anonymous_117)
FN:4,(anonymous_118)
FN:4,hi
FN:4,yi
FN:4,(anonymous_121)
FN:4,(anonymous_122)
FN:4,(anonymous_123)
FN:4,(anonymous_124)
FN:4,(anonymous_125)
FN:4,(anonymous_126)
FN:4,(anonymous_127)
FN:4,(anonymous_128)
FN:4,(anonymous_129)
FN:4,(anonymous_130)
FN:4,(anonymous_131)
FN:4,wi
FN:4,Ei
FN:4,(anonymous_134)
FN:4,(anonymous_135)
FN:4,bi
FN:4,(anonymous_137)
FN:4,(anonymous_138)
FN:4,(anonymous_139)
FN:4,(anonymous_140)
FN:4,cn
FN:4,(anonymous_142)
FN:4,(anonymous_143)
FN:4,(anonymous_144)
FN:4,(anonymous_145)
FN:4,(anonymous_146)
FN:4,(anonymous_147)
FN:4,(anonymous_148)
FN:4,li
FN:4,Ba
FN:4,xi
FN:4,He
FN:4,xt
FN:4,Va
FN:4,an
FN:4,$a
FN:4,ja
FN:4,Pi
FN:4,ar
FN:4,de
FN:4,pn
FN:4,(anonymous_162)
FN:4,Re
FN:4,Ja
FN:4,(anonymous_165)
FN:4,Ya
FN:4,dn
FN:4,Za
FN:4,Xa
FN:4,el
FN:4,tl
FN:4,rl
FN:4,nl
FN:4,il
FN:4,ol
FN:4,sl
FN:4,al
FN:4,ll
FN:4,ul
FN:4,cl
FN:4,pl
FN:4,(anonymous_182)
FN:4,(anonymous_183)
FN:4,(anonymous_184)
FN:4,ml
FN:4,(anonymous_186)
FN:4,gl
FN:4,hl
FN:4,yl
FN:4,Gi
FN:4,Ji
FN:4,El
FN:4,(anonymous_193)
FN:4,(anonymous_194)
FN:4,(anonymous_195)
FN:4,(anonymous_196)
FN:4,(anonymous_197)
FN:4,(anonymous_198)
FN:4,(anonymous_199)
FN:4,(anonymous_200)
FN:4,(anonymous_201)
FN:4,(anonymous_202)
FN:4,(anonymous_203)
FN:4,(anonymous_204)
FN:4,(anonymous_205)
FN:4,e
FN:4,(anonymous_207)
FN:4,(anonymous_208)
FN:4,(anonymous_209)
FN:4,(anonymous_210)
FN:4,(anonymous_211)
FN:4,(anonymous_212)
FN:4,(anonymous_213)
FN:4,(anonymous_214)
FN:4,(anonymous_215)
FN:4,Ti
FN:4,(anonymous_217)
FN:4,Ai
FN:4,(anonymous_219)
FN:4,Ri
FN:4,(anonymous_221)
FN:4,j
FN:4,(anonymous_223)
FN:4,(anonymous_224)
FN:4,(anonymous_225)
FN:4,(anonymous_226)
FN:4,(anonymous_227)
FN:4,(anonymous_228)
FN:4,(anonymous_229)
FN:4,(anonymous_230)
FN:4,Ha
FN:4,(anonymous_232)
FN:4,(anonymous_233)
FN:4,(anonymous_234)
FN:4,(anonymous_235)
FN:4,(anonymous_236)
FN:4,(anonymous_237)
FN:4,(anonymous_238)
FN:4,za
FN:4,(anonymous_240)
FN:4,Vi
FN:4,Ze
FN:4,Tl
FN:4,Al
FN:4,dr
FN:4,yn
FN:4,(anonymous_247)
FN:4,(anonymous_248)
FN:4,(anonymous_249)
FN:4,(anonymous_250)
FN:4,(anonymous_251)
FN:4,(anonymous_252)
FN:4,(anonymous_253)
FN:4,(anonymous_254)
FN:4,Rl
FN:4,wn
FN:4,Sl
FN:4,Il
FN:4,Ol
FN:4,qe
FN:4,En
FN:4,gr
FN:4,bn
FN:4,N
FN:4,(anonymous_265)
FN:4,(anonymous_266)
FN:4,(anonymous_267)
FN:4,(anonymous_268)
FN:4,(anonymous_269)
FN:4,(anonymous_270)
FN:4,(anonymous_271)
FN:4,(anonymous_272)
FN:4,(anonymous_273)
FN:4,(anonymous_274)
FN:4,(anonymous_275)
FN:4,(anonymous_276)
FN:4,(anonymous_277)
FN:4,(anonymous_278)
FN:4,Ie
FN:4,so
FN:4,At
FN:4,(anonymous_282)
FN:4,Dl
FN:4,xn
FN:4,Xe
FN:4,yr
FN:4,(anonymous_287)
FN:4,(anonymous_288)
FN:4,(anonymous_289)
FN:4,(anonymous_290)
FN:4,(anonymous_291)
FN:4,(anonymous_292)
FN:4,(anonymous_293)
FN:4,(anonymous_294)
FN:4,(anonymous_295)
FN:4,(anonymous_296)
FN:4,(anonymous_297)
FN:4,(anonymous_298)
FN:4,(anonymous_299)
FN:4,(anonymous_300)
FN:4,(anonymous_301)
FN:4,(anonymous_302)
FN:4,(anonymous_303)
FN:4,(anonymous_304)
FN:4,(anonymous_305)
FN:4,(anonymous_306)
FN:4,(anonymous_307)
FN:4,(anonymous_308)
FN:4,(anonymous_309)
FN:4,(anonymous_310)
FN:4,(anonymous_311)
FN:4,(anonymous_312)
FN:4,(anonymous_313)
FN:4,(anonymous_314)
FN:4,(anonymous_315)
FN:4,(anonymous_316)
FN:4,(anonymous_317)
FN:4,(anonymous_318)
FN:4,(anonymous_319)
FN:4,(anonymous_320)
FN:4,(anonymous_321)
FN:4,(anonymous_322)
FN:4,(anonymous_323)
FN:4,(anonymous_324)
FN:4,(anonymous_325)
FN:4,(anonymous_326)
FN:4,(anonymous_327)
FN:4,(anonymous_328)
FN:4,(anonymous_329)
FN:4,(anonymous_330)
FN:4,(anonymous_331)
FN:4,(anonymous_332)
FN:4,(anonymous_333)
FN:4,(anonymous_334)
FN:4,(anonymous_335)
FN:4,(anonymous_336)
FN:4,(anonymous_337)
FN:4,(anonymous_338)
FN:4,(anonymous_339)
FN:4,(anonymous_340)
FN:4,(anonymous_341)
FN:4,(anonymous_342)
FN:4,(anonymous_343)
FN:4,(anonymous_344)
FN:4,z
FN:4,ne
FN:4,Ct
FN:4,wr
FN:4,Ul
FN:4,(anonymous_350)
FN:4,e
FN:4,t
FN:4,r
FN:4,(anonymous_354)
FN:4,k
FN:4,ye
FN:4,Tr
FN:4,Pr
FN:4,he
FN:4,ho
FN:4,Oe
FN:4,yo
FN:4,ao
FN:4,wo
FN:4,An
FN:4,ke
FN:4,Eo
FN:4,Er
FN:4,Bl
FN:4,ql
FN:4,tt
FN:4,Ar
FN:4,bo
FN:4,Cn
FN:4,lo
FN:4,Vl
FN:4,$l
FN:4,jl
FN:4,Gl
FN:4,Jl
FN:4,Ql
FN:4,Kl
FN:4,Wl
FN:4,Hl
FN:4,zl
FN:4,Yl
FN:4,Zl
FN:4,Xl
FN:4,eu
FN:4,tu
FN:4,xo
FN:4,i
FN:4,ru
FN:4,nu
FN:4,iu
FN:4,ou
FN:4,uo
FN:4,su
FN:4,au
FN:4,lu
FN:4,uu
FN:4,cu
FN:4,pu
FN:4,mu
FN:4,fu
FN:4,du
FN:4,gu
FN:4,hu
FN:4,yu
FN:4,wu
FN:4,Eu
FN:4,bu
FN:4,xu
FN:4,Pu
FN:4,vu
FN:4,Tu
FN:4,Au
FN:4,rt
FN:4,(anonymous_419)
FN:4,(anonymous_420)
FN:4,Cu
FN:4,(anonymous_422)
FN:4,(anonymous_423)
FN:4,(anonymous_424)
FN:4,(anonymous_425)
FN:4,(anonymous_426)
FN:4,(anonymous_427)
FN:4,(anonymous_428)
FN:4,(anonymous_429)
FN:4,(anonymous_430)
FN:4,Ou
FN:4,ku
FN:5,Du
FN:5,Rr
FN:5,Ao
FN:5,(anonymous_436)
FN:5,Co
FN:5,(anonymous_438)
FN:5,Mu
FN:5,_u
FN:5,Nu
FN:5,(anonymous_442)
FN:5,vo
FN:5,To
FN:5,(anonymous_445)
FN:5,(anonymous_446)
FN:5,(anonymous_447)
FN:5,(anonymous_448)
FN:5,(anonymous_449)
FN:5,(anonymous_450)
FN:5,(anonymous_451)
FN:5,(anonymous_452)
FN:5,(anonymous_453)
FN:5,(anonymous_454)
FN:5,(anonymous_455)
FN:5,(anonymous_456)
FN:5,(anonymous_457)
FN:5,(anonymous_458)
FN:5,(anonymous_459)
FN:6,(anonymous_460)
FN:6,(anonymous_461)
FN:6,(anonymous_462)
FN:6,(anonymous_463)
FN:6,(anonymous_464)
FN:6,(anonymous_465)
FN:6,(anonymous_466)
FN:6,(anonymous_467)
FN:6,(anonymous_468)
FN:6,(anonymous_469)
FN:6,(anonymous_470)
FN:6,(anonymous_471)
FN:6,(anonymous_472)
FN:6,(anonymous_473)
FN:6,(anonymous_474)
FN:6,(anonymous_475)
FN:6,(anonymous_476)
FN:6,(anonymous_477)
FN:6,(anonymous_478)
FN:6,(anonymous_479)
FN:6,(anonymous_480)
FN:6,(anonymous_481)
FN:6,(anonymous_482)
FN:6,(anonymous_483)
FN:6,(anonymous_484)
FN:6,(anonymous_485)
FN:6,(anonymous_486)
FN:6,(anonymous_487)
FN:6,(anonymous_488)
FN:6,(anonymous_489)
FN:6,(anonymous_490)
FN:6,(anonymous_491)
FN:6,(anonymous_492)
FN:6,(anonymous_493)
FN:6,(anonymous_494)
FN:6,(anonymous_495)
FN:6,(anonymous_496)
FN:6,(anonymous_497)
FN:6,(anonymous_498)
FN:6,(anonymous_499)
FN:6,(anonymous_500)
FN:6,(anonymous_501)
FN:6,(anonymous_502)
FN:6,(anonymous_503)
FN:6,(anonymous_504)
FN:6,(anonymous_505)
FN:6,(anonymous_506)
FN:6,(anonymous_507)
FN:6,(anonymous_508)
FN:6,(anonymous_509)
FN:6,(anonymous_510)
FN:6,(anonymous_511)
FN:6,(anonymous_512)
FN:6,(anonymous_513)
FN:6,(anonymous_514)
FN:6,Sr
FN:6,Fu
FN:6,(anonymous_517)
FN:6,Lu
FN:6,(anonymous_519)
FN:7,Uu
FN:7,(anonymous_521)
FN:7,Bu
FN:7,(anonymous_523)
FN:7,qu
FN:7,(anonymous_525)
FN:7,Vu
FN:7,(anonymous_527)
FN:7,$u
FN:7,(anonymous_529)
FN:7,ju
FN:7,(anonymous_531)
FN:7,Gu
FN:7,(anonymous_533)
FN:7,(anonymous_534)
FN:7,Ju
FN:7,(anonymous_536)
FN:7,(anonymous_537)
FN:7,ko
FN:7,Qu
FN:7,(anonymous_540)
FN:7,(anonymous_541)
FN:7,Do
FN:7,Ku
FN:7,(anonymous_544)
FN:7,(anonymous_545)
FN:7,Wu
FN:7,(anonymous_547)
FN:7,(anonymous_548)
FN:7,Hu
FN:7,(anonymous_550)
FN:7,zu
FN:7,(anonymous_552)
FN:7,(anonymous_553)
FN:7,Yu
FN:7,(anonymous_555)
FN:7,(anonymous_556)
FN:7,Mo
FN:7,Zu
FN:7,Xu
FN:7,ec
FN:7,_o
FN:7,No
FN:7,at
FN:7,It
FN:7,Dr
FN:7,rc
FN:7,(anonymous_567)
FN:7,(anonymous_568)
FN:7,lt
FN:7,(anonymous_570)
FN:7,(anonymous_571)
FN:7,(anonymous_572)
FN:7,(anonymous_573)
FN:7,kn
FN:7,(anonymous_575)
FN:7,(anonymous_576)
FN:7,(anonymous_577)
FN:7,(anonymous_578)
FN:7,(anonymous_579)
FN:7,(anonymous_580)
FN:7,(anonymous_581)
FN:7,(anonymous_582)
FN:7,(anonymous_583)
FN:8,ut
FN:8,Lo
FN:8,Uo
FN:8,nc
FN:8,Nr
FN:8,Fr
FN:8,Ee
FN:8,(anonymous_591)
FN:8,qo
FN:8,ic
FN:8,(anonymous_594)
FN:8,(anonymous_595)
FN:8,(anonymous_596)
FN:8,(anonymous_597)
FN:8,Bo
FN:8,(anonymous_599)
FN:8,(anonymous_600)
FN:8,oc
FN:8,(anonymous_602)
FN:8,Vo
FN:8,$o
FN:8,(anonymous_605)
FN:8,(anonymous_606)
FN:8,(anonymous_607)
FN:8,(anonymous_608)
FN:8,(anonymous_609)
FN:8,(anonymous_610)
FN:8,(anonymous_611)
FN:8,(anonymous_612)
FN:8,(anonymous_613)
FN:8,(anonymous_614)
FN:8,(anonymous_615)
FN:8,(anonymous_616)
FN:8,(anonymous_617)
FN:8,(anonymous_618)
FN:8,(anonymous_619)
FN:8,(anonymous_620)
FN:8,(anonymous_621)
FN:8,(anonymous_622)
FN:8,(anonymous_623)
FN:8,(anonymous_624)
FN:8,(anonymous_625)
FN:8,(anonymous_626)
FN:8,jo
FN:8,sc
FN:8,(anonymous_629)
FN:8,(anonymous_630)
FN:8,be
FN:8,Nn
FN:8,Ft
FN:8,lc
FN:8,uc
FN:8,cc
FN:8,pc
FN:8,mc
FN:8,Qo
FN:8,Ko
FN:8,fc
FN:8,dc
FN:8,gc
FN:8,Fn
FN:8,(anonymous_645)
FN:8,(anonymous_646)
FN:8,(anonymous_647)
FN:8,(anonymous_648)
FN:8,(anonymous_649)
FN:8,(anonymous_650)
FN:8,(anonymous_651)
FN:8,(anonymous_652)
FN:8,(anonymous_653)
FN:8,(anonymous_654)
FN:8,(anonymous_655)
FN:8,(anonymous_656)
FN:8,(anonymous_657)
FN:8,(anonymous_658)
FN:8,(anonymous_659)
FN:8,(anonymous_660)
FN:8,Wo
FN:8,(anonymous_662)
FN:8,(anonymous_663)
FN:8,(anonymous_664)
FN:8,hc
FN:8,(anonymous_666)
FN:8,(anonymous_667)
FN:8,yc
FN:8,Ln
FN:8,(anonymous_670)
FN:8,(anonymous_671)
FN:8,(anonymous_672)
FN:8,(anonymous_673)
FN:8,wc
FN:8,(anonymous_675)
FN:8,qr
FN:8,(anonymous_677)
FN:8,(anonymous_678)
FN:8,(anonymous_679)
FN:8,(anonymous_680)
FN:8,(anonymous_681)
FN:8,(anonymous_682)
FN:8,Ec
FN:8,zo
FN:8,Yo
FN:8,Bt
FN:8,(anonymous_687)
FN:8,(anonymous_688)
FN:8,te
FN:8,(anonymous_690)
FN:8,(anonymous_691)
FN:8,Ve
FN:8,(anonymous_693)
FN:8,(anonymous_694)
FN:8,(anonymous_695)
FN:8,(anonymous_696)
FN:8,jr
FN:8,(anonymous_698)
FN:8,(anonymous_699)
FN:8,(anonymous_700)
FN:8,(anonymous_701)
FN:8,(anonymous_702)
FN:8,me
FN:8,(anonymous_704)
FN:8,(anonymous_705)
FN:8,(anonymous_706)
FN:8,(anonymous_707)
FN:8,(anonymous_708)
FN:8,(anonymous_709)
FN:8,(anonymous_710)
FN:8,(anonymous_711)
FN:8,xc
FN:8,Xo
FN:8,(anonymous_714)
FN:8,pt
FN:8,(anonymous_716)
FN:8,(anonymous_717)
FN:8,(anonymous_718)
FN:8,Gr
FN:8,es
FN:8,Jr
FN:8,vc
FN:9,(anonymous_723)
FN:9,Fe
FN:9,mt
FN:9,(anonymous_726)
FN:9,Ac
FN:9,Qr
FN:9,(anonymous_729)
FN:9,rs
FN:9,Cc
FN:9,Rc
FN:9,(anonymous_733)
FN:9,(anonymous_734)
FN:9,ns
FN:9,Sc
FN:9,Ic
FN:9,(anonymous_738)
FN:9,(anonymous_739)
FN:9,is
FN:9,os
FN:9,(anonymous_742)
FN:9,(anonymous_743)
FN:9,(anonymous_744)
FN:9,ss
FN:9,(anonymous_746)
FN:9,(anonymous_747)
FN:9,(anonymous_748)
FN:9,(anonymous_749)
FN:9,(anonymous_750)
FN:9,(anonymous_751)
FN:9,(anonymous_752)
FN:9,Oc
FN:9,kc
FN:9,Vn
FN:9,(anonymous_756)
FN:9,(anonymous_757)
FN:9,(anonymous_758)
FN:9,Dc
FN:9,(anonymous_760)
FN:9,(anonymous_761)
FN:9,$n
FN:9,(anonymous_763)
FN:9,(anonymous_764)
FN:9,(anonymous_765)
FN:9,Nc
FN:9,(anonymous_767)
FN:9,(anonymous_768)
FN:9,(anonymous_769)
FN:9,(anonymous_770)
FN:9,(anonymous_771)
FN:9,Fc
FN:9,Lc
FN:9,(anonymous_774)
FN:9,us
FN:9,(anonymous_776)
FN:9,qt
FN:9,(anonymous_778)
FN:9,(anonymous_779)
FN:9,Uc
FN:9,(anonymous_781)
FN:9,(anonymous_782)
FN:9,Bc
FN:9,(anonymous_784)
FN:9,(anonymous_785)
FN:9,(anonymous_786)
FN:9,cs
FN:9,ps
FN:9,ms
FN:9,(anonymous_790)
FN:9,(anonymous_791)
FN:9,qc
FN:9,(anonymous_793)
FN:9,Vc
FN:9,(anonymous_795)
FN:9,Kr
FN:9,fs
FN:9,(anonymous_798)
FN:9,ds
FN:9,(anonymous_800)
FN:9,hs
FN:9,jc
FN:9,Gc
FN:9,Vt
FN:9,ws
FN:9,(anonymous_806)
FN:9,(anonymous_807)
FN:9,Es
FN:9,bs
FN:9,(anonymous_810)
FN:9,xs
FN:9,(anonymous_812)
FN:9,(anonymous_813)
FN:9,(anonymous_814)
FN:9,Ps
FN:9,(anonymous_816)
FN:9,As
FN:11,Cs
FN:11,(anonymous_819)
FN:11,(anonymous_820)
FN:11,(anonymous_821)
FN:11,(anonymous_822)
FN:11,(anonymous_823)
FN:11,(anonymous_824)
FN:11,Yc
FN:11,(anonymous_826)
FN:11,Gn
FN:11,Rs
FN:11,Xc
FN:11,ep
FN:11,$t
FN:11,tp
FN:11,ft
FN:14,(anonymous_834)
FN:14,(anonymous_835)
FN:14,(anonymous_836)
FN:14,U
FN:14,(anonymous_838)
FN:14,Is
FN:14,(anonymous_840)
FN:14,(anonymous_841)
FN:14,np
FN:14,Jn
FN:14,(anonymous_844)
FN:14,(anonymous_845)
FN:14,(anonymous_846)
FN:14,(anonymous_847)
FN:14,(anonymous_848)
FN:14,(anonymous_849)
FN:14,(anonymous_850)
FN:14,(anonymous_851)
FN:14,(anonymous_852)
FN:14,(anonymous_853)
FN:14,(anonymous_854)
FN:14,(anonymous_855)
FN:14,(anonymous_856)
FN:14,(anonymous_857)
FN:14,(anonymous_858)
FN:14,sp
FN:14,Xt
FN:14,ht
FN:14,ks
FN:14,(anonymous_863)
FN:14,(anonymous_864)
FN:14,Ds
FN:14,Ms
FN:14,(anonymous_867)
FN:14,(anonymous_868)
FN:15,Je
FN:15,(anonymous_870)
FN:15,up
FN:15,Fs
FN:15,cp
FN:15,(anonymous_874)
FN:15,(anonymous_875)
FN:15,(anonymous_876)
FN:15,(anonymous_877)
FN:15,(anonymous_878)
FN:15,(anonymous_879)
FN:15,(anonymous_880)
FN:15,(anonymous_881)
FN:15,(anonymous_882)
FN:15,(anonymous_883)
FN:15,(anonymous_884)
FN:15,(anonymous_885)
FN:15,(anonymous_886)
FN:15,(anonymous_887)
FN:15,(anonymous_888)
FN:15,(anonymous_889)
FN:15,(anonymous_890)
FN:15,(anonymous_891)
FN:15,(anonymous_892)
FN:15,(anonymous_893)
FN:15,(anonymous_894)
FN:15,(anonymous_895)
FN:15,(anonymous_896)
FN:15,(anonymous_897)
FN:15,(anonymous_898)
FN:15,(anonymous_899)
FN:15,Us
FN:15,(anonymous_901)
FN:15,(anonymous_902)
FN:16,S
FN:16,Bs
FN:16,zr
FN:16,(anonymous_906)
FN:16,(anonymous_907)
FN:16,(anonymous_908)
FN:16,wt
FN:16,$s
FN:16,(anonymous_911)
FN:16,Gs
FN:16,(anonymous_913)
FN:16,pp
FN:16,Js
FN:16,js
FN:16,Zn
FN:23,(anonymous_918)
FN:23,(anonymous_919)
FN:23,(anonymous_920)
FN:23,(anonymous_921)
FN:23,(anonymous_922)
FN:23,(anonymous_923)
FN:23,ei
FN:23,(anonymous_925)
FN:23,(anonymous_926)
FN:23,(anonymous_927)
FN:23,(anonymous_928)
FN:23,(anonymous_929)
FN:23,(anonymous_930)
FN:23,(anonymous_931)
FN:23,Hs
FN:23,(anonymous_933)
FN:23,(anonymous_934)
FN:23,(anonymous_935)
FN:23,(anonymous_936)
FN:23,(anonymous_937)
FN:23,(anonymous_938)
FN:23,(anonymous_939)
FN:23,(anonymous_940)
FN:23,(anonymous_941)
FN:23,(anonymous_942)
FN:23,(anonymous_943)
FN:23,zs
FN:23,Ys
FN:23,(anonymous_946)
FN:23,(anonymous_947)
FN:23,(anonymous_948)
FN:23,Zs
FN:23,(anonymous_950)
FN:23,Yr
FN:23,Xs
FN:23,ri
FN:23,(anonymous_954)
FN:23,ni
FN:23,(anonymous_956)
FN:23,(anonymous_957)
FN:23,(anonymous_958)
FN:23,(anonymous_959)
FN:23,(anonymous_960)
FN:23,(anonymous_961)
FN:23,(anonymous_962)
FN:23,(anonymous_963)
FN:23,(anonymous_964)
FN:23,(anonymous_965)
FN:23,(anonymous_966)
FN:23,(anonymous_967)
FN:23,Qe
FN:23,(anonymous_969)
FN:23,(anonymous_970)
FN:23,(anonymous_971)
FN:23,(anonymous_972)
FN:23,(anonymous_973)
FN:23,(anonymous_974)
FN:23,ii
FN:23,hp
FN:23,(anonymous_977)
FN:23,(anonymous_978)
FN:23,(anonymous_979)
FN:23,(anonymous_980)
FN:23,(anonymous_981)
FN:23,(anonymous_982)
FN:23,(anonymous_983)
FN:23,(anonymous_984)
FN:23,(anonymous_985)
FN:23,(anonymous_986)
FN:23,(anonymous_987)
FN:23,(anonymous_988)
FN:23,(anonymous_989)
FN:23,(anonymous_990)
FN:23,(anonymous_991)
FN:23,(anonymous_992)
FN:23,wp
FN:23,ta
FN:23,Ep
FN:23,bp
FN:23,ra
FN:23,(anonymous_998)
FN:24,(anonymous_999)
FN:24,(anonymous_1000)
FN:27,(anonymous_1001)
FN:27,(anonymous_1002)
FN:28,(anonymous_1003)
FN:28,(anonymous_1004)
FN:28,t
FN:28,(anonymous_1006)
FN:28,(anonymous_1007)
FN:28,(anonymous_1008)
FN:28,(anonymous_1009)
FN:28,(anonymous_1010)
FN:28,ua
FN:28,Et
FN:28,Pp
FN:28,(anonymous_1014)
FN:28,(anonymous_1015)
FN:28,vp
FN:28,aa
FN:28,(anonymous_1018)
FN:28,Tp
FN:28,(anonymous_1020)
FN:28,(anonymous_1021)
FN:28,(anonymous_1022)
FN:28,(anonymous_1023)
FN:32,ca
FN:32,(anonymous_1025)
FN:32,(anonymous_1026)
FN:32,(anonymous_1027)
FN:32,(anonymous_1028)
FN:32,(anonymous_1029)
FN:32,(anonymous_1030)
FN:32,(anonymous_1031)
FN:32,(anonymous_1032)
FN:32,Sp
FN:32,(anonymous_1034)
FN:32,(anonymous_1035)
FN:32,(anonymous_1036)
FN:32,(anonymous_1037)
FN:32,(anonymous_1038)
FN:32,(anonymous_1039)
FN:32,(anonymous_1040)
FN:32,(anonymous_1041)
FN:32,(anonymous_1042)
FN:32,(anonymous_1043)
FN:32,(anonymous_1044)
FN:32,(anonymous_1045)
FN:32,(anonymous_1046)
FN:32,(anonymous_1047)
FN:32,(anonymous_1048)
FN:32,(anonymous_1049)
FN:32,(anonymous_1050)
FN:32,(anonymous_1051)
FN:32,(anonymous_1052)
FN:32,(anonymous_1053)
FN:32,(anonymous_1054)
FN:32,(anonymous_1055)
FN:32,(anonymous_1056)
FN:32,(anonymous_1057)
FN:32,(anonymous_1058)
FN:32,(anonymous_1059)
FN:32,(anonymous_1060)
FN:32,(anonymous_1061)
FN:32,(anonymous_1062)
FN:32,(anonymous_1063)
FN:32,(anonymous_1064)
FN:32,(anonymous_1065)
FN:32,(anonymous_1066)
FN:32,(anonymous_1067)
FN:32,(anonymous_1068)
FN:32,(anonymous_1069)
FN:32,(anonymous_1070)
FN:32,(anonymous_1071)
FN:32,(anonymous_1072)
FN:33,(anonymous_1073)
FN:33,(anonymous_1074)
FN:33,pa
FN:33,Ip
FN:33,kp
FN:33,(anonymous_1078)
FNF:1079
FNH:0
FNDA:0,(anonymous_0)
FNDA:0,(anonymous_1)
FNDA:0,(anonymous_2)
FNDA:0,(anonymous_3)
FNDA:0,(anonymous_4)
FNDA:0,(anonymous_5)
FNDA:0,(anonymous_6)
FNDA:0,(anonymous_7)
FNDA:0,(anonymous_8)
FNDA:0,(anonymous_9)
FNDA:0,(anonymous_10)
FNDA:0,(anonymous_11)
FNDA:0,(anonymous_12)
FNDA:0,(anonymous_13)
FNDA:0,(anonymous_14)
FNDA:0,(anonymous_15)
FNDA:0,(anonymous_16)
FNDA:0,(anonymous_17)
FNDA:0,(anonymous_18)
FNDA:0,(anonymous_19)
FNDA:0,(anonymous_20)
FNDA:0,(anonymous_21)
FNDA:0,a
FNDA:0,l
FNDA:0,d
FNDA:0,g
FNDA:0,h
FNDA:0,T
FNDA:0,I
FNDA:0,(anonymous_29)
FNDA:0,(anonymous_30)
FNDA:0,(anonymous_31)
FNDA:0,xa
FNDA:0,(anonymous_33)
FNDA:0,(anonymous_34)
FNDA:0,(anonymous_35)
FNDA:0,xe
FNDA:0,A
FNDA:0,ci
FNDA:0,(anonymous_39)
FNDA:0,pi
FNDA:0,Pa
FNDA:0,(anonymous_42)
FNDA:0,ln
FNDA:0,(anonymous_44)
FNDA:0,(anonymous_45)
FNDA:0,va
FNDA:0,sn
FNDA:0,Ta
FNDA:0,mi
FNDA:0,Aa
FNDA:0,un
FNDA:0,Ca
FNDA:0,(anonymous_53)
FNDA:0,(anonymous_54)
FNDA:0,(anonymous_55)
FNDA:0,(anonymous_56)
FNDA:0,fi
FNDA:0,Ra
FNDA:0,Be
FNDA:0,(anonymous_60)
FNDA:0,(anonymous_61)
FNDA:0,(anonymous_62)
FNDA:0,(anonymous_63)
FNDA:0,(anonymous_64)
FNDA:0,(anonymous_65)
FNDA:0,(anonymous_66)
FNDA:0,di
FNDA:0,si
FNDA:0,l
FNDA:0,(anonymous_70)
FNDA:0,(anonymous_71)
FNDA:0,(anonymous_72)
FNDA:0,Sa
FNDA:0,Ia
FNDA:0,Oa
FNDA:0,ka
FNDA:0,Da
FNDA:0,(anonymous_78)
FNDA:0,(anonymous_79)
FNDA:0,Ma
FNDA:0,gi
FNDA:0,_a
FNDA:0,Na
FNDA:0,Fa
FNDA:0,La
FNDA:0,Ua
FNDA:0,(anonymous_87)
FNDA:0,W
FNDA:0,(anonymous_89)
FNDA:0,(anonymous_90)
FNDA:0,(anonymous_91)
FNDA:0,(anonymous_92)
FNDA:0,(anonymous_93)
FNDA:0,(anonymous_94)
FNDA:0,(anonymous_95)
FNDA:0,(anonymous_96)
FNDA:0,(anonymous_97)
FNDA:0,(anonymous_98)
FNDA:0,(anonymous_99)
FNDA:0,(anonymous_100)
FNDA:0,(anonymous_101)
FNDA:0,(anonymous_102)
FNDA:0,(anonymous_103)
FNDA:0,(anonymous_104)
FNDA:0,(anonymous_105)
FNDA:0,(anonymous_106)
FNDA:0,(anonymous_107)
FNDA:0,(anonymous_108)
FNDA:0,(anonymous_109)
FNDA:0,(anonymous_110)
FNDA:0,re
FNDA:0,(anonymous_112)
FNDA:0,(anonymous_113)
FNDA:0,(anonymous_114)
FNDA:0,(anonymous_115)
FNDA:0,(anonymous_116)
FNDA:0,(anonymous_117)
FNDA:0,(anonymous_118)
FNDA:0,hi
FNDA:0,yi
FNDA:0,(anonymous_121)
FNDA:0,(anonymous_122)
FNDA:0,(anonymous_123)
FNDA:0,(anonymous_124)
FNDA:0,(anonymous_125)
FNDA:0,(anonymous_126)
FNDA:0,(anonymous_127)
FNDA:0,(anonymous_128)
FNDA:0,(anonymous_129)
FNDA:0,(anonymous_130)
FNDA:0,(anonymous_131)
FNDA:0,wi
FNDA:0,Ei
FNDA:0,(anonymous_134)
FNDA:0,(anonymous_135)
FNDA:0,bi
FNDA:0,(anonymous_137)
FNDA:0,(anonymous_138)
FNDA:0,(anonymous_139)
FNDA:0,(anonymous_140)
FNDA:0,cn
FNDA:0,(anonymous_142)
FNDA:0,(anonymous_143)
FNDA:0,(anonymous_144)
FNDA:0,(anonymous_145)
FNDA:0,(anonymous_146)
FNDA:0,(anonymous_147)
FNDA:0,(anonymous_148)
FNDA:0,li
FNDA:0,Ba
FNDA:0,xi
FNDA:0,He
FNDA:0,xt
FNDA:0,Va
FNDA:0,an
FNDA:0,$a
FNDA:0,ja
FNDA:0,Pi
FNDA:0,ar
FNDA:0,de
FNDA:0,pn
FNDA:0,(anonymous_162)
FNDA:0,Re
FNDA:0,Ja
FNDA:0,(anonymous_165)
FNDA:0,Ya
FNDA:0,dn
FNDA:0,Za
FNDA:0,Xa
FNDA:0,el
FNDA:0,tl
FNDA:0,rl
FNDA:0,nl
FNDA:0,il
FNDA:0,ol
FNDA:0,sl
FNDA:0,al
FNDA:0,ll
FNDA:0,ul
FNDA:0,cl
FNDA:0,pl
FNDA:0,(anonymous_182)
FNDA:0,(anonymous_183)
FNDA:0,(anonymous_184)
FNDA:0,ml
FNDA:0,(anonymous_186)
FNDA:0,gl
FNDA:0,hl
FNDA:0,yl
FNDA:0,Gi
FNDA:0,Ji
FNDA:0,El
FNDA:0,(anonymous_193)
FNDA:0,(anonymous_194)
FNDA:0,(anonymous_195)
FNDA:0,(anonymous_196)
FNDA:0,(anonymous_197)
FNDA:0,(anonymous_198)
FNDA:0,(anonymous_199)
FNDA:0,(anonymous_200)
FNDA:0,(anonymous_201)
FNDA:0,(anonymous_202)
FNDA:0,(anonymous_203)
FNDA:0,(anonymous_204)
FNDA:0,(anonymous_205)
FNDA:0,e
FNDA:0,(anonymous_207)
FNDA:0,(anonymous_208)
FNDA:0,(anonymous_209)
FNDA:0,(anonymous_210)
FNDA:0,(anonymous_211)
FNDA:0,(anonymous_212)
FNDA:0,(anonymous_213)
FNDA:0,(anonymous_214)
FNDA:0,(anonymous_215)
FNDA:0,Ti
FNDA:0,(anonymous_217)
FNDA:0,Ai
FNDA:0,(anonymous_219)
FNDA:0,Ri
FNDA:0,(anonymous_221)
FNDA:0,j
FNDA:0,(anonymous_223)
FNDA:0,(anonymous_224)
FNDA:0,(anonymous_225)
FNDA:0,(anonymous_226)
FNDA:0,(anonymous_227)
FNDA:0,(anonymous_228)
FNDA:0,(anonymous_229)
FNDA:0,(anonymous_230)
FNDA:0,Ha
FNDA:0,(anonymous_232)
FNDA:0,(anonymous_233)
FNDA:0,(anonymous_234)
FNDA:0,(anonymous_235)
FNDA:0,(anonymous_236)
FNDA:0,(anonymous_237)
FNDA:0,(anonymous_238)
FNDA:0,za
FNDA:0,(anonymous_240)
FNDA:0,Vi
FNDA:0,Ze
FNDA:0,Tl
FNDA:0,Al
FNDA:0,dr
FNDA:0,yn
FNDA:0,(anonymous_247)
FNDA:0,(anonymous_248)
FNDA:0,(anonymous_249)
FNDA:0,(anonymous_250)
FNDA:0,(anonymous_251)
FNDA:0,(anonymous_252)
FNDA:0,(anonymous_253)
FNDA:0,(anonymous_254)
FNDA:0,Rl
FNDA:0,wn
FNDA:0,Sl
FNDA:0,Il
FNDA:0,Ol
FNDA:0,qe
FNDA:0,En
FNDA:0,gr
FNDA:0,bn
FNDA:0,N
FNDA:0,(anonymous_265)
FNDA:0,(anonymous_266)
FNDA:0,(anonymous_267)
FNDA:0,(anonymous_268)
FNDA:0,(anonymous_269)
FNDA:0,(anonymous_270)
FNDA:0,(anonymous_271)
FNDA:0,(anonymous_272)
FNDA:0,(anonymous_273)
FNDA:0,(anonymous_274)
FNDA:0,(anonymous_275)
FNDA:0,(anonymous_276)
FNDA:0,(anonymous_277)
FNDA:0,(anonymous_278)
FNDA:0,Ie
FNDA:0,so
FNDA:0,At
FNDA:0,(anonymous_282)
FNDA:0,Dl
FNDA:0,xn
FNDA:0,Xe
FNDA:0,yr
FNDA:0,(anonymous_287)
FNDA:0,(anonymous_288)
FNDA:0,(anonymous_289)
FNDA:0,(anonymous_290)
FNDA:0,(anonymous_291)
FNDA:0,(anonymous_292)
FNDA:0,(anonymous_293)
FNDA:0,(anonymous_294)
FNDA:0,(anonymous_295)
FNDA:0,(anonymous_296)
FNDA:0,(anonymous_297)
FNDA:0,(anonymous_298)
FNDA:0,(anonymous_299)
FNDA:0,(anonymous_300)
FNDA:0,(anonymous_301)
FNDA:0,(anonymous_302)
FNDA:0,(anonymous_303)
FNDA:0,(anonymous_304)
FNDA:0,(anonymous_305)
FNDA:0,(anonymous_306)
FNDA:0,(anonymous_307)
FNDA:0,(anonymous_308)
FNDA:0,(anonymous_309)
FNDA:0,(anonymous_310)
FNDA:0,(anonymous_311)
FNDA:0,(anonymous_312)
FNDA:0,(anonymous_313)
FNDA:0,(anonymous_314)
FNDA:0,(anonymous_315)
FNDA:0,(anonymous_316)
FNDA:0,(anonymous_317)
FNDA:0,(anonymous_318)
FNDA:0,(anonymous_319)
FNDA:0,(anonymous_320)
FNDA:0,(anonymous_321)
FNDA:0,(anonymous_322)
FNDA:0,(anonymous_323)
FNDA:0,(anonymous_324)
FNDA:0,(anonymous_325)
FNDA:0,(anonymous_326)
FNDA:0,(anonymous_327)
FNDA:0,(anonymous_328)
FNDA:0,(anonymous_329)
FNDA:0,(anonymous_330)
FNDA:0,(anonymous_331)
FNDA:0,(anonymous_332)
FNDA:0,(anonymous_333)
FNDA:0,(anonymous_334)
FNDA:0,(anonymous_335)
FNDA:0,(anonymous_336)
FNDA:0,(anonymous_337)
FNDA:0,(anonymous_338)
FNDA:0,(anonymous_339)
FNDA:0,(anonymous_340)
FNDA:0,(anonymous_341)
FNDA:0,(anonymous_342)
FNDA:0,(anonymous_343)
FNDA:0,(anonymous_344)
FNDA:0,z
FNDA:0,ne
FNDA:0,Ct
FNDA:0,wr
FNDA:0,Ul
FNDA:0,(anonymous_350)
FNDA:0,e
FNDA:0,t
FNDA:0,r
FNDA:0,(anonymous_354)
FNDA:0,k
FNDA:0,ye
FNDA:0,Tr
FNDA:0,Pr
FNDA:0,he
FNDA:0,ho
FNDA:0,Oe
FNDA:0,yo
FNDA:0,ao
FNDA:0,wo
FNDA:0,An
FNDA:0,ke
FNDA:0,Eo
FNDA:0,Er
FNDA:0,Bl
FNDA:0,ql
FNDA:0,tt
FNDA:0,Ar
FNDA:0,bo
FNDA:0,Cn
FNDA:0,lo
FNDA:0,Vl
FNDA:0,$l
FNDA:0,jl
FNDA:0,Gl
FNDA:0,Jl
FNDA:0,Ql
FNDA:0,Kl
FNDA:0,Wl
FNDA:0,Hl
FNDA:0,zl
FNDA:0,Yl
FNDA:0,Zl
FNDA:0,Xl
FNDA:0,eu
FNDA:0,tu
FNDA:0,xo
FNDA:0,i
FNDA:0,ru
FNDA:0,nu
FNDA:0,iu
FNDA:0,ou
FNDA:0,uo
FNDA:0,su
FNDA:0,au
FNDA:0,lu
FNDA:0,uu
FNDA:0,cu
FNDA:0,pu
FNDA:0,mu
FNDA:0,fu
FNDA:0,du
FNDA:0,gu
FNDA:0,hu
FNDA:0,yu
FNDA:0,wu
FNDA:0,Eu
FNDA:0,bu
FNDA:0,xu
FNDA:0,Pu
FNDA:0,vu
FNDA:0,Tu
FNDA:0,Au
FNDA:0,rt
FNDA:0,(anonymous_419)
FNDA:0,(anonymous_420)
FNDA:0,Cu
FNDA:0,(anonymous_422)
FNDA:0,(anonymous_423)
FNDA:0,(anonymous_424)
FNDA:0,(anonymous_425)
FNDA:0,(anonymous_426)
FNDA:0,(anonymous_427)
FNDA:0,(anonymous_428)
FNDA:0,(anonymous_429)
FNDA:0,(anonymous_430)
FNDA:0,Ou
FNDA:0,ku
FNDA:0,Du
FNDA:0,Rr
FNDA:0,Ao
FNDA:0,(anonymous_436)
FNDA:0,Co
FNDA:0,(anonymous_438)
FNDA:0,Mu
FNDA:0,_u
FNDA:0,Nu
FNDA:0,(anonymous_442)
FNDA:0,vo
FNDA:0,To
FNDA:0,(anonymous_445)
FNDA:0,(anonymous_446)
FNDA:0,(anonymous_447)
FNDA:0,(anonymous_448)
FNDA:0,(anonymous_449)
FNDA:0,(anonymous_450)
FNDA:0,(anonymous_451)
FNDA:0,(anonymous_452)
FNDA:0,(anonymous_453)
FNDA:0,(anonymous_454)
FNDA:0,(anonymous_455)
FNDA:0,(anonymous_456)
FNDA:0,(anonymous_457)
FNDA:0,(anonymous_458)
FNDA:0,(anonymous_459)
FNDA:0,(anonymous_460)
FNDA:0,(anonymous_461)
FNDA:0,(anonymous_462)
FNDA:0,(anonymous_463)
FNDA:0,(anonymous_464)
FNDA:0,(anonymous_465)
FNDA:0,(anonymous_466)
FNDA:0,(anonymous_467)
FNDA:0,(anonymous_468)
FNDA:0,(anonymous_469)
FNDA:0,(anonymous_470)
FNDA:0,(anonymous_471)
FNDA:0,(anonymous_472)
FNDA:0,(anonymous_473)
FNDA:0,(anonymous_474)
FNDA:0,(anonymous_475)
FNDA:0,(anonymous_476)
FNDA:0,(anonymous_477)
FNDA:0,(anonymous_478)
FNDA:0,(anonymous_479)
FNDA:0,(anonymous_480)
FNDA:0,(anonymous_481)
FNDA:0,(anonymous_482)
FNDA:0,(anonymous_483)
FNDA:0,(anonymous_484)
FNDA:0,(anonymous_485)
FNDA:0,(anonymous_486)
FNDA:0,(anonymous_487)
FNDA:0,(anonymous_488)
FNDA:0,(anonymous_489)
FNDA:0,(anonymous_490)
FNDA:0,(anonymous_491)
FNDA:0,(anonymous_492)
FNDA:0,(anonymous_493)
FNDA:0,(anonymous_494)
FNDA:0,(anonymous_495)
FNDA:0,(anonymous_496)
FNDA:0,(anonymous_497)
FNDA:0,(anonymous_498)
FNDA:0,(anonymous_499)
FNDA:0,(anonymous_500)
FNDA:0,(anonymous_501)
FNDA:0,(anonymous_502)
FNDA:0,(anonymous_503)
FNDA:0,(anonymous_504)
FNDA:0,(anonymous_505)
FNDA:0,(anonymous_506)
FNDA:0,(anonymous_507)
FNDA:0,(anonymous_508)
FNDA:0,(anonymous_509)
FNDA:0,(anonymous_510)
FNDA:0,(anonymous_511)
FNDA:0,(anonymous_512)
FNDA:0,(anonymous_513)
FNDA:0,(anonymous_514)
FNDA:0,Sr
FNDA:0,Fu
FNDA:0,(anonymous_517)
FNDA:0,Lu
FNDA:0,(anonymous_519)
FNDA:0,Uu
FNDA:0,(anonymous_521)
FNDA:0,Bu
FNDA:0,(anonymous_523)
FNDA:0,qu
FNDA:0,(anonymous_525)
FNDA:0,Vu
FNDA:0,(anonymous_527)
FNDA:0,$u
FNDA:0,(anonymous_529)
FNDA:0,ju
FNDA:0,(anonymous_531)
FNDA:0,Gu
FNDA:0,(anonymous_533)
FNDA:0,(anonymous_534)
FNDA:0,Ju
FNDA:0,(anonymous_536)
FNDA:0,(anonymous_537)
FNDA:0,ko
FNDA:0,Qu
FNDA:0,(anonymous_540)
FNDA:0,(anonymous_541)
FNDA:0,Do
FNDA:0,Ku
FNDA:0,(anonymous_544)
FNDA:0,(anonymous_545)
FNDA:0,Wu
FNDA:0,(anonymous_547)
FNDA:0,(anonymous_548)
FNDA:0,Hu
FNDA:0,(anonymous_550)
FNDA:0,zu
FNDA:0,(anonymous_552)
FNDA:0,(anonymous_553)
FNDA:0,Yu
FNDA:0,(anonymous_555)
FNDA:0,(anonymous_556)
FNDA:0,Mo
FNDA:0,Zu
FNDA:0,Xu
FNDA:0,ec
FNDA:0,_o
FNDA:0,No
FNDA:0,at
FNDA:0,It
FNDA:0,Dr
FNDA:0,rc
FNDA:0,(anonymous_567)
FNDA:0,(anonymous_568)
FNDA:0,lt
FNDA:0,(anonymous_570)
FNDA:0,(anonymous_571)
FNDA:0,(anonymous_572)
FNDA:0,(anonymous_573)
FNDA:0,kn
FNDA:0,(anonymous_575)
FNDA:0,(anonymous_576)
FNDA:0,(anonymous_577)
FNDA:0,(anonymous_578)
FNDA:0,(anonymous_579)
FNDA:0,(anonymous_580)
FNDA:0,(anonymous_581)
FNDA:0,(anonymous_582)
FNDA:0,(anonymous_583)
FNDA:0,ut
FNDA:0,Lo
FNDA:0,Uo
FNDA:0,nc
FNDA:0,Nr
FNDA:0,Fr
FNDA:0,Ee
FNDA:0,(anonymous_591)
FNDA:0,qo
FNDA:0,ic
FNDA:0,(anonymous_594)
FNDA:0,(anonymous_595)
FNDA:0,(anonymous_596)
FNDA:0,(anonymous_597)
FNDA:0,Bo
FNDA:0,(anonymous_599)
FNDA:0,(anonymous_600)
FNDA:0,oc
FNDA:0,(anonymous_602)
FNDA:0,Vo
FNDA:0,$o
FNDA:0,(anonymous_605)
FNDA:0,(anonymous_606)
FNDA:0,(anonymous_607)
FNDA:0,(anonymous_608)
FNDA:0,(anonymous_609)
FNDA:0,(anonymous_610)
FNDA:0,(anonymous_611)
FNDA:0,(anonymous_612)
FNDA:0,(anonymous_613)
FNDA:0,(anonymous_614)
FNDA:0,(anonymous_615)
FNDA:0,(anonymous_616)
FNDA:0,(anonymous_617)
FNDA:0,(anonymous_618)
FNDA:0,(anonymous_619)
FNDA:0,(anonymous_620)
FNDA:0,(anonymous_621)
FNDA:0,(anonymous_622)
FNDA:0,(anonymous_623)
FNDA:0,(anonymous_624)
FNDA:0,(anonymous_625)
FNDA:0,(anonymous_626)
FNDA:0,jo
FNDA:0,sc
FNDA:0,(anonymous_629)
FNDA:0,(anonymous_630)
FNDA:0,be
FNDA:0,Nn
FNDA:0,Ft
FNDA:0,lc
FNDA:0,uc
FNDA:0,cc
FNDA:0,pc
FNDA:0,mc
FNDA:0,Qo
FNDA:0,Ko
FNDA:0,fc
FNDA:0,dc
FNDA:0,gc
FNDA:0,Fn
FNDA:0,(anonymous_645)
FNDA:0,(anonymous_646)
FNDA:0,(anonymous_647)
FNDA:0,(anonymous_648)
FNDA:0,(anonymous_649)
FNDA:0,(anonymous_650)
FNDA:0,(anonymous_651)
FNDA:0,(anonymous_652)
FNDA:0,(anonymous_653)
FNDA:0,(anonymous_654)
FNDA:0,(anonymous_655)
FNDA:0,(anonymous_656)
FNDA:0,(anonymous_657)
FNDA:0,(anonymous_658)
FNDA:0,(anonymous_659)
FNDA:0,(anonymous_660)
FNDA:0,Wo
FNDA:0,(anonymous_662)
FNDA:0,(anonymous_663)
FNDA:0,(anonymous_664)
FNDA:0,hc
FNDA:0,(anonymous_666)
FNDA:0,(anonymous_667)
FNDA:0,yc
FNDA:0,Ln
FNDA:0,(anonymous_670)
FNDA:0,(anonymous_671)
FNDA:0,(anonymous_672)
FNDA:0,(anonymous_673)
FNDA:0,wc
FNDA:0,(anonymous_675)
FNDA:0,qr
FNDA:0,(anonymous_677)
FNDA:0,(anonymous_678)
FNDA:0,(anonymous_679)
FNDA:0,(anonymous_680)
FNDA:0,(anonymous_681)
FNDA:0,(anonymous_682)
FNDA:0,Ec
FNDA:0,zo
FNDA:0,Yo
FNDA:0,Bt
FNDA:0,(anonymous_687)
FNDA:0,(anonymous_688)
FNDA:0,te
FNDA:0,(anonymous_690)
FNDA:0,(anonymous_691)
FNDA:0,Ve
FNDA:0,(anonymous_693)
FNDA:0,(anonymous_694)
FNDA:0,(anonymous_695)
FNDA:0,(anonymous_696)
FNDA:0,jr
FNDA:0,(anonymous_698)
FNDA:0,(anonymous_699)
FNDA:0,(anonymous_700)
FNDA:0,(anonymous_701)
FNDA:0,(anonymous_702)
FNDA:0,me
FNDA:0,(anonymous_704)
FNDA:0,(anonymous_705)
FNDA:0,(anonymous_706)
FNDA:0,(anonymous_707)
FNDA:0,(anonymous_708)
FNDA:0,(anonymous_709)
FNDA:0,(anonymous_710)
FNDA:0,(anonymous_711)
FNDA:0,xc
FNDA:0,Xo
FNDA:0,(anonymous_714)
FNDA:0,pt
FNDA:0,(anonymous_716)
FNDA:0,(anonymous_717)
FNDA:0,(anonymous_718)
FNDA:0,Gr
FNDA:0,es
FNDA:0,Jr
FNDA:0,vc
FNDA:0,(anonymous_723)
FNDA:0,Fe
FNDA:0,mt
FNDA:0,(anonymous_726)
FNDA:0,Ac
FNDA:0,Qr
FNDA:0,(anonymous_729)
FNDA:0,rs
FNDA:0,Cc
FNDA:0,Rc
FNDA:0,(anonymous_733)
FNDA:0,(anonymous_734)
FNDA:0,ns
FNDA:0,Sc
FNDA:0,Ic
FNDA:0,(anonymous_738)
FNDA:0,(anonymous_739)
FNDA:0,is
FNDA:0,os
FNDA:0,(anonymous_742)
FNDA:0,(anonymous_743)
FNDA:0,(anonymous_744)
FNDA:0,ss
FNDA:0,(anonymous_746)
FNDA:0,(anonymous_747)
FNDA:0,(anonymous_748)
FNDA:0,(anonymous_749)
FNDA:0,(anonymous_750)
FNDA:0,(anonymous_751)
FNDA:0,(anonymous_752)
FNDA:0,Oc
FNDA:0,kc
FNDA:0,Vn
FNDA:0,(anonymous_756)
FNDA:0,(anonymous_757)
FNDA:0,(anonymous_758)
FNDA:0,Dc
FNDA:0,(anonymous_760)
FNDA:0,(anonymous_761)
FNDA:0,$n
FNDA:0,(anonymous_763)
FNDA:0,(anonymous_764)
FNDA:0,(anonymous_765)
FNDA:0,Nc
FNDA:0,(anonymous_767)
FNDA:0,(anonymous_768)
FNDA:0,(anonymous_769)
FNDA:0,(anonymous_770)
FNDA:0,(anonymous_771)
FNDA:0,Fc
FNDA:0,Lc
FNDA:0,(anonymous_774)
FNDA:0,us
FNDA:0,(anonymous_776)
FNDA:0,qt
FNDA:0,(anonymous_778)
FNDA:0,(anonymous_779)
FNDA:0,Uc
FNDA:0,(anonymous_781)
FNDA:0,(anonymous_782)
FNDA:0,Bc
FNDA:0,(anonymous_784)
FNDA:0,(anonymous_785)
FNDA:0,(anonymous_786)
FNDA:0,cs
FNDA:0,ps
FNDA:0,ms
FNDA:0,(anonymous_790)
FNDA:0,(anonymous_791)
FNDA:0,qc
FNDA:0,(anonymous_793)
FNDA:0,Vc
FNDA:0,(anonymous_795)
FNDA:0,Kr
FNDA:0,fs
FNDA:0,(anonymous_798)
FNDA:0,ds
FNDA:0,(anonymous_800)
FNDA:0,hs
FNDA:0,jc
FNDA:0,Gc
FNDA:0,Vt
FNDA:0,ws
FNDA:0,(anonymous_806)
FNDA:0,(anonymous_807)
FNDA:0,Es
FNDA:0,bs
FNDA:0,(anonymous_810)
FNDA:0,xs
FNDA:0,(anonymous_812)
FNDA:0,(anonymous_813)
FNDA:0,(anonymous_814)
FNDA:0,Ps
FNDA:0,(anonymous_816)
FNDA:0,As
FNDA:0,Cs
FNDA:0,(anonymous_819)
FNDA:0,(anonymous_820)
FNDA:0,(anonymous_821)
FNDA:0,(anonymous_822)
FNDA:0,(anonymous_823)
FNDA:0,(anonymous_824)
FNDA:0,Yc
FNDA:0,(anonymous_826)
FNDA:0,Gn
FNDA:0,Rs
FNDA:0,Xc
FNDA:0,ep
FNDA:0,$t
FNDA:0,tp
FNDA:0,ft
FNDA:0,(anonymous_834)
FNDA:0,(anonymous_835)
FNDA:0,(anonymous_836)
FNDA:0,U
FNDA:0,(anonymous_838)
FNDA:0,Is
FNDA:0,(anonymous_840)
FNDA:0,(anonymous_841)
FNDA:0,np
FNDA:0,Jn
FNDA:0,(anonymous_844)
FNDA:0,(anonymous_845)
FNDA:0,(anonymous_846)
FNDA:0,(anonymous_847)
FNDA:0,(anonymous_848)
FNDA:0,(anonymous_849)
FNDA:0,(anonymous_850)
FNDA:0,(anonymous_851)
FNDA:0,(anonymous_852)
FNDA:0,(anonymous_853)
FNDA:0,(anonymous_854)
FNDA:0,(anonymous_855)
FNDA:0,(anonymous_856)
FNDA:0,(anonymous_857)
FNDA:0,(anonymous_858)
FNDA:0,sp
FNDA:0,Xt
FNDA:0,ht
FNDA:0,ks
FNDA:0,(anonymous_863)
FNDA:0,(anonymous_864)
FNDA:0,Ds
FNDA:0,Ms
FNDA:0,(anonymous_867)
FNDA:0,(anonymous_868)
FNDA:0,Je
FNDA:0,(anonymous_870)
FNDA:0,up
FNDA:0,Fs
FNDA:0,cp
FNDA:0,(anonymous_874)
FNDA:0,(anonymous_875)
FNDA:0,(anonymous_876)
FNDA:0,(anonymous_877)
FNDA:0,(anonymous_878)
FNDA:0,(anonymous_879)
FNDA:0,(anonymous_880)
FNDA:0,(anonymous_881)
FNDA:0,(anonymous_882)
FNDA:0,(anonymous_883)
FNDA:0,(anonymous_884)
FNDA:0,(anonymous_885)
FNDA:0,(anonymous_886)
FNDA:0,(anonymous_887)
FNDA:0,(anonymous_888)
FNDA:0,(anonymous_889)
FNDA:0,(anonymous_890)
FNDA:0,(anonymous_891)
FNDA:0,(anonymous_892)
FNDA:0,(anonymous_893)
FNDA:0,(anonymous_894)
FNDA:0,(anonymous_895)
FNDA:0,(anonymous_896)
FNDA:0,(anonymous_897)
FNDA:0,(anonymous_898)
FNDA:0,(anonymous_899)
FNDA:0,Us
FNDA:0,(anonymous_901)
FNDA:0,(anonymous_902)
FNDA:0,S
FNDA:0,Bs
FNDA:0,zr
FNDA:0,(anonymous_906)
FNDA:0,(anonymous_907)
FNDA:0,(anonymous_908)
FNDA:0,wt
FNDA:0,$s
FNDA:0,(anonymous_911)
FNDA:0,Gs
FNDA:0,(anonymous_913)
FNDA:0,pp
FNDA:0,Js
FNDA:0,js
FNDA:0,Zn
FNDA:0,(anonymous_918)
FNDA:0,(anonymous_919)
FNDA:0,(anonymous_920)
FNDA:0,(anonymous_921)
FNDA:0,(anonymous_922)
FNDA:0,(anonymous_923)
FNDA:0,ei
FNDA:0,(anonymous_925)
FNDA:0,(anonymous_926)
FNDA:0,(anonymous_927)
FNDA:0,(anonymous_928)
FNDA:0,(anonymous_929)
FNDA:0,(anonymous_930)
FNDA:0,(anonymous_931)
FNDA:0,Hs
FNDA:0,(anonymous_933)
FNDA:0,(anonymous_934)
FNDA:0,(anonymous_935)
FNDA:0,(anonymous_936)
FNDA:0,(anonymous_937)
FNDA:0,(anonymous_938)
FNDA:0,(anonymous_939)
FNDA:0,(anonymous_940)
FNDA:0,(anonymous_941)
FNDA:0,(anonymous_942)
FNDA:0,(anonymous_943)
FNDA:0,zs
FNDA:0,Ys
FNDA:0,(anonymous_946)
FNDA:0,(anonymous_947)
FNDA:0,(anonymous_948)
FNDA:0,Zs
FNDA:0,(anonymous_950)
FNDA:0,Yr
FNDA:0,Xs
FNDA:0,ri
FNDA:0,(anonymous_954)
FNDA:0,ni
FNDA:0,(anonymous_956)
FNDA:0,(anonymous_957)
FNDA:0,(anonymous_958)
FNDA:0,(anonymous_959)
FNDA:0,(anonymous_960)
FNDA:0,(anonymous_961)
FNDA:0,(anonymous_962)
FNDA:0,(anonymous_963)
FNDA:0,(anonymous_964)
FNDA:0,(anonymous_965)
FNDA:0,(anonymous_966)
FNDA:0,(anonymous_967)
FNDA:0,Qe
FNDA:0,(anonymous_969)
FNDA:0,(anonymous_970)
FNDA:0,(anonymous_971)
FNDA:0,(anonymous_972)
FNDA:0,(anonymous_973)
FNDA:0,(anonymous_974)
FNDA:0,ii
FNDA:0,hp
FNDA:0,(anonymous_977)
FNDA:0,(anonymous_978)
FNDA:0,(anonymous_979)
FNDA:0,(anonymous_980)
FNDA:0,(anonymous_981)
FNDA:0,(anonymous_982)
FNDA:0,(anonymous_983)
FNDA:0,(anonymous_984)
FNDA:0,(anonymous_985)
FNDA:0,(anonymous_986)
FNDA:0,(anonymous_987)
FNDA:0,(anonymous_988)
FNDA:0,(anonymous_989)
FNDA:0,(anonymous_990)
FNDA:0,(anonymous_991)
FNDA:0,(anonymous_992)
FNDA:0,wp
FNDA:0,ta
FNDA:0,Ep
FNDA:0,bp
FNDA:0,ra
FNDA:0,(anonymous_998)
FNDA:0,(anonymous_999)
FNDA:0,(anonymous_1000)
FNDA:0,(anonymous_1001)
FNDA:0,(anonymous_1002)
FNDA:0,(anonymous_1003)
FNDA:0,(anonymous_1004)
FNDA:0,t
FNDA:0,(anonymous_1006)
FNDA:0,(anonymous_1007)
FNDA:0,(anonymous_1008)
FNDA:0,(anonymous_1009)
FNDA:0,(anonymous_1010)
FNDA:0,ua
FNDA:0,Et
FNDA:0,Pp
FNDA:0,(anonymous_1014)
FNDA:0,(anonymous_1015)
FNDA:0,vp
FNDA:0,aa
FNDA:0,(anonymous_1018)
FNDA:0,Tp
FNDA:0,(anonymous_1020)
FNDA:0,(anonymous_1021)
FNDA:0,(anonymous_1022)
FNDA:0,(anonymous_1023)
FNDA:0,ca
FNDA:0,(anonymous_1025)
FNDA:0,(anonymous_1026)
FNDA:0,(anonymous_1027)
FNDA:0,(anonymous_1028)
FNDA:0,(anonymous_1029)
FNDA:0,(anonymous_1030)
FNDA:0,(anonymous_1031)
FNDA:0,(anonymous_1032)
FNDA:0,Sp
FNDA:0,(anonymous_1034)
FNDA:0,(anonymous_1035)
FNDA:0,(anonymous_1036)
FNDA:0,(anonymous_1037)
FNDA:0,(anonymous_1038)
FNDA:0,(anonymous_1039)
FNDA:0,(anonymous_1040)
FNDA:0,(anonymous_1041)
FNDA:0,(anonymous_1042)
FNDA:0,(anonymous_1043)
FNDA:0,(anonymous_1044)
FNDA:0,(anonymous_1045)
FNDA:0,(anonymous_1046)
FNDA:0,(anonymous_1047)
FNDA:0,(anonymous_1048)
FNDA:0,(anonymous_1049)
FNDA:0,(anonymous_1050)
FNDA:0,(anonymous_1051)
FNDA:0,(anonymous_1052)
FNDA:0,(anonymous_1053)
FNDA:0,(anonymous_1054)
FNDA:0,(anonymous_1055)
FNDA:0,(anonymous_1056)
FNDA:0,(anonymous_1057)
FNDA:0,(anonymous_1058)
FNDA:0,(anonymous_1059)
FNDA:0,(anonymous_1060)
FNDA:0,(anonymous_1061)
FNDA:0,(anonymous_1062)
FNDA:0,(anonymous_1063)
FNDA:0,(anonymous_1064)
FNDA:0,(anonymous_1065)
FNDA:0,(anonymous_1066)
FNDA:0,(anonymous_1067)
FNDA:0,(anonymous_1068)
FNDA:0,(anonymous_1069)
FNDA:0,(anonymous_1070)
FNDA:0,(anonymous_1071)
FNDA:0,(anonymous_1072)
FNDA:0,(anonymous_1073)
FNDA:0,(anonymous_1074)
FNDA:0,pa
FNDA:0,Ip
FNDA:0,kp
FNDA:0,(anonymous_1078)
DA:4,0
DA:5,0
DA:6,0
DA:7,0
DA:8,0
DA:9,0
DA:11,0
DA:14,0
DA:15,0
DA:16,0
DA:23,0
DA:24,0
DA:25,0
DA:26,0
DA:27,0
DA:28,0
DA:32,0
DA:33,0
LF:18
LH:0
BRDA:4,0,0,0
BRDA:4,0,1,0
BRDA:4,1,0,0
BRDA:4,1,1,0
BRDA:4,2,0,0
BRDA:4,2,1,0
BRDA:4,3,0,0
BRDA:4,3,1,0
BRDA:4,3,2,0
BRDA:4,4,0,0
BRDA:4,4,1,0
BRDA:4,4,2,0
BRDA:4,5,0,0
BRDA:4,5,1,0
BRDA:4,6,0,0
BRDA:4,6,1,0
BRDA:4,7,0,0
BRDA:4,7,1,0
BRDA:4,8,0,0
BRDA:4,8,1,0
BRDA:4,8,2,0
BRDA:4,9,0,0
BRDA:4,9,1,0
BRDA:4,10,0,0
BRDA:4,10,1,0
BRDA:4,11,0,0
BRDA:4,11,1,0
BRDA:4,12,0,0
BRDA:4,12,1,0
BRDA:4,13,0,0
BRDA:4,13,1,0
BRDA:4,14,0,0
BRDA:4,14,1,0
BRDA:4,15,0,0
BRDA:4,15,1,0
BRDA:4,16,0,0
BRDA:4,16,1,0
BRDA:4,17,0,0
BRDA:4,17,1,0
BRDA:4,18,0,0
BRDA:4,18,1,0
BRDA:4,19,0,0
BRDA:4,19,1,0
BRDA:4,20,0,0
BRDA:4,20,1,0
BRDA:4,21,0,0
BRDA:4,21,1,0
BRDA:4,22,0,0
BRDA:4,22,1,0
BRDA:4,23,0,0
BRDA:4,23,1,0
BRDA:4,24,0,0
BRDA:4,24,1,0
BRDA:4,25,0,0
BRDA:4,25,1,0
BRDA:4,26,0,0
BRDA:4,26,1,0
BRDA:4,27,0,0
BRDA:4,27,1,0
BRDA:4,28,0,0
BRDA:4,28,1,0
BRDA:4,29,0,0
BRDA:4,29,1,0
BRDA:4,30,0,0
BRDA:4,30,1,0
BRDA:4,31,0,0
BRDA:4,31,1,0
BRDA:4,32,0,0
BRDA:4,32,1,0
BRDA:4,32,2,0
BRDA:4,33,0,0
BRDA:4,33,1,0
BRDA:4,34,0,0
BRDA:4,34,1,0
BRDA:4,35,0,0
BRDA:4,35,1,0
BRDA:4,36,0,0
BRDA:4,36,1,0
BRDA:4,37,0,0
BRDA:4,37,1,0
BRDA:4,38,0,0
BRDA:4,38,1,0
BRDA:4,39,0,0
BRDA:4,39,1,0
BRDA:4,40,0,0
BRDA:4,40,1,0
BRDA:4,41,0,0
BRDA:4,41,1,0
BRDA:4,42,0,0
BRDA:4,42,1,0
BRDA:4,43,0,0
BRDA:4,43,1,0
BRDA:4,43,2,0
BRDA:4,43,3,0
BRDA:4,44,0,0
BRDA:4,44,1,0
BRDA:4,45,0,0
BRDA:4,45,1,0
BRDA:4,46,0,0
BRDA:4,46,1,0
BRDA:4,47,0,0
BRDA:4,47,1,0
BRDA:4,48,0,0
BRDA:4,48,1,0
BRDA:4,49,0,0
BRDA:4,49,1,0
BRDA:4,50,0,0
BRDA:4,50,1,0
BRDA:4,51,0,0
BRDA:4,51,1,0
BRDA:4,52,0,0
BRDA:4,52,1,0
BRDA:4,53,0,0
BRDA:4,53,1,0
BRDA:4,53,2,0
BRDA:4,53,3,0
BRDA:4,53,4,0
BRDA:4,53,5,0
BRDA:4,53,6,0
BRDA:4,54,0,0
BRDA:4,54,1,0
BRDA:4,55,0,0
BRDA:4,55,1,0
BRDA:4,56,0,0
BRDA:4,56,1,0
BRDA:4,57,0,0
BRDA:4,57,1,0
BRDA:4,58,0,0
BRDA:4,58,1,0
BRDA:4,59,0,0
BRDA:4,59,1,0
BRDA:4,60,0,0
BRDA:4,60,1,0
BRDA:4,60,2,0
BRDA:4,61,0,0
BRDA:4,61,1,0
BRDA:4,62,0,0
BRDA:4,62,1,0
BRDA:4,63,0,0
BRDA:4,63,1,0
BRDA:4,64,0,0
BRDA:4,64,1,0
BRDA:4,65,0,0
BRDA:4,65,1,0
BRDA:4,66,0,0
BRDA:4,66,1,0
BRDA:4,67,0,0
BRDA:4,67,1,0
BRDA:4,68,0,0
BRDA:4,68,1,0
BRDA:4,68,2,0
BRDA:4,69,0,0
BRDA:4,69,1,0
BRDA:4,70,0,0
BRDA:4,70,1,0
BRDA:4,71,0,0
BRDA:4,71,1,0
BRDA:4,72,0,0
BRDA:4,72,1,0
BRDA:4,73,0,0
BRDA:4,73,1,0
BRDA:4,74,0,0
BRDA:4,74,1,0
BRDA:4,75,0,0
BRDA:4,75,1,0
BRDA:4,76,0,0
BRDA:4,76,1,0
BRDA:4,77,0,0
BRDA:4,77,1,0
BRDA:4,78,0,0
BRDA:4,78,1,0
BRDA:4,79,0,0
BRDA:4,79,1,0
BRDA:4,80,0,0
BRDA:4,80,1,0
BRDA:4,81,0,0
BRDA:4,81,1,0
BRDA:4,82,0,0
BRDA:4,82,1,0
BRDA:4,83,0,0
BRDA:4,83,1,0
BRDA:4,84,0,0
BRDA:4,84,1,0
BRDA:4,85,0,0
BRDA:4,85,1,0
BRDA:4,86,0,0
BRDA:4,86,1,0
BRDA:4,87,0,0
BRDA:4,87,1,0
BRDA:4,88,0,0
BRDA:4,88,1,0
BRDA:4,88,2,0
BRDA:4,89,0,0
BRDA:4,89,1,0
BRDA:4,90,0,0
BRDA:4,90,1,0
BRDA:4,91,0,0
BRDA:4,91,1,0
BRDA:4,92,0,0
BRDA:4,92,1,0
BRDA:4,93,0,0
BRDA:4,93,1,0
BRDA:4,94,0,0
BRDA:4,94,1,0
BRDA:4,95,0,0
BRDA:4,95,1,0
BRDA:4,96,0,0
BRDA:4,96,1,0
BRDA:4,97,0,0
BRDA:4,97,1,0
BRDA:4,97,2,0
BRDA:4,97,3,0
BRDA:4,97,4,0
BRDA:4,97,5,0
BRDA:4,97,6,0
BRDA:4,97,7,0
BRDA:4,97,8,0
BRDA:4,97,9,0
BRDA:4,97,10,0
BRDA:4,97,11,0
BRDA:4,98,0,0
BRDA:4,98,1,0
BRDA:4,99,0,0
BRDA:4,99,1,0
BRDA:4,100,0,0
BRDA:4,100,1,0
BRDA:4,101,0,0
BRDA:4,101,1,0
BRDA:4,102,0,0
BRDA:4,102,1,0
BRDA:4,103,0,0
BRDA:4,103,1,0
BRDA:4,104,0,0
BRDA:4,104,1,0
BRDA:4,105,0,0
BRDA:4,105,1,0
BRDA:4,106,0,0
BRDA:4,106,1,0
BRDA:4,107,0,0
BRDA:4,107,1,0
BRDA:4,108,0,0
BRDA:4,108,1,0
BRDA:4,109,0,0
BRDA:4,109,1,0
BRDA:4,110,0,0
BRDA:4,110,1,0
BRDA:4,111,0,0
BRDA:4,111,1,0
BRDA:4,112,0,0
BRDA:4,112,1,0
BRDA:4,112,2,0
BRDA:4,112,3,0
BRDA:4,112,4,0
BRDA:4,112,5,0
BRDA:4,112,6,0
BRDA:4,112,7,0
BRDA:4,112,8,0
BRDA:4,112,9,0
BRDA:4,112,10,0
BRDA:4,112,11,0
BRDA:4,113,0,0
BRDA:4,113,1,0
BRDA:4,114,0,0
BRDA:4,114,1,0
BRDA:4,115,0,0
BRDA:4,115,1,0
BRDA:4,116,0,0
BRDA:4,116,1,0
BRDA:4,116,2,0
BRDA:4,117,0,0
BRDA:4,117,1,0
BRDA:4,117,2,0
BRDA:4,118,0,0
BRDA:4,118,1,0
BRDA:4,118,2,0
BRDA:4,119,0,0
BRDA:4,119,1,0
BRDA:4,120,0,0
BRDA:4,120,1,0
BRDA:4,120,2,0
BRDA:4,120,3,0
BRDA:4,120,4,0
BRDA:4,120,5,0
BRDA:4,120,6,0
BRDA:4,120,7,0
BRDA:4,120,8,0
BRDA:4,120,9,0
BRDA:4,120,10,0
BRDA:4,120,11,0
BRDA:4,121,0,0
BRDA:4,121,1,0
BRDA:4,122,0,0
BRDA:4,122,1,0
BRDA:4,123,0,0
BRDA:4,123,1,0
BRDA:4,124,0,0
BRDA:4,124,1,0
BRDA:4,125,0,0
BRDA:4,125,1,0
BRDA:4,126,0,0
BRDA:4,126,1,0
BRDA:4,127,0,0
BRDA:4,127,1,0
BRDA:4,128,0,0
BRDA:4,128,1,0
BRDA:4,129,0,0
BRDA:4,129,1,0
BRDA:4,130,0,0
BRDA:4,130,1,0
BRDA:4,131,0,0
BRDA:4,131,1,0
BRDA:4,132,0,0
BRDA:4,132,1,0
BRDA:4,133,0,0
BRDA:4,133,1,0
BRDA:4,134,0,0
BRDA:4,134,1,0
BRDA:4,135,0,0
BRDA:4,135,1,0
BRDA:4,136,0,0
BRDA:4,136,1,0
BRDA:4,137,0,0
BRDA:4,137,1,0
BRDA:4,138,0,0
BRDA:4,138,1,0
BRDA:4,139,0,0
BRDA:4,139,1,0
BRDA:4,139,2,0
BRDA:4,139,3,0
BRDA:4,140,0,0
BRDA:4,140,1,0
BRDA:4,141,0,0
BRDA:4,141,1,0
BRDA:4,142,0,0
BRDA:4,142,1,0
BRDA:4,143,0,0
BRDA:4,143,1,0
BRDA:4,144,0,0
BRDA:4,144,1,0
BRDA:4,145,0,0
BRDA:4,145,1,0
BRDA:4,146,0,0
BRDA:4,146,1,0
BRDA:4,147,0,0
BRDA:4,147,1,0
BRDA:4,148,0,0
BRDA:4,148,1,0
BRDA:4,149,0,0
BRDA:4,149,1,0
BRDA:4,150,0,0
BRDA:4,150,1,0
BRDA:4,151,0,0
BRDA:4,151,1,0
BRDA:4,152,0,0
BRDA:4,152,1,0
BRDA:4,153,0,0
BRDA:4,153,1,0
BRDA:4,154,0,0
BRDA:4,154,1,0
BRDA:4,155,0,0
BRDA:4,155,1,0
BRDA:4,156,0,0
BRDA:4,156,1,0
BRDA:4,157,0,0
BRDA:4,157,1,0
BRDA:4,158,0,0
BRDA:4,158,1,0
BRDA:4,159,0,0
BRDA:4,159,1,0
BRDA:4,160,0,0
BRDA:4,160,1,0
BRDA:4,161,0,0
BRDA:4,161,1,0
BRDA:4,162,0,0
BRDA:4,162,1,0
BRDA:4,163,0,0
BRDA:4,163,1,0
BRDA:4,164,0,0
BRDA:4,164,1,0
BRDA:4,165,0,0
BRDA:4,165,1,0
BRDA:4,166,0,0
BRDA:4,166,1,0
BRDA:4,167,0,0
BRDA:4,167,1,0
BRDA:4,167,2,0
BRDA:4,167,3,0
BRDA:4,168,0,0
BRDA:4,168,1,0
BRDA:4,169,0,0
BRDA:4,169,1,0
BRDA:4,170,0,0
BRDA:4,170,1,0
BRDA:4,171,0,0
BRDA:4,171,1,0
BRDA:4,172,0,0
BRDA:4,172,1,0
BRDA:4,173,0,0
BRDA:4,173,1,0
BRDA:4,174,0,0
BRDA:4,174,1,0
BRDA:4,175,0,0
BRDA:4,175,1,0
BRDA:4,176,0,0
BRDA:4,176,1,0
BRDA:4,177,0,0
BRDA:4,177,1,0
BRDA:4,178,0,0
BRDA:4,178,1,0
BRDA:4,179,0,0
BRDA:4,179,1,0
BRDA:4,180,0,0
BRDA:4,180,1,0
BRDA:4,181,0,0
BRDA:4,181,1,0
BRDA:4,182,0,0
BRDA:4,182,1,0
BRDA:4,183,0,0
BRDA:4,183,1,0
BRDA:4,184,0,0
BRDA:4,184,1,0
BRDA:4,185,0,0
BRDA:4,185,1,0
BRDA:4,186,0,0
BRDA:4,186,1,0
BRDA:4,187,0,0
BRDA:4,187,1,0
BRDA:4,188,0,0
BRDA:4,188,1,0
BRDA:4,189,0,0
BRDA:4,189,1,0
BRDA:4,190,0,0
BRDA:4,190,1,0
BRDA:4,191,0,0
BRDA:4,191,1,0
BRDA:4,192,0,0
BRDA:4,192,1,0
BRDA:4,192,2,0
BRDA:4,193,0,0
BRDA:4,193,1,0
BRDA:4,193,2,0
BRDA:4,193,3,0
BRDA:4,194,0,0
BRDA:4,194,1,0
BRDA:4,195,0,0
BRDA:4,195,1,0
BRDA:4,195,2,0
BRDA:4,195,3,0
BRDA:4,195,4,0
BRDA:4,195,5,0
BRDA:4,195,6,0
BRDA:4,195,7,0
BRDA:4,195,8,0
BRDA:4,195,9,0
BRDA:4,195,10,0
BRDA:4,195,11,0
BRDA:4,196,0,0
BRDA:4,196,1,0
BRDA:4,197,0,0
BRDA:4,197,1,0
BRDA:4,198,0,0
BRDA:4,198,1,0
BRDA:4,199,0,0
BRDA:4,199,1,0
BRDA:4,200,0,0
BRDA:4,200,1,0
BRDA:4,201,0,0
BRDA:4,201,1,0
BRDA:4,202,0,0
BRDA:4,202,1,0
BRDA:4,203,0,0
BRDA:4,203,1,0
BRDA:4,204,0,0
BRDA:4,204,1,0
BRDA:4,204,2,0
BRDA:4,204,3,0
BRDA:4,205,0,0
BRDA:4,205,1,0
BRDA:4,206,0,0
BRDA:4,206,1,0
BRDA:4,207,0,0
BRDA:4,207,1,0
BRDA:4,208,0,0
BRDA:4,208,1,0
BRDA:4,208,2,0
BRDA:4,209,0,0
BRDA:4,209,1,0
BRDA:4,209,2,0
BRDA:4,209,3,0
BRDA:4,210,0,0
BRDA:4,210,1,0
BRDA:4,210,2,0
BRDA:4,210,3,0
BRDA:4,211,0,0
BRDA:4,211,1,0
BRDA:4,211,2,0
BRDA:4,212,0,0
BRDA:4,212,1,0
BRDA:4,213,0,0
BRDA:4,213,1,0
BRDA:4,214,0,0
BRDA:4,214,1,0
BRDA:4,215,0,0
BRDA:4,215,1,0
BRDA:4,215,2,0
BRDA:4,216,0,0
BRDA:4,216,1,0
BRDA:4,216,2,0
BRDA:4,216,3,0
BRDA:4,217,0,0
BRDA:4,217,1,0
BRDA:4,218,0,0
BRDA:4,218,1,0
BRDA:4,219,0,0
BRDA:4,219,1,0
BRDA:4,220,0,0
BRDA:4,220,1,0
BRDA:4,221,0,0
BRDA:4,221,1,0
BRDA:4,222,0,0
BRDA:4,222,1,0
BRDA:4,223,0,0
BRDA:4,223,1,0
BRDA:4,224,0,0
BRDA:4,224,1,0
BRDA:4,225,0,0
BRDA:4,225,1,0
BRDA:4,226,0,0
BRDA:4,226,1,0
BRDA:4,227,0,0
BRDA:4,227,1,0
BRDA:4,228,0,0
BRDA:4,228,1,0
BRDA:4,229,0,0
BRDA:4,229,1,0
BRDA:4,230,0,0
BRDA:4,230,1,0
BRDA:4,231,0,0
BRDA:4,231,1,0
BRDA:4,232,0,0
BRDA:4,232,1,0
BRDA:4,233,0,0
BRDA:4,233,1,0
BRDA:4,234,0,0
BRDA:4,234,1,0
BRDA:4,235,0,0
BRDA:4,235,1,0
BRDA:4,236,0,0
BRDA:4,236,1,0
BRDA:4,237,0,0
BRDA:4,237,1,0
BRDA:4,237,2,0
BRDA:4,238,0,0
BRDA:4,238,1,0
BRDA:4,238,2,0
BRDA:4,239,0,0
BRDA:4,239,1,0
BRDA:4,240,0,0
BRDA:4,240,1,0
BRDA:4,241,0,0
BRDA:4,241,1,0
BRDA:4,242,0,0
BRDA:4,242,1,0
BRDA:4,243,0,0
BRDA:4,243,1,0
BRDA:4,244,0,0
BRDA:4,244,1,0
BRDA:4,245,0,0
BRDA:4,245,1,0
BRDA:4,246,0,0
BRDA:4,246,1,0
BRDA:4,247,0,0
BRDA:4,247,1,0
BRDA:4,248,0,0
BRDA:4,248,1,0
BRDA:4,249,0,0
BRDA:4,249,1,0
BRDA:4,250,0,0
BRDA:4,250,1,0
BRDA:4,251,0,0
BRDA:4,251,1,0
BRDA:4,252,0,0
BRDA:4,252,1,0
BRDA:4,253,0,0
BRDA:4,253,1,0
BRDA:4,253,2,0
BRDA:4,254,0,0
BRDA:4,254,1,0
BRDA:4,254,2,0
BRDA:4,255,0,0
BRDA:4,255,1,0
BRDA:4,256,0,0
BRDA:4,256,1,0
BRDA:4,257,0,0
BRDA:4,257,1,0
BRDA:4,258,0,0
BRDA:4,258,1,0
BRDA:4,259,0,0
BRDA:4,259,1,0
BRDA:4,260,0,0
BRDA:4,260,1,0
BRDA:4,261,0,0
BRDA:4,261,1,0
BRDA:4,262,0,0
BRDA:4,262,1,0
BRDA:4,263,0,0
BRDA:4,263,1,0
BRDA:4,264,0,0
BRDA:4,264,1,0
BRDA:4,265,0,0
BRDA:4,265,1,0
BRDA:4,266,0,0
BRDA:4,266,1,0
BRDA:4,267,0,0
BRDA:4,267,1,0
BRDA:4,268,0,0
BRDA:4,268,1,0
BRDA:4,269,0,0
BRDA:4,269,1,0
BRDA:4,270,0,0
BRDA:4,270,1,0
BRDA:4,271,0,0
BRDA:4,271,1,0
BRDA:4,272,0,0
BRDA:4,273,0,0
BRDA:4,274,0,0
BRDA:4,274,1,0
BRDA:4,275,0,0
BRDA:4,275,1,0
BRDA:4,276,0,0
BRDA:4,276,1,0
BRDA:4,276,2,0
BRDA:4,276,3,0
BRDA:4,277,0,0
BRDA:4,277,1,0
BRDA:4,278,0,0
BRDA:4,278,1,0
BRDA:4,279,0,0
BRDA:4,279,1,0
BRDA:4,279,2,0
BRDA:4,279,3,0
BRDA:4,280,0,0
BRDA:4,280,1,0
BRDA:4,281,0,0
BRDA:4,281,1,0
BRDA:4,282,0,0
BRDA:4,282,1,0
BRDA:4,283,0,0
BRDA:4,283,1,0
BRDA:4,284,0,0
BRDA:4,284,1,0
BRDA:4,285,0,0
BRDA:4,285,1,0
BRDA:4,286,0,0
BRDA:4,286,1,0
BRDA:4,287,0,0
BRDA:4,288,0,0
BRDA:4,289,0,0
BRDA:4,289,1,0
BRDA:4,290,0,0
BRDA:4,290,1,0
BRDA:4,291,0,0
BRDA:4,291,1,0
BRDA:4,292,0,0
BRDA:4,292,1,0
BRDA:4,293,0,0
BRDA:4,293,1,0
BRDA:4,294,0,0
BRDA:4,294,1,0
BRDA:4,295,0,0
BRDA:4,295,1,0
BRDA:4,296,0,0
BRDA:4,296,1,0
BRDA:4,296,2,0
BRDA:4,297,0,0
BRDA:4,297,1,0
BRDA:4,298,0,0
BRDA:4,298,1,0
BRDA:4,299,0,0
BRDA:4,299,1,0
BRDA:4,299,2,0
BRDA:4,300,0,0
BRDA:4,300,1,0
BRDA:4,300,2,0
BRDA:4,301,0,0
BRDA:4,301,1,0
BRDA:4,302,0,0
BRDA:4,302,1,0
BRDA:4,303,0,0
BRDA:4,303,1,0
BRDA:4,304,0,0
BRDA:4,304,1,0
BRDA:4,305,0,0
BRDA:4,305,1,0
BRDA:4,306,0,0
BRDA:4,306,1,0
BRDA:4,307,0,0
BRDA:4,307,1,0
BRDA:4,308,0,0
BRDA:4,308,1,0
BRDA:4,309,0,0
BRDA:4,309,1,0
BRDA:4,310,0,0
BRDA:4,310,1,0
BRDA:4,311,0,0
BRDA:4,311,1,0
BRDA:4,312,0,0
BRDA:4,312,1,0
BRDA:4,313,0,0
BRDA:4,313,1,0
BRDA:4,314,0,0
BRDA:4,314,1,0
BRDA:4,315,0,0
BRDA:4,315,1,0
BRDA:4,316,0,0
BRDA:4,316,1,0
BRDA:4,317,0,0
BRDA:4,317,1,0
BRDA:4,317,2,0
BRDA:4,317,3,0
BRDA:4,318,0,0
BRDA:4,318,1,0
BRDA:4,319,0,0
BRDA:4,319,1,0
BRDA:4,320,0,0
BRDA:4,320,1,0
BRDA:4,321,0,0
BRDA:4,321,1,0
BRDA:4,321,2,0
BRDA:4,322,0,0
BRDA:4,322,1,0
BRDA:4,323,0,0
BRDA:4,323,1,0
BRDA:4,324,0,0
BRDA:4,324,1,0
BRDA:4,325,0,0
BRDA:4,325,1,0
BRDA:4,326,0,0
BRDA:4,326,1,0
BRDA:4,327,0,0
BRDA:4,327,1,0
BRDA:4,328,0,0
BRDA:4,328,1,0
BRDA:4,329,0,0
BRDA:4,329,1,0
BRDA:4,330,0,0
BRDA:4,330,1,0
BRDA:4,331,0,0
BRDA:4,331,1,0
BRDA:4,332,0,0
BRDA:4,332,1,0
BRDA:4,332,2,0
BRDA:4,333,0,0
BRDA:4,333,1,0
BRDA:4,334,0,0
BRDA:4,334,1,0
BRDA:4,334,2,0
BRDA:4,335,0,0
BRDA:4,335,1,0
BRDA:4,336,0,0
BRDA:4,336,1,0
BRDA:4,337,0,0
BRDA:4,337,1,0
BRDA:4,338,0,0
BRDA:4,338,1,0
BRDA:4,339,0,0
BRDA:4,339,1,0
BRDA:4,340,0,0
BRDA:4,340,1,0
BRDA:4,341,0,0
BRDA:4,341,1,0
BRDA:4,342,0,0
BRDA:4,342,1,0
BRDA:4,343,0,0
BRDA:4,343,1,0
BRDA:4,344,0,0
BRDA:4,344,1,0
BRDA:4,345,0,0
BRDA:4,345,1,0
BRDA:4,346,0,0
BRDA:4,346,1,0
BRDA:4,347,0,0
BRDA:4,347,1,0
BRDA:4,348,0,0
BRDA:4,348,1,0
BRDA:4,349,0,0
BRDA:4,349,1,0
BRDA:4,350,0,0
BRDA:4,350,1,0
BRDA:4,351,0,0
BRDA:4,351,1,0
BRDA:4,352,0,0
BRDA:4,352,1,0
BRDA:4,353,0,0
BRDA:4,353,1,0
BRDA:4,354,0,0
BRDA:4,354,1,0
BRDA:4,355,0,0
BRDA:4,355,1,0
BRDA:4,356,0,0
BRDA:4,356,1,0
BRDA:4,357,0,0
BRDA:4,357,1,0
BRDA:4,358,0,0
BRDA:4,358,1,0
BRDA:4,358,2,0
BRDA:4,359,0,0
BRDA:4,359,1,0
BRDA:4,360,0,0
BRDA:4,360,1,0
BRDA:4,361,0,0
BRDA:4,361,1,0
BRDA:4,362,0,0
BRDA:4,362,1,0
BRDA:4,363,0,0
BRDA:4,363,1,0
BRDA:4,364,0,0
BRDA:4,364,1,0
BRDA:4,365,0,0
BRDA:4,365,1,0
BRDA:4,366,0,0
BRDA:4,366,1,0
BRDA:4,367,0,0
BRDA:4,367,1,0
BRDA:4,368,0,0
BRDA:4,368,1,0
BRDA:4,369,0,0
BRDA:4,369,1,0
BRDA:4,370,0,0
BRDA:4,370,1,0
BRDA:4,370,2,0
BRDA:4,370,3,0
BRDA:4,370,4,0
BRDA:4,371,0,0
BRDA:4,371,1,0
BRDA:4,372,0,0
BRDA:4,372,1,0
BRDA:4,373,0,0
BRDA:4,373,1,0
BRDA:4,374,0,0
BRDA:4,374,1,0
BRDA:4,375,0,0
BRDA:4,376,0,0
BRDA:4,376,1,0
BRDA:4,377,0,0
BRDA:4,377,1,0
BRDA:4,378,0,0
BRDA:4,378,1,0
BRDA:4,379,0,0
BRDA:4,379,1,0
BRDA:4,380,0,0
BRDA:4,380,1,0
BRDA:4,381,0,0
BRDA:4,382,0,0
BRDA:4,383,0,0
BRDA:4,383,1,0
BRDA:4,384,0,0
BRDA:4,384,1,0
BRDA:4,385,0,0
BRDA:4,385,1,0
BRDA:4,386,0,0
BRDA:4,386,1,0
BRDA:4,387,0,0
BRDA:4,387,1,0
BRDA:4,388,0,0
BRDA:4,388,1,0
BRDA:4,389,0,0
BRDA:4,389,1,0
BRDA:4,390,0,0
BRDA:4,390,1,0
BRDA:4,391,0,0
BRDA:4,391,1,0
BRDA:4,392,0,0
BRDA:4,392,1,0
BRDA:4,393,0,0
BRDA:4,393,1,0
BRDA:4,394,0,0
BRDA:4,394,1,0
BRDA:4,395,0,0
BRDA:4,395,1,0
BRDA:4,396,0,0
BRDA:4,396,1,0
BRDA:4,397,0,0
BRDA:4,397,1,0
BRDA:4,398,0,0
BRDA:4,398,1,0
BRDA:4,399,0,0
BRDA:4,399,1,0
BRDA:4,400,0,0
BRDA:4,400,1,0
BRDA:4,401,0,0
BRDA:4,401,1,0
BRDA:4,401,2,0
BRDA:4,401,3,0
BRDA:4,401,4,0
BRDA:4,401,5,0
BRDA:4,402,0,0
BRDA:4,402,1,0
BRDA:4,403,0,0
BRDA:4,403,1,0
BRDA:4,404,0,0
BRDA:4,404,1,0
BRDA:4,405,0,0
BRDA:4,405,1,0
BRDA:4,406,0,0
BRDA:4,406,1,0
BRDA:4,407,0,0
BRDA:4,407,1,0
BRDA:4,408,0,0
BRDA:4,408,1,0
BRDA:4,409,0,0
BRDA:4,409,1,0
BRDA:4,410,0,0
BRDA:4,410,1,0
BRDA:4,411,0,0
BRDA:4,411,1,0
BRDA:4,412,0,0
BRDA:4,412,1,0
BRDA:4,413,0,0
BRDA:4,413,1,0
BRDA:4,414,0,0
BRDA:4,414,1,0
BRDA:4,415,0,0
BRDA:4,415,1,0
BRDA:4,416,0,0
BRDA:4,416,1,0
BRDA:4,417,0,0
BRDA:4,417,1,0
BRDA:4,418,0,0
BRDA:4,418,1,0
BRDA:4,419,0,0
BRDA:4,419,1,0
BRDA:4,420,0,0
BRDA:4,421,0,0
BRDA:4,421,1,0
BRDA:4,422,0,0
BRDA:4,422,1,0
BRDA:4,423,0,0
BRDA:4,423,1,0
BRDA:4,424,0,0
BRDA:4,424,1,0
BRDA:4,425,0,0
BRDA:4,425,1,0
BRDA:4,426,0,0
BRDA:4,426,1,0
BRDA:4,427,0,0
BRDA:4,427,1,0
BRDA:4,428,0,0
BRDA:4,428,1,0
BRDA:4,429,0,0
BRDA:4,429,1,0
BRDA:4,430,0,0
BRDA:4,430,1,0
BRDA:4,431,0,0
BRDA:4,431,1,0
BRDA:4,432,0,0
BRDA:4,432,1,0
BRDA:4,433,0,0
BRDA:4,433,1,0
BRDA:4,434,0,0
BRDA:4,434,1,0
BRDA:4,435,0,0
BRDA:4,435,1,0
BRDA:4,435,2,0
BRDA:4,436,0,0
BRDA:4,436,1,0
BRDA:4,437,0,0
BRDA:4,437,1,0
BRDA:4,438,0,0
BRDA:4,438,1,0
BRDA:4,439,0,0
BRDA:4,439,1,0
BRDA:4,440,0,0
BRDA:4,440,1,0
BRDA:4,441,0,0
BRDA:4,441,1,0
BRDA:4,442,0,0
BRDA:4,442,1,0
BRDA:4,443,0,0
BRDA:4,443,1,0
BRDA:4,444,0,0
BRDA:4,444,1,0
BRDA:4,445,0,0
BRDA:4,445,1,0
BRDA:4,446,0,0
BRDA:4,446,1,0
BRDA:4,447,0,0
BRDA:4,447,1,0
BRDA:4,448,0,0
BRDA:4,448,1,0
BRDA:4,449,0,0
BRDA:4,449,1,0
BRDA:4,450,0,0
BRDA:4,450,1,0
BRDA:4,451,0,0
BRDA:4,451,1,0
BRDA:4,452,0,0
BRDA:4,452,1,0
BRDA:4,453,0,0
BRDA:4,453,1,0
BRDA:4,454,0,0
BRDA:4,454,1,0
BRDA:4,455,0,0
BRDA:4,455,1,0
BRDA:4,456,0,0
BRDA:4,456,1,0
BRDA:4,457,0,0
BRDA:4,457,1,0
BRDA:4,458,0,0
BRDA:4,458,1,0
BRDA:4,459,0,0
BRDA:4,459,1,0
BRDA:4,460,0,0
BRDA:4,460,1,0
BRDA:4,461,0,0
BRDA:4,461,1,0
BRDA:4,462,0,0
BRDA:4,462,1,0
BRDA:4,463,0,0
BRDA:4,463,1,0
BRDA:4,464,0,0
BRDA:4,464,1,0
BRDA:4,465,0,0
BRDA:4,465,1,0
BRDA:4,466,0,0
BRDA:4,466,1,0
BRDA:4,467,0,0
BRDA:4,467,1,0
BRDA:4,468,0,0
BRDA:4,468,1,0
BRDA:4,469,0,0
BRDA:4,469,1,0
BRDA:4,470,0,0
BRDA:4,470,1,0
BRDA:4,471,0,0
BRDA:4,471,1,0
BRDA:4,472,0,0
BRDA:4,472,1,0
BRDA:4,473,0,0
BRDA:4,473,1,0
BRDA:4,474,0,0
BRDA:4,474,1,0
BRDA:4,475,0,0
BRDA:4,475,1,0
BRDA:4,476,0,0
BRDA:4,476,1,0
BRDA:4,477,0,0
BRDA:4,477,1,0
BRDA:4,478,0,0
BRDA:4,478,1,0
BRDA:4,479,0,0
BRDA:4,479,1,0
BRDA:4,480,0,0
BRDA:4,480,1,0
BRDA:4,481,0,0
BRDA:4,481,1,0
BRDA:4,482,0,0
BRDA:4,482,1,0
BRDA:4,483,0,0
BRDA:4,483,1,0
BRDA:4,483,2,0
BRDA:4,484,0,0
BRDA:4,484,1,0
BRDA:4,485,0,0
BRDA:4,485,1,0
BRDA:4,486,0,0
BRDA:4,486,1,0
BRDA:4,486,2,0
BRDA:4,486,3,0
BRDA:4,487,0,0
BRDA:4,487,1,0
BRDA:4,488,0,0
BRDA:4,488,1,0
BRDA:4,489,0,0
BRDA:4,489,1,0
BRDA:4,490,0,0
BRDA:4,490,1,0
BRDA:4,491,0,0
BRDA:4,491,1,0
BRDA:4,492,0,0
BRDA:4,492,1,0
BRDA:4,493,0,0
BRDA:4,493,1,0
BRDA:4,494,0,0
BRDA:4,494,1,0
BRDA:4,495,0,0
BRDA:4,495,1,0
BRDA:4,496,0,0
BRDA:4,496,1,0
BRDA:4,497,0,0
BRDA:4,497,1,0
BRDA:4,498,0,0
BRDA:4,498,1,0
BRDA:4,499,0,0
BRDA:4,499,1,0
BRDA:4,500,0,0
BRDA:4,500,1,0
BRDA:4,501,0,0
BRDA:4,501,1,0
BRDA:4,502,0,0
BRDA:4,502,1,0
BRDA:4,503,0,0
BRDA:4,503,1,0
BRDA:4,504,0,0
BRDA:4,504,1,0
BRDA:4,505,0,0
BRDA:4,505,1,0
BRDA:4,506,0,0
BRDA:4,506,1,0
BRDA:4,507,0,0
BRDA:4,507,1,0
BRDA:4,508,0,0
BRDA:4,508,1,0
BRDA:4,509,0,0
BRDA:4,509,1,0
BRDA:4,510,0,0
BRDA:4,510,1,0
BRDA:4,511,0,0
BRDA:4,511,1,0
BRDA:4,512,0,0
BRDA:4,512,1,0
BRDA:4,513,0,0
BRDA:4,513,1,0
BRDA:4,514,0,0
BRDA:4,514,1,0
BRDA:4,515,0,0
BRDA:4,515,1,0
BRDA:4,516,0,0
BRDA:4,516,1,0
BRDA:4,517,0,0
BRDA:4,517,1,0
BRDA:4,518,0,0
BRDA:4,518,1,0
BRDA:4,519,0,0
BRDA:4,519,1,0
BRDA:4,520,0,0
BRDA:4,520,1,0
BRDA:4,521,0,0
BRDA:4,521,1,0
BRDA:4,522,0,0
BRDA:4,522,1,0
BRDA:4,523,0,0
BRDA:4,523,1,0
BRDA:4,524,0,0
BRDA:4,524,1,0
BRDA:4,525,0,0
BRDA:4,525,1,0
BRDA:4,526,0,0
BRDA:4,526,1,0
BRDA:4,527,0,0
BRDA:4,527,1,0
BRDA:4,528,0,0
BRDA:4,528,1,0
BRDA:4,529,0,0
BRDA:4,529,1,0
BRDA:4,530,0,0
BRDA:4,530,1,0
BRDA:4,531,0,0
BRDA:4,531,1,0
BRDA:4,531,2,0
BRDA:4,531,3,0
BRDA:4,532,0,0
BRDA:4,532,1,0
BRDA:4,533,0,0
BRDA:4,533,1,0
BRDA:4,533,2,0
BRDA:4,533,3,0
BRDA:4,534,0,0
BRDA:4,534,1,0
BRDA:4,535,0,0
BRDA:4,535,1,0
BRDA:4,536,0,0
BRDA:4,536,1,0
BRDA:4,537,0,0
BRDA:4,537,1,0
BRDA:4,538,0,0
BRDA:4,538,1,0
BRDA:4,539,0,0
BRDA:4,539,1,0
BRDA:4,540,0,0
BRDA:4,540,1,0
BRDA:4,541,0,0
BRDA:4,541,1,0
BRDA:4,542,0,0
BRDA:4,542,1,0
BRDA:4,543,0,0
BRDA:4,543,1,0
BRDA:4,544,0,0
BRDA:4,544,1,0
BRDA:4,545,0,0
BRDA:4,545,1,0
BRDA:4,546,0,0
BRDA:4,546,1,0
BRDA:4,547,0,0
BRDA:4,547,1,0
BRDA:4,548,0,0
BRDA:4,548,1,0
BRDA:4,549,0,0
BRDA:4,549,1,0
BRDA:4,550,0,0
BRDA:4,550,1,0
BRDA:4,551,0,0
BRDA:4,551,1,0
BRDA:4,552,0,0
BRDA:4,552,1,0
BRDA:4,553,0,0
BRDA:4,553,1,0
BRDA:4,554,0,0
BRDA:4,554,1,0
BRDA:4,555,0,0
BRDA:4,555,1,0
BRDA:4,556,0,0
BRDA:4,556,1,0
BRDA:4,557,0,0
BRDA:4,557,1,0
BRDA:4,558,0,0
BRDA:4,558,1,0
BRDA:4,559,0,0
BRDA:4,559,1,0
BRDA:4,560,0,0
BRDA:4,560,1,0
BRDA:4,561,0,0
BRDA:4,561,1,0
BRDA:4,562,0,0
BRDA:4,562,1,0
BRDA:4,563,0,0
BRDA:4,563,1,0
BRDA:4,564,0,0
BRDA:4,564,1,0
BRDA:4,565,0,0
BRDA:4,565,1,0
BRDA:4,566,0,0
BRDA:4,566,1,0
BRDA:4,567,0,0
BRDA:4,567,1,0
BRDA:4,568,0,0
BRDA:4,568,1,0
BRDA:4,569,0,0
BRDA:4,569,1,0
BRDA:4,570,0,0
BRDA:4,570,1,0
BRDA:4,571,0,0
BRDA:4,571,1,0
BRDA:4,571,2,0
BRDA:4,571,3,0
BRDA:4,572,0,0
BRDA:4,572,1,0
BRDA:4,573,0,0
BRDA:4,573,1,0
BRDA:4,573,2,0
BRDA:4,574,0,0
BRDA:4,574,1,0
BRDA:4,575,0,0
BRDA:4,575,1,0
BRDA:4,576,0,0
BRDA:4,576,1,0
BRDA:4,577,0,0
BRDA:4,577,1,0
BRDA:4,578,0,0
BRDA:4,578,1,0
BRDA:4,579,0,0
BRDA:4,579,1,0
BRDA:4,580,0,0
BRDA:4,580,1,0
BRDA:4,581,0,0
BRDA:4,581,1,0
BRDA:4,582,0,0
BRDA:4,582,1,0
BRDA:4,583,0,0
BRDA:4,583,1,0
BRDA:4,584,0,0
BRDA:4,584,1,0
BRDA:4,585,0,0
BRDA:4,585,1,0
BRDA:4,586,0,0
BRDA:4,586,1,0
BRDA:4,587,0,0
BRDA:4,587,1,0
BRDA:4,588,0,0
BRDA:4,588,1,0
BRDA:4,589,0,0
BRDA:4,589,1,0
BRDA:4,590,0,0
BRDA:4,590,1,0
BRDA:4,591,0,0
BRDA:4,591,1,0
BRDA:4,592,0,0
BRDA:4,592,1,0
BRDA:4,593,0,0
BRDA:4,593,1,0
BRDA:4,594,0,0
BRDA:4,594,1,0
BRDA:4,595,0,0
BRDA:4,595,1,0
BRDA:4,595,2,0
BRDA:4,595,3,0
BRDA:4,596,0,0
BRDA:4,596,1,0
BRDA:4,597,0,0
BRDA:4,597,1,0
BRDA:4,597,2,0
BRDA:4,598,0,0
BRDA:4,598,1,0
BRDA:4,599,0,0
BRDA:4,599,1,0
BRDA:4,600,0,0
BRDA:4,600,1,0
BRDA:4,601,0,0
BRDA:4,601,1,0
BRDA:4,602,0,0
BRDA:4,602,1,0
BRDA:4,602,2,0
BRDA:4,603,0,0
BRDA:4,603,1,0
BRDA:4,604,0,0
BRDA:4,604,1,0
BRDA:4,604,2,0
BRDA:4,604,3,0
BRDA:4,605,0,0
BRDA:4,605,1,0
BRDA:4,606,0,0
BRDA:4,606,1,0
BRDA:4,607,0,0
BRDA:4,607,1,0
BRDA:4,608,0,0
BRDA:4,608,1,0
BRDA:4,609,0,0
BRDA:4,609,1,0
BRDA:4,610,0,0
BRDA:4,610,1,0
BRDA:4,611,0,0
BRDA:4,611,1,0
BRDA:4,612,0,0
BRDA:4,612,1,0
BRDA:4,613,0,0
BRDA:4,613,1,0
BRDA:4,613,2,0
BRDA:4,614,0,0
BRDA:4,614,1,0
BRDA:4,615,0,0
BRDA:4,615,1,0
BRDA:4,616,0,0
BRDA:4,616,1,0
BRDA:4,616,2,0
BRDA:4,616,3,0
BRDA:4,617,0,0
BRDA:4,617,1,0
BRDA:4,618,0,0
BRDA:4,618,1,0
BRDA:4,619,0,0
BRDA:4,619,1,0
BRDA:4,620,0,0
BRDA:4,620,1,0
BRDA:4,621,0,0
BRDA:4,621,1,0
BRDA:4,622,0,0
BRDA:4,622,1,0
BRDA:4,622,2,0
BRDA:4,622,3,0
BRDA:4,623,0,0
BRDA:4,623,1,0
BRDA:4,624,0,0
BRDA:4,624,1,0
BRDA:4,624,2,0
BRDA:4,624,3,0
BRDA:4,624,4,0
BRDA:4,624,5,0
BRDA:4,624,6,0
BRDA:4,625,0,0
BRDA:4,625,1,0
BRDA:4,626,0,0
BRDA:4,626,1,0
BRDA:4,627,0,0
BRDA:4,627,1,0
BRDA:4,628,0,0
BRDA:4,628,1,0
BRDA:4,629,0,0
BRDA:4,629,1,0
BRDA:4,630,0,0
BRDA:4,630,1,0
BRDA:4,631,0,0
BRDA:4,631,1,0
BRDA:4,632,0,0
BRDA:4,632,1,0
BRDA:4,633,0,0
BRDA:4,633,1,0
BRDA:4,634,0,0
BRDA:4,634,1,0
BRDA:4,635,0,0
BRDA:4,635,1,0
BRDA:4,636,0,0
BRDA:4,636,1,0
BRDA:4,637,0,0
BRDA:4,637,1,0
BRDA:4,638,0,0
BRDA:4,638,1,0
BRDA:4,639,0,0
BRDA:4,639,1,0
BRDA:4,640,0,0
BRDA:4,640,1,0
BRDA:4,641,0,0
BRDA:4,641,1,0
BRDA:4,642,0,0
BRDA:4,642,1,0
BRDA:4,643,0,0
BRDA:4,643,1,0
BRDA:4,644,0,0
BRDA:4,644,1,0
BRDA:4,645,0,0
BRDA:4,645,1,0
BRDA:4,646,0,0
BRDA:4,646,1,0
BRDA:4,647,0,0
BRDA:4,647,1,0
BRDA:4,648,0,0
BRDA:4,648,1,0
BRDA:4,649,0,0
BRDA:4,649,1,0
BRDA:4,650,0,0
BRDA:4,650,1,0
BRDA:4,651,0,0
BRDA:4,651,1,0
BRDA:4,652,0,0
BRDA:4,652,1,0
BRDA:4,653,0,0
BRDA:4,653,1,0
BRDA:4,654,0,0
BRDA:4,654,1,0
BRDA:4,655,0,0
BRDA:4,655,1,0
BRDA:4,656,0,0
BRDA:4,656,1,0
BRDA:4,657,0,0
BRDA:4,657,1,0
BRDA:4,658,0,0
BRDA:4,658,1,0
BRDA:4,658,2,0
BRDA:4,658,3,0
BRDA:4,659,0,0
BRDA:4,659,1,0
BRDA:4,660,0,0
BRDA:4,660,1,0
BRDA:4,661,0,0
BRDA:4,661,1,0
BRDA:4,662,0,0
BRDA:4,662,1,0
BRDA:4,663,0,0
BRDA:4,663,1,0
BRDA:4,664,0,0
BRDA:4,664,1,0
BRDA:4,665,0,0
BRDA:4,665,1,0
BRDA:4,666,0,0
BRDA:4,666,1,0
BRDA:4,667,0,0
BRDA:4,667,1,0
BRDA:4,668,0,0
BRDA:4,668,1,0
BRDA:4,669,0,0
BRDA:4,669,1,0
BRDA:4,669,2,0
BRDA:4,670,0,0
BRDA:4,670,1,0
BRDA:4,671,0,0
BRDA:4,671,1,0
BRDA:4,672,0,0
BRDA:4,672,1,0
BRDA:4,673,0,0
BRDA:4,673,1,0
BRDA:4,674,0,0
BRDA:4,674,1,0
BRDA:4,675,0,0
BRDA:4,675,1,0
BRDA:4,676,0,0
BRDA:4,676,1,0
BRDA:4,677,0,0
BRDA:4,677,1,0
BRDA:4,678,0,0
BRDA:4,678,1,0
BRDA:4,679,0,0
BRDA:4,679,1,0
BRDA:4,680,0,0
BRDA:4,680,1,0
BRDA:4,681,0,0
BRDA:4,681,1,0
BRDA:4,682,0,0
BRDA:4,682,1,0
BRDA:4,683,0,0
BRDA:4,683,1,0
BRDA:4,684,0,0
BRDA:4,684,1,0
BRDA:4,685,0,0
BRDA:4,685,1,0
BRDA:4,686,0,0
BRDA:4,686,1,0
BRDA:4,687,0,0
BRDA:4,687,1,0
BRDA:4,688,0,0
BRDA:4,688,1,0
BRDA:4,689,0,0
BRDA:4,689,1,0
BRDA:4,690,0,0
BRDA:4,690,1,0
BRDA:4,691,0,0
BRDA:4,691,1,0
BRDA:4,692,0,0
BRDA:4,692,1,0
BRDA:4,693,0,0
BRDA:4,693,1,0
BRDA:4,694,0,0
BRDA:4,694,1,0
BRDA:4,695,0,0
BRDA:4,695,1,0
BRDA:4,696,0,0
BRDA:4,696,1,0
BRDA:4,696,2,0
BRDA:4,697,0,0
BRDA:4,697,1,0
BRDA:4,698,0,0
BRDA:4,698,1,0
BRDA:4,699,0,0
BRDA:4,699,1,0
BRDA:4,700,0,0
BRDA:4,700,1,0
BRDA:4,701,0,0
BRDA:4,701,1,0
BRDA:4,702,0,0
BRDA:4,702,1,0
BRDA:4,702,2,0
BRDA:4,702,3,0
BRDA:4,702,4,0
BRDA:4,702,5,0
BRDA:4,703,0,0
BRDA:4,703,1,0
BRDA:4,703,2,0
BRDA:4,703,3,0
BRDA:4,703,4,0
BRDA:4,703,5,0
BRDA:4,703,6,0
BRDA:4,703,7,0
BRDA:4,704,0,0
BRDA:4,704,1,0
BRDA:4,705,0,0
BRDA:4,705,1,0
BRDA:4,706,0,0
BRDA:4,706,1,0
BRDA:4,707,0,0
BRDA:4,707,1,0
BRDA:4,708,0,0
BRDA:4,708,1,0
BRDA:4,708,2,0
BRDA:4,708,3,0
BRDA:4,708,4,0
BRDA:4,708,5,0
BRDA:4,709,0,0
BRDA:4,709,1,0
BRDA:4,709,2,0
BRDA:4,709,3,0
BRDA:4,709,4,0
BRDA:4,709,5,0
BRDA:4,709,6,0
BRDA:4,710,0,0
BRDA:4,710,1,0
BRDA:4,711,0,0
BRDA:4,711,1,0
BRDA:4,712,0,0
BRDA:4,712,1,0
BRDA:4,713,0,0
BRDA:4,713,1,0
BRDA:4,714,0,0
BRDA:4,714,1,0
BRDA:4,715,0,0
BRDA:4,715,1,0
BRDA:4,716,0,0
BRDA:4,716,1,0
BRDA:4,717,0,0
BRDA:4,717,1,0
BRDA:4,718,0,0
BRDA:4,718,1,0
BRDA:4,719,0,0
BRDA:4,719,1,0
BRDA:4,720,0,0
BRDA:4,720,1,0
BRDA:4,721,0,0
BRDA:4,721,1,0
BRDA:4,722,0,0
BRDA:4,722,1,0
BRDA:4,723,0,0
BRDA:4,723,1,0
BRDA:4,723,2,0
BRDA:4,723,3,0
BRDA:4,724,0,0
BRDA:4,724,1,0
BRDA:4,725,0,0
BRDA:4,725,1,0
BRDA:4,725,2,0
BRDA:4,726,0,0
BRDA:4,726,1,0
BRDA:4,727,0,0
BRDA:4,727,1,0
BRDA:4,728,0,0
BRDA:4,728,1,0
BRDA:4,729,0,0
BRDA:4,729,1,0
BRDA:4,729,2,0
BRDA:4,730,0,0
BRDA:4,730,1,0
BRDA:4,731,0,0
BRDA:4,731,1,0
BRDA:4,732,0,0
BRDA:4,732,1,0
BRDA:4,733,0,0
BRDA:4,733,1,0
BRDA:4,734,0,0
BRDA:4,734,1,0
BRDA:4,735,0,0
BRDA:4,735,1,0
BRDA:4,736,0,0
BRDA:4,736,1,0
BRDA:4,737,0,0
BRDA:4,737,1,0
BRDA:4,738,0,0
BRDA:4,738,1,0
BRDA:4,738,2,0
BRDA:4,739,0,0
BRDA:4,739,1,0
BRDA:4,740,0,0
BRDA:4,740,1,0
BRDA:4,741,0,0
BRDA:4,741,1,0
BRDA:4,742,0,0
BRDA:4,742,1,0
BRDA:4,743,0,0
BRDA:4,743,1,0
BRDA:4,744,0,0
BRDA:4,744,1,0
BRDA:4,745,0,0
BRDA:4,745,1,0
BRDA:4,746,0,0
BRDA:4,746,1,0
BRDA:4,747,0,0
BRDA:4,747,1,0
BRDA:4,748,0,0
BRDA:4,748,1,0
BRDA:4,749,0,0
BRDA:4,749,1,0
BRDA:4,750,0,0
BRDA:4,750,1,0
BRDA:4,751,0,0
BRDA:4,751,1,0
BRDA:4,752,0,0
BRDA:4,752,1,0
BRDA:4,753,0,0
BRDA:4,753,1,0
BRDA:4,754,0,0
BRDA:4,754,1,0
BRDA:4,755,0,0
BRDA:4,755,1,0
BRDA:4,756,0,0
BRDA:4,756,1,0
BRDA:4,757,0,0
BRDA:4,757,1,0
BRDA:4,758,0,0
BRDA:4,758,1,0
BRDA:4,759,0,0
BRDA:4,759,1,0
BRDA:4,759,2,0
BRDA:4,760,0,0
BRDA:4,760,1,0
BRDA:4,761,0,0
BRDA:4,761,1,0
BRDA:4,762,0,0
BRDA:4,762,1,0
BRDA:4,763,0,0
BRDA:4,763,1,0
BRDA:4,764,0,0
BRDA:4,764,1,0
BRDA:4,765,0,0
BRDA:4,765,1,0
BRDA:4,766,0,0
BRDA:4,766,1,0
BRDA:4,767,0,0
BRDA:4,767,1,0
BRDA:4,768,0,0
BRDA:4,768,1,0
BRDA:4,769,0,0
BRDA:4,769,1,0
BRDA:4,770,0,0
BRDA:4,770,1,0
BRDA:4,770,2,0
BRDA:4,770,3,0
BRDA:4,771,0,0
BRDA:4,771,1,0
BRDA:4,772,0,0
BRDA:4,772,1,0
BRDA:4,773,0,0
BRDA:4,773,1,0
BRDA:4,773,2,0
BRDA:4,773,3,0
BRDA:4,774,0,0
BRDA:4,774,1,0
BRDA:4,775,0,0
BRDA:4,775,1,0
BRDA:4,775,2,0
BRDA:4,775,3,0
BRDA:4,775,4,0
BRDA:4,775,5,0
BRDA:4,775,6,0
BRDA:4,776,0,0
BRDA:4,776,1,0
BRDA:4,777,0,0
BRDA:4,777,1,0
BRDA:4,778,0,0
BRDA:4,778,1,0
BRDA:4,779,0,0
BRDA:4,779,1,0
BRDA:4,780,0,0
BRDA:4,780,1,0
BRDA:4,781,0,0
BRDA:4,781,1,0
BRDA:4,782,0,0
BRDA:4,782,1,0
BRDA:4,783,0,0
BRDA:4,783,1,0
BRDA:4,784,0,0
BRDA:4,784,1,0
BRDA:4,785,0,0
BRDA:4,785,1,0
BRDA:4,786,0,0
BRDA:4,786,1,0
BRDA:4,787,0,0
BRDA:4,787,1,0
BRDA:4,788,0,0
BRDA:4,788,1,0
BRDA:4,789,0,0
BRDA:4,789,1,0
BRDA:4,790,0,0
BRDA:4,790,1,0
BRDA:4,791,0,0
BRDA:4,791,1,0
BRDA:4,792,0,0
BRDA:4,792,1,0
BRDA:4,793,0,0
BRDA:4,793,1,0
BRDA:4,794,0,0
BRDA:4,794,1,0
BRDA:4,795,0,0
BRDA:4,795,1,0
BRDA:4,796,0,0
BRDA:4,796,1,0
BRDA:4,797,0,0
BRDA:4,797,1,0
BRDA:4,798,0,0
BRDA:4,798,1,0
BRDA:4,799,0,0
BRDA:4,799,1,0
BRDA:4,799,2,0
BRDA:4,800,0,0
BRDA:4,800,1,0
BRDA:4,801,0,0
BRDA:4,801,1,0
BRDA:4,801,2,0
BRDA:4,802,0,0
BRDA:4,802,1,0
BRDA:4,803,0,0
BRDA:4,803,1,0
BRDA:4,803,2,0
BRDA:4,804,0,0
BRDA:4,804,1,0
BRDA:4,805,0,0
BRDA:4,805,1,0
BRDA:4,806,0,0
BRDA:4,806,1,0
BRDA:4,807,0,0
BRDA:4,807,1,0
BRDA:4,808,0,0
BRDA:4,808,1,0
BRDA:4,809,0,0
BRDA:4,809,1,0
BRDA:4,810,0,0
BRDA:4,810,1,0
BRDA:4,811,0,0
BRDA:4,811,1,0
BRDA:4,812,0,0
BRDA:4,812,1,0
BRDA:4,812,2,0
BRDA:4,813,0,0
BRDA:4,813,1,0
BRDA:4,814,0,0
BRDA:4,814,1,0
BRDA:4,814,2,0
BRDA:4,814,3,0
BRDA:4,815,0,0
BRDA:4,815,1,0
BRDA:4,816,0,0
BRDA:4,816,1,0
BRDA:4,816,2,0
BRDA:4,817,0,0
BRDA:4,817,1,0
BRDA:4,818,0,0
BRDA:4,818,1,0
BRDA:4,819,0,0
BRDA:4,819,1,0
BRDA:4,820,0,0
BRDA:4,820,1,0
BRDA:4,821,0,0
BRDA:4,821,1,0
BRDA:4,822,0,0
BRDA:4,822,1,0
BRDA:4,823,0,0
BRDA:4,823,1,0
BRDA:4,824,0,0
BRDA:4,824,1,0
BRDA:4,825,0,0
BRDA:4,825,1,0
BRDA:4,826,0,0
BRDA:4,826,1,0
BRDA:4,827,0,0
BRDA:4,827,1,0
BRDA:4,828,0,0
BRDA:4,828,1,0
BRDA:4,828,2,0
BRDA:4,828,3,0
BRDA:4,828,4,0
BRDA:4,828,5,0
BRDA:4,829,0,0
BRDA:4,829,1,0
BRDA:4,830,0,0
BRDA:4,830,1,0
BRDA:4,831,0,0
BRDA:4,831,1,0
BRDA:4,832,0,0
BRDA:4,832,1,0
BRDA:4,833,0,0
BRDA:4,833,1,0
BRDA:4,834,0,0
BRDA:4,834,1,0
BRDA:4,835,0,0
BRDA:4,835,1,0
BRDA:4,835,2,0
BRDA:4,835,3,0
BRDA:4,836,0,0
BRDA:4,836,1,0
BRDA:4,837,0,0
BRDA:4,837,1,0
BRDA:4,838,0,0
BRDA:4,838,1,0
BRDA:4,839,0,0
BRDA:4,839,1,0
BRDA:4,840,0,0
BRDA:4,840,1,0
BRDA:4,841,0,0
BRDA:4,841,1,0
BRDA:4,842,0,0
BRDA:4,842,1,0
BRDA:4,843,0,0
BRDA:4,843,1,0
BRDA:4,844,0,0
BRDA:4,844,1,0
BRDA:4,845,0,0
BRDA:4,845,1,0
BRDA:4,846,0,0
BRDA:4,846,1,0
BRDA:4,847,0,0
BRDA:4,847,1,0
BRDA:4,848,0,0
BRDA:4,848,1,0
BRDA:4,849,0,0
BRDA:4,849,1,0
BRDA:4,850,0,0
BRDA:4,850,1,0
BRDA:4,851,0,0
BRDA:4,851,1,0
BRDA:4,852,0,0
BRDA:4,852,1,0
BRDA:4,853,0,0
BRDA:4,853,1,0
BRDA:4,854,0,0
BRDA:4,854,1,0
BRDA:4,855,0,0
BRDA:4,855,1,0
BRDA:4,856,0,0
BRDA:4,856,1,0
BRDA:4,857,0,0
BRDA:4,857,1,0
BRDA:4,858,0,0
BRDA:4,858,1,0
BRDA:4,859,0,0
BRDA:4,859,1,0
BRDA:4,860,0,0
BRDA:4,860,1,0
BRDA:4,861,0,0
BRDA:4,861,1,0
BRDA:4,862,0,0
BRDA:4,862,1,0
BRDA:4,863,0,0
BRDA:4,863,1,0
BRDA:4,864,0,0
BRDA:4,864,1,0
BRDA:4,865,0,0
BRDA:4,865,1,0
BRDA:4,866,0,0
BRDA:4,866,1,0
BRDA:4,867,0,0
BRDA:4,867,1,0
BRDA:4,868,0,0
BRDA:4,868,1,0
BRDA:4,869,0,0
BRDA:4,869,1,0
BRDA:4,870,0,0
BRDA:4,870,1,0
BRDA:4,871,0,0
BRDA:4,871,1,0
BRDA:4,872,0,0
BRDA:4,872,1,0
BRDA:4,873,0,0
BRDA:4,873,1,0
BRDA:4,874,0,0
BRDA:4,874,1,0
BRDA:4,875,0,0
BRDA:4,875,1,0
BRDA:4,876,0,0
BRDA:4,876,1,0
BRDA:4,877,0,0
BRDA:4,877,1,0
BRDA:4,878,0,0
BRDA:4,878,1,0
BRDA:4,879,0,0
BRDA:4,879,1,0
BRDA:4,880,0,0
BRDA:4,880,1,0
BRDA:4,881,0,0
BRDA:4,881,1,0
BRDA:4,882,0,0
BRDA:4,882,1,0
BRDA:4,883,0,0
BRDA:4,883,1,0
BRDA:4,884,0,0
BRDA:4,884,1,0
BRDA:4,885,0,0
BRDA:4,885,1,0
BRDA:4,886,0,0
BRDA:4,886,1,0
[...]
BRDA:7,522,1,0
BRDA:7,523,0,0
BRDA:7,523,1,0
BRDA:7,524,0,0
BRDA:7,524,1,0
BRDA:7,524,2,0
BRDA:7,525,0,0
BRDA:7,525,1,0
BRDA:7,526,0,0
BRDA:7,526,1,0
BRDA:7,527,0,0
BRDA:7,527,1,0
BRDA:7,528,0,0
BRDA:7,528,1,0
BRDA:7,529,0,0
BRDA:7,529,1,0
BRDA:7,530,0,0
BRDA:7,530,1,0
BRDA:7,531,0,0
BRDA:7,531,1,0
BRDA:7,532,0,0
BRDA:7,532,1,0
BRDA:7,533,0,0
BRDA:7,533,1,0
BRDA:7,534,0,0
BRDA:7,534,1,0
BRDA:7,535,0,0
BRDA:7,535,1,0
BRDA:7,536,0,0
BRDA:7,536,1,0
BRDA:7,537,0,0
BRDA:7,537,1,0
BRDA:7,538,0,0
BRDA:7,538,1,0
BRDA:7,539,0,0
BRDA:7,539,1,0
BRDA:7,540,0,0
BRDA:7,540,1,0
BRDA:7,541,0,0
BRDA:7,541,1,0
BRDA:7,542,0,0
BRDA:7,542,1,0
BRDA:7,543,0,0
BRDA:7,543,1,0
BRDA:7,544,0,0
BRDA:7,544,1,0
BRDA:7,545,0,0
BRDA:7,545,1,0
BRDA:7,546,0,0
BRDA:7,546,1,0
BRDA:7,547,0,0
BRDA:7,547,1,0
BRDA:7,548,0,0
BRDA:7,548,1,0
BRDA:7,549,0,0
BRDA:7,549,1,0
BRDA:7,550,0,0
BRDA:7,550,1,0
BRDA:7,551,0,0
BRDA:7,551,1,0
BRDA:7,552,0,0
BRDA:7,552,1,0
BRDA:7,553,0,0
BRDA:7,553,1,0
BRDA:7,554,0,0
BRDA:7,554,1,0
BRDA:7,555,0,0
BRDA:7,555,1,0
BRDA:7,556,0,0
BRDA:7,556,1,0
BRDA:7,557,0,0
BRDA:7,557,1,0
BRDA:7,558,0,0
BRDA:7,558,1,0
BRDA:7,559,0,0
BRDA:7,559,1,0
BRDA:7,559,2,0
BRDA:7,560,0,0
BRDA:7,560,1,0
BRDA:7,560,2,0
BRDA:7,561,0,0
BRDA:7,561,1,0
BRDA:7,562,0,0
BRDA:7,562,1,0
BRDA:7,563,0,0
BRDA:7,563,1,0
BRDA:7,564,0,0
BRDA:7,564,1,0
BRDA:7,565,0,0
BRDA:7,565,1,0
BRDA:7,566,0,0
BRDA:7,566,1,0
BRDA:7,567,0,0
BRDA:7,567,1,0
BRDA:7,568,0,0
BRDA:7,568,1,0
BRDA:7,569,0,0
BRDA:7,569,1,0
BRDA:7,570,0,0
BRDA:7,570,1,0
BRDA:7,571,0,0
BRDA:7,571,1,0
BRDA:7,572,0,0
BRDA:7,572,1,0
BRDA:7,573,0,0
BRDA:7,573,1,0
BRDA:7,574,0,0
BRDA:7,574,1,0
BRDA:7,574,2,0
BRDA:7,575,0,0
BRDA:7,575,1,0
BRDA:7,576,0,0
BRDA:7,576,1,0
BRDA:7,577,0,0
BRDA:7,577,1,0
BRDA:7,578,0,0
BRDA:7,578,1,0
BRDA:8,579,0,0
BRDA:8,579,1,0
BRDA:8,580,0,0
BRDA:8,580,1,0
BRDA:8,581,0,0
BRDA:8,581,1,0
BRDA:8,582,0,0
BRDA:8,582,1,0
BRDA:8,583,0,0
BRDA:8,583,1,0
BRDA:8,584,0,0
BRDA:8,584,1,0
BRDA:8,585,0,0
BRDA:8,585,1,0
BRDA:8,586,0,0
BRDA:8,586,1,0
BRDA:8,587,0,0
BRDA:8,587,1,0
BRDA:8,588,0,0
BRDA:8,588,1,0
BRDA:8,589,0,0
BRDA:8,589,1,0
BRDA:8,590,0,0
BRDA:8,590,1,0
BRDA:8,591,0,0
BRDA:8,591,1,0
BRDA:8,592,0,0
BRDA:8,592,1,0
BRDA:8,593,0,0
BRDA:8,593,1,0
BRDA:8,594,0,0
BRDA:8,594,1,0
BRDA:8,595,0,0
BRDA:8,595,1,0
BRDA:8,596,0,0
BRDA:8,596,1,0
BRDA:8,597,0,0
BRDA:8,597,1,0
BRDA:8,598,0,0
BRDA:8,598,1,0
BRDA:8,599,0,0
BRDA:8,599,1,0
BRDA:8,600,0,0
BRDA:8,600,1,0
BRDA:8,601,0,0
BRDA:8,601,1,0
BRDA:8,602,0,0
BRDA:8,602,1,0
BRDA:8,603,0,0
BRDA:8,603,1,0
BRDA:8,604,0,0
BRDA:8,604,1,0
BRDA:8,605,0,0
BRDA:8,605,1,0
BRDA:8,606,0,0
BRDA:8,606,1,0
BRDA:8,607,0,0
BRDA:8,607,1,0
BRDA:8,608,0,0
BRDA:8,608,1,0
BRDA:8,609,0,0
BRDA:8,609,1,0
BRDA:8,610,0,0
BRDA:8,610,1,0
BRDA:8,611,0,0
BRDA:8,611,1,0
BRDA:8,612,0,0
BRDA:8,612,1,0
BRDA:8,613,0,0
BRDA:8,613,1,0
BRDA:8,614,0,0
BRDA:8,614,1,0
BRDA:8,615,0,0
BRDA:8,615,1,0
BRDA:8,616,0,0
BRDA:8,616,1,0
BRDA:8,616,2,0
BRDA:8,616,3,0
BRDA:8,617,0,0
BRDA:8,617,1,0
BRDA:8,618,0,0
BRDA:8,618,1,0
BRDA:8,619,0,0
BRDA:8,619,1,0
BRDA:8,620,0,0
BRDA:8,620,1,0
BRDA:8,620,2,0
BRDA:8,621,0,0
BRDA:8,621,1,0
BRDA:8,622,0,0
BRDA:8,622,1,0
BRDA:8,623,0,0
BRDA:8,623,1,0
BRDA:8,624,0,0
BRDA:8,624,1,0
BRDA:8,625,0,0
BRDA:8,625,1,0
BRDA:8,626,0,0
BRDA:8,626,1,0
BRDA:8,627,0,0
BRDA:8,627,1,0
BRDA:8,628,0,0
BRDA:8,628,1,0
BRDA:8,629,0,0
BRDA:8,630,0,0
BRDA:8,631,0,0
BRDA:8,631,1,0
BRDA:8,632,0,0
BRDA:8,632,1,0
BRDA:8,633,0,0
BRDA:8,633,1,0
BRDA:8,634,0,0
BRDA:8,634,1,0
BRDA:8,634,2,0
BRDA:8,635,0,0
BRDA:8,635,1,0
BRDA:8,636,0,0
BRDA:8,636,1,0
BRDA:8,637,0,0
BRDA:8,637,1,0
BRDA:8,638,0,0
BRDA:8,638,1,0
BRDA:8,639,0,0
BRDA:8,639,1,0
BRDA:8,640,0,0
BRDA:8,640,1,0
BRDA:8,640,2,0
BRDA:8,641,0,0
BRDA:8,641,1,0
BRDA:8,642,0,0
BRDA:8,642,1,0
BRDA:8,643,0,0
BRDA:8,643,1,0
BRDA:8,644,0,0
BRDA:8,644,1,0
BRDA:8,644,2,0
BRDA:8,645,0,0
BRDA:8,645,1,0
BRDA:8,646,0,0
BRDA:8,646,1,0
BRDA:8,647,0,0
BRDA:8,647,1,0
BRDA:8,648,0,0
BRDA:8,648,1,0
BRDA:8,649,0,0
BRDA:8,649,1,0
BRDA:8,649,2,0
BRDA:8,650,0,0
BRDA:8,650,1,0
BRDA:8,651,0,0
BRDA:8,651,1,0
BRDA:8,652,0,0
BRDA:8,652,1,0
BRDA:8,653,0,0
BRDA:8,653,1,0
BRDA:8,654,0,0
BRDA:8,654,1,0
BRDA:8,654,2,0
BRDA:8,655,0,0
BRDA:8,655,1,0
BRDA:8,656,0,0
BRDA:8,656,1,0
BRDA:8,657,0,0
BRDA:8,657,1,0
BRDA:8,658,0,0
BRDA:8,658,1,0
BRDA:8,659,0,0
BRDA:8,659,1,0
BRDA:8,660,0,0
BRDA:8,660,1,0
BRDA:8,661,0,0
BRDA:8,661,1,0
BRDA:8,662,0,0
BRDA:8,662,1,0
BRDA:8,663,0,0
BRDA:8,663,1,0
BRDA:8,664,0,0
BRDA:8,664,1,0
BRDA:8,665,0,0
BRDA:8,665,1,0
BRDA:8,666,0,0
BRDA:8,666,1,0
BRDA:8,667,0,0
BRDA:8,667,1,0
BRDA:8,668,0,0
BRDA:8,668,1,0
BRDA:8,669,0,0
BRDA:8,669,1,0
BRDA:8,670,0,0
BRDA:8,670,1,0
BRDA:8,671,0,0
BRDA:8,671,1,0
BRDA:8,672,0,0
BRDA:8,672,1,0
BRDA:8,673,0,0
BRDA:8,673,1,0
BRDA:8,674,0,0
BRDA:8,674,1,0
BRDA:8,675,0,0
BRDA:8,675,1,0
BRDA:8,675,2,0
BRDA:8,676,0,0
BRDA:8,676,1,0
BRDA:8,676,2,0
BRDA:8,677,0,0
BRDA:8,677,1,0
BRDA:8,677,2,0
BRDA:8,678,0,0
BRDA:8,678,1,0
BRDA:8,679,0,0
BRDA:8,679,1,0
BRDA:8,680,0,0
BRDA:8,680,1,0
BRDA:8,681,0,0
BRDA:8,681,1,0
BRDA:8,682,0,0
BRDA:8,682,1,0
BRDA:8,683,0,0
BRDA:8,683,1,0
BRDA:8,684,0,0
BRDA:8,684,1,0
BRDA:8,685,0,0
BRDA:8,685,1,0
BRDA:8,686,0,0
BRDA:8,686,1,0
BRDA:8,687,0,0
BRDA:8,687,1,0
BRDA:8,688,0,0
BRDA:8,688,1,0
BRDA:8,688,2,0
BRDA:8,688,3,0
BRDA:8,688,4,0
BRDA:8,688,5,0
BRDA:8,688,6,0
BRDA:8,688,7,0
BRDA:8,688,8,0
BRDA:8,688,9,0
BRDA:8,688,10,0
BRDA:8,688,11,0
BRDA:8,688,12,0
BRDA:8,688,13,0
BRDA:8,688,14,0
BRDA:8,688,15,0
BRDA:8,688,16,0
BRDA:8,688,17,0
BRDA:8,688,18,0
BRDA:8,688,19,0
BRDA:8,688,20,0
BRDA:8,688,21,0
BRDA:8,688,22,0
BRDA:8,689,0,0
BRDA:8,689,1,0
BRDA:8,690,0,0
BRDA:8,690,1,0
BRDA:8,691,0,0
BRDA:8,691,1,0
BRDA:8,692,0,0
BRDA:8,692,1,0
BRDA:8,693,0,0
BRDA:8,693,1,0
BRDA:8,694,0,0
BRDA:8,694,1,0
BRDA:8,695,0,0
BRDA:8,696,0,0
BRDA:8,697,0,0
BRDA:8,698,0,0
BRDA:8,698,1,0
BRDA:8,699,0,0
BRDA:8,699,1,0
BRDA:8,700,0,0
BRDA:8,700,1,0
BRDA:8,701,0,0
BRDA:8,701,1,0
BRDA:8,702,0,0
BRDA:8,702,1,0
BRDA:8,703,0,0
BRDA:8,703,1,0
BRDA:8,704,0,0
BRDA:8,704,1,0
BRDA:8,705,0,0
BRDA:8,705,1,0
BRDA:8,706,0,0
BRDA:8,706,1,0
BRDA:8,707,0,0
BRDA:8,707,1,0
BRDA:8,708,0,0
BRDA:8,708,1,0
BRDA:8,709,0,0
BRDA:8,709,1,0
BRDA:8,710,0,0
BRDA:8,710,1,0
BRDA:8,711,0,0
BRDA:8,711,1,0
BRDA:8,712,0,0
BRDA:8,712,1,0
BRDA:8,713,0,0
BRDA:8,713,1,0
BRDA:8,714,0,0
BRDA:8,714,1,0
BRDA:8,714,2,0
BRDA:8,714,3,0
BRDA:8,714,4,0
BRDA:9,715,0,0
BRDA:9,715,1,0
BRDA:9,716,0,0
BRDA:9,716,1,0
BRDA:9,717,0,0
BRDA:9,718,0,0
BRDA:9,718,1,0
BRDA:9,719,0,0
BRDA:9,720,0,0
BRDA:9,720,1,0
BRDA:9,721,0,0
BRDA:9,722,0,0
BRDA:9,722,1,0
BRDA:9,723,0,0
BRDA:9,724,0,0
BRDA:9,724,1,0
BRDA:9,725,0,0
BRDA:9,726,0,0
BRDA:9,726,1,0
BRDA:9,727,0,0
BRDA:9,728,0,0
BRDA:9,728,1,0
BRDA:9,729,0,0
BRDA:9,729,1,0
BRDA:9,730,0,0
BRDA:9,730,1,0
BRDA:9,731,0,0
BRDA:9,732,0,0
BRDA:9,732,1,0
BRDA:9,733,0,0
BRDA:9,733,1,0
BRDA:9,734,0,0
BRDA:9,734,1,0
BRDA:9,735,0,0
BRDA:9,735,1,0
BRDA:9,736,0,0
BRDA:9,736,1,0
BRDA:9,737,0,0
BRDA:9,737,1,0
BRDA:9,738,0,0
BRDA:9,738,1,0
BRDA:9,739,0,0
BRDA:9,739,1,0
BRDA:9,740,0,0
BRDA:9,740,1,0
BRDA:9,741,0,0
BRDA:9,741,1,0
BRDA:9,742,0,0
BRDA:9,742,1,0
BRDA:9,743,0,0
BRDA:9,743,1,0
BRDA:9,744,0,0
BRDA:9,744,1,0
BRDA:9,745,0,0
BRDA:9,745,1,0
BRDA:9,746,0,0
BRDA:9,746,1,0
BRDA:9,747,0,0
BRDA:9,747,1,0
BRDA:9,748,0,0
BRDA:9,748,1,0
BRDA:9,749,0,0
BRDA:9,749,1,0
BRDA:9,750,0,0
BRDA:9,750,1,0
BRDA:9,751,0,0
BRDA:9,751,1,0
BRDA:9,752,0,0
BRDA:9,752,1,0
BRDA:9,753,0,0
BRDA:9,753,1,0
BRDA:9,754,0,0
BRDA:9,754,1,0
BRDA:9,755,0,0
BRDA:9,755,1,0
BRDA:9,756,0,0
BRDA:9,756,1,0
BRDA:9,757,0,0
BRDA:9,757,1,0
BRDA:9,758,0,0
BRDA:9,758,1,0
BRDA:9,759,0,0
BRDA:9,759,1,0
BRDA:9,760,0,0
BRDA:9,760,1,0
BRDA:9,761,0,0
BRDA:9,761,1,0
BRDA:9,762,0,0
BRDA:9,762,1,0
BRDA:9,763,0,0
BRDA:9,763,1,0
BRDA:9,764,0,0
BRDA:9,764,1,0
BRDA:9,765,0,0
BRDA:9,765,1,0
BRDA:9,766,0,0
BRDA:9,766,1,0
BRDA:9,767,0,0
BRDA:9,767,1,0
BRDA:9,768,0,0
BRDA:9,768,1,0
BRDA:9,769,0,0
BRDA:9,769,1,0
BRDA:9,770,0,0
BRDA:9,770,1,0
BRDA:9,771,0,0
BRDA:9,771,1,0
BRDA:9,772,0,0
BRDA:9,772,1,0
BRDA:9,772,2,0
BRDA:9,773,0,0
BRDA:9,773,1,0
BRDA:9,774,0,0
BRDA:9,774,1,0
BRDA:9,774,2,0
BRDA:9,775,0,0
BRDA:9,775,1,0
BRDA:9,776,0,0
BRDA:9,776,1,0
BRDA:9,777,0,0
BRDA:9,777,1,0
BRDA:9,777,2,0
BRDA:9,777,3,0
BRDA:9,778,0,0
BRDA:9,778,1,0
BRDA:9,779,0,0
BRDA:9,779,1,0
BRDA:9,780,0,0
BRDA:9,780,1,0
BRDA:9,781,0,0
BRDA:9,781,1,0
BRDA:9,782,0,0
BRDA:9,782,1,0
BRDA:9,783,0,0
BRDA:9,783,1,0
BRDA:9,784,0,0
BRDA:9,784,1,0
BRDA:9,784,2,0
BRDA:9,784,3,0
BRDA:9,785,0,0
BRDA:9,785,1,0
BRDA:9,786,0,0
BRDA:9,786,1,0
BRDA:9,787,0,0
BRDA:9,787,1,0
BRDA:9,788,0,0
BRDA:9,788,1,0
BRDA:9,789,0,0
BRDA:9,789,1,0
BRDA:9,790,0,0
BRDA:9,790,1,0
BRDA:9,791,0,0
BRDA:9,792,0,0
BRDA:9,792,1,0
BRDA:9,792,2,0
BRDA:9,793,0,0
BRDA:9,793,1,0
BRDA:9,794,0,0
BRDA:9,794,1,0
BRDA:9,795,0,0
BRDA:9,795,1,0
BRDA:9,796,0,0
BRDA:9,796,1,0
BRDA:9,797,0,0
BRDA:9,798,0,0
BRDA:9,798,1,0
BRDA:9,799,0,0
BRDA:9,799,1,0
BRDA:9,800,0,0
BRDA:9,800,1,0
BRDA:9,801,0,0
BRDA:9,801,1,0
BRDA:9,802,0,0
BRDA:9,802,1,0
BRDA:9,803,0,0
BRDA:9,803,1,0
BRDA:9,804,0,0
BRDA:9,804,1,0
BRDA:9,805,0,0
BRDA:9,806,0,0
BRDA:9,807,0,0
BRDA:9,808,0,0
BRDA:9,808,1,0
BRDA:9,809,0,0
BRDA:9,809,1,0
BRDA:9,809,2,0
BRDA:11,810,0,0
BRDA:11,810,1,0
BRDA:11,811,0,0
BRDA:11,811,1,0
BRDA:11,812,0,0
BRDA:11,812,1,0
BRDA:11,813,0,0
BRDA:11,813,1,0
BRDA:11,814,0,0
BRDA:11,814,1,0
BRDA:11,815,0,0
BRDA:11,815,1,0
BRDA:11,816,0,0
BRDA:11,816,1,0
BRDA:11,817,0,0
BRDA:11,817,1,0
BRDA:11,817,2,0
BRDA:11,818,0,0
BRDA:11,818,1,0
BRDA:11,819,0,0
BRDA:11,819,1,0
BRDA:11,820,0,0
BRDA:11,820,1,0
BRDA:11,821,0,0
BRDA:11,821,1,0
BRDA:11,822,0,0
BRDA:11,822,1,0
BRDA:11,823,0,0
BRDA:11,823,1,0
BRDA:11,824,0,0
BRDA:11,824,1,0
BRDA:11,824,2,0
BRDA:11,824,3,0
BRDA:11,824,4,0
BRDA:11,824,5,0
BRDA:11,825,0,0
BRDA:11,825,1,0
BRDA:11,826,0,0
BRDA:11,826,1,0
BRDA:11,827,0,0
BRDA:11,827,1,0
BRDA:11,828,0,0
BRDA:11,828,1,0
BRDA:11,829,0,0
BRDA:11,829,1,0
BRDA:11,830,0,0
BRDA:11,830,1,0
BRDA:11,831,0,0
BRDA:11,831,1,0
BRDA:14,832,0,0
BRDA:14,832,1,0
BRDA:14,833,0,0
BRDA:14,833,1,0
BRDA:14,834,0,0
BRDA:14,834,1,0
BRDA:14,835,0,0
BRDA:14,835,1,0
BRDA:14,836,0,0
BRDA:14,836,1,0
BRDA:14,837,0,0
BRDA:14,837,1,0
BRDA:14,838,0,0
BRDA:14,838,1,0
BRDA:14,839,0,0
BRDA:14,839,1,0
BRDA:14,840,0,0
BRDA:14,840,1,0
BRDA:14,841,0,0
BRDA:14,841,1,0
BRDA:14,842,0,0
BRDA:14,842,1,0
BRDA:14,843,0,0
BRDA:14,843,1,0
BRDA:14,844,0,0
BRDA:14,844,1,0
BRDA:14,845,0,0
BRDA:14,845,1,0
BRDA:14,846,0,0
BRDA:14,846,1,0
BRDA:14,846,2,0
BRDA:14,847,0,0
BRDA:14,847,1,0
BRDA:14,848,0,0
BRDA:14,848,1,0
BRDA:14,849,0,0
BRDA:14,849,1,0
BRDA:14,850,0,0
BRDA:14,850,1,0
BRDA:14,851,0,0
BRDA:14,851,1,0
BRDA:14,852,0,0
BRDA:14,852,1,0
BRDA:14,853,0,0
BRDA:14,853,1,0
BRDA:14,854,0,0
BRDA:14,854,1,0
BRDA:14,855,0,0
BRDA:14,855,1,0
BRDA:14,856,0,0
BRDA:14,856,1,0
BRDA:14,857,0,0
BRDA:14,857,1,0
BRDA:14,858,0,0
BRDA:14,858,1,0
BRDA:14,859,0,0
BRDA:14,859,1,0
BRDA:14,860,0,0
BRDA:14,860,1,0
BRDA:14,861,0,0
BRDA:14,861,1,0
BRDA:14,862,0,0
BRDA:14,862,1,0
BRDA:14,863,0,0
BRDA:14,863,1,0
BRDA:14,864,0,0
BRDA:14,864,1,0
BRDA:14,865,0,0
BRDA:14,865,1,0
BRDA:14,866,0,0
BRDA:14,866,1,0
BRDA:14,867,0,0
BRDA:14,867,1,0
BRDA:14,868,0,0
BRDA:14,868,1,0
BRDA:14,869,0,0
BRDA:14,869,1,0
BRDA:14,870,0,0
BRDA:14,870,1,0
BRDA:14,871,0,0
BRDA:14,871,1,0
BRDA:14,872,0,0
BRDA:14,872,1,0
BRDA:14,873,0,0
BRDA:14,873,1,0
BRDA:14,874,0,0
BRDA:14,874,1,0
BRDA:14,875,0,0
BRDA:14,875,1,0
BRDA:14,876,0,0
BRDA:14,876,1,0
BRDA:14,877,0,0
BRDA:14,877,1,0
BRDA:14,878,0,0
BRDA:14,878,1,0
BRDA:14,879,0,0
BRDA:14,879,1,0
BRDA:14,880,0,0
BRDA:14,880,1,0
BRDA:14,881,0,0
BRDA:14,881,1,0
BRDA:15,882,0,0
BRDA:15,882,1,0
BRDA:15,883,0,0
BRDA:15,883,1,0
BRDA:15,884,0,0
BRDA:15,884,1,0
BRDA:15,885,0,0
BRDA:15,885,1,0
BRDA:15,886,0,0
BRDA:15,886,1,0
BRDA:15,887,0,0
BRDA:15,887,1,0
BRDA:15,888,0,0
BRDA:15,888,1,0
BRDA:15,889,0,0
BRDA:15,889,1,0
BRDA:15,890,0,0
BRDA:15,890,1,0
BRDA:15,891,0,0
BRDA:15,891,1,0
BRDA:15,892,0,0
BRDA:15,892,1,0
BRDA:15,893,0,0
BRDA:15,893,1,0
BRDA:15,894,0,0
BRDA:15,894,1,0
BRDA:15,894,2,0
BRDA:16,895,0,0
BRDA:16,895,1,0
BRDA:16,896,0,0
BRDA:16,896,1,0
BRDA:16,896,2,0
BRDA:16,896,3,0
BRDA:16,897,0,0
BRDA:16,897,1,0
BRDA:16,898,0,0
BRDA:16,898,1,0
BRDA:16,898,2,0
BRDA:16,898,3,0
BRDA:16,899,0,0
BRDA:16,899,1,0
BRDA:16,900,0,0
BRDA:16,900,1,0
BRDA:16,901,0,0
BRDA:16,901,1,0
BRDA:16,902,0,0
BRDA:16,902,1,0
BRDA:16,903,0,0
BRDA:16,904,0,0
BRDA:16,904,1,0
BRDA:16,905,0,0
BRDA:16,905,1,0
BRDA:16,905,2,0
BRDA:16,906,0,0
BRDA:16,906,1,0
BRDA:16,907,0,0
BRDA:16,907,1,0
BRDA:17,908,0,0
BRDA:17,908,1,0
BRDA:17,909,0,0
BRDA:17,909,1,0
BRDA:17,910,0,0
BRDA:17,910,1,0
BRDA:17,911,0,0
BRDA:17,911,1,0
BRDA:17,912,0,0
BRDA:17,912,1,0
BRDA:17,913,0,0
BRDA:17,913,1,0
BRDA:17,914,0,0
BRDA:17,914,1,0
BRDA:17,915,0,0
BRDA:17,915,1,0
BRDA:17,916,0,0
BRDA:17,916,1,0
BRDA:17,917,0,0
BRDA:17,917,1,0
BRDA:17,918,0,0
BRDA:17,918,1,0
BRDA:17,919,0,0
BRDA:17,919,1,0
BRDA:17,920,0,0
BRDA:17,920,1,0
BRDA:17,921,0,0
BRDA:17,921,1,0
BRDA:17,922,0,0
BRDA:17,922,1,0
BRDA:17,923,0,0
BRDA:17,923,1,0
BRDA:17,924,0,0
BRDA:17,924,1,0
BRDA:17,925,0,0
BRDA:17,925,1,0
BRDA:17,926,0,0
BRDA:17,926,1,0
BRDA:17,927,0,0
BRDA:17,927,1,0
BRDA:17,928,0,0
BRDA:17,928,1,0
BRDA:17,929,0,0
BRDA:17,929,1,0
BRDA:17,929,2,0
BRDA:17,930,0,0
BRDA:17,930,1,0
BRDA:24,931,0,0
BRDA:24,931,1,0
BRDA:24,932,0,0
BRDA:24,932,1,0
BRDA:24,933,0,0
BRDA:24,933,1,0
BRDA:24,934,0,0
BRDA:24,934,1,0
BRDA:24,934,2,0
BRDA:24,934,3,0
BRDA:24,934,4,0
BRDA:24,934,5,0
BRDA:24,934,6,0
BRDA:24,935,0,0
BRDA:24,935,1,0
BRDA:24,936,0,0
BRDA:24,937,0,0
BRDA:24,937,1,0
BRDA:24,938,0,0
BRDA:24,938,1,0
BRDA:24,939,0,0
BRDA:24,939,1,0
BRDA:24,940,0,0
BRDA:24,940,1,0
BRDA:24,941,0,0
BRDA:24,941,1,0
BRDA:24,941,2,0
BRDA:24,942,0,0
BRDA:24,943,0,0
BRDA:24,943,1,0
BRDA:24,944,0,0
BRDA:24,944,1,0
BRDA:24,945,0,0
BRDA:24,945,1,0
BRDA:24,946,0,0
BRDA:24,946,1,0
BRDA:24,947,0,0
BRDA:24,947,1,0
BRDA:24,948,0,0
BRDA:24,948,1,0
BRDA:24,948,2,0
BRDA:24,949,0,0
BRDA:24,949,1,0
BRDA:24,950,0,0
BRDA:24,950,1,0
BRDA:24,951,0,0
BRDA:24,951,1,0
BRDA:24,952,0,0
BRDA:24,952,1,0
BRDA:24,953,0,0
BRDA:24,953,1,0
BRDA:24,954,0,0
BRDA:24,954,1,0
BRDA:24,955,0,0
BRDA:24,955,1,0
BRDA:24,956,0,0
BRDA:24,956,1,0
BRDA:24,957,0,0
BRDA:24,957,1,0
BRDA:24,958,0,0
BRDA:24,958,1,0
BRDA:24,959,0,0
BRDA:24,959,1,0
BRDA:24,960,0,0
BRDA:24,960,1,0
BRDA:24,961,0,0
BRDA:24,961,1,0
BRDA:24,962,0,0
BRDA:24,962,1,0
BRDA:24,963,0,0
BRDA:24,963,1,0
BRDA:24,963,2,0
BRDA:24,963,3,0
BRDA:24,963,4,0
BRDA:24,963,5,0
BRDA:24,963,6,0
BRDA:24,963,7,0
BRDA:24,963,8,0
BRDA:24,963,9,0
BRDA:24,963,10,0
BRDA:24,963,11,0
BRDA:24,963,12,0
BRDA:24,964,0,0
BRDA:24,964,1,0
BRDA:24,965,0,0
BRDA:24,965,1,0
BRDA:24,966,0,0
BRDA:24,966,1,0
BRDA:24,967,0,0
BRDA:24,967,1,0
BRDA:24,968,0,0
BRDA:24,968,1,0
BRDA:24,969,0,0
BRDA:24,969,1,0
BRDA:24,970,0,0
BRDA:24,970,1,0
BRDA:24,971,0,0
BRDA:24,971,1,0
BRDA:24,972,0,0
BRDA:24,972,1,0
BRDA:24,973,0,0
BRDA:24,973,1,0
BRDA:24,974,0,0
BRDA:24,974,1,0
BRDA:24,975,0,0
BRDA:24,975,1,0
BRDA:24,976,0,0
BRDA:24,976,1,0
BRDA:24,977,0,0
BRDA:24,977,1,0
BRDA:24,978,0,0
BRDA:24,978,1,0
BRDA:24,979,0,0
BRDA:24,979,1,0
BRDA:24,980,0,0
BRDA:24,980,1,0
BRDA:24,981,0,0
BRDA:24,981,1,0
BRDA:24,982,0,0
BRDA:24,982,1,0
BRDA:24,983,0,0
BRDA:24,983,1,0
BRDA:24,984,0,0
BRDA:24,984,1,0
BRDA:24,985,0,0
BRDA:24,985,1,0
BRDA:24,986,0,0
BRDA:24,986,1,0
BRDA:24,987,0,0
BRDA:24,987,1,0
BRDA:24,988,0,0
BRDA:24,988,1,0
BRDA:24,989,0,0
BRDA:24,989,1,0
BRDA:24,990,0,0
BRDA:24,990,1,0
BRDA:24,991,0,0
BRDA:24,991,1,0
BRDA:24,992,0,0
BRDA:24,992,1,0
BRDA:24,992,2,0
BRDA:24,993,0,0
BRDA:24,993,1,0
BRDA:24,994,0,0
BRDA:24,994,1,0
BRDA:24,995,0,0
BRDA:24,995,1,0
BRDA:25,996,0,0
BRDA:25,996,1,0
BRDA:25,997,0,0
BRDA:25,997,1,0
BRDA:25,998,0,0
BRDA:25,998,1,0
BRDA:25,999,0,0
BRDA:25,999,1,0
BRDA:25,1000,0,0
BRDA:25,1000,1,0
BRDA:25,1001,0,0
BRDA:25,1001,1,0
BRDA:25,1002,0,0
BRDA:25,1002,1,0
BRDA:26,1003,0,0
BRDA:26,1003,1,0
BRDA:26,1004,0,0
BRDA:26,1004,1,0
BRDA:26,1005,0,0
BRDA:26,1005,1,0
BRDA:27,1006,0,0
BRDA:27,1006,1,0
BRDA:28,1007,0,0
BRDA:28,1007,1,0
BRDA:28,1008,0,0
BRDA:28,1008,1,0
BRDA:28,1009,0,0
BRDA:28,1009,1,0
BRDA:28,1010,0,0
BRDA:28,1010,1,0
BRDA:28,1011,0,0
BRDA:28,1011,1,0
BRDA:28,1012,0,0
BRDA:28,1012,1,0
BRDA:28,1013,0,0
BRDA:28,1013,1,0
BRDA:28,1014,0,0
BRDA:28,1014,1,0
BRDA:29,1015,0,0
BRDA:29,1015,1,0
BRDA:29,1016,0,0
BRDA:29,1016,1,0
BRDA:29,1017,0,0
BRDA:29,1017,1,0
BRDA:29,1018,0,0
BRDA:29,1018,1,0
BRDA:29,1019,0,0
BRDA:29,1019,1,0
BRDA:29,1020,0,0
BRDA:29,1020,1,0
BRDA:29,1021,0,0
BRDA:29,1021,1,0
BRDA:29,1022,0,0
BRDA:29,1022,1,0
BRDA:29,1023,0,0
BRDA:29,1023,1,0
BRDA:29,1024,0,0
BRDA:29,1024,1,0
BRDA:29,1025,0,0
BRDA:29,1025,1,0
BRDA:29,1026,0,0
BRDA:29,1026,1,0
BRDA:29,1027,0,0
BRDA:29,1027,1,0
BRDA:29,1028,0,0
BRDA:29,1028,1,0
BRDA:29,1029,0,0
BRDA:29,1029,1,0
BRDA:29,1030,0,0
BRDA:29,1030,1,0
BRDA:29,1031,0,0
BRDA:29,1031,1,0
BRDA:29,1032,0,0
BRDA:29,1032,1,0
BRDA:29,1033,0,0
BRDA:29,1033,1,0
BRDA:29,1034,0,0
BRDA:29,1034,1,0
BRDA:29,1035,0,0
BRDA:29,1035,1,0
BRDA:29,1036,0,0
BRDA:29,1036,1,0
BRDA:29,1037,0,0
BRDA:29,1037,1,0
BRDA:29,1038,0,0
BRDA:29,1038,1,0
BRDA:29,1039,0,0
BRDA:29,1039,1,0
BRDA:29,1040,0,0
BRDA:29,1040,1,0
BRDA:29,1041,0,0
BRDA:29,1041,1,0
BRDA:29,1042,0,0
BRDA:29,1042,1,0
BRDA:29,1043,0,0
BRDA:29,1043,1,0
BRDA:29,1044,0,0
BRDA:29,1044,1,0
BRDA:29,1045,0,0
BRDA:29,1045,1,0
BRDA:29,1046,0,0
BRDA:29,1046,1,0
BRDA:29,1047,0,0
BRDA:29,1047,1,0
BRDA:29,1048,0,0
BRDA:29,1048,1,0
BRDA:29,1049,0,0
BRDA:29,1049,1,0
BRDA:29,1050,0,0
BRDA:29,1050,1,0
BRDA:29,1051,0,0
BRDA:29,1051,1,0
BRDA:29,1052,0,0
BRDA:29,1052,1,0
BRDA:29,1052,2,0
BRDA:29,1052,3,0
BRDA:33,1053,0,0
BRDA:33,1053,1,0
BRDA:33,1054,0,0
BRDA:33,1054,1,0
BRDA:33,1055,0,0
BRDA:33,1055,1,0
BRDA:33,1056,0,0
BRDA:33,1056,1,0
BRDA:33,1057,0,0
BRDA:33,1057,1,0
BRDA:33,1058,0,0
BRDA:33,1058,1,0
BRDA:33,1059,0,0
BRDA:33,1059,1,0
BRDA:33,1060,0,0
BRDA:33,1060,1,0
BRDA:33,1061,0,0
BRDA:33,1061,1,0
BRDA:33,1062,0,0
BRDA:33,1062,1,0
BRDA:33,1063,0,0
BRDA:33,1063,1,0
BRDA:33,1064,0,0
BRDA:33,1064,1,0
BRDA:33,1065,0,0
BRDA:33,1065,1,0
BRDA:33,1066,0,0
BRDA:33,1066,1,0
BRDA:33,1067,0,0
BRDA:33,1067,1,0
BRDA:33,1068,0,0
BRDA:33,1068,1,0
BRDA:33,1069,0,0
BRDA:33,1069,1,0
BRDA:33,1070,0,0
BRDA:33,1070,1,0
BRDA:33,1071,0,0
BRDA:33,1071,1,0
BRDA:33,1072,0,0
BRDA:33,1072,1,0
BRDA:33,1073,0,0
BRDA:33,1073,1,0
BRDA:33,1074,0,0
BRDA:33,1074,1,0
BRDA:33,1075,0,0
BRDA:33,1075,1,0
BRDA:33,1076,0,0
BRDA:33,1076,1,0
BRDA:33,1077,0,0
BRDA:33,1077,1,0
BRDA:33,1078,0,0
BRDA:33,1078,1,0
BRDA:33,1079,0,0
BRDA:33,1079,1,0
BRDA:33,1080,0,0
BRDA:33,1080,1,0
BRDA:33,1081,0,0
BRDA:33,1081,1,0
BRDA:33,1082,0,0
BRDA:33,1082,1,0
BRDA:33,1083,0,0
BRDA:33,1083,1,0
BRDA:33,1084,0,0
BRDA:33,1084,1,0
BRDA:33,1085,0,0
BRDA:33,1085,1,0
BRDA:33,1086,0,0
BRDA:33,1086,1,0
BRDA:33,1087,0,0
BRDA:33,1087,1,0
BRDA:33,1088,0,0
BRDA:33,1088,1,0
BRDA:33,1089,0,0
BRDA:33,1089,1,0
BRDA:33,1090,0,0
BRDA:33,1090,1,0
BRDA:33,1091,0,0
BRDA:33,1091,1,0
BRDA:33,1092,0,0
BRDA:33,1092,1,0
BRDA:33,1093,0,0
BRDA:33,1093,1,0
BRDA:33,1094,0,0
BRDA:33,1094,1,0
BRDA:33,1095,0,0
BRDA:33,1095,1,0
BRDA:33,1096,0,0
BRDA:33,1096,1,0
BRDA:33,1097,0,0
BRDA:33,1097,1,0
BRDA:33,1098,0,0
BRDA:33,1098,1,0
BRDA:33,1099,0,0
BRDA:33,1099,1,0
BRDA:33,1100,0,0
BRDA:33,1100,1,0
BRDA:33,1101,0,0
BRDA:33,1101,1,0
BRDA:33,1102,0,0
BRDA:33,1102,1,0
BRDA:33,1103,0,0
BRDA:33,1103,1,0
BRDA:33,1104,0,0
BRDA:33,1104,1,0
BRDA:33,1105,0,0
BRDA:33,1105,1,0
BRDA:33,1106,0,0
BRDA:33,1106,1,0
BRDA:33,1107,0,0
BRDA:33,1107,1,0
BRDA:33,1108,0,0
BRDA:33,1108,1,0
BRDA:33,1109,0,0
BRDA:33,1109,1,0
BRDA:33,1110,0,0
BRDA:33,1110,1,0
BRDA:33,1111,0,0
BRDA:33,1111,1,0
BRDA:33,1112,0,0
BRDA:33,1112,1,0
BRDA:33,1113,0,0
BRDA:33,1113,1,0
BRDA:33,1114,0,0
BRDA:33,1114,1,0
BRDA:33,1115,0,0
BRDA:33,1115,1,0
BRDA:33,1116,0,0
BRDA:33,1116,1,0
BRDA:33,1116,2,0
BRDA:33,1117,0,0
BRDA:33,1117,1,0
BRDA:33,1118,0,0
BRDA:33,1118,1,0
BRDA:33,1119,0,0
BRDA:33,1119,1,0
BRDA:34,1120,0,0
BRDA:34,1120,1,0
BRDA:34,1121,0,0
BRDA:34,1121,1,0
BRDA:34,1122,0,0
BRDA:34,1122,1,0
BRDA:34,1123,0,0
BRDA:34,1123,1,0
BRDA:34,1124,0,0
BRDA:34,1124,1,0
BRDA:34,1125,0,0
BRDA:34,1125,1,0
BRF:2336
BRH:0
end_of_record
