{"total": {"lines":{"total":8075,"covered":0,"skipped":0,"pct":0},"statements":{"total":8505,"covered":0,"skipped":0,"pct":0},"functions":{"total":1981,"covered":0,"skipped":0,"pct":0},"branches":{"total":3993,"covered":0,"skipped":0,"pct":0},"branchesTrue":{"total":0,"covered":0,"skipped":0,"pct":100}}
,"D:\\Ai Server\\git-memory-mcp-server\\src\\AiSDKAdapter.ts": {"lines":{"total":0,"covered":0,"skipped":0,"pct":0},"functions":{"total":0,"covered":0,"skipped":0,"pct":0},"statements":{"total":0,"covered":0,"skipped":0,"pct":0},"branches":{"total":0,"covered":0,"skipped":0,"pct":0}}
,"D:\\Ai Server\\git-memory-mcp-server\\src\\3d-sco\\app\\api\\mcp\\playwright\\route.ts": {"lines":{"total":17,"covered":0,"skipped":0,"pct":0},"functions":{"total":2,"covered":0,"skipped":0,"pct":0},"statements":{"total":17,"covered":0,"skipped":0,"pct":0},"branches":{"total":6,"covered":0,"skipped":0,"pct":0}}
,"D:\\Ai Server\\git-memory-mcp-server\\src\\3d-sco\\components\\footer\\config.ts": {"lines":{"total":1,"covered":0,"skipped":0,"pct":0},"functions":{"total":0,"covered":0,"skipped":0,"pct":100},"statements":{"total":1,"covered":0,"skipped":0,"pct":0},"branches":{"total":0,"covered":0,"skipped":0,"pct":100}}
,"D:\\Ai Server\\git-memory-mcp-server\\src\\3d-sco\\components\\header\\anim.ts": {"lines":{"total":8,"covered":0,"skipped":0,"pct":0},"functions":{"total":2,"covered":0,"skipped":0,"pct":0},"statements":{"total":8,"covered":0,"skipped":0,"pct":0},"branches":{"total":0,"covered":0,"skipped":0,"pct":100}}
,"D:\\Ai Server\\git-memory-mcp-server\\src\\3d-sco\\components\\header\\config.ts": {"lines":{"total":1,"covered":0,"skipped":0,"pct":0},"functions":{"total":0,"covered":0,"skipped":0,"pct":100},"statements":{"total":1,"covered":0,"skipped":0,"pct":0},"branches":{"total":0,"covered":0,"skipped":0,"pct":100}}
,"D:\\Ai Server\\git-memory-mcp-server\\src\\3d-sco\\components\\preloader\\anim.ts": {"lines":{"total":2,"covered":0,"skipped":0,"pct":0},"functions":{"total":0,"covered":0,"skipped":0,"pct":100},"statements":{"total":2,"covered":0,"skipped":0,"pct":0},"branches":{"total":0,"covered":0,"skipped":0,"pct":100}}
,"D:\\Ai Server\\git-memory-mcp-server\\src\\3d-sco\\components\\ui\\use-toast.ts": {"lines":{"total":51,"covered":0,"skipped":0,"pct":0},"functions":{"total":18,"covered":0,"skipped":0,"pct":0},"statements":{"total":53,"covered":0,"skipped":0,"pct":0},"branches":{"total":20,"covered":0,"skipped":0,"pct":0}}
,"D:\\Ai Server\\git-memory-mcp-server\\src\\3d-sco\\data\\blog.ts": {"lines":{"total":19,"covered":0,"skipped":0,"pct":0},"functions":{"total":16,"covered":0,"skipped":0,"pct":0},"statements":{"total":21,"covered":0,"skipped":0,"pct":0},"branches":{"total":11,"covered":0,"skipped":0,"pct":0}}
,"D:\\Ai Server\\git-memory-mcp-server\\src\\3d-sco\\data\\comdee.tsx": {"lines":{"total":1,"covered":0,"skipped":0,"pct":0},"functions":{"total":0,"covered":0,"skipped":0,"pct":100},"statements":{"total":1,"covered":0,"skipped":0,"pct":0},"branches":{"total":0,"covered":0,"skipped":0,"pct":100}}
,"D:\\Ai Server\\git-memory-mcp-server\\src\\3d-sco\\data\\config.ts": {"lines":{"total":2,"covered":0,"skipped":0,"pct":0},"functions":{"total":1,"covered":0,"skipped":0,"pct":0},"statements":{"total":2,"covered":0,"skipped":0,"pct":0},"branches":{"total":0,"covered":0,"skipped":0,"pct":100}}
,"D:\\Ai Server\\git-memory-mcp-server\\src\\3d-sco\\data\\constants.ts": {"lines":{"total":2,"covered":0,"skipped":0,"pct":0},"functions":{"total":0,"covered":0,"skipped":0,"pct":100},"statements":{"total":2,"covered":0,"skipped":0,"pct":0},"branches":{"total":0,"covered":0,"skipped":0,"pct":100}}
,"D:\\Ai Server\\git-memory-mcp-server\\src\\3d-sco\\hooks\\use-devtools-open.tsx": {"lines":{"total":12,"covered":0,"skipped":0,"pct":0},"functions":{"total":4,"covered":0,"skipped":0,"pct":0},"statements":{"total":13,"covered":0,"skipped":0,"pct":0},"branches":{"total":4,"covered":0,"skipped":0,"pct":0}}
,"D:\\Ai Server\\git-memory-mcp-server\\src\\3d-sco\\hooks\\use-media-query.tsx": {"lines":{"total":8,"covered":0,"skipped":0,"pct":0},"functions":{"total":4,"covered":0,"skipped":0,"pct":0},"statements":{"total":9,"covered":0,"skipped":0,"pct":0},"branches":{"total":0,"covered":0,"skipped":0,"pct":100}}
,"D:\\Ai Server\\git-memory-mcp-server\\src\\3d-sco\\hooks\\use-mouse-position.ts": {"lines":{"total":9,"covered":0,"skipped":0,"pct":0},"functions":{"total":4,"covered":0,"skipped":0,"pct":0},"statements":{"total":9,"covered":0,"skipped":0,"pct":0},"branches":{"total":0,"covered":0,"skipped":0,"pct":100}}
,"D:\\Ai Server\\git-memory-mcp-server\\src\\3d-sco\\hooks\\use-mouse.tsx": {"lines":{"total":18,"covered":0,"skipped":0,"pct":0},"functions":{"total":4,"covered":0,"skipped":0,"pct":0},"statements":{"total":19,"covered":0,"skipped":0,"pct":0},"branches":{"total":11,"covered":0,"skipped":0,"pct":0}}
,"D:\\Ai Server\\git-memory-mcp-server\\src\\3d-sco\\hooks\\use-outside-click.ts": {"lines":{"total":11,"covered":0,"skipped":0,"pct":0},"functions":{"total":4,"covered":0,"skipped":0,"pct":0},"statements":{"total":11,"covered":0,"skipped":0,"pct":0},"branches":{"total":4,"covered":0,"skipped":0,"pct":0}}
,"D:\\Ai Server\\git-memory-mcp-server\\src\\3d-sco\\hooks\\use-push-notifications.ts": {"lines":{"total":99,"covered":0,"skipped":0,"pct":0},"functions":{"total":30,"covered":0,"skipped":0,"pct":0},"statements":{"total":119,"covered":0,"skipped":0,"pct":0},"branches":{"total":39,"covered":0,"skipped":0,"pct":0}}
,"D:\\Ai Server\\git-memory-mcp-server\\src\\3d-sco\\hooks\\use-throttle.tsx": {"lines":{"total":12,"covered":0,"skipped":0,"pct":0},"functions":{"total":3,"covered":0,"skipped":0,"pct":0},"statements":{"total":12,"covered":0,"skipped":0,"pct":0},"branches":{"total":4,"covered":0,"skipped":0,"pct":0}}
,"D:\\Ai Server\\git-memory-mcp-server\\src\\3d-sco\\hooks\\use-viewport.tsx": {"lines":{"total":11,"covered":0,"skipped":0,"pct":0},"functions":{"total":4,"covered":0,"skipped":0,"pct":0},"statements":{"total":12,"covered":0,"skipped":0,"pct":0},"branches":{"total":2,"covered":0,"skipped":0,"pct":0}}
,"D:\\Ai Server\\git-memory-mcp-server\\src\\3d-sco\\hooks\\useApi.ts": {"lines":{"total":102,"covered":0,"skipped":0,"pct":0},"functions":{"total":23,"covered":0,"skipped":0,"pct":0},"statements":{"total":104,"covered":0,"skipped":0,"pct":0},"branches":{"total":50,"covered":0,"skipped":0,"pct":0}}
,"D:\\Ai Server\\git-memory-mcp-server\\src\\3d-sco\\hooks\\useMCP.ts": {"lines":{"total":550,"covered":0,"skipped":0,"pct":0},"functions":{"total":65,"covered":0,"skipped":0,"pct":0},"statements":{"total":564,"covered":0,"skipped":0,"pct":0},"branches":{"total":241,"covered":0,"skipped":0,"pct":0}}
,"D:\\Ai Server\\git-memory-mcp-server\\src\\3d-sco\\hooks\\useSocket.ts": {"lines":{"total":123,"covered":0,"skipped":0,"pct":0},"functions":{"total":57,"covered":0,"skipped":0,"pct":0},"statements":{"total":136,"covered":0,"skipped":0,"pct":0},"branches":{"total":36,"covered":0,"skipped":0,"pct":0}}
,"D:\\Ai Server\\git-memory-mcp-server\\src\\3d-sco\\lib\\auth.ts": {"lines":{"total":48,"covered":0,"skipped":0,"pct":0},"functions":{"total":15,"covered":0,"skipped":0,"pct":0},"statements":{"total":50,"covered":0,"skipped":0,"pct":0},"branches":{"total":28,"covered":0,"skipped":0,"pct":0}}
,"D:\\Ai Server\\git-memory-mcp-server\\src\\3d-sco\\lib\\blender-tools.ts": {"lines":{"total":72,"covered":0,"skipped":0,"pct":0},"functions":{"total":13,"covered":0,"skipped":0,"pct":0},"statements":{"total":73,"covered":0,"skipped":0,"pct":0},"branches":{"total":44,"covered":0,"skipped":0,"pct":0}}
,"D:\\Ai Server\\git-memory-mcp-server\\src\\3d-sco\\lib\\db.ts": {"lines":{"total":17,"covered":0,"skipped":0,"pct":0},"functions":{"total":3,"covered":0,"skipped":0,"pct":0},"statements":{"total":18,"covered":0,"skipped":0,"pct":0},"branches":{"total":6,"covered":0,"skipped":0,"pct":0}}
,"D:\\Ai Server\\git-memory-mcp-server\\src\\3d-sco\\lib\\generate-random-cursor.ts": {"lines":{"total":15,"covered":0,"skipped":0,"pct":0},"functions":{"total":4,"covered":0,"skipped":0,"pct":0},"statements":{"total":16,"covered":0,"skipped":0,"pct":0},"branches":{"total":0,"covered":0,"skipped":0,"pct":100}}
,"D:\\Ai Server\\git-memory-mcp-server\\src\\3d-sco\\lib\\i18n.ts": {"lines":{"total":27,"covered":0,"skipped":0,"pct":0},"functions":{"total":7,"covered":0,"skipped":0,"pct":0},"statements":{"total":27,"covered":0,"skipped":0,"pct":0},"branches":{"total":13,"covered":0,"skipped":0,"pct":0}}
,"D:\\Ai Server\\git-memory-mcp-server\\src\\3d-sco\\lib\\image-optimization.ts": {"lines":{"total":73,"covered":0,"skipped":0,"pct":0},"functions":{"total":17,"covered":0,"skipped":0,"pct":0},"statements":{"total":75,"covered":0,"skipped":0,"pct":0},"branches":{"total":49,"covered":0,"skipped":0,"pct":0}}
,"D:\\Ai Server\\git-memory-mcp-server\\src\\3d-sco\\lib\\mcp-client.ts": {"lines":{"total":99,"covered":0,"skipped":0,"pct":0},"functions":{"total":54,"covered":0,"skipped":0,"pct":0},"statements":{"total":103,"covered":0,"skipped":0,"pct":0},"branches":{"total":49,"covered":0,"skipped":0,"pct":0}}
,"D:\\Ai Server\\git-memory-mcp-server\\src\\3d-sco\\lib\\mcp-server.ts": {"lines":{"total":67,"covered":0,"skipped":0,"pct":0},"functions":{"total":22,"covered":0,"skipped":0,"pct":0},"statements":{"total":70,"covered":0,"skipped":0,"pct":0},"branches":{"total":40,"covered":0,"skipped":0,"pct":0}}
,"D:\\Ai Server\\git-memory-mcp-server\\src\\3d-sco\\lib\\mcp-tools.ts": {"lines":{"total":114,"covered":0,"skipped":0,"pct":0},"functions":{"total":22,"covered":0,"skipped":0,"pct":0},"statements":{"total":117,"covered":0,"skipped":0,"pct":0},"branches":{"total":76,"covered":0,"skipped":0,"pct":0}}
,"D:\\Ai Server\\git-memory-mcp-server\\src\\3d-sco\\lib\\memory-tools.ts": {"lines":{"total":219,"covered":0,"skipped":0,"pct":0},"functions":{"total":43,"covered":0,"skipped":0,"pct":0},"statements":{"total":239,"covered":0,"skipped":0,"pct":0},"branches":{"total":138,"covered":0,"skipped":0,"pct":0}}
,"D:\\Ai Server\\git-memory-mcp-server\\src\\3d-sco\\lib\\playwright-tools.ts": {"lines":{"total":155,"covered":0,"skipped":0,"pct":0},"functions":{"total":20,"covered":0,"skipped":0,"pct":0},"statements":{"total":166,"covered":0,"skipped":0,"pct":0},"branches":{"total":83,"covered":0,"skipped":0,"pct":0}}
,"D:\\Ai Server\\git-memory-mcp-server\\src\\3d-sco\\lib\\rate-limit.ts": {"lines":{"total":47,"covered":0,"skipped":0,"pct":0},"functions":{"total":7,"covered":0,"skipped":0,"pct":0},"statements":{"total":48,"covered":0,"skipped":0,"pct":0},"branches":{"total":41,"covered":0,"skipped":0,"pct":0}}
,"D:\\Ai Server\\git-memory-mcp-server\\src\\3d-sco\\lib\\security.ts": {"lines":{"total":79,"covered":0,"skipped":0,"pct":0},"functions":{"total":17,"covered":0,"skipped":0,"pct":0},"statements":{"total":82,"covered":0,"skipped":0,"pct":0},"branches":{"total":53,"covered":0,"skipped":0,"pct":0}}
,"D:\\Ai Server\\git-memory-mcp-server\\src\\3d-sco\\lib\\sequential-thinking.ts": {"lines":{"total":113,"covered":0,"skipped":0,"pct":0},"functions":{"total":36,"covered":0,"skipped":0,"pct":0},"statements":{"total":137,"covered":0,"skipped":0,"pct":0},"branches":{"total":62,"covered":0,"skipped":0,"pct":0}}
,"D:\\Ai Server\\git-memory-mcp-server\\src\\3d-sco\\lib\\socket.ts": {"lines":{"total":69,"covered":0,"skipped":0,"pct":0},"functions":{"total":18,"covered":0,"skipped":0,"pct":0},"statements":{"total":69,"covered":0,"skipped":0,"pct":0},"branches":{"total":16,"covered":0,"skipped":0,"pct":0}}
,"D:\\Ai Server\\git-memory-mcp-server\\src\\3d-sco\\lib\\utils.ts": {"lines":{"total":2,"covered":0,"skipped":0,"pct":0},"functions":{"total":3,"covered":0,"skipped":0,"pct":0},"statements":{"total":4,"covered":0,"skipped":0,"pct":0},"branches":{"total":0,"covered":0,"skipped":0,"pct":100}}
,"D:\\Ai Server\\git-memory-mcp-server\\src\\3d-sco\\lib\\blog\\blog-service.ts": {"lines":{"total":149,"covered":0,"skipped":0,"pct":0},"functions":{"total":66,"covered":0,"skipped":0,"pct":0},"statements":{"total":171,"covered":0,"skipped":0,"pct":0},"branches":{"total":82,"covered":0,"skipped":0,"pct":0}}
,"D:\\Ai Server\\git-memory-mcp-server\\src\\3d-sco\\lib\\cache\\index.ts": {"lines":{"total":74,"covered":0,"skipped":0,"pct":0},"functions":{"total":15,"covered":0,"skipped":0,"pct":0},"statements":{"total":76,"covered":0,"skipped":0,"pct":0},"branches":{"total":60,"covered":0,"skipped":0,"pct":0}}
,"D:\\Ai Server\\git-memory-mcp-server\\src\\3d-sco\\lib\\cms\\client.ts": {"lines":{"total":91,"covered":0,"skipped":0,"pct":0},"functions":{"total":43,"covered":0,"skipped":0,"pct":0},"statements":{"total":99,"covered":0,"skipped":0,"pct":0},"branches":{"total":48,"covered":0,"skipped":0,"pct":0}}
,"D:\\Ai Server\\git-memory-mcp-server\\src\\3d-sco\\lib\\cms\\hooks.ts": {"lines":{"total":219,"covered":0,"skipped":0,"pct":0},"functions":{"total":81,"covered":0,"skipped":0,"pct":0},"statements":{"total":230,"covered":0,"skipped":0,"pct":0},"branches":{"total":45,"covered":0,"skipped":0,"pct":0}}
,"D:\\Ai Server\\git-memory-mcp-server\\src\\3d-sco\\lib\\database\\connection.ts": {"lines":{"total":37,"covered":0,"skipped":0,"pct":0},"functions":{"total":6,"covered":0,"skipped":0,"pct":0},"statements":{"total":37,"covered":0,"skipped":0,"pct":0},"branches":{"total":14,"covered":0,"skipped":0,"pct":0}}
,"D:\\Ai Server\\git-memory-mcp-server\\src\\3d-sco\\lib\\database\\optimizer.ts": {"lines":{"total":87,"covered":0,"skipped":0,"pct":0},"functions":{"total":18,"covered":0,"skipped":0,"pct":0},"statements":{"total":92,"covered":0,"skipped":0,"pct":0},"branches":{"total":50,"covered":0,"skipped":0,"pct":0}}
,"D:\\Ai Server\\git-memory-mcp-server\\src\\3d-sco\\lib\\database\\models\\user.ts": {"lines":{"total":72,"covered":0,"skipped":0,"pct":0},"functions":{"total":14,"covered":0,"skipped":0,"pct":0},"statements":{"total":74,"covered":0,"skipped":0,"pct":0},"branches":{"total":34,"covered":0,"skipped":0,"pct":0}}
,"D:\\Ai Server\\git-memory-mcp-server\\src\\3d-sco\\lib\\email\\email-service.ts": {"lines":{"total":125,"covered":0,"skipped":0,"pct":0},"functions":{"total":42,"covered":0,"skipped":0,"pct":0},"statements":{"total":136,"covered":0,"skipped":0,"pct":0},"branches":{"total":51,"covered":0,"skipped":0,"pct":0}}
,"D:\\Ai Server\\git-memory-mcp-server\\src\\3d-sco\\lib\\email\\templates.ts": {"lines":{"total":4,"covered":0,"skipped":0,"pct":0},"functions":{"total":5,"covered":0,"skipped":0,"pct":0},"statements":{"total":6,"covered":0,"skipped":0,"pct":0},"branches":{"total":0,"covered":0,"skipped":0,"pct":100}}
,"D:\\Ai Server\\git-memory-mcp-server\\src\\3d-sco\\lib\\i18n\\client.ts": {"lines":{"total":92,"covered":0,"skipped":0,"pct":0},"functions":{"total":16,"covered":0,"skipped":0,"pct":0},"statements":{"total":95,"covered":0,"skipped":0,"pct":0},"branches":{"total":44,"covered":0,"skipped":0,"pct":0}}
,"D:\\Ai Server\\git-memory-mcp-server\\src\\3d-sco\\lib\\i18n\\config.ts": {"lines":{"total":21,"covered":0,"skipped":0,"pct":0},"functions":{"total":3,"covered":0,"skipped":0,"pct":0},"statements":{"total":21,"covered":0,"skipped":0,"pct":0},"branches":{"total":8,"covered":0,"skipped":0,"pct":0}}
,"D:\\Ai Server\\git-memory-mcp-server\\src\\3d-sco\\lib\\lenis\\index.ts": {"lines":{"total":0,"covered":0,"skipped":0,"pct":0},"functions":{"total":0,"covered":0,"skipped":0,"pct":0},"statements":{"total":0,"covered":0,"skipped":0,"pct":0},"branches":{"total":0,"covered":0,"skipped":0,"pct":0}}
,"D:\\Ai Server\\git-memory-mcp-server\\src\\3d-sco\\lib\\monitoring\\logging.ts": {"lines":{"total":190,"covered":0,"skipped":0,"pct":0},"functions":{"total":63,"covered":0,"skipped":0,"pct":0},"statements":{"total":205,"covered":0,"skipped":0,"pct":0},"branches":{"total":122,"covered":0,"skipped":0,"pct":0}}
,"D:\\Ai Server\\git-memory-mcp-server\\src\\3d-sco\\lib\\monitoring\\performance.ts": {"lines":{"total":160,"covered":0,"skipped":0,"pct":0},"functions":{"total":43,"covered":0,"skipped":0,"pct":0},"statements":{"total":175,"covered":0,"skipped":0,"pct":0},"branches":{"total":131,"covered":0,"skipped":0,"pct":0}}
,"D:\\Ai Server\\git-memory-mcp-server\\src\\3d-sco\\lib\\seo\\meta-tags.ts": {"lines":{"total":38,"covered":0,"skipped":0,"pct":0},"functions":{"total":24,"covered":0,"skipped":0,"pct":0},"statements":{"total":40,"covered":0,"skipped":0,"pct":0},"branches":{"total":41,"covered":0,"skipped":0,"pct":0}}
,"D:\\Ai Server\\git-memory-mcp-server\\src\\3d-sco\\lib\\seo\\utils.ts": {"lines":{"total":118,"covered":0,"skipped":0,"pct":0},"functions":{"total":31,"covered":0,"skipped":0,"pct":0},"statements":{"total":122,"covered":0,"skipped":0,"pct":0},"branches":{"total":60,"covered":0,"skipped":0,"pct":0}}
,"D:\\Ai Server\\git-memory-mcp-server\\src\\3d-sco\\lib\\social\\social-service.ts": {"lines":{"total":87,"covered":0,"skipped":0,"pct":0},"functions":{"total":38,"covered":0,"skipped":0,"pct":0},"statements":{"total":112,"covered":0,"skipped":0,"pct":0},"branches":{"total":34,"covered":0,"skipped":0,"pct":0}}
,"D:\\Ai Server\\git-memory-mcp-server\\src\\app\\api\\mcp\\playwright\\route.ts": {"lines":{"total":20,"covered":0,"skipped":0,"pct":0},"functions":{"total":2,"covered":0,"skipped":0,"pct":0},"statements":{"total":20,"covered":0,"skipped":0,"pct":0},"branches":{"total":6,"covered":0,"skipped":0,"pct":0}}
,"D:\\Ai Server\\git-memory-mcp-server\\src\\auto-fix\\AutoFixPipeline.ts": {"lines":{"total":260,"covered":0,"skipped":0,"pct":0},"functions":{"total":59,"covered":0,"skipped":0,"pct":0},"statements":{"total":268,"covered":0,"skipped":0,"pct":0},"branches":{"total":111,"covered":0,"skipped":0,"pct":0}}
,"D:\\Ai Server\\git-memory-mcp-server\\src\\auto-fix\\Committer.ts": {"lines":{"total":306,"covered":0,"skipped":0,"pct":0},"functions":{"total":52,"covered":0,"skipped":0,"pct":0},"statements":{"total":311,"covered":0,"skipped":0,"pct":0},"branches":{"total":155,"covered":0,"skipped":0,"pct":0}}
,"D:\\Ai Server\\git-memory-mcp-server\\src\\auto-fix\\Detector.ts": {"lines":{"total":178,"covered":0,"skipped":0,"pct":0},"functions":{"total":37,"covered":0,"skipped":0,"pct":0},"statements":{"total":187,"covered":0,"skipped":0,"pct":0},"branches":{"total":107,"covered":0,"skipped":0,"pct":0}}
,"D:\\Ai Server\\git-memory-mcp-server\\src\\auto-fix\\Fixer.ts": {"lines":{"total":246,"covered":0,"skipped":0,"pct":0},"functions":{"total":45,"covered":0,"skipped":0,"pct":0},"statements":{"total":260,"covered":0,"skipped":0,"pct":0},"branches":{"total":132,"covered":0,"skipped":0,"pct":0}}
,"D:\\Ai Server\\git-memory-mcp-server\\src\\auto-fix\\Verifier.ts": {"lines":{"total":314,"covered":0,"skipped":0,"pct":0},"functions":{"total":60,"covered":0,"skipped":0,"pct":0},"statements":{"total":327,"covered":0,"skipped":0,"pct":0},"branches":{"total":165,"covered":0,"skipped":0,"pct":0}}
,"D:\\Ai Server\\git-memory-mcp-server\\src\\code-intelligence\\SnippetMiner.ts": {"lines":{"total":325,"covered":0,"skipped":0,"pct":0},"functions":{"total":56,"covered":0,"skipped":0,"pct":0},"statements":{"total":339,"covered":0,"skipped":0,"pct":0},"branches":{"total":170,"covered":0,"skipped":0,"pct":0}}
,"D:\\Ai Server\\git-memory-mcp-server\\src\\code-intelligence\\StaticAnalyzer.ts": {"lines":{"total":247,"covered":0,"skipped":0,"pct":0},"functions":{"total":37,"covered":0,"skipped":0,"pct":0},"statements":{"total":256,"covered":0,"skipped":0,"pct":0},"branches":{"total":109,"covered":0,"skipped":0,"pct":0}}
,"D:\\Ai Server\\git-memory-mcp-server\\src\\code-intelligence\\index.ts": {"lines":{"total":87,"covered":0,"skipped":0,"pct":0},"functions":{"total":28,"covered":0,"skipped":0,"pct":0},"statements":{"total":94,"covered":0,"skipped":0,"pct":0},"branches":{"total":61,"covered":0,"skipped":0,"pct":0}}
,"D:\\Ai Server\\git-memory-mcp-server\\src\\config\\test.config.ts": {"lines":{"total":47,"covered":0,"skipped":0,"pct":0},"functions":{"total":12,"covered":0,"skipped":0,"pct":0},"statements":{"total":49,"covered":0,"skipped":0,"pct":0},"branches":{"total":70,"covered":0,"skipped":0,"pct":0}}
,"D:\\Ai Server\\git-memory-mcp-server\\src\\notebook\\FunctionNotebook.ts": {"lines":{"total":376,"covered":0,"skipped":0,"pct":0},"functions":{"total":77,"covered":0,"skipped":0,"pct":0},"statements":{"total":385,"covered":0,"skipped":0,"pct":0},"branches":{"total":199,"covered":0,"skipped":0,"pct":0}}
,"D:\\Ai Server\\git-memory-mcp-server\\src\\orchestrator\\AgentRegistry.ts": {"lines":{"total":122,"covered":0,"skipped":0,"pct":0},"functions":{"total":37,"covered":0,"skipped":0,"pct":0},"statements":{"total":131,"covered":0,"skipped":0,"pct":0},"branches":{"total":34,"covered":0,"skipped":0,"pct":0}}
,"D:\\Ai Server\\git-memory-mcp-server\\src\\orchestrator\\ConnectionPoolManager.ts": {"lines":{"total":202,"covered":0,"skipped":0,"pct":0},"functions":{"total":49,"covered":0,"skipped":0,"pct":0},"statements":{"total":206,"covered":0,"skipped":0,"pct":0},"branches":{"total":67,"covered":0,"skipped":0,"pct":0}}
,"D:\\Ai Server\\git-memory-mcp-server\\src\\orchestrator\\MCPOrchestrator.ts": {"lines":{"total":155,"covered":0,"skipped":0,"pct":0},"functions":{"total":41,"covered":0,"skipped":0,"pct":0},"statements":{"total":160,"covered":0,"skipped":0,"pct":0},"branches":{"total":48,"covered":0,"skipped":0,"pct":0}}
,"D:\\Ai Server\\git-memory-mcp-server\\src\\orchestrator\\TaskRouter.ts": {"lines":{"total":170,"covered":0,"skipped":0,"pct":0},"functions":{"total":36,"covered":0,"skipped":0,"pct":0},"statements":{"total":174,"covered":0,"skipped":0,"pct":0},"branches":{"total":70,"covered":0,"skipped":0,"pct":0}}
,"D:\\Ai Server\\git-memory-mcp-server\\src\\orchestrator\\index.ts": {"lines":{"total":26,"covered":0,"skipped":0,"pct":0},"functions":{"total":10,"covered":0,"skipped":0,"pct":0},"statements":{"total":29,"covered":0,"skipped":0,"pct":0},"branches":{"total":10,"covered":0,"skipped":0,"pct":0}}
,"D:\\Ai Server\\git-memory-mcp-server\\src\\services\\AICodeIntelligenceEngine.ts": {"lines":{"total":175,"covered":0,"skipped":0,"pct":0},"functions":{"total":43,"covered":0,"skipped":0,"pct":0},"statements":{"total":176,"covered":0,"skipped":0,"pct":0},"branches":{"total":51,"covered":0,"skipped":0,"pct":0}}
,"D:\\Ai Server\\git-memory-mcp-server\\src\\services\\AIContextAwarenessSystem.ts": {"lines":{"total":174,"covered":0,"skipped":0,"pct":0},"functions":{"total":66,"covered":0,"skipped":0,"pct":0},"statements":{"total":187,"covered":0,"skipped":0,"pct":0},"branches":{"total":79,"covered":0,"skipped":0,"pct":0}}
,"D:\\Ai Server\\git-memory-mcp-server\\src\\services\\AIIntegrationLayer.ts": {"lines":{"total":197,"covered":0,"skipped":0,"pct":0},"functions":{"total":47,"covered":0,"skipped":0,"pct":0},"statements":{"total":213,"covered":0,"skipped":0,"pct":0},"branches":{"total":122,"covered":0,"skipped":0,"pct":0}}
,"D:\\Ai Server\\git-memory-mcp-server\\src\\services\\LLMProviderService.ts": {"lines":{"total":215,"covered":0,"skipped":0,"pct":0},"functions":{"total":31,"covered":0,"skipped":0,"pct":0},"statements":{"total":221,"covered":0,"skipped":0,"pct":0},"branches":{"total":133,"covered":0,"skipped":0,"pct":0}}
,"D:\\Ai Server\\git-memory-mcp-server\\src\\services\\SmartMemoryManager.ts": {"lines":{"total":232,"covered":0,"skipped":0,"pct":0},"functions":{"total":63,"covered":0,"skipped":0,"pct":0},"statements":{"total":245,"covered":0,"skipped":0,"pct":0},"branches":{"total":79,"covered":0,"skipped":0,"pct":0}}
,"D:\\Ai Server\\git-memory-mcp-server\\src\\services\\SoloAIOrchestrator.ts": {"lines":{"total":103,"covered":0,"skipped":0,"pct":0},"functions":{"total":27,"covered":0,"skipped":0,"pct":0},"statements":{"total":107,"covered":0,"skipped":0,"pct":0},"branches":{"total":39,"covered":0,"skipped":0,"pct":0}}
,"D:\\Ai Server\\git-memory-mcp-server\\src\\utils\\logger.ts": {"lines":{"total":59,"covered":0,"skipped":0,"pct":0},"functions":{"total":16,"covered":0,"skipped":0,"pct":0},"statements":{"total":59,"covered":0,"skipped":0,"pct":0},"branches":{"total":26,"covered":0,"skipped":0,"pct":0}}
}
