TN:
SF:src\AiSDKAdapter.ts
FNF:0
FNH:0
LF:0
LH:0
BRF:0
BRH:0
end_of_record
TN:
SF:src\3d-sco\app\api\mcp\playwright\route.ts
FN:7,getPlaywrightTools
FN:22,POST
FNF:2
FNH:0
FNDA:0,getPlaywrightTools
FNDA:0,POST
DA:5,0
DA:8,0
DA:9,0
DA:19,0
DA:23,0
DA:24,0
DA:25,0
DA:27,0
DA:28,0
DA:31,0
DA:32,0
DA:34,0
DA:35,0
DA:36,0
DA:39,0
DA:41,0
DA:43,0
LF:17
LH:0
BRDA:8,0,0,0
BRDA:8,0,1,0
BRDA:27,1,0,0
BRDA:27,1,1,0
BRDA:34,2,0,0
BRDA:34,2,1,0
BRF:6
BRH:0
end_of_record
TN:
SF:src\3d-sco\components\footer\config.ts
FNF:0
FNH:0
DA:1,0
LF:1
LH:0
BRF:0
BRH:0
end_of_record
TN:
SF:src\3d-sco\components\header\anim.ts
FN:67,(anonymous_0)
FN:72,(anonymous_1)
FNF:2
FNH:0
FNDA:0,(anonymous_0)
FNDA:0,(anonymous_1)
DA:1,0
DA:3,0
DA:17,0
DA:31,0
DA:45,0
DA:62,0
DA:67,0
DA:72,0
LF:8
LH:0
BRF:0
BRH:0
end_of_record
TN:
SF:src\3d-sco\components\header\config.ts
FNF:0
FNH:0
DA:3,0
LF:1
LH:0
BRF:0
BRH:0
end_of_record
TN:
SF:src\3d-sco\components\preloader\anim.ts
FNF:0
FNH:0
DA:1,0
DA:11,0
LF:2
LH:0
BRF:0
BRH:0
end_of_record
TN:
SF:src\3d-sco\components\ui\use-toast.ts
FN:30,genId
FN:61,(anonymous_1)
FN:66,(anonymous_2)
FN:77,(anonymous_3)
FN:88,(anonymous_4)
FN:101,(anonymous_5)
FN:108,(anonymous_6)
FN:127,(anonymous_7)
FN:136,dispatch
FN:138,(anonymous_9)
FN:145,toast
FN:148,(anonymous_11)
FN:153,(anonymous_12)
FN:161,(anonymous_13)
FN:174,useToast
FN:177,(anonymous_15)
FN:179,(anonymous_16)
FN:190,(anonymous_17)
FNF:18
FNH:0
FNDA:0,genId
FNDA:0,(anonymous_1)
FNDA:0,(anonymous_2)
FNDA:0,(anonymous_3)
FNDA:0,(anonymous_4)
FNDA:0,(anonymous_5)
FNDA:0,(anonymous_6)
FNDA:0,(anonymous_7)
FNDA:0,dispatch
FNDA:0,(anonymous_9)
FNDA:0,toast
FNDA:0,(anonymous_11)
FNDA:0,(anonymous_12)
FNDA:0,(anonymous_13)
FNDA:0,useToast
FNDA:0,(anonymous_15)
FNDA:0,(anonymous_16)
FNDA:0,(anonymous_17)
DA:11,0
DA:12,0
DA:21,0
DA:28,0
DA:31,0
DA:32,0
DA:59,0
DA:61,0
DA:62,0
DA:63,0
DA:66,0
DA:67,0
DA:68,0
DA:74,0
DA:77,0
DA:78,0
DA:80,0
DA:86,0
DA:89,0
DA:94,0
DA:98,0
DA:99,0
DA:101,0
DA:102,0
DA:106,0
DA:109,0
DA:119,0
DA:120,0
DA:125,0
DA:127,0
DA:132,0
DA:134,0
DA:137,0
DA:138,0
DA:139,0
DA:146,0
DA:148,0
DA:149,0
DA:153,0
DA:155,0
DA:162,0
DA:167,0
DA:175,0
DA:177,0
DA:178,0
DA:179,0
DA:180,0
DA:181,0
DA:182,0
DA:187,0
DA:190,0
LF:51
LH:0
BRDA:62,0,0,0
BRDA:62,0,1,0
BRDA:78,1,0,0
BRDA:78,1,1,0
BRDA:78,1,2,0
BRDA:78,1,3,0
BRDA:89,2,0,0
BRDA:89,2,1,0
BRDA:98,3,0,0
BRDA:98,3,1,0
BRDA:109,4,0,0
BRDA:109,4,1,0
BRDA:109,5,0,0
BRDA:109,5,1,0
BRDA:119,6,0,0
BRDA:119,6,1,0
BRDA:162,7,0,0
BRDA:162,7,1,0
BRDA:181,8,0,0
BRDA:181,8,1,0
BRF:20
BRH:0
end_of_record
TN:
SF:src\3d-sco\data\blog.ts
FN:266,getBlogPostBySlug
FN:267,(anonymous_1)
FN:270,getBlogPostsByCategory
FN:271,(anonymous_3)
FN:273,(anonymous_4)
FN:276,getBlogPostsByTag
FN:277,(anonymous_6)
FN:279,(anonymous_7)
FN:282,getPublishedBlogPosts
FN:283,(anonymous_9)
FN:284,(anonymous_10)
FN:287,getRelatedPosts
FN:289,(anonymous_12)
FN:293,(anonymous_13)
FN:295,(anonymous_14)
FN:299,calculateReadingTime
FNF:16
FNH:0
FNDA:0,getBlogPostBySlug
FNDA:0,(anonymous_1)
FNDA:0,getBlogPostsByCategory
FNDA:0,(anonymous_3)
FNDA:0,(anonymous_4)
FNDA:0,getBlogPostsByTag
FNDA:0,(anonymous_6)
FNDA:0,(anonymous_7)
FNDA:0,getPublishedBlogPosts
FNDA:0,(anonymous_9)
FNDA:0,(anonymous_10)
FNDA:0,getRelatedPosts
FNDA:0,(anonymous_12)
FNDA:0,(anonymous_13)
FNDA:0,(anonymous_14)
FNDA:0,calculateReadingTime
DA:45,0
DA:72,0
DA:81,0
DA:267,0
DA:271,0
DA:272,0
DA:273,0
DA:277,0
DA:278,0
DA:279,0
DA:283,0
DA:284,0
DA:288,0
DA:290,0
DA:293,0
DA:295,0
DA:300,0
DA:301,0
DA:302,0
LF:19
LH:0
BRDA:267,0,0,0
BRDA:267,0,1,0
BRDA:272,1,0,0
BRDA:272,1,1,0
BRDA:278,2,0,0
BRDA:278,2,1,0
BRDA:287,3,0,0
BRDA:290,4,0,0
BRDA:290,4,1,0
BRDA:290,4,2,0
BRDA:290,4,3,0
BRF:11
BRH:0
end_of_record
TN:
SF:src\3d-sco\data\comdee.tsx
FNF:0
FNH:0
DA:3,0
LF:1
LH:0
BRF:0
BRH:0
end_of_record
TN:
SF:src\3d-sco\data\config.ts
FN:37,(anonymous_0)
FNF:1
FNH:0
FNDA:0,(anonymous_0)
DA:1,0
DA:38,0
LF:2
LH:0
BRF:0
BRH:0
end_of_record
TN:
SF:src\3d-sco\data\constants.ts
FNF:0
FNH:0
DA:52,0
DA:457,0
LF:2
LH:0
BRF:0
BRH:0
end_of_record
TN:
SF:src\3d-sco\hooks\use-devtools-open.tsx
FN:4,(anonymous_0)
FN:7,(anonymous_1)
FN:9,(anonymous_2)
FN:16,(anonymous_3)
FNF:4
FNH:0
FNDA:0,(anonymous_0)
FNDA:0,(anonymous_1)
FNDA:0,(anonymous_2)
FNDA:0,(anonymous_3)
DA:4,0
DA:5,0
DA:7,0
DA:8,0
DA:9,0
DA:10,0
DA:11,0
DA:12,0
DA:15,0
DA:16,0
DA:17,0
DA:20,0
LF:12
LH:0
BRDA:8,0,0,0
BRDA:8,0,1,0
BRDA:10,1,0,0
BRDA:10,1,1,0
BRF:4
BRH:0
end_of_record
TN:
SF:src\3d-sco\hooks\use-media-query.tsx
FN:3,useMediaQuery
FN:6,(anonymous_1)
FN:7,onChange
FN:15,(anonymous_3)
FNF:4
FNH:0
FNDA:0,useMediaQuery
FNDA:0,(anonymous_1)
FNDA:0,onChange
FNDA:0,(anonymous_3)
DA:4,0
DA:6,0
DA:8,0
DA:11,0
DA:12,0
DA:13,0
DA:15,0
DA:18,0
LF:8
LH:0
BRF:0
BRH:0
end_of_record
TN:
SF:src\3d-sco\hooks\use-mouse-position.ts
FN:3,(anonymous_0)
FN:5,(anonymous_1)
FN:6,(anonymous_2)
FN:10,(anonymous_3)
FNF:4
FNH:0
FNDA:0,(anonymous_0)
FNDA:0,(anonymous_1)
FNDA:0,(anonymous_2)
FNDA:0,(anonymous_3)
DA:3,0
DA:4,0
DA:5,0
DA:6,0
DA:7,0
DA:9,0
DA:10,0
DA:11,0
DA:14,0
LF:9
LH:0
BRF:0
BRH:0
end_of_record
TN:
SF:src\3d-sco\hooks\use-mouse.tsx
FN:9,(anonymous_0)
FN:19,(anonymous_1)
FN:20,(anonymous_2)
FN:34,(anonymous_3)
FNF:4
FNH:0
FNDA:0,(anonymous_0)
FNDA:0,(anonymous_1)
FNDA:0,(anonymous_2)
FNDA:0,(anonymous_3)
DA:9,0
DA:14,0
DA:15,0
DA:16,0
DA:17,0
DA:19,0
DA:20,0
DA:21,0
DA:22,0
DA:24,0
DA:25,0
DA:26,0
DA:28,0
DA:29,0
DA:32,0
DA:33,0
DA:34,0
DA:36,0
LF:18
LH:0
BRDA:9,0,0,0
BRDA:21,1,0,0
BRDA:21,1,1,0
BRDA:22,2,0,0
BRDA:22,2,1,0
BRDA:24,3,0,0
BRDA:24,3,1,0
BRDA:28,4,0,0
BRDA:28,4,1,0
BRDA:32,5,0,0
BRDA:32,5,1,0
BRF:11
BRH:0
end_of_record
TN:
SF:src\3d-sco\hooks\use-outside-click.ts
FN:3,(anonymous_0)
FN:7,(anonymous_1)
FN:8,(anonymous_2)
FN:18,(anonymous_3)
FNF:4
FNH:0
FNDA:0,(anonymous_0)
FNDA:0,(anonymous_1)
FNDA:0,(anonymous_2)
FNDA:0,(anonymous_3)
DA:3,0
DA:7,0
DA:8,0
DA:9,0
DA:10,0
DA:12,0
DA:15,0
DA:16,0
DA:18,0
DA:19,0
DA:20,0
LF:11
LH:0
BRDA:9,0,0,0
BRDA:9,0,1,0
BRDA:9,1,0,0
BRDA:9,1,1,0
BRF:4
BRH:0
end_of_record
TN:
SF:src\3d-sco\hooks\use-push-notifications.ts
FN:40,usePushNotifications
FN:52,(anonymous_1)
FN:53,(anonymous_2)
FN:59,(anonymous_3)
FN:71,(anonymous_4)
FN:72,(anonymous_5)
FN:81,(anonymous_6)
FN:90,(anonymous_7)
FN:103,(anonymous_8)
FN:105,(anonymous_9)
FN:111,(anonymous_10)
FN:115,(anonymous_11)
FN:121,(anonymous_12)
FN:123,(anonymous_13)
FN:127,(anonymous_14)
FN:134,(anonymous_15)
FN:167,(anonymous_16)
FN:178,(anonymous_17)
FN:188,(anonymous_18)
FN:193,(anonymous_19)
FN:215,(anonymous_20)
FN:226,(anonymous_21)
FN:236,(anonymous_22)
FN:238,(anonymous_23)
FN:282,(anonymous_24)
FN:288,(anonymous_25)
FN:308,(anonymous_26)
FN:314,(anonymous_27)
FN:315,(anonymous_28)
FN:330,urlBase64ToUint8Array
FNF:30
FNH:0
FNDA:0,usePushNotifications
FNDA:0,(anonymous_1)
FNDA:0,(anonymous_2)
FNDA:0,(anonymous_3)
FNDA:0,(anonymous_4)
FNDA:0,(anonymous_5)
FNDA:0,(anonymous_6)
FNDA:0,(anonymous_7)
FNDA:0,(anonymous_8)
FNDA:0,(anonymous_9)
FNDA:0,(anonymous_10)
FNDA:0,(anonymous_11)
FNDA:0,(anonymous_12)
FNDA:0,(anonymous_13)
FNDA:0,(anonymous_14)
FNDA:0,(anonymous_15)
FNDA:0,(anonymous_16)
FNDA:0,(anonymous_17)
FNDA:0,(anonymous_18)
FNDA:0,(anonymous_19)
FNDA:0,(anonymous_20)
FNDA:0,(anonymous_21)
FNDA:0,(anonymous_22)
FNDA:0,(anonymous_23)
FNDA:0,(anonymous_24)
FNDA:0,(anonymous_25)
FNDA:0,(anonymous_26)
FNDA:0,(anonymous_27)
FNDA:0,(anonymous_28)
FNDA:0,urlBase64ToUint8Array
DA:38,0
DA:41,0
DA:52,0
DA:53,0
DA:55,0
DA:59,0
DA:67,0
DA:71,0
DA:72,0
DA:73,0
DA:75,0
DA:76,0
DA:77,0
DA:79,0
DA:80,0
DA:81,0
DA:89,0
DA:90,0
DA:97,0
DA:98,0
DA:103,0
DA:104,0
DA:105,0
DA:106,0
DA:109,0
DA:110,0
DA:111,0
DA:112,0
DA:114,0
DA:115,0
DA:116,0
DA:121,0
DA:122,0
DA:123,0
DA:124,0
DA:127,0
DA:129,0
DA:131,0
DA:132,0
DA:133,0
DA:134,0
DA:135,0
DA:140,0
DA:143,0
DA:149,0
DA:160,0
DA:161,0
DA:164,0
DA:165,0
DA:167,0
DA:175,0
DA:177,0
DA:178,0
DA:183,0
DA:188,0
DA:189,0
DA:190,0
DA:193,0
DA:195,0
DA:197,0
DA:200,0
DA:211,0
DA:212,0
DA:215,0
DA:223,0
DA:225,0
DA:226,0
DA:231,0
DA:236,0
DA:237,0
DA:238,0
DA:239,0
DA:242,0
DA:243,0
DA:275,0
DA:276,0
DA:279,0
DA:281,0
DA:282,0
DA:283,0
DA:288,0
DA:289,0
DA:290,0
DA:301,0
DA:302,0
DA:305,0
DA:307,0
DA:308,0
DA:309,0
DA:314,0
DA:315,0
DA:318,0
DA:331,0
DA:332,0
DA:336,0
DA:337,0
DA:339,0
DA:340,0
DA:342,0
LF:99
LH:0
BRDA:55,0,0,0
BRDA:55,0,1,0
BRDA:55,0,2,0
BRDA:62,1,0,0
BRDA:62,1,1,0
BRDA:73,2,0,0
BRDA:73,2,1,0
BRDA:79,3,0,0
BRDA:79,3,1,0
BRDA:97,4,0,0
BRDA:97,4,1,0
BRDA:97,5,0,0
BRDA:97,5,1,0
BRDA:104,6,0,0
BRDA:104,6,1,0
BRDA:122,7,0,0
BRDA:122,7,1,0
BRDA:122,8,0,0
BRDA:122,8,1,0
BRDA:131,9,0,0
BRDA:131,9,1,0
BRDA:133,10,0,0
BRDA:133,10,1,0
BRDA:160,11,0,0
BRDA:160,11,1,0
BRDA:189,12,0,0
BRDA:189,12,1,0
BRDA:189,13,0,0
BRDA:189,13,1,0
BRDA:211,14,0,0
BRDA:211,14,1,0
BRDA:237,15,0,0
BRDA:237,15,1,0
BRDA:237,16,0,0
BRDA:237,16,1,0
BRDA:275,17,0,0
BRDA:275,17,1,0
BRDA:301,18,0,0
BRDA:301,18,1,0
BRF:39
BRH:0
end_of_record
TN:
SF:src\3d-sco\hooks\use-throttle.tsx
FN:3,(anonymous_0)
FN:11,(anonymous_1)
FN:17,(anonymous_2)
FNF:3
FNH:0
FNDA:0,(anonymous_0)
FNDA:0,(anonymous_1)
FNDA:0,(anonymous_2)
DA:3,0
DA:7,0
DA:8,0
DA:10,0
DA:12,0
DA:13,0
DA:14,0
DA:16,0
DA:17,0
DA:18,0
DA:19,0
DA:20,0
LF:12
LH:0
BRDA:12,0,0,0
BRDA:12,0,1,0
BRDA:18,1,0,0
BRDA:18,1,1,0
BRF:4
BRH:0
end_of_record
TN:
SF:src\3d-sco\hooks\use-viewport.tsx
FN:3,(anonymous_0)
FN:7,(anonymous_1)
FN:8,(anonymous_2)
FN:14,(anonymous_3)
FNF:4
FNH:0
FNDA:0,(anonymous_0)
FNDA:0,(anonymous_1)
FNDA:0,(anonymous_2)
FNDA:0,(anonymous_3)
DA:3,0
DA:4,0
DA:5,0
DA:7,0
DA:8,0
DA:9,0
DA:10,0
DA:12,0
DA:13,0
DA:14,0
DA:16,0
LF:11
LH:0
BRDA:12,0,0,0
BRDA:12,0,1,0
BRF:2
BRH:0
end_of_record
TN:
SF:src\3d-sco\hooks\useApi.ts
FN:104,useApi
FN:109,(anonymous_1)
FN:135,(anonymous_2)
FN:148,usePaginatedApi
FN:163,(anonymous_4)
FN:186,(anonymous_5)
FN:197,(anonymous_6)
FN:199,(anonymous_7)
FN:203,(anonymous_8)
FN:207,(anonymous_9)
FN:223,useUsers
FN:227,usePosts
FN:231,useComments
FN:235,useHealthCheck
FN:255,useAnalytics
FN:280,useCreateUser
FN:284,(anonymous_16)
FN:314,useCreatePost
FN:318,(anonymous_18)
FN:348,useCreateComment
FN:352,(anonymous_20)
FN:383,useTrackAnalytics
FN:384,(anonymous_22)
FNF:23
FNH:0
FNDA:0,useApi
FNDA:0,(anonymous_1)
FNDA:0,(anonymous_2)
FNDA:0,usePaginatedApi
FNDA:0,(anonymous_4)
FNDA:0,(anonymous_5)
FNDA:0,(anonymous_6)
FNDA:0,(anonymous_7)
FNDA:0,(anonymous_8)
FNDA:0,(anonymous_9)
FNDA:0,useUsers
FNDA:0,usePosts
FNDA:0,useComments
FNDA:0,useHealthCheck
FNDA:0,useAnalytics
FNDA:0,useCreateUser
FNDA:0,(anonymous_16)
FNDA:0,useCreatePost
FNDA:0,(anonymous_18)
FNDA:0,useCreateComment
FNDA:0,(anonymous_20)
FNDA:0,useTrackAnalytics
FNDA:0,(anonymous_22)
DA:105,0
DA:106,0
DA:107,0
DA:109,0
DA:110,0
DA:111,0
DA:112,0
DA:114,0
DA:122,0
DA:123,0
DA:126,0
DA:127,0
DA:129,0
DA:131,0
DA:135,0
DA:136,0
DA:139,0
DA:152,0
DA:153,0
DA:159,0
DA:160,0
DA:161,0
DA:163,0
DA:164,0
DA:165,0
DA:166,0
DA:168,0
DA:169,0
DA:175,0
DA:177,0
DA:178,0
DA:181,0
DA:183,0
DA:184,0
DA:186,0
DA:189,0
DA:191,0
DA:193,0
DA:197,0
DA:198,0
DA:199,0
DA:203,0
DA:204,0
DA:207,0
DA:208,0
DA:211,0
DA:224,0
DA:228,0
DA:232,0
DA:236,0
DA:256,0
DA:261,0
DA:281,0
DA:282,0
DA:284,0
DA:285,0
DA:286,0
DA:287,0
DA:289,0
DA:297,0
DA:298,0
DA:299,0
DA:302,0
DA:304,0
DA:305,0
DA:307,0
DA:311,0
DA:315,0
DA:316,0
DA:318,0
DA:319,0
DA:320,0
DA:321,0
DA:323,0
DA:331,0
DA:332,0
DA:333,0
DA:336,0
DA:338,0
DA:339,0
DA:341,0
DA:345,0
DA:349,0
DA:350,0
DA:352,0
DA:353,0
DA:354,0
DA:355,0
DA:357,0
DA:365,0
DA:366,0
DA:367,0
DA:370,0
DA:372,0
DA:373,0
DA:375,0
DA:379,0
DA:384,0
DA:388,0
DA:389,0
DA:397,0
DA:401,0
LF:102
LH:0
BRDA:122,0,0,0
BRDA:122,0,1,0
BRDA:129,1,0,0
BRDA:129,1,1,0
BRDA:150,2,0,0
BRDA:163,3,0,0
BRDA:168,4,0,0
BRDA:168,4,1,0
BRDA:177,5,0,0
BRDA:177,5,1,0
BRDA:183,6,0,0
BRDA:183,6,1,0
BRDA:184,7,0,0
BRDA:184,7,1,0
BRDA:184,7,2,0
BRDA:184,7,3,0
BRDA:184,7,4,0
BRDA:186,8,0,0
BRDA:186,8,1,0
BRDA:186,8,2,0
BRDA:186,8,3,0
BRDA:186,8,4,0
BRDA:191,9,0,0
BRDA:191,9,1,0
BRDA:198,10,0,0
BRDA:198,10,1,0
BRDA:223,11,0,0
BRDA:227,12,0,0
BRDA:231,13,0,0
BRDA:255,14,0,0
BRDA:257,15,0,0
BRDA:257,15,1,0
BRDA:297,16,0,0
BRDA:297,16,1,0
BRDA:299,17,0,0
BRDA:299,17,1,0
BRDA:304,18,0,0
BRDA:304,18,1,0
BRDA:331,19,0,0
BRDA:331,19,1,0
BRDA:333,20,0,0
BRDA:333,20,1,0
BRDA:338,21,0,0
BRDA:338,21,1,0
BRDA:365,22,0,0
BRDA:365,22,1,0
BRDA:367,23,0,0
BRDA:367,23,1,0
BRDA:372,24,0,0
BRDA:372,24,1,0
BRF:50
BRH:0
end_of_record
TN:
SF:src\3d-sco\hooks\useMCP.ts
FN:21,useMCP
FN:22,(anonymous_1)
FN:26,(anonymous_2)
FN:46,(anonymous_3)
FN:72,(anonymous_4)
FN:77,useMultiFetch
FN:78,(anonymous_6)
FN:83,(anonymous_7)
FN:110,(anonymous_8)
FN:135,(anonymous_9)
FN:160,(anonymous_10)
FN:193,(anonymous_11)
FN:194,(anonymous_12)
FN:199,useBlender
FN:200,(anonymous_14)
FN:206,(anonymous_15)
FN:228,(anonymous_16)
FN:249,(anonymous_17)
FN:271,(anonymous_18)
FN:292,(anonymous_19)
FN:323,(anonymous_20)
FN:328,useThinking
FN:329,(anonymous_22)
FN:335,(anonymous_23)
FN:357,(anonymous_24)
FN:365,(anonymous_25)
FN:380,(anonymous_26)
FN:391,(anonymous_27)
FN:406,(anonymous_28)
FN:429,(anonymous_29)
FN:462,(anonymous_30)
FN:467,useMemory
FN:468,(anonymous_32)
FN:473,(anonymous_33)
FN:499,(anonymous_34)
FN:520,(anonymous_35)
FN:547,(anonymous_36)
FN:572,(anonymous_37)
FN:595,(anonymous_38)
FN:598,(anonymous_39)
FN:610,(anonymous_40)
FN:615,usePlaywright
FN:616,(anonymous_42)
FN:621,(anonymous_43)
FN:628,(anonymous_44)
FN:643,(anonymous_45)
FN:650,(anonymous_46)
FN:650,(anonymous_47)
FN:665,(anonymous_48)
FN:686,(anonymous_49)
FN:707,(anonymous_50)
FN:728,(anonymous_51)
FN:749,(anonymous_52)
FN:770,(anonymous_53)
FN:791,(anonymous_54)
FN:812,(anonymous_55)
FN:833,(anonymous_56)
FN:854,(anonymous_57)
FN:875,(anonymous_58)
FN:896,(anonymous_59)
FN:903,(anonymous_60)
FN:918,(anonymous_61)
FN:939,(anonymous_62)
FN:981,(anonymous_63)
FN:986,useMCPTools
FNF:65
FNH:0
FNDA:0,useMCP
FNDA:0,(anonymous_1)
FNDA:0,(anonymous_2)
FNDA:0,(anonymous_3)
FNDA:0,(anonymous_4)
FNDA:0,useMultiFetch
FNDA:0,(anonymous_6)
FNDA:0,(anonymous_7)
FNDA:0,(anonymous_8)
FNDA:0,(anonymous_9)
FNDA:0,(anonymous_10)
FNDA:0,(anonymous_11)
FNDA:0,(anonymous_12)
FNDA:0,useBlender
FNDA:0,(anonymous_14)
FNDA:0,(anonymous_15)
FNDA:0,(anonymous_16)
FNDA:0,(anonymous_17)
FNDA:0,(anonymous_18)
FNDA:0,(anonymous_19)
FNDA:0,(anonymous_20)
FNDA:0,useThinking
FNDA:0,(anonymous_22)
FNDA:0,(anonymous_23)
FNDA:0,(anonymous_24)
FNDA:0,(anonymous_25)
FNDA:0,(anonymous_26)
FNDA:0,(anonymous_27)
FNDA:0,(anonymous_28)
FNDA:0,(anonymous_29)
FNDA:0,(anonymous_30)
FNDA:0,useMemory
FNDA:0,(anonymous_32)
FNDA:0,(anonymous_33)
FNDA:0,(anonymous_34)
FNDA:0,(anonymous_35)
FNDA:0,(anonymous_36)
FNDA:0,(anonymous_37)
FNDA:0,(anonymous_38)
FNDA:0,(anonymous_39)
FNDA:0,(anonymous_40)
FNDA:0,usePlaywright
FNDA:0,(anonymous_42)
FNDA:0,(anonymous_43)
FNDA:0,(anonymous_44)
FNDA:0,(anonymous_45)
FNDA:0,(anonymous_46)
FNDA:0,(anonymous_47)
FNDA:0,(anonymous_48)
FNDA:0,(anonymous_49)
FNDA:0,(anonymous_50)
FNDA:0,(anonymous_51)
FNDA:0,(anonymous_52)
FNDA:0,(anonymous_53)
FNDA:0,(anonymous_54)
FNDA:0,(anonymous_55)
FNDA:0,(anonymous_56)
FNDA:0,(anonymous_57)
FNDA:0,(anonymous_58)
FNDA:0,(anonymous_59)
FNDA:0,(anonymous_60)
FNDA:0,(anonymous_61)
FNDA:0,(anonymous_62)
FNDA:0,(anonymous_63)
FNDA:0,useMCPTools
DA:22,0
DA:23,0
DA:24,0
DA:26,0
DA:27,0
DA:28,0
DA:30,0
DA:31,0
DA:32,0
DA:33,0
DA:34,0
DA:36,0
DA:38,0
DA:39,0
DA:40,0
DA:42,0
DA:46,0
DA:47,0
DA:48,0
DA:50,0
DA:51,0
DA:52,0
DA:53,0
DA:54,0
DA:56,0
DA:58,0
DA:59,0
DA:60,0
DA:62,0
DA:66,0
DA:72,0
DA:78,0
DA:79,0
DA:80,0
DA:81,0
DA:83,0
DA:89,0
DA:90,0
DA:92,0
DA:93,0
DA:94,0
DA:95,0
DA:96,0
DA:98,0
DA:99,0
DA:102,0
DA:103,0
DA:104,0
DA:106,0
DA:110,0
DA:114,0
DA:115,0
DA:117,0
DA:118,0
DA:119,0
DA:120,0
DA:121,0
DA:123,0
DA:124,0
DA:127,0
DA:128,0
DA:129,0
DA:131,0
DA:135,0
DA:139,0
DA:140,0
DA:142,0
DA:143,0
DA:144,0
DA:145,0
DA:146,0
DA:148,0
DA:149,0
DA:152,0
DA:153,0
DA:154,0
DA:156,0
DA:160,0
DA:164,0
DA:165,0
DA:167,0
DA:168,0
DA:169,0
DA:170,0
DA:171,0
DA:173,0
DA:174,0
DA:177,0
DA:178,0
DA:179,0
DA:181,0
DA:185,0
DA:193,0
DA:194,0
DA:200,0
DA:201,0
DA:202,0
DA:203,0
DA:204,0
DA:206,0
DA:207,0
DA:208,0
DA:210,0
DA:211,0
DA:212,0
DA:213,0
DA:214,0
DA:216,0
DA:217,0
DA:220,0
DA:221,0
DA:222,0
DA:224,0
DA:228,0
DA:229,0
DA:230,0
DA:232,0
DA:233,0
DA:234,0
DA:235,0
DA:237,0
DA:238,0
DA:241,0
DA:242,0
DA:243,0
DA:245,0
DA:249,0
DA:250,0
DA:251,0
DA:253,0
DA:254,0
DA:255,0
DA:256,0
DA:257,0
DA:259,0
DA:260,0
DA:263,0
DA:264,0
DA:265,0
DA:267,0
DA:271,0
DA:272,0
DA:273,0
DA:275,0
DA:276,0
DA:277,0
DA:278,0
DA:280,0
DA:281,0
DA:284,0
DA:285,0
DA:286,0
DA:288,0
DA:292,0
DA:293,0
DA:294,0
DA:296,0
DA:297,0
DA:298,0
DA:299,0
DA:301,0
DA:302,0
DA:305,0
DA:306,0
DA:307,0
DA:309,0
DA:313,0
DA:323,0
DA:329,0
DA:330,0
DA:331,0
DA:332,0
DA:333,0
DA:335,0
DA:336,0
DA:337,0
DA:339,0
DA:340,0
DA:341,0
DA:342,0
DA:343,0
DA:345,0
DA:346,0
DA:349,0
DA:350,0
DA:351,0
DA:353,0
DA:357,0
DA:358,0
DA:359,0
DA:361,0
DA:362,0
DA:363,0
DA:364,0
DA:365,0
DA:366,0
DA:368,0
DA:369,0
DA:372,0
DA:373,0
DA:374,0
DA:376,0
DA:380,0
DA:381,0
DA:382,0
DA:384,0
DA:385,0
DA:387,0
DA:388,0
DA:389,0
DA:390,0
DA:391,0
DA:392,0
DA:394,0
DA:395,0
DA:398,0
DA:399,0
DA:400,0
DA:402,0
DA:406,0
DA:407,0
DA:408,0
DA:410,0
DA:411,0
DA:412,0
DA:414,0
DA:415,0
DA:417,0
DA:418,0
DA:421,0
DA:422,0
DA:423,0
DA:425,0
DA:429,0
DA:430,0
DA:431,0
DA:433,0
DA:434,0
DA:435,0
DA:437,0
DA:438,0
DA:440,0
DA:441,0
DA:444,0
DA:445,0
DA:446,0
DA:448,0
DA:452,0
DA:462,0
DA:468,0
DA:469,0
DA:470,0
DA:471,0
DA:473,0
DA:479,0
DA:480,0
DA:482,0
DA:483,0
DA:484,0
DA:485,0
DA:487,0
DA:488,0
DA:491,0
DA:492,0
DA:493,0
DA:495,0
DA:499,0
DA:500,0
DA:501,0
DA:503,0
DA:504,0
DA:505,0
DA:506,0
DA:508,0
DA:509,0
DA:512,0
DA:513,0
DA:514,0
DA:516,0
DA:520,0
DA:527,0
DA:528,0
DA:530,0
DA:531,0
DA:532,0
DA:533,0
DA:535,0
DA:536,0
DA:539,0
DA:540,0
DA:541,0
DA:543,0
DA:547,0
DA:552,0
DA:553,0
DA:555,0
DA:556,0
DA:557,0
DA:558,0
DA:560,0
DA:561,0
DA:564,0
DA:565,0
DA:566,0
DA:568,0
DA:572,0
DA:573,0
DA:574,0
DA:576,0
DA:577,0
DA:578,0
DA:579,0
DA:580,0
DA:582,0
DA:583,0
DA:586,0
DA:587,0
DA:588,0
DA:590,0
DA:595,0
DA:596,0
DA:597,0
DA:598,0
DA:601,0
DA:610,0
DA:616,0
DA:617,0
DA:618,0
DA:619,0
DA:621,0
DA:622,0
DA:623,0
DA:625,0
DA:626,0
DA:627,0
DA:628,0
DA:629,0
DA:631,0
DA:632,0
DA:635,0
DA:636,0
DA:637,0
DA:639,0
DA:643,0
DA:644,0
DA:645,0
DA:647,0
DA:648,0
DA:649,0
DA:650,0
DA:651,0
DA:653,0
DA:654,0
DA:657,0
DA:658,0
DA:659,0
DA:661,0
DA:665,0
DA:666,0
DA:667,0
DA:669,0
DA:670,0
DA:671,0
DA:672,0
DA:674,0
DA:675,0
DA:678,0
DA:679,0
DA:680,0
DA:682,0
DA:686,0
DA:687,0
DA:688,0
DA:690,0
DA:691,0
DA:692,0
DA:693,0
DA:695,0
DA:696,0
DA:699,0
DA:700,0
DA:701,0
DA:703,0
DA:707,0
DA:708,0
DA:709,0
DA:711,0
DA:712,0
DA:713,0
DA:714,0
DA:716,0
DA:717,0
DA:720,0
DA:721,0
DA:722,0
DA:724,0
DA:728,0
DA:729,0
DA:730,0
DA:732,0
DA:733,0
DA:734,0
DA:735,0
DA:737,0
DA:738,0
DA:741,0
DA:742,0
DA:743,0
DA:745,0
DA:749,0
DA:750,0
DA:751,0
DA:753,0
DA:754,0
DA:755,0
DA:756,0
DA:758,0
DA:759,0
DA:762,0
DA:763,0
DA:764,0
DA:766,0
DA:770,0
DA:771,0
DA:772,0
DA:774,0
DA:775,0
DA:776,0
DA:777,0
DA:779,0
DA:780,0
DA:783,0
DA:784,0
DA:785,0
DA:787,0
DA:791,0
DA:792,0
DA:793,0
DA:795,0
DA:796,0
DA:797,0
DA:798,0
DA:800,0
DA:801,0
DA:804,0
DA:805,0
DA:806,0
DA:808,0
DA:812,0
DA:813,0
DA:814,0
DA:816,0
DA:817,0
DA:818,0
DA:819,0
DA:821,0
DA:822,0
DA:825,0
DA:826,0
DA:827,0
DA:829,0
DA:833,0
DA:834,0
DA:835,0
DA:837,0
DA:838,0
DA:839,0
DA:840,0
DA:842,0
DA:843,0
DA:846,0
DA:847,0
DA:848,0
DA:850,0
DA:854,0
DA:855,0
DA:856,0
DA:858,0
DA:859,0
DA:860,0
DA:861,0
DA:863,0
DA:864,0
DA:867,0
DA:868,0
DA:869,0
DA:871,0
DA:875,0
DA:876,0
DA:877,0
DA:879,0
DA:880,0
DA:881,0
DA:882,0
DA:884,0
DA:885,0
DA:888,0
DA:889,0
DA:890,0
DA:892,0
DA:896,0
DA:897,0
DA:898,0
DA:900,0
DA:901,0
DA:902,0
DA:903,0
DA:904,0
DA:906,0
DA:907,0
DA:910,0
DA:911,0
DA:912,0
DA:914,0
DA:918,0
DA:919,0
DA:920,0
DA:922,0
DA:923,0
DA:924,0
DA:925,0
DA:927,0
DA:928,0
DA:931,0
DA:932,0
DA:933,0
DA:935,0
DA:939,0
DA:940,0
DA:941,0
DA:943,0
DA:944,0
DA:945,0
DA:946,0
DA:947,0
DA:949,0
DA:950,0
DA:953,0
DA:954,0
DA:955,0
DA:957,0
DA:961,0
DA:981,0
DA:987,0
DA:988,0
DA:989,0
DA:990,0
DA:991,0
DA:992,0
DA:994,0
LF:550
LH:0
BRDA:32,0,0,0
BRDA:32,0,1,0
BRDA:33,1,0,0
BRDA:33,1,1,0
BRDA:38,2,0,0
BRDA:38,2,1,0
BRDA:52,3,0,0
BRDA:52,3,1,0
BRDA:53,4,0,0
BRDA:53,4,1,0
BRDA:58,5,0,0
BRDA:58,5,1,0
BRDA:94,6,0,0
BRDA:94,6,1,0
BRDA:98,7,0,0
BRDA:98,7,1,0
BRDA:102,8,0,0
BRDA:102,8,1,0
BRDA:119,9,0,0
BRDA:119,9,1,0
BRDA:123,10,0,0
BRDA:123,10,1,0
BRDA:127,11,0,0
BRDA:127,11,1,0
BRDA:144,12,0,0
BRDA:144,12,1,0
BRDA:148,13,0,0
BRDA:148,13,1,0
BRDA:152,14,0,0
BRDA:152,14,1,0
BRDA:169,15,0,0
BRDA:169,15,1,0
BRDA:173,16,0,0
BRDA:173,16,1,0
BRDA:177,17,0,0
BRDA:177,17,1,0
BRDA:212,18,0,0
BRDA:212,18,1,0
BRDA:216,19,0,0
BRDA:216,19,1,0
BRDA:220,20,0,0
BRDA:220,20,1,0
BRDA:234,21,0,0
BRDA:234,21,1,0
BRDA:237,22,0,0
BRDA:237,22,1,0
BRDA:241,23,0,0
BRDA:241,23,1,0
BRDA:249,24,0,0
BRDA:255,25,0,0
BRDA:255,25,1,0
BRDA:255,26,0,0
BRDA:255,26,1,0
BRDA:259,27,0,0
BRDA:259,27,1,0
BRDA:263,28,0,0
BRDA:263,28,1,0
BRDA:277,29,0,0
BRDA:277,29,1,0
BRDA:280,30,0,0
BRDA:280,30,1,0
BRDA:284,31,0,0
BRDA:284,31,1,0
BRDA:298,32,0,0
BRDA:298,32,1,0
BRDA:301,33,0,0
BRDA:301,33,1,0
BRDA:305,34,0,0
BRDA:305,34,1,0
BRDA:341,35,0,0
BRDA:341,35,1,0
BRDA:342,36,0,0
BRDA:342,36,1,0
BRDA:345,37,0,0
BRDA:345,37,1,0
BRDA:349,38,0,0
BRDA:349,38,1,0
BRDA:363,39,0,0
BRDA:363,39,1,0
BRDA:363,40,0,0
BRDA:363,40,1,0
BRDA:368,41,0,0
BRDA:368,41,1,0
BRDA:372,42,0,0
BRDA:372,42,1,0
BRDA:382,43,0,0
BRDA:382,43,1,0
BRDA:389,44,0,0
BRDA:389,44,1,0
BRDA:389,45,0,0
BRDA:389,45,1,0
BRDA:394,46,0,0
BRDA:394,46,1,0
BRDA:398,47,0,0
BRDA:398,47,1,0
BRDA:412,48,0,0
BRDA:412,48,1,0
BRDA:417,49,0,0
BRDA:417,49,1,0
BRDA:421,50,0,0
BRDA:421,50,1,0
BRDA:435,51,0,0
BRDA:435,51,1,0
BRDA:440,52,0,0
BRDA:440,52,1,0
BRDA:444,53,0,0
BRDA:444,53,1,0
BRDA:484,54,0,0
BRDA:484,54,1,0
BRDA:487,55,0,0
BRDA:487,55,1,0
BRDA:491,56,0,0
BRDA:491,56,1,0
BRDA:505,57,0,0
BRDA:505,57,1,0
BRDA:508,58,0,0
BRDA:508,58,1,0
BRDA:512,59,0,0
BRDA:512,59,1,0
BRDA:532,60,0,0
BRDA:532,60,1,0
BRDA:533,61,0,0
BRDA:533,61,1,0
BRDA:535,62,0,0
BRDA:535,62,1,0
BRDA:539,63,0,0
BRDA:539,63,1,0
BRDA:557,64,0,0
BRDA:557,64,1,0
BRDA:558,65,0,0
BRDA:558,65,1,0
BRDA:560,66,0,0
BRDA:560,66,1,0
BRDA:564,67,0,0
BRDA:564,67,1,0
BRDA:578,68,0,0
BRDA:578,68,1,0
BRDA:582,69,0,0
BRDA:582,69,1,0
BRDA:586,70,0,0
BRDA:586,70,1,0
BRDA:627,71,0,0
BRDA:627,71,1,0
BRDA:627,72,0,0
BRDA:627,72,1,0
BRDA:631,73,0,0
BRDA:631,73,1,0
BRDA:635,74,0,0
BRDA:635,74,1,0
BRDA:649,75,0,0
BRDA:649,75,1,0
BRDA:653,76,0,0
BRDA:653,76,1,0
BRDA:657,77,0,0
BRDA:657,77,1,0
BRDA:671,78,0,0
BRDA:671,78,1,0
BRDA:674,79,0,0
BRDA:674,79,1,0
BRDA:678,80,0,0
BRDA:678,80,1,0
BRDA:692,81,0,0
BRDA:692,81,1,0
BRDA:695,82,0,0
BRDA:695,82,1,0
BRDA:699,83,0,0
BRDA:699,83,1,0
BRDA:713,84,0,0
BRDA:713,84,1,0
BRDA:716,85,0,0
BRDA:716,85,1,0
BRDA:720,86,0,0
BRDA:720,86,1,0
BRDA:734,87,0,0
BRDA:734,87,1,0
BRDA:737,88,0,0
BRDA:737,88,1,0
BRDA:741,89,0,0
BRDA:741,89,1,0
BRDA:755,90,0,0
BRDA:755,90,1,0
BRDA:758,91,0,0
BRDA:758,91,1,0
BRDA:762,92,0,0
BRDA:762,92,1,0
BRDA:776,93,0,0
BRDA:776,93,1,0
BRDA:779,94,0,0
BRDA:779,94,1,0
BRDA:783,95,0,0
BRDA:783,95,1,0
BRDA:797,96,0,0
BRDA:797,96,1,0
BRDA:800,97,0,0
BRDA:800,97,1,0
BRDA:804,98,0,0
BRDA:804,98,1,0
BRDA:818,99,0,0
BRDA:818,99,1,0
BRDA:821,100,0,0
BRDA:821,100,1,0
BRDA:825,101,0,0
BRDA:825,101,1,0
BRDA:839,102,0,0
BRDA:839,102,1,0
BRDA:842,103,0,0
BRDA:842,103,1,0
BRDA:846,104,0,0
BRDA:846,104,1,0
BRDA:860,105,0,0
BRDA:860,105,1,0
BRDA:863,106,0,0
BRDA:863,106,1,0
BRDA:867,107,0,0
BRDA:867,107,1,0
BRDA:881,108,0,0
BRDA:881,108,1,0
BRDA:884,109,0,0
BRDA:884,109,1,0
BRDA:888,110,0,0
BRDA:888,110,1,0
BRDA:902,111,0,0
BRDA:902,111,1,0
BRDA:902,112,0,0
BRDA:902,112,1,0
BRDA:906,113,0,0
BRDA:906,113,1,0
BRDA:910,114,0,0
BRDA:910,114,1,0
BRDA:924,115,0,0
BRDA:924,115,1,0
BRDA:927,116,0,0
BRDA:927,116,1,0
BRDA:931,117,0,0
BRDA:931,117,1,0
BRDA:945,118,0,0
BRDA:945,118,1,0
BRDA:949,119,0,0
BRDA:949,119,1,0
BRDA:953,120,0,0
BRDA:953,120,1,0
BRF:241
BRH:0
end_of_record
TN:
SF:src\3d-sco\hooks\useSocket.ts
FN:45,useSocket
FN:57,(anonymous_1)
FN:69,(anonymous_2)
FN:75,(anonymous_3)
FN:80,(anonymous_4)
FN:87,(anonymous_5)
FN:92,(anonymous_6)
FN:93,(anonymous_7)
FN:96,(anonymous_8)
FN:102,(anonymous_9)
FN:103,(anonymous_10)
FN:104,(anonymous_11)
FN:109,(anonymous_12)
FN:110,(anonymous_13)
FN:110,(anonymous_14)
FN:114,(anonymous_15)
FN:115,(anonymous_16)
FN:119,(anonymous_17)
FN:123,(anonymous_18)
FN:127,(anonymous_19)
FN:133,(anonymous_20)
FN:144,(anonymous_21)
FN:151,(anonymous_22)
FN:158,(anonymous_23)
FN:171,(anonymous_24)
FN:184,(anonymous_25)
FN:191,(anonymous_26)
FN:206,(anonymous_27)
FN:213,(anonymous_28)
FN:219,(anonymous_29)
FN:232,(anonymous_30)
FN:234,(anonymous_31)
FN:234,(anonymous_32)
FN:241,(anonymous_33)
FN:246,(anonymous_34)
FN:247,(anonymous_35)
FN:247,(anonymous_36)
FN:251,(anonymous_37)
FN:252,(anonymous_38)
FN:256,(anonymous_39)
FN:257,(anonymous_40)
FN:265,(anonymous_41)
FN:266,(anonymous_42)
FN:266,(anonymous_43)
FN:270,(anonymous_44)
FN:308,useChatRoom
FN:329,(anonymous_46)
FN:330,(anonymous_47)
FN:334,(anonymous_48)
FN:337,(anonymous_49)
FN:344,(anonymous_50)
FN:355,(anonymous_51)
FN:363,(anonymous_52)
FN:375,(anonymous_53)
FN:380,useNotifications
FN:390,(anonymous_55)
FN:394,(anonymous_56)
FNF:57
FNH:0
FNDA:0,useSocket
FNDA:0,(anonymous_1)
FNDA:0,(anonymous_2)
FNDA:0,(anonymous_3)
FNDA:0,(anonymous_4)
FNDA:0,(anonymous_5)
FNDA:0,(anonymous_6)
FNDA:0,(anonymous_7)
FNDA:0,(anonymous_8)
FNDA:0,(anonymous_9)
FNDA:0,(anonymous_10)
FNDA:0,(anonymous_11)
FNDA:0,(anonymous_12)
FNDA:0,(anonymous_13)
FNDA:0,(anonymous_14)
FNDA:0,(anonymous_15)
FNDA:0,(anonymous_16)
FNDA:0,(anonymous_17)
FNDA:0,(anonymous_18)
FNDA:0,(anonymous_19)
FNDA:0,(anonymous_20)
FNDA:0,(anonymous_21)
FNDA:0,(anonymous_22)
FNDA:0,(anonymous_23)
FNDA:0,(anonymous_24)
FNDA:0,(anonymous_25)
FNDA:0,(anonymous_26)
FNDA:0,(anonymous_27)
FNDA:0,(anonymous_28)
FNDA:0,(anonymous_29)
FNDA:0,(anonymous_30)
FNDA:0,(anonymous_31)
FNDA:0,(anonymous_32)
FNDA:0,(anonymous_33)
FNDA:0,(anonymous_34)
FNDA:0,(anonymous_35)
FNDA:0,(anonymous_36)
FNDA:0,(anonymous_37)
FNDA:0,(anonymous_38)
FNDA:0,(anonymous_39)
FNDA:0,(anonymous_40)
FNDA:0,(anonymous_41)
FNDA:0,(anonymous_42)
FNDA:0,(anonymous_43)
FNDA:0,(anonymous_44)
FNDA:0,useChatRoom
FNDA:0,(anonymous_46)
FNDA:0,(anonymous_47)
FNDA:0,(anonymous_48)
FNDA:0,(anonymous_49)
FNDA:0,(anonymous_50)
FNDA:0,(anonymous_51)
FNDA:0,(anonymous_52)
FNDA:0,(anonymous_53)
FNDA:0,useNotifications
FNDA:0,(anonymous_55)
FNDA:0,(anonymous_56)
DA:46,0
DA:47,0
DA:48,0
DA:49,0
DA:50,0
DA:51,0
DA:52,0
DA:54,0
DA:55,0
DA:57,0
DA:58,0
DA:65,0
DA:66,0
DA:69,0
DA:70,0
DA:71,0
DA:72,0
DA:75,0
DA:76,0
DA:77,0
DA:80,0
DA:81,0
DA:82,0
DA:83,0
DA:87,0
DA:88,0
DA:92,0
DA:93,0
DA:96,0
DA:97,0
DA:102,0
DA:103,0
DA:104,0
DA:105,0
DA:109,0
DA:110,0
DA:114,0
DA:115,0
DA:119,0
DA:120,0
DA:123,0
DA:124,0
DA:127,0
DA:128,0
DA:133,0
DA:138,0
DA:139,0
DA:144,0
DA:145,0
DA:146,0
DA:151,0
DA:152,0
DA:153,0
DA:158,0
DA:165,0
DA:166,0
DA:171,0
DA:175,0
DA:176,0
DA:179,0
DA:180,0
DA:184,0
DA:185,0
DA:191,0
DA:195,0
DA:196,0
DA:198,0
DA:199,0
DA:200,0
DA:206,0
DA:207,0
DA:209,0
DA:210,0
DA:213,0
DA:214,0
DA:219,0
DA:226,0
DA:227,0
DA:232,0
DA:233,0
DA:234,0
DA:236,0
DA:241,0
DA:242,0
DA:246,0
DA:247,0
DA:251,0
DA:252,0
DA:256,0
DA:257,0
DA:260,0
DA:265,0
DA:266,0
DA:270,0
DA:271,0
DA:272,0
DA:273,0
DA:277,0
DA:323,0
DA:325,0
DA:326,0
DA:329,0
DA:330,0
DA:334,0
DA:335,0
DA:336,0
DA:337,0
DA:338,0
DA:344,0
DA:345,0
DA:355,0
DA:356,0
DA:363,0
DA:364,0
DA:367,0
DA:375,0
DA:386,0
DA:388,0
DA:390,0
DA:391,0
DA:394,0
DA:400,0
DA:406,0
LF:123
LH:0
BRDA:58,0,0,0
BRDA:58,0,1,0
BRDA:58,1,0,0
BRDA:58,1,1,0
BRDA:59,2,0,0
BRDA:59,2,1,0
BRDA:138,3,0,0
BRDA:138,3,1,0
BRDA:145,4,0,0
BRDA:145,4,1,0
BRDA:152,5,0,0
BRDA:152,5,1,0
BRDA:165,6,0,0
BRDA:165,6,1,0
BRDA:165,7,0,0
BRDA:165,7,1,0
BRDA:175,8,0,0
BRDA:175,8,1,0
BRDA:179,9,0,0
BRDA:179,9,1,0
BRDA:195,10,0,0
BRDA:195,10,1,0
BRDA:198,11,0,0
BRDA:198,11,1,0
BRDA:209,12,0,0
BRDA:209,12,1,0
BRDA:226,13,0,0
BRDA:226,13,1,0
BRDA:233,14,0,0
BRDA:233,14,1,0
BRDA:271,15,0,0
BRDA:271,15,1,0
BRDA:335,16,0,0
BRDA:335,16,1,0
BRDA:335,17,0,0
BRDA:335,17,1,0
BRF:36
BRH:0
end_of_record
TN:
SF:src\3d-sco\lib\auth.ts
FN:4,(anonymous_0)
FN:8,(anonymous_1)
FN:12,(anonymous_2)
FN:24,generateToken
FN:34,verifyToken
FN:53,validateCredentials
FN:64,getAdminFromRequest
FN:71,isAuthenticated
FN:76,verifyAdminToken
FN:120,generateUserToken
FN:133,verifyUserToken
FN:167,getUserFromRequest
FN:183,hasRole
FN:189,hashPassword
FN:194,verifyPassword
FNF:15
FNH:0
FNDA:0,(anonymous_0)
FNDA:0,(anonymous_1)
FNDA:0,(anonymous_2)
FNDA:0,generateToken
FNDA:0,verifyToken
FNDA:0,validateCredentials
FNDA:0,getAdminFromRequest
FNDA:0,isAuthenticated
FNDA:0,verifyAdminToken
FNDA:0,generateUserToken
FNDA:0,verifyUserToken
FNDA:0,getUserFromRequest
FNDA:0,hasRole
FNDA:0,hashPassword
FNDA:0,verifyPassword
DA:4,0
DA:5,0
DA:6,0
DA:8,0
DA:9,0
DA:10,0
DA:12,0
DA:13,0
DA:14,0
DA:25,0
DA:31,0
DA:35,0
DA:36,0
DA:39,0
DA:40,0
DA:43,0
DA:49,0
DA:54,0
DA:55,0
DA:61,0
DA:65,0
DA:66,0
DA:68,0
DA:72,0
DA:77,0
DA:78,0
DA:80,0
DA:121,0
DA:129,0
DA:134,0
DA:135,0
DA:138,0
DA:139,0
DA:143,0
DA:144,0
DA:150,0
DA:162,0
DA:168,0
DA:169,0
DA:171,0
DA:172,0
DA:175,0
DA:176,0
DA:179,0
DA:184,0
DA:185,0
DA:191,0
DA:195,0
LF:48
LH:0
BRDA:4,0,0,0
BRDA:4,0,1,0
BRDA:8,1,0,0
BRDA:8,1,1,0
BRDA:12,2,0,0
BRDA:12,2,1,0
BRDA:39,3,0,0
BRDA:39,3,1,0
BRDA:54,4,0,0
BRDA:54,4,1,0
BRDA:54,5,0,0
BRDA:54,5,1,0
BRDA:66,6,0,0
BRDA:66,6,1,0
BRDA:78,7,0,0
BRDA:78,7,1,0
BRDA:124,8,0,0
BRDA:124,8,1,0
BRDA:138,9,0,0
BRDA:138,9,1,0
BRDA:143,10,0,0
BRDA:143,10,1,0
BRDA:153,11,0,0
BRDA:153,11,1,0
BRDA:171,12,0,0
BRDA:171,12,1,0
BRDA:175,13,0,0
BRDA:175,13,1,0
BRF:28
BRH:0
end_of_record
TN:
SF:src\3d-sco\lib\blender-tools.ts
FN:131,(anonymous_0)
FN:133,(anonymous_1)
FN:141,(anonymous_2)
FN:153,(anonymous_3)
FN:189,(anonymous_4)
FN:293,(anonymous_5)
FN:329,(anonymous_6)
FN:390,(anonymous_7)
FN:392,(anonymous_8)
FN:399,(anonymous_9)
FN:409,(anonymous_10)
FN:431,(anonymous_11)
FN:447,(anonymous_12)
FNF:13
FNH:0
FNDA:0,(anonymous_0)
FNDA:0,(anonymous_1)
FNDA:0,(anonymous_2)
FNDA:0,(anonymous_3)
FNDA:0,(anonymous_4)
FNDA:0,(anonymous_5)
FNDA:0,(anonymous_6)
FNDA:0,(anonymous_7)
FNDA:0,(anonymous_8)
FNDA:0,(anonymous_9)
FNDA:0,(anonymous_10)
FNDA:0,(anonymous_11)
FNDA:0,(anonymous_12)
DA:128,0
DA:129,0
DA:134,0
DA:135,0
DA:137,0
DA:142,0
DA:143,0
DA:144,0
DA:145,0
DA:147,0
DA:148,0
DA:158,0
DA:159,0
DA:165,0
DA:166,0
DA:174,0
DA:175,0
DA:181,0
DA:190,0
DA:281,0
DA:282,0
DA:283,0
DA:284,0
DA:286,0
DA:289,0
DA:294,0
DA:317,0
DA:318,0
DA:319,0
DA:320,0
DA:322,0
DA:325,0
DA:330,0
DA:377,0
DA:378,0
DA:379,0
DA:381,0
DA:388,0
DA:393,0
DA:394,0
DA:396,0
DA:400,0
DA:401,0
DA:402,0
DA:404,0
DA:405,0
DA:413,0
DA:414,0
DA:415,0
DA:417,0
DA:418,0
DA:421,0
DA:422,0
DA:425,0
DA:426,0
DA:429,0
DA:431,0
DA:442,0
DA:443,0
DA:453,0
DA:454,0
DA:456,0
DA:457,0
DA:459,0
DA:460,0
DA:464,0
DA:465,0
DA:468,0
DA:470,0
DA:471,0
DA:477,0
DA:478,0
LF:72
LH:0
BRDA:134,0,0,0
BRDA:134,0,1,0
BRDA:158,1,0,0
BRDA:158,1,1,0
BRDA:282,2,0,0
BRDA:282,2,1,0
BRDA:282,3,0,0
BRDA:282,3,1,0
BRDA:318,4,0,0
BRDA:318,4,1,0
BRDA:318,5,0,0
BRDA:318,5,1,0
BRDA:318,5,2,0
BRDA:329,6,0,0
BRDA:378,7,0,0
BRDA:378,7,1,0
BRDA:378,8,0,0
BRDA:378,8,1,0
BRDA:378,8,2,0
BRDA:393,9,0,0
BRDA:393,9,1,0
BRDA:399,10,0,0
BRDA:410,11,0,0
BRDA:417,12,0,0
BRDA:417,12,1,0
BRDA:421,13,0,0
BRDA:421,13,1,0
BRDA:425,14,0,0
BRDA:425,14,1,0
BRDA:433,15,0,0
BRDA:433,15,1,0
BRDA:435,16,0,0
BRDA:435,16,1,0
BRDA:436,17,0,0
BRDA:436,17,1,0
BRDA:450,18,0,0
BRDA:456,19,0,0
BRDA:456,19,1,0
BRDA:459,20,0,0
BRDA:459,20,1,0
BRDA:459,21,0,0
BRDA:459,21,1,0
BRDA:465,22,0,0
BRDA:465,22,1,0
BRF:44
BRH:0
end_of_record
TN:
SF:src\3d-sco\lib\db.ts
FN:16,connectDB
FN:27,disconnectDB
FN:38,checkDBHealth
FNF:3
FNH:0
FNDA:0,connectDB
FNDA:0,disconnectDB
FNDA:0,checkDBHealth
DA:3,0
DA:8,0
DA:13,0
DA:17,0
DA:18,0
DA:19,0
DA:21,0
DA:22,0
DA:28,0
DA:29,0
DA:30,0
DA:32,0
DA:33,0
DA:39,0
DA:40,0
DA:41,0
DA:43,0
LF:17
LH:0
BRDA:8,0,0,0
BRDA:8,0,1,0
BRDA:13,1,0,0
BRDA:13,1,1,0
BRDA:43,2,0,0
BRDA:43,2,1,0
BRF:6
BRH:0
end_of_record
TN:
SF:src\3d-sco\lib\generate-random-cursor.ts
FN:50,(anonymous_0)
FN:52,(anonymous_1)
FN:53,(anonymous_2)
FN:58,(anonymous_3)
FNF:4
FNH:0
FNDA:0,(anonymous_0)
FNDA:0,(anonymous_1)
FNDA:0,(anonymous_2)
FNDA:0,(anonymous_3)
DA:1,0
DA:19,0
DA:37,0
DA:50,0
DA:51,0
DA:52,0
DA:53,0
DA:54,0
DA:58,0
DA:59,0
DA:61,0
DA:62,0
DA:63,0
DA:64,0
DA:65,0
LF:15
LH:0
BRF:0
BRH:0
end_of_record
TN:
SF:src\3d-sco\lib\i18n.ts
FN:133,(anonymous_0)
FN:173,(anonymous_1)
FN:177,(anonymous_2)
FN:181,(anonymous_3)
FN:187,(anonymous_4)
FN:200,(anonymous_5)
FN:205,(anonymous_6)
FNF:7
FNH:0
FNDA:0,(anonymous_0)
FNDA:0,(anonymous_1)
FNDA:0,(anonymous_2)
FNDA:0,(anonymous_3)
FNDA:0,(anonymous_4)
FNDA:0,(anonymous_5)
FNDA:0,(anonymous_6)
DA:6,0
DA:39,0
DA:40,0
DA:43,0
DA:133,0
DA:134,0
DA:136,0
DA:167,0
DA:170,0
DA:173,0
DA:174,0
DA:177,0
DA:178,0
DA:181,0
DA:182,0
DA:183,0
DA:187,0
DA:188,0
DA:189,0
DA:191,0
DA:197,0
DA:200,0
DA:201,0
DA:202,0
DA:205,0
DA:206,0
DA:207,0
LF:27
LH:0
BRDA:174,0,0,0
BRDA:174,0,1,0
BRDA:182,1,0,0
BRDA:182,1,1,0
BRDA:188,2,0,0
BRDA:188,2,1,0
BRDA:189,3,0,0
BRDA:189,3,1,0
BRDA:201,4,0,0
BRDA:201,4,1,0
BRDA:205,5,0,0
BRDA:206,6,0,0
BRDA:206,6,1,0
BRF:13
BRH:0
end_of_record
TN:
SF:src\3d-sco\lib\image-optimization.ts
FN:33,cloudinaryLoader
FN:43,imagekitLoader
FN:57,customCdnLoader
FN:72,generateResponsiveSizes
FN:74,(anonymous_4)
FN:84,getSupportedFormat
FN:107,preloadImage
FN:108,(anonymous_7)
FN:110,(anonymous_8)
FN:117,createLazyLoadObserver
FN:133,compressImage
FN:139,(anonymous_11)
FN:144,(anonymous_12)
FN:174,generateBlurPlaceholder
FN:195,extractImageMetadata
FN:202,(anonymous_15)
FN:205,(anonymous_16)
FNF:17
FNH:0
FNDA:0,cloudinaryLoader
FNDA:0,imagekitLoader
FNDA:0,customCdnLoader
FNDA:0,generateResponsiveSizes
FNDA:0,(anonymous_4)
FNDA:0,getSupportedFormat
FNDA:0,preloadImage
FNDA:0,(anonymous_7)
FNDA:0,(anonymous_8)
FNDA:0,createLazyLoadObserver
FNDA:0,compressImage
FNDA:0,(anonymous_11)
FNDA:0,(anonymous_12)
FNDA:0,generateBlurPlaceholder
FNDA:0,extractImageMetadata
FNDA:0,(anonymous_15)
FNDA:0,(anonymous_16)
DA:4,0
DA:34,0
DA:35,0
DA:38,0
DA:39,0
DA:44,0
DA:45,0
DA:48,0
DA:53,0
DA:58,0
DA:59,0
DA:62,0
DA:68,0
DA:73,0
DA:75,0
DA:76,0
DA:78,0
DA:85,0
DA:88,0
DA:89,0
DA:90,0
DA:91,0
DA:92,0
DA:96,0
DA:97,0
DA:98,0
DA:99,0
DA:100,0
DA:103,0
DA:108,0
DA:109,0
DA:110,0
DA:111,0
DA:112,0
DA:121,0
DA:122,0
DA:125,0
DA:139,0
DA:140,0
DA:141,0
DA:142,0
DA:144,0
DA:146,0
DA:148,0
DA:149,0
DA:150,0
DA:151,0
DA:154,0
DA:155,0
DA:156,0
DA:160,0
DA:161,0
DA:164,0
DA:165,0
DA:168,0
DA:169,0
DA:175,0
DA:176,0
DA:178,0
DA:179,0
DA:181,0
DA:183,0
DA:184,0
DA:185,0
DA:187,0
DA:188,0
DA:191,0
DA:202,0
DA:203,0
DA:205,0
DA:206,0
DA:215,0
DA:216,0
LF:73
LH:0
BRDA:6,0,0,0
BRDA:6,0,1,0
BRDA:7,1,0,0
BRDA:7,1,1,0
BRDA:10,2,0,0
BRDA:10,2,1,0
BRDA:11,3,0,0
BRDA:11,3,1,0
BRDA:14,4,0,0
BRDA:14,4,1,0
BRDA:34,5,0,0
BRDA:34,5,1,0
BRDA:38,6,0,0
BRDA:38,6,1,0
BRDA:44,7,0,0
BRDA:44,7,1,0
BRDA:49,8,0,0
BRDA:49,8,1,0
BRDA:58,9,0,0
BRDA:58,9,1,0
BRDA:64,10,0,0
BRDA:64,10,1,0
BRDA:72,11,0,0
BRDA:75,12,0,0
BRDA:75,12,1,0
BRDA:85,13,0,0
BRDA:85,13,1,0
BRDA:91,14,0,0
BRDA:91,14,1,0
BRDA:99,15,0,0
BRDA:99,15,1,0
BRDA:119,16,0,0
BRDA:121,17,0,0
BRDA:121,17,1,0
BRDA:121,18,0,0
BRDA:121,18,1,0
BRDA:135,19,0,0
BRDA:136,20,0,0
BRDA:137,21,0,0
BRDA:148,22,0,0
BRDA:148,22,1,0
BRDA:149,23,0,0
BRDA:149,23,1,0
BRDA:154,24,0,0
BRDA:154,24,1,0
BRDA:174,25,0,0
BRDA:174,26,0,0
BRDA:181,27,0,0
BRDA:181,27,1,0
BRF:49
BRH:0
end_of_record
TN:
SF:src\3d-sco\lib\mcp-client.ts
FN:44,(anonymous_0)
FN:62,(anonymous_1)
FN:94,(anonymous_2)
FN:131,(anonymous_3)
FN:152,(anonymous_4)
FN:188,(anonymous_5)
FN:195,(anonymous_6)
FN:202,(anonymous_7)
FN:210,(anonymous_8)
FN:211,(anonymous_9)
FN:218,(anonymous_10)
FN:231,(anonymous_11)
FN:250,(anonymous_12)
FN:265,(anonymous_13)
FN:280,(anonymous_14)
FN:297,(anonymous_15)
FN:304,(anonymous_16)
FN:312,(anonymous_17)
FN:320,(anonymous_18)
FN:328,(anonymous_19)
FN:336,(anonymous_20)
FN:346,(anonymous_21)
FN:353,(anonymous_22)
FN:361,(anonymous_23)
FN:369,(anonymous_24)
FN:377,(anonymous_25)
FN:385,(anonymous_26)
FN:395,(anonymous_27)
FN:403,(anonymous_28)
FN:411,(anonymous_29)
FN:419,(anonymous_30)
FN:427,(anonymous_31)
FN:435,(anonymous_32)
FN:443,(anonymous_33)
FN:451,(anonymous_34)
FN:459,(anonymous_35)
FN:467,(anonymous_36)
FN:475,(anonymous_37)
FN:483,(anonymous_38)
FN:491,(anonymous_39)
FN:499,(anonymous_40)
FN:506,(anonymous_41)
FN:514,(anonymous_42)
FN:523,(anonymous_43)
FN:536,(anonymous_44)
FN:544,(anonymous_45)
FN:552,(anonymous_46)
FN:566,(anonymous_47)
FN:578,(anonymous_48)
FN:595,(anonymous_49)
FN:603,(anonymous_50)
FN:610,(anonymous_51)
FN:618,(anonymous_52)
FN:626,(anonymous_53)
FNF:54
FNH:0
FNDA:0,(anonymous_0)
FNDA:0,(anonymous_1)
FNDA:0,(anonymous_2)
FNDA:0,(anonymous_3)
FNDA:0,(anonymous_4)
FNDA:0,(anonymous_5)
FNDA:0,(anonymous_6)
FNDA:0,(anonymous_7)
FNDA:0,(anonymous_8)
FNDA:0,(anonymous_9)
FNDA:0,(anonymous_10)
FNDA:0,(anonymous_11)
FNDA:0,(anonymous_12)
FNDA:0,(anonymous_13)
FNDA:0,(anonymous_14)
FNDA:0,(anonymous_15)
FNDA:0,(anonymous_16)
FNDA:0,(anonymous_17)
FNDA:0,(anonymous_18)
FNDA:0,(anonymous_19)
FNDA:0,(anonymous_20)
FNDA:0,(anonymous_21)
FNDA:0,(anonymous_22)
FNDA:0,(anonymous_23)
FNDA:0,(anonymous_24)
FNDA:0,(anonymous_25)
FNDA:0,(anonymous_26)
FNDA:0,(anonymous_27)
FNDA:0,(anonymous_28)
FNDA:0,(anonymous_29)
FNDA:0,(anonymous_30)
FNDA:0,(anonymous_31)
FNDA:0,(anonymous_32)
FNDA:0,(anonymous_33)
FNDA:0,(anonymous_34)
FNDA:0,(anonymous_35)
FNDA:0,(anonymous_36)
FNDA:0,(anonymous_37)
FNDA:0,(anonymous_38)
FNDA:0,(anonymous_39)
FNDA:0,(anonymous_40)
FNDA:0,(anonymous_41)
FNDA:0,(anonymous_42)
FNDA:0,(anonymous_43)
FNDA:0,(anonymous_44)
FNDA:0,(anonymous_45)
FNDA:0,(anonymous_46)
FNDA:0,(anonymous_47)
FNDA:0,(anonymous_48)
FNDA:0,(anonymous_49)
FNDA:0,(anonymous_50)
FNDA:0,(anonymous_51)
FNDA:0,(anonymous_52)
FNDA:0,(anonymous_53)
DA:45,0
DA:56,0
DA:63,0
DA:64,0
DA:66,0
DA:67,0
DA:80,0
DA:81,0
DA:82,0
DA:83,0
DA:88,0
DA:89,0
DA:91,0
DA:92,0
DA:93,0
DA:94,0
DA:96,0
DA:106,0
DA:108,0
DA:109,0
DA:112,0
DA:113,0
DA:115,0
DA:127,0
DA:128,0
DA:130,0
DA:131,0
DA:136,0
DA:153,0
DA:154,0
DA:155,0
DA:161,0
DA:162,0
DA:163,0
DA:168,0
DA:169,0
DA:172,0
DA:173,0
DA:178,0
DA:189,0
DA:196,0
DA:203,0
DA:204,0
DA:211,0
DA:212,0
DA:221,0
DA:222,0
DA:223,0
DA:225,0
DA:237,0
DA:254,0
DA:269,0
DA:284,0
DA:298,0
DA:305,0
DA:313,0
DA:321,0
DA:329,0
DA:337,0
DA:347,0
DA:354,0
DA:362,0
DA:370,0
DA:378,0
DA:386,0
DA:396,0
DA:404,0
DA:412,0
DA:420,0
DA:428,0
DA:436,0
DA:444,0
DA:452,0
DA:460,0
DA:468,0
DA:476,0
DA:484,0
DA:492,0
DA:500,0
DA:507,0
DA:515,0
DA:529,0
DA:537,0
DA:545,0
DA:559,0
DA:571,0
DA:588,0
DA:596,0
DA:604,0
DA:611,0
DA:619,0
DA:627,0
DA:636,0
DA:637,0
DA:638,0
DA:639,0
DA:640,0
DA:641,0
DA:644,0
LF:99
LH:0
BRDA:44,0,0,0
BRDA:46,1,0,0
BRDA:46,1,1,0
BRDA:46,2,0,0
BRDA:46,2,1,0
BRDA:47,3,0,0
BRDA:47,3,1,0
BRDA:48,4,0,0
BRDA:48,4,1,0
BRDA:49,5,0,0
BRDA:49,5,1,0
BRDA:66,6,0,0
BRDA:66,6,1,0
BRDA:81,7,0,0
BRDA:81,7,1,0
BRDA:82,8,0,0
BRDA:82,8,1,0
BRDA:108,9,0,0
BRDA:108,9,1,0
BRDA:130,10,0,0
BRDA:130,10,1,0
BRDA:138,11,0,0
BRDA:138,11,1,0
BRDA:154,12,0,0
BRDA:154,12,1,0
BRDA:168,13,0,0
BRDA:168,13,1,0
BRDA:204,14,0,0
BRDA:204,14,1,0
BRDA:222,15,0,0
BRDA:222,15,1,0
BRDA:222,16,0,0
BRDA:222,16,1,0
BRDA:231,17,0,0
BRDA:242,18,0,0
BRDA:242,18,1,0
BRDA:250,19,0,0
BRDA:259,20,0,0
BRDA:259,20,1,0
BRDA:265,21,0,0
BRDA:274,22,0,0
BRDA:274,22,1,0
BRDA:280,23,0,0
BRDA:289,24,0,0
BRDA:289,24,1,0
BRDA:312,25,0,0
BRDA:328,26,0,0
BRDA:644,27,0,0
BRDA:644,27,1,0
BRF:49
BRH:0
end_of_record
TN:
SF:src\3d-sco\lib\mcp-server.ts
FN:53,(anonymous_0)
FN:57,(anonymous_1)
FN:64,(anonymous_2)
FN:404,(anonymous_3)
FN:408,(anonymous_4)
FN:412,(anonymous_5)
FN:416,(anonymous_6)
FN:418,(anonymous_7)
FN:421,(anonymous_8)
FN:425,(anonymous_9)
FN:445,(anonymous_10)
FN:453,(anonymous_11)
FN:480,(anonymous_12)
FN:504,(anonymous_13)
FN:508,(anonymous_14)
FN:512,(anonymous_15)
FN:516,(anonymous_16)
FN:526,getMCPServerList
FN:527,(anonymous_18)
FN:534,getMCPServerDocumentation
FN:538,validateMCPRequest
FN:544,(anonymous_21)
FNF:22
FNH:0
FNDA:0,(anonymous_0)
FNDA:0,(anonymous_1)
FNDA:0,(anonymous_2)
FNDA:0,(anonymous_3)
FNDA:0,(anonymous_4)
FNDA:0,(anonymous_5)
FNDA:0,(anonymous_6)
FNDA:0,(anonymous_7)
FNDA:0,(anonymous_8)
FNDA:0,(anonymous_9)
FNDA:0,(anonymous_10)
FNDA:0,(anonymous_11)
FNDA:0,(anonymous_12)
FNDA:0,(anonymous_13)
FNDA:0,(anonymous_14)
FNDA:0,(anonymous_15)
FNDA:0,(anonymous_16)
FNDA:0,getMCPServerList
FNDA:0,(anonymous_18)
FNDA:0,getMCPServerDocumentation
FNDA:0,validateMCPRequest
FNDA:0,(anonymous_21)
DA:51,0
DA:54,0
DA:58,0
DA:59,0
DA:61,0
DA:66,0
DA:184,0
DA:245,0
DA:292,0
DA:345,0
DA:405,0
DA:409,0
DA:413,0
DA:417,0
DA:418,0
DA:422,0
DA:426,0
DA:428,0
DA:429,0
DA:436,0
DA:446,0
DA:447,0
DA:463,0
DA:464,0
DA:466,0
DA:467,0
DA:470,0
DA:471,0
DA:472,0
DA:474,0
DA:479,0
DA:480,0
DA:482,0
DA:483,0
DA:490,0
DA:492,0
DA:493,0
DA:496,0
DA:498,0
DA:499,0
DA:505,0
DA:509,0
DA:513,0
DA:517,0
DA:522,0
DA:523,0
DA:527,0
DA:535,0
DA:539,0
DA:540,0
DA:541,0
DA:544,0
DA:545,0
DA:546,0
DA:549,0
DA:552,0
DA:553,0
DA:554,0
DA:557,0
DA:558,0
DA:559,0
DA:560,0
DA:562,0
DA:563,0
DA:566,0
DA:567,0
DA:572,0
LF:67
LH:0
BRDA:58,0,0,0
BRDA:58,0,1,0
BRDA:445,1,0,0
BRDA:445,2,0,0
BRDA:456,3,0,0
BRDA:457,4,0,0
BRDA:466,5,0,0
BRDA:466,5,1,0
BRDA:471,6,0,0
BRDA:471,6,1,0
BRDA:474,7,0,0
BRDA:474,7,1,0
BRDA:480,8,0,0
BRDA:480,8,1,0
BRDA:492,9,0,0
BRDA:492,9,1,0
BRDA:535,10,0,0
BRDA:535,10,1,0
BRDA:540,11,0,0
BRDA:540,11,1,0
BRDA:545,12,0,0
BRDA:545,12,1,0
BRDA:553,13,0,0
BRDA:553,13,1,0
BRDA:553,14,0,0
BRDA:553,14,1,0
BRDA:557,15,0,0
BRDA:557,15,1,0
BRDA:560,16,0,0
BRDA:560,16,1,0
BRDA:562,17,0,0
BRDA:562,17,1,0
BRDA:562,18,0,0
BRDA:562,18,1,0
BRDA:562,19,0,0
BRDA:562,19,1,0
BRDA:566,20,0,0
BRDA:566,20,1,0
BRDA:566,21,0,0
BRDA:566,21,1,0
BRF:40
BRH:0
end_of_record
TN:
SF:src\3d-sco\lib\mcp-tools.ts
FN:15,(anonymous_0)
FN:25,(anonymous_1)
FN:32,(anonymous_2)
FN:58,(anonymous_3)
FN:79,(anonymous_4)
FN:94,(anonymous_5)
FN:104,(anonymous_6)
FN:114,(anonymous_7)
FN:120,(anonymous_8)
FN:129,(anonymous_9)
FN:138,(anonymous_10)
FN:155,(anonymous_11)
FN:158,(anonymous_12)
FN:206,(anonymous_13)
FN:212,(anonymous_14)
FN:235,(anonymous_15)
FN:263,(anonymous_16)
FN:277,(anonymous_17)
FN:286,(anonymous_18)
FN:291,(anonymous_19)
FN:302,(anonymous_20)
FN:305,(anonymous_21)
FNF:22
FNH:0
FNDA:0,(anonymous_0)
FNDA:0,(anonymous_1)
FNDA:0,(anonymous_2)
FNDA:0,(anonymous_3)
FNDA:0,(anonymous_4)
FNDA:0,(anonymous_5)
FNDA:0,(anonymous_6)
FNDA:0,(anonymous_7)
FNDA:0,(anonymous_8)
FNDA:0,(anonymous_9)
FNDA:0,(anonymous_10)
FNDA:0,(anonymous_11)
FNDA:0,(anonymous_12)
FNDA:0,(anonymous_13)
FNDA:0,(anonymous_14)
FNDA:0,(anonymous_15)
FNDA:0,(anonymous_16)
FNDA:0,(anonymous_17)
FNDA:0,(anonymous_18)
FNDA:0,(anonymous_19)
FNDA:0,(anonymous_20)
FNDA:0,(anonymous_21)
DA:16,0
DA:26,0
DA:27,0
DA:29,0
DA:41,0
DA:42,0
DA:48,0
DA:54,0
DA:63,0
DA:64,0
DA:73,0
DA:75,0
DA:85,0
DA:87,0
DA:88,0
DA:91,0
DA:100,0
DA:101,0
DA:105,0
DA:106,0
DA:115,0
DA:116,0
DA:119,0
DA:120,0
DA:123,0
DA:124,0
DA:126,0
DA:130,0
DA:133,0
DA:135,0
DA:139,0
DA:141,0
DA:143,0
DA:144,0
DA:145,0
DA:150,0
DA:152,0
DA:156,0
DA:158,0
DA:159,0
DA:160,0
DA:161,0
DA:162,0
DA:163,0
DA:165,0
DA:167,0
DA:168,0
DA:170,0
DA:171,0
DA:173,0
DA:174,0
DA:176,0
DA:177,0
DA:179,0
DA:180,0
DA:182,0
DA:183,0
DA:185,0
DA:186,0
DA:188,0
DA:189,0
DA:190,0
DA:193,0
DA:194,0
DA:197,0
DA:198,0
DA:200,0
DA:201,0
DA:203,0
DA:204,0
DA:206,0
DA:207,0
DA:209,0
DA:210,0
DA:212,0
DA:213,0
DA:215,0
DA:216,0
DA:218,0
DA:219,0
DA:221,0
DA:222,0
DA:224,0
DA:229,0
DA:239,0
DA:240,0
DA:241,0
DA:243,0
DA:244,0
DA:245,0
DA:246,0
DA:247,0
DA:250,0
DA:253,0
DA:254,0
DA:257,0
DA:270,0
DA:272,0
DA:277,0
DA:284,0
DA:287,0
DA:288,0
DA:291,0
DA:293,0
DA:294,0
DA:297,0
DA:298,0
DA:299,0
DA:303,0
DA:304,0
DA:305,0
DA:306,0
DA:311,0
DA:312,0
LF:114
LH:0
BRDA:26,0,0,0
BRDA:26,0,1,0
BRDA:32,1,0,0
BRDA:44,2,0,0
BRDA:44,2,1,0
BRDA:45,3,0,0
BRDA:45,3,1,0
BRDA:58,4,0,0
BRDA:69,5,0,0
BRDA:69,5,1,0
BRDA:70,6,0,0
BRDA:70,6,1,0
BRDA:79,7,0,0
BRDA:87,8,0,0
BRDA:87,8,1,0
BRDA:94,9,0,0
BRDA:110,10,0,0
BRDA:110,10,1,0
BRDA:124,11,0,0
BRDA:124,11,1,0
BRDA:126,12,0,0
BRDA:126,12,1,0
BRDA:138,13,0,0
BRDA:141,14,0,0
BRDA:141,14,1,0
BRDA:144,15,0,0
BRDA:144,15,1,0
BRDA:159,16,0,0
BRDA:159,16,1,0
BRDA:161,17,0,0
BRDA:161,17,1,0
BRDA:165,18,0,0
BRDA:165,18,1,0
BRDA:165,18,2,0
BRDA:165,18,3,0
BRDA:165,18,4,0
BRDA:165,18,5,0
BRDA:165,18,6,0
BRDA:165,18,7,0
BRDA:165,18,8,0
BRDA:165,18,9,0
BRDA:165,18,10,0
BRDA:165,18,11,0
BRDA:165,18,12,0
BRDA:165,18,13,0
BRDA:165,18,14,0
BRDA:165,18,15,0
BRDA:165,18,16,0
BRDA:165,18,17,0
BRDA:165,18,18,0
BRDA:189,19,0,0
BRDA:189,19,1,0
BRDA:235,20,0,0
BRDA:244,21,0,0
BRDA:244,21,1,0
BRDA:245,22,0,0
BRDA:245,22,1,0
BRDA:250,23,0,0
BRDA:250,23,1,0
BRDA:253,24,0,0
BRDA:253,24,1,0
BRDA:273,25,0,0
BRDA:273,25,1,0
BRDA:273,25,2,0
BRDA:274,26,0,0
BRDA:274,26,1,0
BRDA:275,27,0,0
BRDA:275,27,1,0
BRDA:276,28,0,0
BRDA:276,28,1,0
BRDA:288,29,0,0
BRDA:288,29,1,0
BRDA:293,30,0,0
BRDA:293,30,1,0
BRDA:304,31,0,0
BRDA:304,31,1,0
BRF:76
BRH:0
end_of_record
TN:
SF:src\3d-sco\lib\memory-tools.ts
FN:86,(anonymous_0)
FN:98,(anonymous_1)
FN:106,(anonymous_2)
FN:111,(anonymous_3)
FN:115,(anonymous_4)
FN:120,(anonymous_5)
FN:179,(anonymous_6)
FN:196,(anonymous_7)
FN:213,(anonymous_8)
FN:226,(anonymous_9)
FN:237,(anonymous_10)
FN:244,(anonymous_11)
FN:267,(anonymous_12)
FN:275,(anonymous_13)
FN:276,(anonymous_14)
FN:284,(anonymous_15)
FN:289,(anonymous_16)
FN:294,(anonymous_17)
FN:295,(anonymous_18)
FN:301,(anonymous_19)
FN:306,(anonymous_20)
FN:311,(anonymous_21)
FN:315,(anonymous_22)
FN:319,(anonymous_23)
FN:323,(anonymous_24)
FN:327,(anonymous_25)
FN:331,(anonymous_26)
FN:378,(anonymous_27)
FN:380,(anonymous_28)
FN:443,(anonymous_29)
FN:461,(anonymous_30)
FN:479,(anonymous_31)
FN:483,(anonymous_32)
FN:488,(anonymous_33)
FN:497,(anonymous_34)
FN:502,(anonymous_35)
FN:549,(anonymous_36)
FN:556,(anonymous_37)
FN:563,(anonymous_38)
FN:582,(anonymous_39)
FN:583,(anonymous_40)
FN:588,(anonymous_41)
FN:603,(anonymous_42)
FNF:43
FNH:0
FNDA:0,(anonymous_0)
FNDA:0,(anonymous_1)
FNDA:0,(anonymous_2)
FNDA:0,(anonymous_3)
FNDA:0,(anonymous_4)
FNDA:0,(anonymous_5)
FNDA:0,(anonymous_6)
FNDA:0,(anonymous_7)
FNDA:0,(anonymous_8)
FNDA:0,(anonymous_9)
FNDA:0,(anonymous_10)
FNDA:0,(anonymous_11)
FNDA:0,(anonymous_12)
FNDA:0,(anonymous_13)
FNDA:0,(anonymous_14)
FNDA:0,(anonymous_15)
FNDA:0,(anonymous_16)
FNDA:0,(anonymous_17)
FNDA:0,(anonymous_18)
FNDA:0,(anonymous_19)
FNDA:0,(anonymous_20)
FNDA:0,(anonymous_21)
FNDA:0,(anonymous_22)
FNDA:0,(anonymous_23)
FNDA:0,(anonymous_24)
FNDA:0,(anonymous_25)
FNDA:0,(anonymous_26)
FNDA:0,(anonymous_27)
FNDA:0,(anonymous_28)
FNDA:0,(anonymous_29)
FNDA:0,(anonymous_30)
FNDA:0,(anonymous_31)
FNDA:0,(anonymous_32)
FNDA:0,(anonymous_33)
FNDA:0,(anonymous_34)
FNDA:0,(anonymous_35)
FNDA:0,(anonymous_36)
FNDA:0,(anonymous_37)
FNDA:0,(anonymous_38)
FNDA:0,(anonymous_39)
FNDA:0,(anonymous_40)
FNDA:0,(anonymous_41)
FNDA:0,(anonymous_42)
DA:75,0
DA:82,0
DA:83,0
DA:84,0
DA:87,0
DA:95,0
DA:99,0
DA:100,0
DA:102,0
DA:107,0
DA:108,0
DA:112,0
DA:116,0
DA:132,0
DA:133,0
DA:134,0
DA:135,0
DA:138,0
DA:139,0
DA:142,0
DA:164,0
DA:165,0
DA:166,0
DA:170,0
DA:171,0
DA:174,0
DA:176,0
DA:180,0
DA:181,0
DA:184,0
DA:185,0
DA:186,0
DA:190,0
DA:191,0
DA:193,0
DA:197,0
DA:198,0
DA:201,0
DA:202,0
DA:203,0
DA:207,0
DA:208,0
DA:210,0
DA:214,0
DA:215,0
DA:218,0
DA:219,0
DA:220,0
DA:223,0
DA:227,0
DA:228,0
DA:230,0
DA:231,0
DA:232,0
DA:234,0
DA:238,0
DA:239,0
DA:241,0
DA:245,0
DA:247,0
DA:248,0
DA:249,0
DA:250,0
DA:251,0
DA:252,0
DA:257,0
DA:258,0
DA:259,0
DA:260,0
DA:263,0
DA:268,0
DA:271,0
DA:272,0
DA:273,0
DA:274,0
DA:275,0
DA:276,0
DA:279,0
DA:283,0
DA:284,0
DA:288,0
DA:289,0
DA:293,0
DA:294,0
DA:295,0
DA:300,0
DA:301,0
DA:305,0
DA:306,0
DA:310,0
DA:311,0
DA:314,0
DA:315,0
DA:318,0
DA:319,0
DA:322,0
DA:323,0
DA:327,0
DA:330,0
DA:331,0
DA:334,0
DA:336,0
DA:337,0
DA:338,0
DA:340,0
DA:341,0
DA:342,0
DA:344,0
DA:345,0
DA:346,0
DA:348,0
DA:349,0
DA:350,0
DA:352,0
DA:353,0
DA:354,0
DA:356,0
DA:359,0
DA:360,0
DA:365,0
DA:366,0
DA:368,0
DA:369,0
DA:370,0
DA:371,0
DA:374,0
DA:379,0
DA:380,0
DA:382,0
DA:383,0
DA:384,0
DA:386,0
DA:392,0
DA:394,0
DA:397,0
DA:400,0
DA:401,0
DA:405,0
DA:408,0
DA:409,0
DA:412,0
DA:413,0
DA:417,0
DA:418,0
DA:421,0
DA:422,0
DA:426,0
DA:444,0
DA:445,0
DA:447,0
DA:462,0
DA:463,0
DA:465,0
DA:466,0
DA:467,0
DA:468,0
DA:471,0
DA:473,0
DA:474,0
DA:480,0
DA:484,0
DA:485,0
DA:489,0
DA:490,0
DA:491,0
DA:494,0
DA:498,0
DA:499,0
DA:503,0
DA:505,0
DA:507,0
DA:508,0
DA:509,0
DA:511,0
DA:515,0
DA:516,0
DA:517,0
DA:519,0
DA:523,0
DA:524,0
DA:526,0
DA:529,0
DA:530,0
DA:532,0
DA:536,0
DA:537,0
DA:540,0
DA:541,0
DA:544,0
DA:545,0
DA:550,0
DA:551,0
DA:552,0
DA:553,0
DA:557,0
DA:559,0
DA:562,0
DA:564,0
DA:565,0
DA:566,0
DA:568,0
DA:569,0
DA:572,0
DA:576,0
DA:577,0
DA:578,0
DA:583,0
DA:584,0
DA:589,0
DA:591,0
DA:592,0
DA:593,0
DA:597,0
DA:598,0
DA:604,0
DA:605,0
DA:606,0
DA:608,0
DA:613,0
LF:219
LH:0
BRDA:99,0,0,0
BRDA:99,0,1,0
BRDA:123,1,0,0
BRDA:138,2,0,0
BRDA:138,2,1,0
BRDA:147,3,0,0
BRDA:147,3,1,0
BRDA:154,4,0,0
BRDA:154,4,1,0
BRDA:156,5,0,0
BRDA:156,5,1,0
BRDA:157,6,0,0
BRDA:157,6,1,0
BRDA:160,7,0,0
BRDA:160,7,1,0
BRDA:165,8,0,0
BRDA:165,8,1,0
BRDA:181,9,0,0
BRDA:181,9,1,0
BRDA:184,10,0,0
BRDA:184,10,1,0
BRDA:198,11,0,0
BRDA:198,11,1,0
BRDA:201,12,0,0
BRDA:201,12,1,0
BRDA:215,13,0,0
BRDA:215,13,1,0
BRDA:218,14,0,0
BRDA:218,14,1,0
BRDA:228,15,0,0
BRDA:228,15,1,0
BRDA:239,16,0,0
BRDA:239,16,1,0
BRDA:247,17,0,0
BRDA:247,17,1,0
BRDA:249,18,0,0
BRDA:249,18,1,0
BRDA:251,19,0,0
BRDA:251,19,1,0
BRDA:271,20,0,0
BRDA:271,20,1,0
BRDA:273,21,0,0
BRDA:273,21,1,0
BRDA:283,22,0,0
BRDA:283,22,1,0
BRDA:288,23,0,0
BRDA:288,23,1,0
BRDA:293,24,0,0
BRDA:293,24,1,0
BRDA:300,25,0,0
BRDA:300,25,1,0
BRDA:305,26,0,0
BRDA:305,26,1,0
BRDA:310,27,0,0
BRDA:310,27,1,0
BRDA:314,28,0,0
BRDA:314,28,1,0
BRDA:318,29,0,0
BRDA:318,29,1,0
BRDA:322,30,0,0
BRDA:322,30,1,0
BRDA:330,31,0,0
BRDA:330,31,1,0
BRDA:334,32,0,0
BRDA:334,32,1,0
BRDA:334,32,2,0
BRDA:334,32,3,0
BRDA:334,32,4,0
BRDA:334,32,5,0
BRDA:359,33,0,0
BRDA:359,33,1,0
BRDA:360,34,0,0
BRDA:360,34,1,0
BRDA:360,35,0,0
BRDA:360,35,1,0
BRDA:365,36,0,0
BRDA:365,36,1,0
BRDA:368,37,0,0
BRDA:368,37,1,0
BRDA:370,38,0,0
BRDA:370,38,1,0
BRDA:394,39,0,0
BRDA:394,39,1,0
BRDA:397,40,0,0
BRDA:397,40,1,0
BRDA:401,41,0,0
BRDA:401,41,1,0
BRDA:408,42,0,0
BRDA:408,42,1,0
BRDA:408,43,0,0
BRDA:408,43,1,0
BRDA:412,44,0,0
BRDA:412,44,1,0
BRDA:412,45,0,0
BRDA:412,45,1,0
BRDA:417,46,0,0
BRDA:417,46,1,0
BRDA:417,47,0,0
BRDA:417,47,1,0
BRDA:421,48,0,0
BRDA:421,48,1,0
BRDA:421,49,0,0
BRDA:421,49,1,0
BRDA:429,50,0,0
BRDA:429,50,1,0
BRDA:484,51,0,0
BRDA:484,51,1,0
BRDA:490,52,0,0
BRDA:490,52,1,0
BRDA:490,53,0,0
BRDA:490,53,1,0
BRDA:498,54,0,0
BRDA:498,54,1,0
BRDA:505,55,0,0
BRDA:505,55,1,0
BRDA:507,56,0,0
BRDA:507,56,1,0
BRDA:508,57,0,0
BRDA:508,57,1,0
BRDA:516,58,0,0
BRDA:516,58,1,0
BRDA:523,59,0,0
BRDA:523,59,1,0
BRDA:529,60,0,0
BRDA:529,60,1,0
BRDA:536,61,0,0
BRDA:536,61,1,0
BRDA:556,62,0,0
BRDA:559,63,0,0
BRDA:559,63,1,0
BRDA:568,64,0,0
BRDA:568,64,1,0
BRDA:577,65,0,0
BRDA:577,65,1,0
BRDA:592,66,0,0
BRDA:592,66,1,0
BRDA:604,67,0,0
BRDA:604,67,1,0
BRF:138
BRH:0
end_of_record
TN:
SF:src\3d-sco\lib\playwright-tools.ts
FN:78,(anonymous_0)
FN:83,(anonymous_1)
FN:128,(anonymous_2)
FN:145,(anonymous_3)
FN:201,(anonymous_4)
FN:202,(anonymous_5)
FN:204,(anonymous_6)
FN:255,(anonymous_7)
FN:260,(anonymous_8)
FN:261,serializeElement
FN:275,(anonymous_10)
FN:276,(anonymous_11)
FN:295,(anonymous_12)
FN:318,(anonymous_13)
FN:370,(anonymous_14)
FN:392,(anonymous_15)
FN:396,(anonymous_16)
FN:407,(anonymous_17)
FN:409,(anonymous_18)
FN:412,(anonymous_19)
FNF:20
FNH:0
FNDA:0,(anonymous_0)
FNDA:0,(anonymous_1)
FNDA:0,(anonymous_2)
FNDA:0,(anonymous_3)
FNDA:0,(anonymous_4)
FNDA:0,(anonymous_5)
FNDA:0,(anonymous_6)
FNDA:0,(anonymous_7)
FNDA:0,(anonymous_8)
FNDA:0,serializeElement
FNDA:0,(anonymous_10)
FNDA:0,(anonymous_11)
FNDA:0,(anonymous_12)
FNDA:0,(anonymous_13)
FNDA:0,(anonymous_14)
FNDA:0,(anonymous_15)
FNDA:0,(anonymous_16)
FNDA:0,(anonymous_17)
FNDA:0,(anonymous_18)
FNDA:0,(anonymous_19)
DA:73,0
DA:76,0
DA:79,0
DA:80,0
DA:84,0
DA:87,0
DA:88,0
DA:91,0
DA:92,0
DA:97,0
DA:108,0
DA:109,0
DA:112,0
DA:113,0
DA:115,0
DA:124,0
DA:125,0
DA:129,0
DA:130,0
DA:132,0
DA:133,0
DA:134,0
DA:136,0
DA:137,0
DA:139,0
DA:141,0
DA:146,0
DA:148,0
DA:149,0
DA:151,0
DA:152,0
DA:153,0
DA:156,0
DA:157,0
DA:162,0
DA:164,0
DA:165,0
DA:166,0
DA:167,0
DA:170,0
DA:171,0
DA:172,0
DA:173,0
DA:176,0
DA:177,0
DA:179,0
DA:180,0
DA:181,0
DA:184,0
DA:185,0
DA:186,0
DA:187,0
DA:190,0
DA:194,0
DA:195,0
DA:196,0
DA:199,0
DA:200,0
DA:201,0
DA:202,0
DA:203,0
DA:204,0
DA:205,0
DA:206,0
DA:207,0
DA:209,0
DA:211,0
DA:213,0
DA:216,0
DA:217,0
DA:218,0
DA:221,0
DA:224,0
DA:225,0
DA:226,0
DA:229,0
DA:230,0
DA:242,0
DA:243,0
DA:256,0
DA:257,0
DA:258,0
DA:260,0
DA:262,0
DA:269,0
DA:270,0
DA:274,0
DA:275,0
DA:276,0
DA:278,0
DA:279,0
DA:282,0
DA:285,0
DA:288,0
DA:290,0
DA:291,0
DA:296,0
DA:297,0
DA:298,0
DA:300,0
DA:302,0
DA:303,0
DA:304,0
DA:305,0
DA:307,0
DA:311,0
DA:313,0
DA:314,0
DA:319,0
DA:321,0
DA:322,0
DA:323,0
DA:325,0
DA:326,0
DA:328,0
DA:329,0
DA:331,0
DA:332,0
DA:334,0
DA:335,0
DA:337,0
DA:338,0
DA:340,0
DA:341,0
DA:345,0
DA:346,0
DA:348,0
DA:349,0
DA:351,0
DA:352,0
DA:354,0
DA:355,0
DA:357,0
DA:358,0
DA:360,0
DA:362,0
DA:366,0
DA:367,0
DA:371,0
DA:372,0
DA:373,0
DA:374,0
DA:378,0
DA:380,0
DA:385,0
DA:393,0
DA:397,0
DA:398,0
DA:400,0
DA:408,0
DA:409,0
DA:413,0
DA:415,0
DA:417,0
DA:420,0
LF:155
LH:0
BRDA:84,0,0,0
BRDA:84,0,1,0
BRDA:87,1,0,0
BRDA:87,1,1,0
BRDA:102,2,0,0
BRDA:102,2,1,0
BRDA:108,3,0,0
BRDA:108,3,1,0
BRDA:130,4,0,0
BRDA:130,4,1,0
BRDA:133,5,0,0
BRDA:133,5,1,0
BRDA:152,6,0,0
BRDA:152,6,1,0
BRDA:162,7,0,0
BRDA:162,7,1,0
BRDA:162,7,2,0
BRDA:162,7,3,0
BRDA:162,7,4,0
BRDA:162,7,5,0
BRDA:162,7,6,0
BRDA:162,7,7,0
BRDA:164,8,0,0
BRDA:164,8,1,0
BRDA:165,9,0,0
BRDA:165,9,1,0
BRDA:170,10,0,0
BRDA:170,10,1,0
BRDA:171,11,0,0
BRDA:171,11,1,0
BRDA:176,12,0,0
BRDA:176,12,1,0
BRDA:176,13,0,0
BRDA:176,13,1,0
BRDA:179,14,0,0
BRDA:179,14,1,0
BRDA:184,15,0,0
BRDA:184,15,1,0
BRDA:185,16,0,0
BRDA:185,16,1,0
BRDA:191,17,0,0
BRDA:191,17,1,0
BRDA:192,18,0,0
BRDA:192,18,1,0
BRDA:199,19,0,0
BRDA:199,19,1,0
BRDA:216,20,0,0
BRDA:216,20,1,0
BRDA:224,21,0,0
BRDA:224,21,1,0
BRDA:224,22,0,0
BRDA:224,22,1,0
BRDA:245,23,0,0
BRDA:245,23,1,0
BRDA:258,24,0,0
BRDA:258,24,1,0
BRDA:264,25,0,0
BRDA:264,25,1,0
BRDA:278,26,0,0
BRDA:278,26,1,0
BRDA:298,27,0,0
BRDA:298,27,1,0
BRDA:326,28,0,0
BRDA:326,28,1,0
BRDA:326,28,2,0
BRDA:326,28,3,0
BRDA:326,28,4,0
BRDA:346,29,0,0
BRDA:346,29,1,0
BRDA:346,29,2,0
BRDA:346,29,3,0
BRDA:357,30,0,0
BRDA:357,30,1,0
BRDA:373,31,0,0
BRDA:373,31,1,0
BRDA:387,32,0,0
BRDA:387,32,1,0
BRDA:398,33,0,0
BRDA:398,33,1,0
BRDA:413,34,0,0
BRDA:413,34,1,0
BRDA:413,34,2,0
BRDA:413,34,3,0
BRF:83
BRH:0
end_of_record
TN:
SF:src\3d-sco\lib\rate-limit.ts
FN:23,(anonymous_0)
FN:26,(anonymous_1)
FN:29,(anonymous_2)
FN:36,(anonymous_3)
FN:45,(anonymous_4)
FN:110,(anonymous_5)
FN:153,createRateLimitResponse
FNF:7
FNH:0
FNDA:0,(anonymous_0)
FNDA:0,(anonymous_1)
FNDA:0,(anonymous_2)
FNDA:0,(anonymous_3)
FNDA:0,(anonymous_4)
FNDA:0,(anonymous_5)
FNDA:0,createRateLimitResponse
DA:20,0
DA:24,0
DA:26,0
DA:31,0
DA:32,0
DA:33,0
DA:37,0
DA:38,0
DA:39,0
DA:40,0
DA:51,0
DA:52,0
DA:53,0
DA:55,0
DA:58,0
DA:59,0
DA:67,0
DA:68,0
DA:77,0
DA:78,0
DA:79,0
DA:80,0
DA:81,0
DA:85,0
DA:88,0
DA:89,0
DA:90,0
DA:91,0
DA:93,0
DA:101,0
DA:103,0
DA:115,0
DA:116,0
DA:117,0
DA:119,0
DA:120,0
DA:121,0
DA:123,0
DA:124,0
DA:128,0
DA:137,0
DA:142,0
DA:147,0
DA:154,0
DA:160,0
DA:161,0
DA:164,0
LF:47
LH:0
BRDA:32,0,0,0
BRDA:32,0,1,0
BRDA:32,1,0,0
BRDA:32,1,1,0
BRDA:39,2,0,0
BRDA:39,2,1,0
BRDA:39,3,0,0
BRDA:39,3,1,0
BRDA:39,3,2,0
BRDA:39,3,3,0
BRDA:58,4,0,0
BRDA:58,4,1,0
BRDA:58,5,0,0
BRDA:58,5,1,0
BRDA:67,6,0,0
BRDA:67,6,1,0
BRDA:67,7,0,0
BRDA:67,7,1,0
BRDA:67,7,2,0
BRDA:77,8,0,0
BRDA:77,8,1,0
BRDA:77,9,0,0
BRDA:77,9,1,0
BRDA:77,9,2,0
BRDA:88,10,0,0
BRDA:88,10,1,0
BRDA:120,11,0,0
BRDA:120,11,1,0
BRDA:120,12,0,0
BRDA:120,12,1,0
BRDA:120,12,2,0
BRDA:123,13,0,0
BRDA:123,13,1,0
BRDA:160,14,0,0
BRDA:160,14,1,0
BRDA:160,15,0,0
BRDA:160,15,1,0
BRDA:166,16,0,0
BRDA:166,16,1,0
BRDA:167,17,0,0
BRDA:167,17,1,0
BRF:41
BRH:0
end_of_record
TN:
SF:src\3d-sco\lib\security.ts
FN:41,(anonymous_0)
FN:47,(anonymous_1)
FN:53,(anonymous_2)
FN:86,(anonymous_3)
FN:97,(anonymous_4)
FN:108,(anonymous_5)
FN:148,(anonymous_6)
FN:154,(anonymous_7)
FN:166,(anonymous_8)
FN:199,(anonymous_9)
FN:238,(anonymous_10)
FN:255,(anonymous_11)
FN:259,(anonymous_12)
FN:272,(anonymous_13)
FN:294,generateSecureRandom
FN:299,hashSensitiveData
FN:310,verifyHashedData
FNF:17
FNH:0
FNDA:0,(anonymous_0)
FNDA:0,(anonymous_1)
FNDA:0,(anonymous_2)
FNDA:0,(anonymous_3)
FNDA:0,(anonymous_4)
FNDA:0,(anonymous_5)
FNDA:0,(anonymous_6)
FNDA:0,(anonymous_7)
FNDA:0,(anonymous_8)
FNDA:0,(anonymous_9)
FNDA:0,(anonymous_10)
FNDA:0,(anonymous_11)
FNDA:0,(anonymous_12)
FNDA:0,(anonymous_13)
FNDA:0,generateSecureRandom
FNDA:0,hashSensitiveData
FNDA:0,verifyHashedData
DA:5,0
DA:42,0
DA:43,0
DA:48,0
DA:49,0
DA:57,0
DA:59,0
DA:60,0
DA:63,0
DA:64,0
DA:67,0
DA:68,0
DA:71,0
DA:72,0
DA:75,0
DA:76,0
DA:79,0
DA:87,0
DA:99,0
DA:116,0
DA:121,0
DA:124,0
DA:125,0
DA:129,0
DA:130,0
DA:134,0
DA:135,0
DA:136,0
DA:139,0
DA:148,0
DA:149,0
DA:150,0
DA:155,0
DA:156,0
DA:157,0
DA:162,0
DA:167,0
DA:168,0
DA:169,0
DA:172,0
DA:173,0
DA:177,0
DA:178,0
DA:179,0
DA:183,0
DA:184,0
DA:189,0
DA:191,0
DA:203,0
DA:204,0
DA:205,0
DA:206,0
DA:209,0
DA:220,0
DA:221,0
DA:222,0
DA:227,0
DA:238,0
DA:239,0
DA:240,0
DA:244,0
DA:245,0
DA:248,0
DA:256,0
DA:257,0
DA:259,0
DA:260,0
DA:261,0
DA:262,0
DA:263,0
DA:265,0
DA:279,0
DA:286,0
DA:295,0
DA:303,0
DA:304,0
DA:306,0
DA:311,0
DA:312,0
LF:79
LH:0
BRDA:43,0,0,0
BRDA:43,0,1,0
BRDA:59,1,0,0
BRDA:59,1,1,0
BRDA:63,2,0,0
BRDA:63,2,1,0
BRDA:67,3,0,0
BRDA:67,3,1,0
BRDA:71,4,0,0
BRDA:71,4,1,0
BRDA:75,5,0,0
BRDA:75,5,1,0
BRDA:108,6,0,0
BRDA:118,7,0,0
BRDA:119,8,0,0
BRDA:120,9,0,0
BRDA:124,10,0,0
BRDA:124,10,1,0
BRDA:129,11,0,0
BRDA:129,11,1,0
BRDA:135,12,0,0
BRDA:135,12,1,0
BRDA:148,13,0,0
BRDA:148,13,1,0
BRDA:172,14,0,0
BRDA:172,14,1,0
BRDA:178,15,0,0
BRDA:178,15,1,0
BRDA:205,16,0,0
BRDA:205,16,1,0
BRDA:206,17,0,0
BRDA:206,17,1,0
BRDA:221,18,0,0
BRDA:221,18,1,0
BRDA:239,19,0,0
BRDA:239,19,1,0
BRDA:239,20,0,0
BRDA:239,20,1,0
BRDA:239,20,2,0
BRDA:244,21,0,0
BRDA:244,21,1,0
BRDA:244,22,0,0
BRDA:244,22,1,0
BRDA:244,22,2,0
BRDA:257,23,0,0
BRDA:257,23,1,0
BRDA:260,24,0,0
BRDA:260,24,1,0
BRDA:261,25,0,0
BRDA:261,25,1,0
BRDA:294,26,0,0
BRDA:303,27,0,0
BRDA:303,27,1,0
BRF:53
BRH:0
end_of_record
TN:
SF:src\3d-sco\lib\sequential-thinking.ts
FN:253,(anonymous_0)
FN:255,(anonymous_1)
FN:260,(anonymous_2)
FN:268,(anonymous_3)
FN:270,(anonymous_4)
FN:273,(anonymous_5)
FN:277,(anonymous_6)
FN:282,(anonymous_7)
FN:295,(anonymous_8)
FN:302,(anonymous_9)
FN:325,(anonymous_10)
FN:329,(anonymous_11)
FN:333,(anonymous_12)
FN:338,(anonymous_13)
FN:354,(anonymous_14)
FN:358,(anonymous_15)
FN:363,(anonymous_16)
FN:364,(anonymous_17)
FN:380,(anonymous_18)
FN:389,(anonymous_19)
FN:405,(anonymous_20)
FN:419,(anonymous_21)
FN:428,(anonymous_22)
FN:455,(anonymous_23)
FN:468,(anonymous_24)
FN:479,(anonymous_25)
FN:480,(anonymous_26)
FN:485,(anonymous_27)
FN:486,(anonymous_28)
FN:496,(anonymous_29)
FN:508,(anonymous_30)
FN:509,(anonymous_31)
FN:510,(anonymous_32)
FN:511,(anonymous_33)
FN:524,(anonymous_34)
FN:531,(anonymous_35)
FNF:36
FNH:0
FNDA:0,(anonymous_0)
FNDA:0,(anonymous_1)
FNDA:0,(anonymous_2)
FNDA:0,(anonymous_3)
FNDA:0,(anonymous_4)
FNDA:0,(anonymous_5)
FNDA:0,(anonymous_6)
FNDA:0,(anonymous_7)
FNDA:0,(anonymous_8)
FNDA:0,(anonymous_9)
FNDA:0,(anonymous_10)
FNDA:0,(anonymous_11)
FNDA:0,(anonymous_12)
FNDA:0,(anonymous_13)
FNDA:0,(anonymous_14)
FNDA:0,(anonymous_15)
FNDA:0,(anonymous_16)
FNDA:0,(anonymous_17)
FNDA:0,(anonymous_18)
FNDA:0,(anonymous_19)
FNDA:0,(anonymous_20)
FNDA:0,(anonymous_21)
FNDA:0,(anonymous_22)
FNDA:0,(anonymous_23)
FNDA:0,(anonymous_24)
FNDA:0,(anonymous_25)
FNDA:0,(anonymous_26)
FNDA:0,(anonymous_27)
FNDA:0,(anonymous_28)
FNDA:0,(anonymous_29)
FNDA:0,(anonymous_30)
FNDA:0,(anonymous_31)
FNDA:0,(anonymous_32)
FNDA:0,(anonymous_33)
FNDA:0,(anonymous_34)
FNDA:0,(anonymous_35)
DA:44,0
DA:250,0
DA:251,0
DA:255,0
DA:256,0
DA:261,0
DA:262,0
DA:264,0
DA:269,0
DA:270,0
DA:274,0
DA:278,0
DA:288,0
DA:290,0
DA:292,0
DA:293,0
DA:294,0
DA:295,0
DA:301,0
DA:302,0
DA:309,0
DA:321,0
DA:322,0
DA:326,0
DA:330,0
DA:334,0
DA:339,0
DA:340,0
DA:342,0
DA:343,0
DA:346,0
DA:347,0
DA:348,0
DA:351,0
DA:355,0
DA:356,0
DA:358,0
DA:359,0
DA:362,0
DA:363,0
DA:364,0
DA:365,0
DA:368,0
DA:369,0
DA:373,0
DA:374,0
DA:375,0
DA:377,0
DA:386,0
DA:387,0
DA:389,0
DA:390,0
DA:392,0
DA:393,0
DA:394,0
DA:396,0
DA:397,0
DA:400,0
DA:401,0
DA:405,0
DA:406,0
DA:407,0
DA:410,0
DA:411,0
DA:412,0
DA:416,0
DA:425,0
DA:426,0
DA:428,0
DA:429,0
DA:431,0
DA:432,0
DA:434,0
DA:435,0
DA:438,0
DA:445,0
DA:446,0
DA:448,0
DA:449,0
DA:452,0
DA:456,0
DA:457,0
DA:459,0
DA:460,0
DA:462,0
DA:463,0
DA:467,0
DA:468,0
DA:480,0
DA:481,0
DA:484,0
DA:485,0
DA:486,0
DA:487,0
DA:491,0
DA:504,0
DA:505,0
DA:507,0
DA:508,0
DA:509,0
DA:510,0
DA:511,0
DA:512,0
DA:514,0
DA:525,0
DA:526,0
DA:528,0
DA:532,0
DA:533,0
DA:534,0
DA:535,0
DA:537,0
DA:543,0
LF:113
LH:0
BRDA:261,0,0,0
BRDA:261,0,1,0
BRDA:270,1,0,0
BRDA:270,1,1,0
BRDA:292,2,0,0
BRDA:292,2,1,0
BRDA:294,3,0,0
BRDA:294,3,1,0
BRDA:301,4,0,0
BRDA:301,4,1,0
BRDA:340,5,0,0
BRDA:340,5,1,0
BRDA:346,6,0,0
BRDA:346,6,1,0
BRDA:356,7,0,0
BRDA:356,7,1,0
BRDA:359,8,0,0
BRDA:359,8,1,0
BRDA:362,9,0,0
BRDA:362,9,1,0
BRDA:365,10,0,0
BRDA:365,10,1,0
BRDA:368,11,0,0
BRDA:368,11,1,0
BRDA:387,12,0,0
BRDA:387,12,1,0
BRDA:390,13,0,0
BRDA:390,13,1,0
BRDA:396,14,0,0
BRDA:396,14,1,0
BRDA:400,15,0,0
BRDA:400,15,1,0
BRDA:406,16,0,0
BRDA:406,16,1,0
BRDA:411,17,0,0
BRDA:411,17,1,0
BRDA:426,18,0,0
BRDA:426,18,1,0
BRDA:429,19,0,0
BRDA:429,19,1,0
BRDA:434,20,0,0
BRDA:434,20,1,0
BRDA:448,21,0,0
BRDA:448,21,1,0
BRDA:457,22,0,0
BRDA:457,22,1,0
BRDA:462,23,0,0
BRDA:462,23,1,0
BRDA:480,24,0,0
BRDA:480,24,1,0
BRDA:481,25,0,0
BRDA:481,25,1,0
BRDA:484,26,0,0
BRDA:484,26,1,0
BRDA:487,27,0,0
BRDA:487,27,1,0
BRDA:505,28,0,0
BRDA:505,28,1,0
BRDA:512,29,0,0
BRDA:512,29,1,0
BRDA:526,30,0,0
BRDA:526,30,1,0
BRF:62
BRH:0
end_of_record
TN:
SF:src\3d-sco\lib\socket.ts
FN:31,initializeSocket
FN:47,(anonymous_1)
FN:51,(anonymous_2)
FN:88,(anonymous_3)
FN:106,(anonymous_4)
FN:120,(anonymous_5)
FN:173,(anonymous_6)
FN:181,(anonymous_7)
FN:190,(anonymous_8)
FN:199,(anonymous_9)
FN:210,(anonymous_10)
FN:219,(anonymous_11)
FN:267,getOnlineUsersCount
FN:271,getOnlineUsers
FN:275,getRoomUsers
FN:279,broadcastToRoom
FN:283,broadcastToUser
FN:285,(anonymous_17)
FNF:18
FNH:0
FNDA:0,initializeSocket
FNDA:0,(anonymous_1)
FNDA:0,(anonymous_2)
FNDA:0,(anonymous_3)
FNDA:0,(anonymous_4)
FNDA:0,(anonymous_5)
FNDA:0,(anonymous_6)
FNDA:0,(anonymous_7)
FNDA:0,(anonymous_8)
FNDA:0,(anonymous_9)
FNDA:0,(anonymous_10)
FNDA:0,(anonymous_11)
FNDA:0,getOnlineUsersCount
FNDA:0,getOnlineUsers
FNDA:0,getRoomUsers
FNDA:0,broadcastToRoom
FNDA:0,broadcastToUser
FNDA:0,(anonymous_17)
DA:15,0
DA:23,0
DA:25,0
DA:32,0
DA:33,0
DA:35,0
DA:47,0
DA:48,0
DA:51,0
DA:56,0
DA:58,0
DA:64,0
DA:70,0
DA:81,0
DA:83,0
DA:88,0
DA:89,0
DA:91,0
DA:92,0
DA:94,0
DA:96,0
DA:102,0
DA:106,0
DA:107,0
DA:108,0
DA:110,0
DA:116,0
DA:120,0
DA:127,0
DA:129,0
DA:152,0
DA:160,0
DA:162,0
DA:164,0
DA:165,0
DA:173,0
DA:174,0
DA:181,0
DA:182,0
DA:190,0
DA:198,0
DA:199,0
DA:201,0
DA:202,0
DA:210,0
DA:211,0
DA:212,0
DA:214,0
DA:216,0
DA:219,0
DA:220,0
DA:221,0
DA:222,0
DA:231,0
DA:237,0
DA:249,0
DA:252,0
DA:257,0
DA:258,0
DA:260,0
DA:263,0
DA:268,0
DA:272,0
DA:276,0
DA:280,0
DA:284,0
DA:285,0
DA:287,0
DA:288,0
LF:69
LH:0
BRDA:32,0,0,0
BRDA:32,0,1,0
BRDA:39,1,0,0
BRDA:39,1,1,0
BRDA:91,2,0,0
BRDA:91,2,1,0
BRDA:201,3,0,0
BRDA:201,3,1,0
BRDA:214,4,0,0
BRDA:214,4,1,0
BRDA:220,5,0,0
BRDA:220,5,1,0
BRDA:276,6,0,0
BRDA:276,6,1,0
BRDA:287,7,0,0
BRDA:287,7,1,0
BRF:16
BRH:0
end_of_record
TN:
SF:src\3d-sco\lib\utils.ts
FN:4,cn
FN:8,(anonymous_1)
FN:8,(anonymous_2)
FNF:3
FNH:0
FNDA:0,cn
FNDA:0,(anonymous_1)
FNDA:0,(anonymous_2)
DA:5,0
DA:8,0
LF:2
LH:0
BRF:0
BRH:0
end_of_record
TN:
SF:src\3d-sco\lib\blog\blog-service.ts
FN:94,(anonymous_0)
FN:98,(anonymous_1)
FN:129,(anonymous_2)
FN:136,(anonymous_3)
FN:145,(anonymous_4)
FN:150,(anonymous_5)
FN:151,(anonymous_6)
FN:157,(anonymous_7)
FN:163,(anonymous_8)
FN:169,(anonymous_9)
FN:175,(anonymous_10)
FN:183,(anonymous_11)
FN:215,(anonymous_12)
FN:216,(anonymous_13)
FN:219,(anonymous_14)
FN:220,(anonymous_15)
FN:223,(anonymous_16)
FN:239,(anonymous_17)
FN:240,(anonymous_18)
FN:255,(anonymous_19)
FN:256,(anonymous_20)
FN:266,(anonymous_21)
FN:273,(anonymous_22)
FN:280,(anonymous_23)
FN:287,(anonymous_24)
FN:297,(anonymous_25)
FN:301,(anonymous_26)
FN:302,(anonymous_27)
FN:305,(anonymous_28)
FN:306,(anonymous_29)
FN:309,(anonymous_30)
FN:320,(anonymous_31)
FN:321,(anonymous_32)
FN:335,(anonymous_33)
FN:336,(anonymous_34)
FN:342,(anonymous_35)
FN:350,(anonymous_36)
FN:351,(anonymous_37)
FN:353,(anonymous_38)
FN:358,(anonymous_39)
FN:360,(anonymous_40)
FN:365,(anonymous_41)
FN:384,(anonymous_42)
FN:385,(anonymous_43)
FN:400,(anonymous_44)
FN:401,(anonymous_45)
FN:412,(anonymous_46)
FN:419,(anonymous_47)
FN:423,(anonymous_48)
FN:428,(anonymous_49)
FN:430,(anonymous_50)
FN:431,(anonymous_51)
FN:432,(anonymous_52)
FN:438,(anonymous_53)
FN:439,(anonymous_54)
FN:444,(anonymous_55)
FN:445,(anonymous_56)
FN:461,(anonymous_57)
FN:462,(anonymous_58)
FN:466,(anonymous_59)
FN:474,(anonymous_60)
FN:478,(anonymous_61)
FN:480,(anonymous_62)
FN:482,(anonymous_63)
FN:483,(anonymous_64)
FN:496,(anonymous_65)
FNF:66
FNH:0
FNDA:0,(anonymous_0)
FNDA:0,(anonymous_1)
FNDA:0,(anonymous_2)
FNDA:0,(anonymous_3)
FNDA:0,(anonymous_4)
FNDA:0,(anonymous_5)
FNDA:0,(anonymous_6)
FNDA:0,(anonymous_7)
FNDA:0,(anonymous_8)
FNDA:0,(anonymous_9)
FNDA:0,(anonymous_10)
FNDA:0,(anonymous_11)
FNDA:0,(anonymous_12)
FNDA:0,(anonymous_13)
FNDA:0,(anonymous_14)
FNDA:0,(anonymous_15)
FNDA:0,(anonymous_16)
FNDA:0,(anonymous_17)
FNDA:0,(anonymous_18)
FNDA:0,(anonymous_19)
FNDA:0,(anonymous_20)
FNDA:0,(anonymous_21)
FNDA:0,(anonymous_22)
FNDA:0,(anonymous_23)
FNDA:0,(anonymous_24)
FNDA:0,(anonymous_25)
FNDA:0,(anonymous_26)
FNDA:0,(anonymous_27)
FNDA:0,(anonymous_28)
FNDA:0,(anonymous_29)
FNDA:0,(anonymous_30)
FNDA:0,(anonymous_31)
FNDA:0,(anonymous_32)
FNDA:0,(anonymous_33)
FNDA:0,(anonymous_34)
FNDA:0,(anonymous_35)
FNDA:0,(anonymous_36)
FNDA:0,(anonymous_37)
FNDA:0,(anonymous_38)
FNDA:0,(anonymous_39)
FNDA:0,(anonymous_40)
FNDA:0,(anonymous_41)
FNDA:0,(anonymous_42)
FNDA:0,(anonymous_43)
FNDA:0,(anonymous_44)
FNDA:0,(anonymous_45)
FNDA:0,(anonymous_46)
FNDA:0,(anonymous_47)
FNDA:0,(anonymous_48)
FNDA:0,(anonymous_49)
FNDA:0,(anonymous_50)
FNDA:0,(anonymous_51)
FNDA:0,(anonymous_52)
FNDA:0,(anonymous_53)
FNDA:0,(anonymous_54)
FNDA:0,(anonymous_55)
FNDA:0,(anonymous_56)
FNDA:0,(anonymous_57)
FNDA:0,(anonymous_58)
FNDA:0,(anonymous_59)
FNDA:0,(anonymous_60)
FNDA:0,(anonymous_61)
FNDA:0,(anonymous_62)
FNDA:0,(anonymous_63)
FNDA:0,(anonymous_64)
FNDA:0,(anonymous_65)
DA:90,0
DA:91,0
DA:92,0
DA:95,0
DA:100,0
DA:130,0
DA:133,0
DA:134,0
DA:135,0
DA:137,0
DA:143,0
DA:144,0
DA:145,0
DA:149,0
DA:150,0
DA:151,0
DA:155,0
DA:156,0
DA:157,0
DA:161,0
DA:162,0
DA:163,0
DA:167,0
DA:168,0
DA:169,0
DA:173,0
DA:174,0
DA:175,0
DA:180,0
DA:181,0
DA:183,0
DA:184,0
DA:185,0
DA:187,0
DA:188,0
DA:189,0
DA:192,0
DA:193,0
DA:195,0
DA:200,0
DA:201,0
DA:202,0
DA:203,0
DA:204,0
DA:206,0
DA:216,0
DA:220,0
DA:224,0
DA:234,0
DA:235,0
DA:236,0
DA:240,0
DA:241,0
DA:242,0
DA:245,0
DA:251,0
DA:252,0
DA:256,0
DA:257,0
DA:258,0
DA:261,0
DA:262,0
DA:263,0
DA:267,0
DA:274,0
DA:281,0
DA:282,0
DA:283,0
DA:288,0
DA:289,0
DA:290,0
DA:293,0
DA:298,0
DA:302,0
DA:306,0
DA:310,0
DA:316,0
DA:317,0
DA:321,0
DA:322,0
DA:323,0
DA:326,0
DA:331,0
DA:332,0
DA:336,0
DA:337,0
DA:338,0
DA:342,0
DA:343,0
DA:344,0
DA:347,0
DA:351,0
DA:352,0
DA:353,0
DA:359,0
DA:360,0
DA:362,0
DA:366,0
DA:373,0
DA:376,0
DA:377,0
DA:378,0
DA:381,0
DA:385,0
DA:386,0
DA:387,0
DA:390,0
DA:396,0
DA:397,0
DA:401,0
DA:402,0
DA:403,0
DA:406,0
DA:407,0
DA:410,0
DA:411,0
DA:412,0
DA:413,0
DA:414,0
DA:420,0
DA:424,0
DA:429,0
DA:430,0
DA:431,0
DA:432,0
DA:433,0
DA:434,0
DA:437,0
DA:438,0
DA:439,0
DA:443,0
DA:444,0
DA:445,0
DA:448,0
DA:462,0
DA:463,0
DA:467,0
DA:468,0
DA:469,0
DA:473,0
DA:475,0
DA:478,0
DA:482,0
DA:483,0
DA:485,0
DA:486,0
DA:489,0
DA:493,0
DA:497,0
LF:149
LH:0
BRDA:133,0,0,0
BRDA:133,0,1,0
BRDA:137,1,0,0
BRDA:137,1,1,0
BRDA:137,1,2,0
BRDA:143,2,0,0
BRDA:143,2,1,0
BRDA:149,3,0,0
BRDA:149,3,1,0
BRDA:149,4,0,0
BRDA:149,4,1,0
BRDA:155,5,0,0
BRDA:155,5,1,0
BRDA:161,6,0,0
BRDA:161,6,1,0
BRDA:167,7,0,0
BRDA:167,7,1,0
BRDA:173,8,0,0
BRDA:173,8,1,0
BRDA:180,9,0,0
BRDA:180,9,1,0
BRDA:181,10,0,0
BRDA:181,10,1,0
BRDA:187,11,0,0
BRDA:187,11,1,0
BRDA:187,12,0,0
BRDA:187,12,1,0
BRDA:192,13,0,0
BRDA:192,13,1,0
BRDA:193,14,0,0
BRDA:193,14,1,0
BRDA:195,15,0,0
BRDA:195,15,1,0
BRDA:200,16,0,0
BRDA:200,16,1,0
BRDA:201,17,0,0
BRDA:201,17,1,0
BRDA:216,18,0,0
BRDA:216,18,1,0
BRDA:220,19,0,0
BRDA:220,19,1,0
BRDA:241,20,0,0
BRDA:241,20,1,0
BRDA:257,21,0,0
BRDA:257,21,1,0
BRDA:282,22,0,0
BRDA:282,22,1,0
BRDA:289,23,0,0
BRDA:289,23,1,0
BRDA:302,24,0,0
BRDA:302,24,1,0
BRDA:306,25,0,0
BRDA:306,25,1,0
BRDA:322,26,0,0
BRDA:322,26,1,0
BRDA:337,27,0,0
BRDA:337,27,1,0
BRDA:343,28,0,0
BRDA:343,28,1,0
BRDA:352,29,0,0
BRDA:352,29,1,0
BRDA:359,30,0,0
BRDA:359,30,1,0
BRDA:377,31,0,0
BRDA:377,31,1,0
BRDA:386,32,0,0
BRDA:386,32,1,0
BRDA:402,33,0,0
BRDA:402,33,1,0
BRDA:411,34,0,0
BRDA:411,34,1,0
BRDA:413,35,0,0
BRDA:413,35,1,0
BRDA:466,36,0,0
BRDA:468,37,0,0
BRDA:468,37,1,0
BRDA:475,38,0,0
BRDA:475,38,1,0
BRDA:475,38,2,0
BRDA:475,38,3,0
BRDA:485,39,0,0
BRDA:485,39,1,0
BRF:82
BRH:0
end_of_record
TN:
SF:src\3d-sco\lib\cache\index.ts
FN:17,initializeRedis
FN:27,(anonymous_1)
FN:32,(anonymous_2)
FN:36,(anonymous_3)
FN:55,get
FN:72,set
FN:95,del
FN:113,clear
FN:131,(anonymous_8)
FN:132,(anonymous_9)
FN:140,exists
FN:157,getStats
FN:172,cached
FN:176,(anonymous_13)
FN:193,cleanup
FNF:15
FNH:0
FNDA:0,initializeRedis
FNDA:0,(anonymous_1)
FNDA:0,(anonymous_2)
FNDA:0,(anonymous_3)
FNDA:0,get
FNDA:0,set
FNDA:0,del
FNDA:0,clear
FNDA:0,(anonymous_8)
FNDA:0,(anonymous_9)
FNDA:0,exists
FNDA:0,getStats
FNDA:0,cached
FNDA:0,(anonymous_13)
FNDA:0,cleanup
DA:5,0
DA:8,0
DA:18,0
DA:19,0
DA:20,0
DA:27,0
DA:28,0
DA:29,0
DA:32,0
DA:33,0
DA:36,0
DA:37,0
DA:40,0
DA:42,0
DA:43,0
DA:56,0
DA:58,0
DA:59,0
DA:60,0
DA:61,0
DA:64,0
DA:68,0
DA:77,0
DA:78,0
DA:80,0
DA:81,0
DA:82,0
DA:83,0
DA:86,0
DA:90,0
DA:91,0
DA:96,0
DA:98,0
DA:99,0
DA:100,0
DA:101,0
DA:104,0
DA:108,0
DA:109,0
DA:114,0
DA:115,0
DA:117,0
DA:118,0
DA:119,0
DA:120,0
DA:121,0
DA:123,0
DA:126,0
DA:130,0
DA:131,0
DA:132,0
DA:134,0
DA:136,0
DA:141,0
DA:143,0
DA:144,0
DA:145,0
DA:146,0
DA:149,0
DA:153,0
DA:158,0
DA:176,0
DA:177,0
DA:180,0
DA:181,0
DA:182,0
DA:186,0
DA:187,0
DA:188,0
DA:194,0
DA:195,0
DA:197,0
DA:201,0
DA:202,0
LF:74
LH:0
BRDA:18,0,0,0
BRDA:18,0,1,0
BRDA:56,1,0,0
BRDA:56,1,1,0
BRDA:59,2,0,0
BRDA:59,2,1,0
BRDA:59,3,0,0
BRDA:59,3,1,0
BRDA:61,4,0,0
BRDA:61,4,1,0
BRDA:68,5,0,0
BRDA:68,5,1,0
BRDA:77,6,0,0
BRDA:77,6,1,0
BRDA:78,7,0,0
BRDA:78,7,1,0
BRDA:81,8,0,0
BRDA:81,8,1,0
BRDA:81,9,0,0
BRDA:81,9,1,0
BRDA:96,10,0,0
BRDA:96,10,1,0
BRDA:99,11,0,0
BRDA:99,11,1,0
BRDA:99,12,0,0
BRDA:99,12,1,0
BRDA:114,13,0,0
BRDA:114,13,1,0
BRDA:115,14,0,0
BRDA:115,14,1,0
BRDA:118,15,0,0
BRDA:118,15,1,0
BRDA:118,16,0,0
BRDA:118,16,1,0
BRDA:120,17,0,0
BRDA:120,17,1,0
BRDA:130,18,0,0
BRDA:130,18,1,0
BRDA:141,19,0,0
BRDA:141,19,1,0
BRDA:144,20,0,0
BRDA:144,20,1,0
BRDA:144,21,0,0
BRDA:144,21,1,0
BRDA:165,22,0,0
BRDA:165,22,1,0
BRDA:166,23,0,0
BRDA:166,23,1,0
BRDA:177,24,0,0
BRDA:177,24,1,0
BRDA:181,25,0,0
BRDA:181,25,1,0
BRDA:194,26,0,0
BRDA:194,26,1,0
BRDA:194,27,0,0
BRDA:194,27,1,0
BRDA:201,28,0,0
BRDA:201,28,1,0
BRDA:201,29,0,0
BRDA:201,29,1,0
BRF:60
BRH:0
end_of_record
TN:
SF:src\3d-sco\lib\cms\client.ts
FN:145,(anonymous_0)
FN:152,(anonymous_1)
FN:168,(anonymous_2)
FN:175,(anonymous_3)
FN:178,(anonymous_4)
FN:188,(anonymous_5)
FN:194,(anonymous_6)
FN:196,(anonymous_7)
FN:203,(anonymous_8)
FN:205,(anonymous_9)
FN:212,(anonymous_10)
FN:220,(anonymous_11)
FN:228,(anonymous_12)
FN:235,(anonymous_13)
FN:241,(anonymous_14)
FN:243,(anonymous_15)
FN:250,(anonymous_16)
FN:258,(anonymous_17)
FN:266,(anonymous_18)
FN:273,(anonymous_19)
FN:279,(anonymous_20)
FN:281,(anonymous_21)
FN:288,(anonymous_22)
FN:305,(anonymous_23)
FN:313,(anonymous_24)
FN:321,(anonymous_25)
FN:328,(anonymous_26)
FN:332,(anonymous_27)
FN:336,(anonymous_28)
FN:340,(anonymous_29)
FN:344,(anonymous_30)
FN:348,(anonymous_31)
FN:352,(anonymous_32)
FN:356,(anonymous_33)
FN:365,useCMSClient
FN:370,formatFileSize
FN:380,getMediaTypeIcon
FN:391,isImageType
FN:395,isVideoType
FN:399,generateSlug
FN:408,truncateText
FN:413,stripHtml
FN:417,getExcerpt
FNF:43
FNH:0
FNDA:0,(anonymous_0)
FNDA:0,(anonymous_1)
FNDA:0,(anonymous_2)
FNDA:0,(anonymous_3)
FNDA:0,(anonymous_4)
FNDA:0,(anonymous_5)
FNDA:0,(anonymous_6)
FNDA:0,(anonymous_7)
FNDA:0,(anonymous_8)
FNDA:0,(anonymous_9)
FNDA:0,(anonymous_10)
FNDA:0,(anonymous_11)
FNDA:0,(anonymous_12)
FNDA:0,(anonymous_13)
FNDA:0,(anonymous_14)
FNDA:0,(anonymous_15)
FNDA:0,(anonymous_16)
FNDA:0,(anonymous_17)
FNDA:0,(anonymous_18)
FNDA:0,(anonymous_19)
FNDA:0,(anonymous_20)
FNDA:0,(anonymous_21)
FNDA:0,(anonymous_22)
FNDA:0,(anonymous_23)
FNDA:0,(anonymous_24)
FNDA:0,(anonymous_25)
FNDA:0,(anonymous_26)
FNDA:0,(anonymous_27)
FNDA:0,(anonymous_28)
FNDA:0,(anonymous_29)
FNDA:0,(anonymous_30)
FNDA:0,(anonymous_31)
FNDA:0,(anonymous_32)
FNDA:0,(anonymous_33)
FNDA:0,useCMSClient
FNDA:0,formatFileSize
FNDA:0,getMediaTypeIcon
FNDA:0,isImageType
FNDA:0,isVideoType
FNDA:0,generateSlug
FNDA:0,truncateText
FNDA:0,stripHtml
FNDA:0,getExcerpt
DA:146,0
DA:147,0
DA:156,0
DA:157,0
DA:165,0
DA:167,0
DA:168,0
DA:169,0
DA:172,0
DA:176,0
DA:178,0
DA:179,0
DA:180,0
DA:184,0
DA:189,0
DA:190,0
DA:191,0
DA:195,0
DA:196,0
DA:197,0
DA:198,0
DA:200,0
DA:204,0
DA:205,0
DA:206,0
DA:207,0
DA:209,0
DA:213,0
DA:217,0
DA:221,0
DA:225,0
DA:229,0
DA:236,0
DA:237,0
DA:238,0
DA:242,0
DA:243,0
DA:244,0
DA:245,0
DA:247,0
DA:251,0
DA:255,0
DA:259,0
DA:263,0
DA:267,0
DA:274,0
DA:275,0
DA:276,0
DA:280,0
DA:281,0
DA:282,0
DA:283,0
DA:285,0
DA:292,0
DA:293,0
DA:295,0
DA:296,0
DA:299,0
DA:304,0
DA:305,0
DA:306,0
DA:309,0
DA:310,0
DA:314,0
DA:318,0
DA:322,0
DA:329,0
DA:333,0
DA:337,0
DA:341,0
DA:345,0
DA:349,0
DA:353,0
DA:357,0
DA:362,0
DA:366,0
DA:371,0
DA:373,0
DA:374,0
DA:375,0
DA:377,0
DA:381,0
DA:388,0
DA:392,0
DA:396,0
DA:400,0
DA:409,0
DA:410,0
DA:414,0
DA:418,0
DA:419,0
LF:91
LH:0
BRDA:145,0,0,0
BRDA:154,1,0,0
BRDA:167,2,0,0
BRDA:167,2,1,0
BRDA:169,3,0,0
BRDA:169,3,1,0
BRDA:179,4,0,0
BRDA:179,4,1,0
BRDA:179,5,0,0
BRDA:179,5,1,0
BRDA:179,5,2,0
BRDA:188,6,0,0
BRDA:190,7,0,0
BRDA:190,7,1,0
BRDA:197,8,0,0
BRDA:197,8,1,0
BRDA:206,9,0,0
BRDA:206,9,1,0
BRDA:235,10,0,0
BRDA:237,11,0,0
BRDA:237,11,1,0
BRDA:244,12,0,0
BRDA:244,12,1,0
BRDA:266,13,0,0
BRDA:273,14,0,0
BRDA:275,15,0,0
BRDA:275,15,1,0
BRDA:282,16,0,0
BRDA:282,16,1,0
BRDA:295,17,0,0
BRDA:295,17,1,0
BRDA:304,18,0,0
BRDA:304,18,1,0
BRDA:306,19,0,0
BRDA:306,19,1,0
BRDA:328,20,0,0
BRDA:332,21,0,0
BRDA:336,22,0,0
BRDA:340,23,0,0
BRDA:352,24,0,0
BRDA:356,25,0,0
BRDA:371,26,0,0
BRDA:371,26,1,0
BRDA:388,27,0,0
BRDA:388,27,1,0
BRDA:409,28,0,0
BRDA:409,28,1,0
BRDA:417,29,0,0
BRF:48
BRH:0
end_of_record
TN:
SF:src\3d-sco\lib\cms\hooks.ts
FN:26,useAsync
FN:34,(anonymous_1)
FN:48,(anonymous_2)
FN:61,useContent
FN:63,(anonymous_4)
FN:68,useContentById
FN:70,(anonymous_6)
FN:75,useContentBySlug
FN:77,(anonymous_8)
FN:82,usePublishedContent
FN:84,(anonymous_10)
FN:89,useContentByType
FN:91,(anonymous_12)
FN:96,useContentByCategory
FN:98,(anonymous_14)
FN:104,useCategories
FN:106,(anonymous_16)
FN:111,useCategoryById
FN:113,(anonymous_18)
FN:118,useActiveCategories
FN:120,(anonymous_20)
FN:125,useCategoryTree
FN:127,(anonymous_22)
FN:133,useMedia
FN:135,(anonymous_24)
FN:140,useMediaById
FN:142,(anonymous_26)
FN:147,usePublicMedia
FN:149,(anonymous_28)
FN:154,useMediaByType
FN:156,(anonymous_30)
FN:162,useContentSearch
FN:166,(anonymous_32)
FN:167,(anonymous_33)
FN:171,(anonymous_34)
FN:175,(anonymous_35)
FN:181,useContentMutations
FN:185,(anonymous_37)
FN:200,(anonymous_38)
FN:215,(anonymous_39)
FN:238,useCategoryMutations
FN:242,(anonymous_41)
FN:257,(anonymous_42)
FN:272,(anonymous_43)
FN:295,useMediaMutations
FN:300,(anonymous_45)
FN:323,(anonymous_46)
FN:338,(anonymous_47)
FN:363,usePagination
FN:367,(anonymous_49)
FN:367,(anonymous_50)
FN:368,(anonymous_51)
FN:368,(anonymous_52)
FN:369,(anonymous_53)
FN:370,(anonymous_54)
FN:387,useLocalStorage
FN:388,(anonymous_56)
FN:399,(anonymous_57)
FN:415,useContentFilters
FN:418,(anonymous_59)
FN:419,(anonymous_60)
FN:422,(anonymous_61)
FN:426,(anonymous_62)
FN:427,(anonymous_63)
FN:443,useMediaFilters
FN:446,(anonymous_65)
FN:447,(anonymous_66)
FN:450,(anonymous_67)
FN:454,(anonymous_68)
FN:455,(anonymous_69)
FN:472,useBulkOperations
FN:475,(anonymous_71)
FN:476,(anonymous_72)
FN:479,(anonymous_73)
FN:480,(anonymous_74)
FN:487,(anonymous_75)
FN:488,(anonymous_76)
FN:499,(anonymous_77)
FN:500,(anonymous_78)
FN:503,(anonymous_79)
FN:507,(anonymous_80)
FNF:81
FNH:0
FNDA:0,useAsync
FNDA:0,(anonymous_1)
FNDA:0,(anonymous_2)
FNDA:0,useContent
FNDA:0,(anonymous_4)
FNDA:0,useContentById
FNDA:0,(anonymous_6)
FNDA:0,useContentBySlug
FNDA:0,(anonymous_8)
FNDA:0,usePublishedContent
FNDA:0,(anonymous_10)
FNDA:0,useContentByType
FNDA:0,(anonymous_12)
FNDA:0,useContentByCategory
FNDA:0,(anonymous_14)
FNDA:0,useCategories
FNDA:0,(anonymous_16)
FNDA:0,useCategoryById
FNDA:0,(anonymous_18)
FNDA:0,useActiveCategories
FNDA:0,(anonymous_20)
FNDA:0,useCategoryTree
FNDA:0,(anonymous_22)
FNDA:0,useMedia
FNDA:0,(anonymous_24)
FNDA:0,useMediaById
FNDA:0,(anonymous_26)
FNDA:0,usePublicMedia
FNDA:0,(anonymous_28)
FNDA:0,useMediaByType
FNDA:0,(anonymous_30)
FNDA:0,useContentSearch
FNDA:0,(anonymous_32)
FNDA:0,(anonymous_33)
FNDA:0,(anonymous_34)
FNDA:0,(anonymous_35)
FNDA:0,useContentMutations
FNDA:0,(anonymous_37)
FNDA:0,(anonymous_38)
FNDA:0,(anonymous_39)
FNDA:0,useCategoryMutations
FNDA:0,(anonymous_41)
FNDA:0,(anonymous_42)
FNDA:0,(anonymous_43)
FNDA:0,useMediaMutations
FNDA:0,(anonymous_45)
FNDA:0,(anonymous_46)
FNDA:0,(anonymous_47)
FNDA:0,usePagination
FNDA:0,(anonymous_49)
FNDA:0,(anonymous_50)
FNDA:0,(anonymous_51)
FNDA:0,(anonymous_52)
FNDA:0,(anonymous_53)
FNDA:0,(anonymous_54)
FNDA:0,useLocalStorage
FNDA:0,(anonymous_56)
FNDA:0,(anonymous_57)
FNDA:0,useContentFilters
FNDA:0,(anonymous_59)
FNDA:0,(anonymous_60)
FNDA:0,(anonymous_61)
FNDA:0,(anonymous_62)
FNDA:0,(anonymous_63)
FNDA:0,useMediaFilters
FNDA:0,(anonymous_65)
FNDA:0,(anonymous_66)
FNDA:0,(anonymous_67)
FNDA:0,(anonymous_68)
FNDA:0,(anonymous_69)
FNDA:0,useBulkOperations
FNDA:0,(anonymous_71)
FNDA:0,(anonymous_72)
FNDA:0,(anonymous_73)
FNDA:0,(anonymous_74)
FNDA:0,(anonymous_75)
FNDA:0,(anonymous_76)
FNDA:0,(anonymous_77)
FNDA:0,(anonymous_78)
FNDA:0,(anonymous_79)
FNDA:0,(anonymous_80)
DA:30,0
DA:31,0
DA:32,0
DA:34,0
DA:35,0
DA:36,0
DA:37,0
DA:38,0
DA:39,0
DA:41,0
DA:42,0
DA:44,0
DA:48,0
DA:49,0
DA:52,0
DA:62,0
DA:63,0
DA:69,0
DA:70,0
DA:76,0
DA:77,0
DA:83,0
DA:84,0
DA:90,0
DA:91,0
DA:97,0
DA:98,0
DA:105,0
DA:106,0
DA:112,0
DA:113,0
DA:119,0
DA:120,0
DA:126,0
DA:127,0
DA:134,0
DA:135,0
DA:141,0
DA:142,0
DA:148,0
DA:149,0
DA:155,0
DA:156,0
DA:163,0
DA:166,0
DA:167,0
DA:168,0
DA:171,0
DA:174,0
DA:175,0
DA:182,0
DA:183,0
DA:185,0
DA:186,0
DA:187,0
DA:188,0
DA:189,0
DA:190,0
DA:192,0
DA:193,0
DA:194,0
DA:196,0
DA:200,0
DA:201,0
DA:202,0
DA:203,0
DA:204,0
DA:205,0
DA:207,0
DA:208,0
DA:209,0
DA:211,0
DA:215,0
DA:216,0
DA:217,0
DA:218,0
DA:219,0
DA:221,0
DA:222,0
DA:223,0
DA:225,0
DA:229,0
DA:239,0
DA:240,0
DA:242,0
DA:243,0
DA:244,0
DA:245,0
DA:246,0
DA:247,0
DA:249,0
DA:250,0
DA:251,0
DA:253,0
DA:257,0
DA:258,0
DA:259,0
DA:260,0
DA:261,0
DA:262,0
DA:264,0
DA:265,0
DA:266,0
DA:268,0
DA:272,0
DA:273,0
DA:274,0
DA:275,0
DA:276,0
DA:278,0
DA:279,0
DA:280,0
[...]
FNDA:0,(anonymous_36)
FNDA:0,(anonymous_37)
FNDA:0,(anonymous_38)
FNDA:0,(anonymous_39)
FNDA:0,(anonymous_40)
FNDA:0,(anonymous_41)
FNDA:0,(anonymous_42)
FNDA:0,(anonymous_43)
FNDA:0,(anonymous_44)
FNDA:0,(anonymous_45)
FNDA:0,(anonymous_46)
DA:68,0
DA:69,0
DA:70,0
DA:73,0
DA:74,0
DA:85,0
DA:86,0
DA:87,0
DA:88,0
DA:90,0
DA:91,0
DA:92,0
DA:93,0
DA:95,0
DA:102,0
DA:103,0
DA:104,0
DA:105,0
DA:106,0
DA:107,0
DA:109,0
DA:110,0
DA:111,0
DA:113,0
DA:114,0
DA:122,0
DA:123,0
DA:126,0
DA:127,0
DA:139,0
DA:142,0
DA:145,0
DA:148,0
DA:150,0
DA:162,0
DA:163,0
DA:166,0
DA:168,0
DA:169,0
DA:180,0
DA:181,0
DA:182,0
DA:185,0
DA:186,0
DA:188,0
DA:190,0
DA:192,0
DA:193,0
DA:199,0
DA:202,0
DA:205,0
DA:208,0
DA:210,0
DA:221,0
DA:230,0
DA:237,0
DA:258,0
DA:259,0
DA:260,0
DA:262,0
DA:275,0
DA:276,0
DA:278,0
DA:280,0
DA:290,0
DA:291,0
DA:300,0
DA:301,0
DA:303,0
DA:304,0
DA:305,0
DA:306,0
DA:310,0
DA:311,0
DA:318,0
DA:320,0
DA:321,0
DA:322,0
DA:324,0
DA:325,0
DA:326,0
DA:327,0
DA:330,0
DA:331,0
DA:338,0
DA:339,0
DA:340,0
DA:341,0
DA:342,0
DA:344,0
DA:356,0
DA:363,0
DA:364,0
DA:368,0
DA:369,0
DA:373,0
DA:374,0
DA:377,0
DA:384,0
DA:394,0
DA:395,0
DA:396,0
DA:400,0
DA:407,0
DA:408,0
DA:411,0
DA:417,0
DA:418,0
DA:419,0
DA:423,0
DA:433,0
DA:434,0
DA:435,0
DA:437,0
DA:438,0
DA:439,0
DA:449,0
DA:454,0
DA:455,0
DA:457,0
DA:458,0
DA:459,0
DA:463,0
DA:473,0
DA:475,0
DA:476,0
DA:479,0
DA:480,0
DA:483,0
DA:484,0
DA:487,0
DA:488,0
DA:489,0
DA:490,0
DA:493,0
DA:494,0
DA:495,0
DA:496,0
DA:500,0
DA:507,0
DA:508,0
DA:510,0
DA:511,0
DA:512,0
DA:515,0
DA:516,0
DA:520,0
DA:530,0
DA:533,0
DA:534,0
DA:535,0
DA:536,0
DA:541,0
DA:542,0
DA:544,0
DA:546,0
DA:549,0
DA:550,0
DA:553,0
DA:554,0
DA:557,0
DA:564,0
DA:565,0
DA:573,0
DA:574,0
DA:575,0
DA:583,0
DA:584,0
DA:591,0
DA:592,0
DA:593,0
DA:594,0
DA:597,0
DA:605,0
DA:606,0
DA:613,0
DA:614,0
DA:615,0
DA:616,0
DA:619,0
DA:627,0
DA:628,0
DA:635,0
DA:642,0
DA:655,0
DA:656,0
DA:658,0
DA:659,0
DA:662,0
DA:663,0
DA:666,0
DA:679,0
DA:680,0
DA:681,0
DA:683,0
DA:684,0
DA:686,0
LF:197
LH:0
BRDA:80,0,0,0
BRDA:90,1,0,0
BRDA:90,1,1,0
BRDA:93,2,0,0
BRDA:93,2,1,0
BRDA:137,3,0,0
BRDA:182,4,0,0
BRDA:182,4,1,0
BRDA:186,5,0,0
BRDA:186,5,1,0
BRDA:190,6,0,0
BRDA:190,6,1,0
BRDA:192,7,0,0
BRDA:192,7,1,0
BRDA:199,8,0,0
BRDA:199,8,1,0
BRDA:199,9,0,0
BRDA:199,9,1,0
BRDA:202,10,0,0
BRDA:202,10,1,0
BRDA:258,11,0,0
BRDA:258,11,1,0
BRDA:258,12,0,0
BRDA:258,12,1,0
BRDA:264,13,0,0
BRDA:264,13,1,0
BRDA:265,14,0,0
BRDA:265,14,1,0
BRDA:266,15,0,0
BRDA:266,15,1,0
BRDA:267,16,0,0
BRDA:267,16,1,0
BRDA:268,17,0,0
BRDA:268,17,1,0
BRDA:270,18,0,0
BRDA:270,18,1,0
BRDA:300,19,0,0
BRDA:300,19,1,0
BRDA:311,20,0,0
BRDA:311,20,1,0
BRDA:318,21,0,0
BRDA:318,21,1,0
BRDA:330,22,0,0
BRDA:330,22,1,0
BRDA:330,23,0,0
BRDA:330,23,1,0
BRDA:359,24,0,0
BRDA:359,24,1,0
BRDA:363,25,0,0
BRDA:363,25,1,0
BRDA:363,26,0,0
BRDA:363,26,1,0
BRDA:368,27,0,0
BRDA:368,27,1,0
BRDA:373,28,0,0
BRDA:373,28,1,0
BRDA:395,29,0,0
BRDA:395,29,1,0
BRDA:408,30,0,0
BRDA:408,30,1,0
BRDA:418,31,0,0
BRDA:418,31,1,0
BRDA:435,32,0,0
BRDA:435,32,1,0
BRDA:437,33,0,0
BRDA:437,33,1,0
BRDA:437,34,0,0
BRDA:437,34,1,0
BRDA:437,34,2,0
BRDA:438,35,0,0
BRDA:438,35,1,0
BRDA:438,36,0,0
BRDA:438,36,1,0
BRDA:438,36,2,0
BRDA:455,37,0,0
BRDA:455,37,1,0
BRDA:458,38,0,0
BRDA:458,38,1,0
BRDA:473,39,0,0
BRDA:473,39,1,0
BRDA:475,40,0,0
BRDA:475,40,1,0
BRDA:475,41,0,0
BRDA:475,41,1,0
BRDA:479,42,0,0
BRDA:479,42,1,0
BRDA:479,43,0,0
BRDA:479,43,1,0
BRDA:483,44,0,0
BRDA:483,44,1,0
BRDA:483,45,0,0
BRDA:483,45,1,0
BRDA:487,46,0,0
BRDA:487,46,1,0
BRDA:487,47,0,0
BRDA:487,47,1,0
BRDA:488,48,0,0
BRDA:488,48,1,0
BRDA:490,49,0,0
BRDA:490,49,1,0
BRDA:493,50,0,0
BRDA:493,50,1,0
BRDA:495,51,0,0
BRDA:495,51,1,0
BRDA:495,52,0,0
BRDA:495,52,1,0
BRDA:515,53,0,0
BRDA:515,53,1,0
BRDA:536,54,0,0
BRDA:536,54,1,0
BRDA:549,55,0,0
BRDA:549,55,1,0
BRDA:553,56,0,0
BRDA:553,56,1,0
BRDA:573,57,0,0
BRDA:573,57,1,0
BRDA:575,58,0,0
BRDA:575,58,1,0
BRDA:659,59,0,0
BRDA:659,59,1,0
BRDA:663,60,0,0
BRDA:663,60,1,0
BRF:122
BRH:0
end_of_record
TN:
SF:src\services\LLMProviderService.ts
FN:87,(anonymous_0)
FN:105,(anonymous_1)
FN:126,(anonymous_2)
FN:144,(anonymous_3)
FN:204,(anonymous_4)
FN:257,(anonymous_5)
FN:298,(anonymous_6)
FN:300,(anonymous_7)
FN:301,(anonymous_8)
FN:306,(anonymous_9)
FN:307,(anonymous_10)
FN:332,(anonymous_11)
FN:354,(anonymous_12)
FN:363,(anonymous_13)
FN:365,(anonymous_14)
FN:368,(anonymous_15)
FN:371,(anonymous_16)
FN:386,(anonymous_17)
FN:394,(anonymous_18)
FN:402,(anonymous_19)
FN:410,(anonymous_20)
FN:449,(anonymous_21)
FN:482,(anonymous_22)
FN:514,(anonymous_23)
FN:552,(anonymous_24)
FN:559,(anonymous_25)
FN:567,(anonymous_26)
FN:579,(anonymous_27)
FN:590,(anonymous_28)
FN:614,(anonymous_29)
FN:628,(anonymous_30)
FNF:31
FNH:0
FNDA:0,(anonymous_0)
FNDA:0,(anonymous_1)
FNDA:0,(anonymous_2)
FNDA:0,(anonymous_3)
FNDA:0,(anonymous_4)
FNDA:0,(anonymous_5)
FNDA:0,(anonymous_6)
FNDA:0,(anonymous_7)
FNDA:0,(anonymous_8)
FNDA:0,(anonymous_9)
FNDA:0,(anonymous_10)
FNDA:0,(anonymous_11)
FNDA:0,(anonymous_12)
FNDA:0,(anonymous_13)
FNDA:0,(anonymous_14)
FNDA:0,(anonymous_15)
FNDA:0,(anonymous_16)
FNDA:0,(anonymous_17)
FNDA:0,(anonymous_18)
FNDA:0,(anonymous_19)
FNDA:0,(anonymous_20)
FNDA:0,(anonymous_21)
FNDA:0,(anonymous_22)
FNDA:0,(anonymous_23)
FNDA:0,(anonymous_24)
FNDA:0,(anonymous_25)
FNDA:0,(anonymous_26)
FNDA:0,(anonymous_27)
FNDA:0,(anonymous_28)
FNDA:0,(anonymous_29)
FNDA:0,(anonymous_30)
DA:71,0
DA:72,0
DA:75,0
DA:76,0
DA:84,0
DA:85,0
DA:88,0
DA:89,0
DA:90,0
DA:93,0
DA:94,0
DA:95,0
DA:101,0
DA:102,0
DA:106,0
DA:107,0
DA:108,0
DA:110,0
DA:111,0
DA:119,0
DA:123,0
DA:127,0
DA:129,0
DA:132,0
DA:135,0
DA:137,0
DA:139,0
DA:140,0
DA:145,0
DA:148,0
DA:151,0
DA:152,0
DA:153,0
DA:154,0
DA:155,0
DA:156,0
DA:161,0
DA:162,0
DA:163,0
DA:167,0
DA:168,0
DA:171,0
DA:172,0
DA:173,0
DA:176,0
DA:179,0
DA:180,0
DA:181,0
DA:184,0
DA:185,0
DA:189,0
DA:190,0
DA:193,0
DA:196,0
DA:197,0
DA:200,0
DA:205,0
DA:206,0
DA:207,0
DA:210,0
DA:211,0
DA:212,0
DA:217,0
DA:219,0
DA:220,0
DA:226,0
DA:229,0
DA:230,0
DA:236,0
DA:239,0
DA:240,0
DA:247,0
DA:250,0
DA:253,0
DA:254,0
DA:261,0
DA:263,0
DA:264,0
DA:265,0
DA:268,0
DA:269,0
DA:270,0
DA:273,0
DA:274,0
DA:279,0
DA:282,0
DA:285,0
DA:299,0
DA:300,0
DA:301,0
DA:303,0
DA:307,0
DA:308,0
DA:311,0
DA:312,0
DA:313,0
DA:315,0
DA:316,0
DA:317,0
DA:318,0
DA:320,0
DA:321,0
DA:324,0
DA:325,0
DA:329,0
DA:333,0
DA:335,0
DA:336,0
DA:338,0
DA:339,0
DA:343,0
DA:346,0
DA:347,0
DA:350,0
DA:351,0
DA:355,0
DA:364,0
DA:365,0
DA:367,0
DA:368,0
DA:372,0
DA:374,0
DA:375,0
DA:383,0
DA:387,0
DA:388,0
DA:389,0
DA:390,0
DA:395,0
DA:396,0
DA:397,0
DA:398,0
DA:403,0
DA:404,0
DA:405,0
DA:406,0
DA:411,0
DA:413,0
DA:415,0
DA:416,0
DA:420,0
DA:421,0
DA:422,0
DA:429,0
DA:430,0
DA:431,0
DA:438,0
DA:439,0
DA:442,0
DA:444,0
DA:445,0
DA:450,0
DA:452,0
DA:454,0
DA:462,0
DA:463,0
DA:471,0
DA:472,0
DA:475,0
DA:477,0
DA:478,0
DA:483,0
DA:486,0
DA:487,0
DA:490,0
DA:491,0
DA:499,0
DA:502,0
DA:503,0
DA:504,0
DA:507,0
DA:509,0
DA:510,0
DA:515,0
DA:518,0
DA:519,0
DA:522,0
DA:523,0
DA:530,0
DA:537,0
DA:540,0
DA:541,0
DA:542,0
DA:545,0
DA:547,0
DA:548,0
DA:553,0
DA:554,0
DA:557,0
DA:558,0
DA:559,0
DA:560,0
DA:565,0
DA:566,0
DA:567,0
DA:568,0
DA:572,0
DA:574,0
DA:575,0
DA:580,0
DA:583,0
DA:584,0
DA:585,0
DA:587,0
DA:591,0
DA:592,0
DA:609,0
DA:615,0
DA:616,0
DA:623,0
DA:624,0
DA:629,0
DA:630,0
DA:635,0
DA:636,0
LF:215
LH:0
BRDA:93,0,0,0
BRDA:93,0,1,0
BRDA:93,1,0,0
BRDA:93,1,1,0
BRDA:94,2,0,0
BRDA:94,2,1,0
BRDA:94,3,0,0
BRDA:94,3,1,0
BRDA:110,4,0,0
BRDA:110,4,1,0
BRDA:110,5,0,0
BRDA:110,5,1,0
BRDA:113,6,0,0
BRDA:113,6,1,0
BRDA:151,7,0,0
BRDA:151,7,1,0
BRDA:154,8,0,0
BRDA:154,8,1,0
BRDA:154,9,0,0
BRDA:154,9,1,0
BRDA:162,10,0,0
BRDA:162,10,1,0
BRDA:167,11,0,0
BRDA:167,11,1,0
BRDA:179,12,0,0
BRDA:179,12,1,0
BRDA:184,13,0,0
BRDA:184,13,1,0
BRDA:196,14,0,0
BRDA:196,14,1,0
BRDA:206,15,0,0
BRDA:206,15,1,0
BRDA:210,16,0,0
BRDA:210,16,1,0
BRDA:211,17,0,0
BRDA:211,17,1,0
BRDA:212,18,0,0
BRDA:212,18,1,0
BRDA:217,19,0,0
BRDA:217,19,1,0
BRDA:217,19,2,0
BRDA:217,19,3,0
BRDA:261,20,0,0
BRDA:261,20,1,0
BRDA:261,20,2,0
BRDA:261,20,3,0
BRDA:275,21,0,0
BRDA:275,21,1,0
BRDA:276,22,0,0
BRDA:276,22,1,0
BRDA:277,23,0,0
BRDA:277,23,1,0
BRDA:288,24,0,0
BRDA:288,24,1,0
BRDA:288,24,2,0
BRDA:289,25,0,0
BRDA:289,25,1,0
BRDA:289,25,2,0
BRDA:290,26,0,0
BRDA:290,26,1,0
BRDA:290,26,2,0
BRDA:303,27,0,0
BRDA:303,27,1,0
BRDA:308,28,0,0
BRDA:308,28,1,0
BRDA:313,29,0,0
BRDA:313,29,1,0
BRDA:333,30,0,0
BRDA:333,30,1,0
BRDA:338,31,0,0
BRDA:338,31,1,0
BRDA:338,32,0,0
BRDA:338,32,1,0
BRDA:346,33,0,0
BRDA:346,33,1,0
BRDA:388,34,0,0
BRDA:388,34,1,0
BRDA:396,35,0,0
BRDA:396,35,1,0
BRDA:415,36,0,0
BRDA:415,36,1,0
BRDA:415,37,0,0
BRDA:415,37,1,0
BRDA:420,38,0,0
BRDA:420,38,1,0
BRDA:420,39,0,0
BRDA:420,39,1,0
BRDA:429,40,0,0
BRDA:429,40,1,0
BRDA:438,41,0,0
BRDA:438,41,1,0
BRDA:456,42,0,0
BRDA:456,42,1,0
BRDA:462,43,0,0
BRDA:462,43,1,0
BRDA:464,44,0,0
BRDA:464,44,1,0
BRDA:465,45,0,0
BRDA:465,45,1,0
BRDA:466,46,0,0
BRDA:466,46,1,0
BRDA:471,47,0,0
BRDA:471,47,1,0
BRDA:486,48,0,0
BRDA:486,48,1,0
BRDA:502,49,0,0
BRDA:502,49,1,0
BRDA:518,50,0,0
BRDA:518,50,1,0
BRDA:532,51,0,0
BRDA:532,51,1,0
BRDA:533,52,0,0
BRDA:533,52,1,0
BRDA:540,53,0,0
BRDA:540,53,1,0
BRDA:557,54,0,0
BRDA:557,54,1,0
BRDA:565,55,0,0
BRDA:565,55,1,0
BRDA:568,56,0,0
BRDA:568,56,1,0
BRDA:583,57,0,0
BRDA:583,57,1,0
BRDA:584,58,0,0
BRDA:584,58,1,0
BRDA:585,59,0,0
BRDA:585,59,1,0
BRDA:603,60,0,0
BRDA:603,60,1,0
BRDA:604,61,0,0
BRDA:604,61,1,0
BRDA:605,62,0,0
BRDA:605,62,1,0
BRF:133
BRH:0
end_of_record
TN:
SF:src\services\SmartMemoryManager.ts
FN:80,(anonymous_0)
FN:117,(anonymous_1)
FN:142,(anonymous_2)
FN:143,(anonymous_3)
FN:147,(anonymous_4)
FN:155,(anonymous_5)
FN:205,(anonymous_6)
FN:226,(anonymous_7)
FN:238,(anonymous_8)
FN:276,(anonymous_9)
FN:318,(anonymous_10)
FN:342,(anonymous_11)
FN:362,(anonymous_12)
FN:363,(anonymous_13)
FN:373,(anonymous_14)
FN:378,(anonymous_15)
FN:379,(anonymous_16)
FN:397,(anonymous_17)
FN:438,(anonymous_18)
FN:453,(anonymous_19)
FN:468,(anonymous_20)
FN:477,(anonymous_21)
FN:487,(anonymous_22)
FN:506,(anonymous_23)
FN:514,(anonymous_24)
FN:515,(anonymous_25)
FN:523,(anonymous_26)
FN:525,(anonymous_27)
FN:548,(anonymous_28)
FN:550,(anonymous_29)
FN:554,(anonymous_30)
FN:561,(anonymous_31)
FN:564,(anonymous_32)
FN:572,(anonymous_33)
FN:581,(anonymous_34)
FN:589,(anonymous_35)
FN:591,(anonymous_36)
FN:595,(anonymous_37)
FN:602,(anonymous_38)
FN:607,(anonymous_39)
FN:614,(anonymous_40)
FN:623,(anonymous_41)
FN:631,(anonymous_42)
FN:645,(anonymous_43)
FN:661,(anonymous_44)
FN:665,(anonymous_45)
FN:680,(anonymous_46)
FN:691,(anonymous_47)
FN:709,(anonymous_48)
FN:717,(anonymous_49)
FN:730,(anonymous_50)
FN:738,(anonymous_51)
FN:751,(anonymous_52)
FN:759,(anonymous_53)
FN:771,(anonymous_54)
FN:778,(anonymous_55)
FN:785,(anonymous_56)
FN:792,(anonymous_57)
FN:799,(anonymous_58)
FN:805,(anonymous_59)
FN:819,(anonymous_60)
FN:827,(anonymous_61)
FN:835,(anonymous_62)
FNF:63
FNH:0
FNDA:0,(anonymous_0)
FNDA:0,(anonymous_1)
FNDA:0,(anonymous_2)
FNDA:0,(anonymous_3)
FNDA:0,(anonymous_4)
FNDA:0,(anonymous_5)
FNDA:0,(anonymous_6)
FNDA:0,(anonymous_7)
FNDA:0,(anonymous_8)
FNDA:0,(anonymous_9)
FNDA:0,(anonymous_10)
FNDA:0,(anonymous_11)
FNDA:0,(anonymous_12)
FNDA:0,(anonymous_13)
FNDA:0,(anonymous_14)
FNDA:0,(anonymous_15)
FNDA:0,(anonymous_16)
FNDA:0,(anonymous_17)
FNDA:0,(anonymous_18)
FNDA:0,(anonymous_19)
FNDA:0,(anonymous_20)
FNDA:0,(anonymous_21)
FNDA:0,(anonymous_22)
FNDA:0,(anonymous_23)
FNDA:0,(anonymous_24)
FNDA:0,(anonymous_25)
FNDA:0,(anonymous_26)
FNDA:0,(anonymous_27)
FNDA:0,(anonymous_28)
FNDA:0,(anonymous_29)
FNDA:0,(anonymous_30)
FNDA:0,(anonymous_31)
FNDA:0,(anonymous_32)
FNDA:0,(anonymous_33)
FNDA:0,(anonymous_34)
FNDA:0,(anonymous_35)
FNDA:0,(anonymous_36)
FNDA:0,(anonymous_37)
FNDA:0,(anonymous_38)
FNDA:0,(anonymous_39)
FNDA:0,(anonymous_40)
FNDA:0,(anonymous_41)
FNDA:0,(anonymous_42)
FNDA:0,(anonymous_43)
FNDA:0,(anonymous_44)
FNDA:0,(anonymous_45)
FNDA:0,(anonymous_46)
FNDA:0,(anonymous_47)
FNDA:0,(anonymous_48)
FNDA:0,(anonymous_49)
FNDA:0,(anonymous_50)
FNDA:0,(anonymous_51)
FNDA:0,(anonymous_52)
FNDA:0,(anonymous_53)
FNDA:0,(anonymous_54)
FNDA:0,(anonymous_55)
FNDA:0,(anonymous_56)
FNDA:0,(anonymous_57)
FNDA:0,(anonymous_58)
FNDA:0,(anonymous_59)
FNDA:0,(anonymous_60)
FNDA:0,(anonymous_61)
FNDA:0,(anonymous_62)
DA:68,0
DA:69,0
DA:70,0
DA:73,0
DA:74,0
DA:75,0
DA:90,0
DA:91,0
DA:92,0
DA:94,0
DA:95,0
DA:96,0
DA:97,0
DA:99,0
DA:109,0
DA:111,0
DA:121,0
DA:122,0
DA:123,0
DA:124,0
DA:125,0
DA:127,0
DA:128,0
DA:129,0
DA:131,0
DA:132,0
DA:134,0
DA:135,0
DA:143,0
DA:144,0
DA:147,0
DA:148,0
DA:162,0
DA:163,0
DA:166,0
DA:167,0
DA:168,0
DA:169,0
DA:177,0
DA:178,0
DA:181,0
DA:190,0
DA:193,0
DA:195,0
DA:206,0
DA:208,0
DA:210,0
DA:212,0
DA:213,0
DA:214,0
DA:219,0
DA:220,0
DA:227,0
DA:228,0
DA:232,0
DA:239,0
DA:241,0
DA:242,0
DA:243,0
DA:260,0
DA:261,0
DA:262,0
DA:264,0
DA:265,0
DA:268,0
DA:269,0
DA:281,0
DA:283,0
DA:284,0
DA:285,0
DA:302,0
DA:304,0
DA:308,0
DA:309,0
DA:311,0
DA:312,0
DA:319,0
DA:320,0
DA:332,0
DA:333,0
DA:335,0
DA:343,0
DA:355,0
DA:356,0
DA:363,0
DA:364,0
DA:365,0
DA:374,0
DA:376,0
DA:377,0
DA:378,0
DA:380,0
DA:381,0
DA:384,0
DA:385,0
DA:388,0
DA:390,0
DA:398,0
DA:399,0
DA:401,0
DA:402,0
DA:404,0
DA:405,0
DA:407,0
DA:408,0
DA:410,0
DA:411,0
DA:413,0
DA:414,0
DA:416,0
DA:417,0
DA:420,0
DA:421,0
DA:423,0
DA:424,0
DA:426,0
DA:427,0
DA:428,0
DA:431,0
DA:432,0
DA:440,0
DA:441,0
DA:443,0
DA:444,0
DA:445,0
DA:446,0
DA:451,0
DA:452,0
DA:453,0
DA:455,0
DA:456,0
DA:457,0
DA:458,0
DA:462,0
DA:471,0
DA:478,0
DA:481,0
DA:489,0
DA:490,0
DA:492,0
DA:493,0
DA:494,0
DA:495,0
DA:499,0
DA:500,0
DA:508,0
DA:515,0
DA:516,0
DA:524,0
DA:525,0
DA:526,0
DA:528,0
DA:541,0
DA:542,0
DA:549,0
DA:550,0
DA:552,0
DA:554,0
DA:555,0
DA:562,0
DA:563,0
DA:564,0
DA:566,0
DA:575,0
DA:583,0
DA:590,0
DA:591,0
DA:593,0
DA:595,0
DA:596,0
DA:603,0
DA:605,0
DA:607,0
DA:608,0
DA:615,0
DA:616,0
DA:617,0
DA:625,0
DA:632,0
DA:639,0
DA:646,0
DA:647,0
DA:650,0
DA:651,0
DA:652,0
DA:655,0
DA:663,0
DA:664,0
DA:665,0
DA:666,0
DA:669,0
DA:681,0
DA:682,0
DA:683,0
DA:684,0
DA:692,0
DA:710,0
DA:711,0
DA:718,0
DA:719,0
DA:720,0
DA:721,0
DA:723,0
DA:731,0
DA:732,0
DA:739,0
DA:740,0
DA:741,0
DA:742,0
DA:744,0
DA:752,0
DA:753,0
DA:760,0
DA:761,0
DA:762,0
DA:764,0
DA:772,0
DA:779,0
DA:786,0
DA:793,0
DA:805,0
DA:806,0
DA:808,0
DA:820,0
DA:821,0
DA:828,0
DA:829,0
DA:836,0
DA:837,0
DA:840,0
DA:841,0
DA:844,0
LF:232
LH:0
BRDA:83,0,0,0
BRDA:94,1,0,0
BRDA:94,1,1,0
BRDA:118,2,0,0
BRDA:119,3,0,0
BRDA:167,4,0,0
BRDA:167,4,1,0
BRDA:206,5,0,0
BRDA:206,5,1,0
BRDA:212,6,0,0
BRDA:212,6,1,0
BRDA:228,7,0,0
BRDA:228,7,1,0
BRDA:239,8,0,0
BRDA:239,8,1,0
BRDA:242,9,0,0
BRDA:242,9,1,0
BRDA:255,10,0,0
BRDA:255,10,1,0
BRDA:268,11,0,0
BRDA:268,11,1,0
BRDA:281,12,0,0
BRDA:281,12,1,0
BRDA:281,13,0,0
BRDA:281,13,1,0
BRDA:284,14,0,0
BRDA:284,14,1,0
BRDA:295,15,0,0
BRDA:295,15,1,0
BRDA:297,16,0,0
BRDA:297,16,1,0
BRDA:305,17,0,0
BRDA:305,17,1,0
BRDA:319,18,0,0
BRDA:319,18,1,0
BRDA:319,19,0,0
BRDA:319,19,1,0
BRDA:348,20,0,0
BRDA:348,20,1,0
BRDA:364,21,0,0
BRDA:364,21,1,0
BRDA:402,22,0,0
BRDA:402,22,1,0
BRDA:402,22,2,0
BRDA:402,22,3,0
BRDA:402,22,4,0
BRDA:444,23,0,0
BRDA:444,23,1,0
BRDA:451,24,0,0
BRDA:451,24,1,0
BRDA:478,25,0,0
BRDA:478,25,1,0
BRDA:493,26,0,0
BRDA:493,26,1,0
BRDA:493,27,0,0
BRDA:493,27,1,0
BRDA:552,28,0,0
BRDA:552,28,1,0
BRDA:566,29,0,0
BRDA:566,29,1,0
BRDA:575,30,0,0
BRDA:575,30,1,0
BRDA:593,31,0,0
BRDA:593,31,1,0
BRDA:605,32,0,0
BRDA:605,32,1,0
BRDA:647,33,0,0
BRDA:647,33,1,0
BRDA:650,34,0,0
BRDA:650,34,1,0
BRDA:661,35,0,0
BRDA:663,36,0,0
BRDA:663,36,1,0
BRDA:682,37,0,0
BRDA:682,37,1,0
BRDA:836,38,0,0
BRDA:836,38,1,0
BRDA:840,39,0,0
BRDA:840,39,1,0
BRF:79
BRH:0
end_of_record
TN:
SF:src\services\SoloAIOrchestrator.ts
FN:34,(anonymous_0)
FN:41,(anonymous_1)
FN:42,(anonymous_2)
FN:46,(anonymous_3)
FN:51,(anonymous_4)
FN:101,(anonymous_5)
FN:146,(anonymous_6)
FN:161,(anonymous_7)
FN:176,(anonymous_8)
FN:177,(anonymous_9)
FN:178,(anonymous_10)
FN:183,(anonymous_11)
FN:187,(anonymous_12)
FN:194,(anonymous_13)
FN:205,(anonymous_14)
FN:214,(anonymous_15)
FN:224,(anonymous_16)
FN:228,(anonymous_17)
FN:232,(anonymous_18)
FN:236,(anonymous_19)
FN:240,(anonymous_20)
FN:244,(anonymous_21)
FN:246,(anonymous_22)
FN:247,(anonymous_23)
FN:249,(anonymous_24)
FN:263,(anonymous_25)
FN:269,(anonymous_26)
FNF:27
FNH:0
FNDA:0,(anonymous_0)
FNDA:0,(anonymous_1)
FNDA:0,(anonymous_2)
FNDA:0,(anonymous_3)
FNDA:0,(anonymous_4)
FNDA:0,(anonymous_5)
FNDA:0,(anonymous_6)
FNDA:0,(anonymous_7)
FNDA:0,(anonymous_8)
FNDA:0,(anonymous_9)
FNDA:0,(anonymous_10)
FNDA:0,(anonymous_11)
FNDA:0,(anonymous_12)
FNDA:0,(anonymous_13)
FNDA:0,(anonymous_14)
FNDA:0,(anonymous_15)
FNDA:0,(anonymous_16)
FNDA:0,(anonymous_17)
FNDA:0,(anonymous_18)
FNDA:0,(anonymous_19)
FNDA:0,(anonymous_20)
FNDA:0,(anonymous_21)
FNDA:0,(anonymous_22)
FNDA:0,(anonymous_23)
FNDA:0,(anonymous_24)
FNDA:0,(anonymous_25)
FNDA:0,(anonymous_26)
DA:27,0
DA:28,0
DA:29,0
DA:30,0
DA:31,0
DA:32,0
DA:35,0
DA:36,0
DA:37,0
DA:38,0
DA:42,0
DA:43,0
DA:46,0
DA:47,0
DA:52,0
DA:54,0
DA:55,0
DA:56,0
DA:59,0
DA:62,0
DA:64,0
DA:72,0
DA:73,0
DA:74,0
DA:76,0
DA:77,0
DA:79,0
DA:82,0
DA:90,0
DA:91,0
DA:92,0
DA:94,0
DA:95,0
DA:97,0
DA:102,0
DA:103,0
DA:105,0
DA:107,0
DA:108,0
DA:109,0
DA:112,0
DA:113,0
DA:114,0
DA:117,0
DA:118,0
DA:119,0
DA:122,0
DA:123,0
DA:124,0
DA:127,0
DA:128,0
DA:129,0
DA:132,0
DA:135,0
DA:137,0
DA:147,0
DA:150,0
DA:153,0
DA:155,0
DA:157,0
DA:162,0
DA:165,0
DA:168,0
DA:170,0
DA:172,0
DA:177,0
DA:178,0
DA:179,0
DA:182,0
DA:184,0
DA:185,0
DA:188,0
DA:189,0
DA:195,0
DA:196,0
DA:198,0
DA:199,0
DA:202,0
DA:206,0
DA:208,0
DA:210,0
DA:211,0
DA:212,0
DA:214,0
DA:215,0
DA:220,0
DA:223,0
DA:224,0
DA:229,0
DA:233,0
DA:237,0
DA:241,0
DA:245,0
DA:246,0
DA:247,0
DA:248,0
DA:249,0
DA:252,0
DA:264,0
DA:265,0
DA:266,0
DA:270,0
DA:271,0
LF:103
LH:0
BRDA:62,0,0,0
BRDA:62,0,1,0
BRDA:85,1,0,0
BRDA:85,1,1,0
BRDA:105,2,0,0
BRDA:105,2,1,0
BRDA:105,2,2,0
BRDA:105,2,3,0
BRDA:105,2,4,0
BRDA:105,2,5,0
BRDA:147,3,0,0
BRDA:147,3,1,0
BRDA:147,3,2,0
BRDA:147,3,3,0
BRDA:147,3,4,0
BRDA:147,3,5,0
BRDA:162,4,0,0
BRDA:162,4,1,0
BRDA:162,4,2,0
BRDA:162,4,3,0
BRDA:162,4,4,0
BRDA:162,4,5,0
BRDA:198,5,0,0
BRDA:198,5,1,0
BRDA:206,6,0,0
BRDA:206,6,1,0
BRDA:210,7,0,0
BRDA:210,7,1,0
BRDA:212,8,0,0
BRDA:212,8,1,0
BRDA:223,9,0,0
BRDA:223,9,1,0
BRDA:229,10,0,0
BRDA:229,10,1,0
BRDA:240,11,0,0
BRDA:248,12,0,0
BRDA:248,12,1,0
BRDA:256,13,0,0
BRDA:256,13,1,0
BRF:39
BRH:0
end_of_record
TN:
SF:src\utils\logger.ts
FN:44,(anonymous_0)
FN:49,(anonymous_1)
FN:56,(anonymous_2)
FN:63,(anonymous_3)
FN:70,(anonymous_4)
FN:77,(anonymous_5)
FN:84,(anonymous_6)
FN:91,(anonymous_7)
FN:98,(anonymous_8)
FN:132,(anonymous_9)
FN:161,(anonymous_10)
FN:170,(anonymous_11)
FN:177,(anonymous_12)
FN:184,(anonymous_13)
FN:203,(anonymous_14)
FN:223,createLogger
FNF:16
FNH:0
FNDA:0,(anonymous_0)
FNDA:0,(anonymous_1)
FNDA:0,(anonymous_2)
FNDA:0,(anonymous_3)
FNDA:0,(anonymous_4)
FNDA:0,(anonymous_5)
FNDA:0,(anonymous_6)
FNDA:0,(anonymous_7)
FNDA:0,(anonymous_8)
FNDA:0,(anonymous_9)
FNDA:0,(anonymous_10)
FNDA:0,(anonymous_11)
FNDA:0,(anonymous_12)
FNDA:0,(anonymous_13)
FNDA:0,(anonymous_14)
FNDA:0,createLogger
DA:34,0
DA:41,0
DA:42,0
DA:50,0
DA:57,0
DA:64,0
DA:71,0
DA:78,0
DA:85,0
DA:92,0
DA:99,0
DA:100,0
DA:103,0
DA:113,0
DA:114,0
DA:115,0
DA:119,0
DA:120,0
DA:124,0
DA:125,0
DA:133,0
DA:134,0
DA:135,0
DA:137,0
DA:139,0
DA:141,0
DA:142,0
DA:144,0
DA:145,0
DA:147,0
DA:148,0
DA:150,0
DA:151,0
DA:152,0
DA:154,0
DA:171,0
DA:178,0
DA:185,0
DA:186,0
DA:188,0
DA:189,0
DA:190,0
DA:191,0
DA:192,0
DA:194,0
DA:195,0
DA:196,0
DA:204,0
DA:205,0
DA:207,0
DA:208,0
DA:209,0
DA:210,0
DA:211,0
DA:213,0
DA:214,0
DA:215,0
DA:224,0
DA:230,0
LF:59
LH:0
BRDA:56,0,0,0
BRDA:92,1,0,0
BRDA:92,1,1,0
BRDA:99,2,0,0
BRDA:99,2,1,0
BRDA:114,3,0,0
BRDA:114,3,1,0
BRDA:119,4,0,0
BRDA:119,4,1,0
BRDA:124,5,0,0
BRDA:124,5,1,0
BRDA:139,6,0,0
BRDA:139,6,1,0
BRDA:139,6,2,0
BRDA:139,6,3,0
BRDA:141,7,0,0
BRDA:141,7,1,0
BRDA:144,8,0,0
BRDA:144,8,1,0
BRDA:147,9,0,0
BRDA:147,9,1,0
BRDA:150,10,0,0
BRDA:150,10,1,0
BRDA:150,10,2,0
BRDA:151,11,0,0
BRDA:151,11,1,0
BRF:26
BRH:0
end_of_record
